com.github.jknack.handlebars.AbstractTemplateSourceTest, testEqualsSameRef, pass
com.github.jknack.handlebars.AbstractTemplateSourceTest, testHashCode, pass
com.github.jknack.handlebars.ArrayTest, stringArray, pass
com.github.jknack.handlebars.ArrayTest, objectArray, pass
com.github.jknack.handlebars.ArrayTest, eachArray, pass
com.github.jknack.handlebars.ArrayTest, letterArray, pass
com.github.jknack.handlebars.ArrayTest, arrayLength, pass
com.github.jknack.handlebars.bench.HbsBench, single, skip
com.github.jknack.handlebars.bench.HbsBench, benchmark, skip
com.github.jknack.handlebars.BlockParamsTest, shouldAllowBlockParamsOnChainedHelpers, pass
com.github.jknack.handlebars.BlockParamsTest, eachWithNamedIndex, pass
com.github.jknack.handlebars.BlockParamsTest, shouldTakePrecedenceOverParentBlocParams, pass
com.github.jknack.handlebars.BlockParamsTest, with, pass
com.github.jknack.handlebars.BlockParamsTest, blockParamText, pass
com.github.jknack.handlebars.BlockParamsTest, shouldTakePrecedenceOverContextValues, pass
com.github.jknack.handlebars.BlockParamsTest, shouldNotTakePrecedenceOverPathedValues, pass
com.github.jknack.handlebars.BlockParamsTest, shouldTakePrecedenceOverHelperValues, pass
com.github.jknack.handlebars.BlockParamsTest, eachWithNamedKey, pass
com.github.jknack.handlebars.cache.ConcurrentMapTemplateCacheTest, creationWithNullCacheMustFail, pass
com.github.jknack.handlebars.cache.ConcurrentMapTemplateCacheTest, defaultConstructor, pass
com.github.jknack.handlebars.cache.ConcurrentMapTemplateCacheTest, get, pass
com.github.jknack.handlebars.cache.ConcurrentMapTemplateCacheTest, clear, pass
com.github.jknack.handlebars.cache.ConcurrentMapTemplateCacheTest, evict, pass
com.github.jknack.handlebars.cache.ConcurrentMapTemplateCacheTest, getAndReload, pass
com.github.jknack.handlebars.cache.HighConcurrencyTemplateCacheTest, hbsException, pass
com.github.jknack.handlebars.cache.HighConcurrencyTemplateCacheTest, creationWithNullCacheMustFail, pass
com.github.jknack.handlebars.cache.HighConcurrencyTemplateCacheTest, errorShouldBeReThrow, error
com.github.jknack.handlebars.cache.HighConcurrencyTemplateCacheTest, defaultConstructor, pass
com.github.jknack.handlebars.cache.HighConcurrencyTemplateCacheTest, errorException, pass
com.github.jknack.handlebars.cache.HighConcurrencyTemplateCacheTest, get, pass
com.github.jknack.handlebars.cache.HighConcurrencyTemplateCacheTest, clear, pass
com.github.jknack.handlebars.cache.HighConcurrencyTemplateCacheTest, evict, pass
com.github.jknack.handlebars.cache.HighConcurrencyTemplateCacheTest, getAndReload, pass
com.github.jknack.handlebars.cache.HighConcurrencyTemplateCacheTest, cancellationException, pass
com.github.jknack.handlebars.cache.HighConcurrencyTemplateCacheTest, runtimeException, pass
com.github.jknack.handlebars.cache.HighConcurrencyTemplateCacheTest, interruptThreadOnInterruptedException, error
com.github.jknack.handlebars.cache.NullTemplateCacheTest, get, pass
com.github.jknack.handlebars.cache.NullTemplateCacheTest, clear, pass
com.github.jknack.handlebars.cache.NullTemplateCacheTest, evict, pass
com.github.jknack.handlebars.ChainedElseBlockTest, chainedInvertedSections, pass
com.github.jknack.handlebars.ChainedElseBlockTest, blockStandaloneChainedElseSections, pass
com.github.jknack.handlebars.ChainedElseBlockTest, chainedInvertedSectionsWithMismatch, pass
com.github.jknack.handlebars.context.MethodValueResolverTest, mvrMustThrowRuntimeExceptions, pass
com.github.jknack.handlebars.context.MethodValueResolverTest, mvrMustWrapCheckedExceptionAsRuntimeExceptions, pass
com.github.jknack.handlebars.context.MultipleClassLoadersMethodValueResolverTest, canResolveMethodsFromTheSameClassLoadedByDistinctClassLoaders, pass
com.github.jknack.handlebars.ContextTest, singleObjectLookup, pass
com.github.jknack.handlebars.ContextTest, expanded, pass
com.github.jknack.handlebars.ContextTest, contextResolutionInCombine, pass
com.github.jknack.handlebars.ContextTest, thisLookup, pass
com.github.jknack.handlebars.ContextTest, customLookupOnChildClass, pass
com.github.jknack.handlebars.ContextTest, customLookup, pass
com.github.jknack.handlebars.ContextTest, nestedMapLookup, pass
com.github.jknack.handlebars.ContextTest, combine, pass
com.github.jknack.handlebars.ContextTest, nestedObjectLookup, pass
com.github.jknack.handlebars.ContextTest, parentContext, pass
com.github.jknack.handlebars.ContextTest, combineNested, pass
com.github.jknack.handlebars.ContextTest, newContext, pass
com.github.jknack.handlebars.ContextTest, singleMapLookup, pass
com.github.jknack.handlebars.ContextTest, nullParent, pass
com.github.jknack.handlebars.ContextTest, dotLookup, pass
com.github.jknack.handlebars.ContextTest, issue28, pass
com.github.jknack.handlebars.custom.CustomObjectTest, run[0], pass
com.github.jknack.handlebars.custom.CustomObjectTest, run[1], pass
com.github.jknack.handlebars.DateFormatTest, fullFormat, pass
com.github.jknack.handlebars.DateFormatTest, mediumFormat, pass
com.github.jknack.handlebars.DateFormatTest, longFormat, pass
com.github.jknack.handlebars.DateFormatTest, pattern, pass
com.github.jknack.handlebars.DateFormatTest, shortFormat, pass
com.github.jknack.handlebars.DateFormatTest, defaultFormat, pass
com.github.jknack.handlebars.DateFormatTest, frLocale, pass
com.github.jknack.handlebars.DecoratorTest, shouldApplyMultipleDecorators, pass
com.github.jknack.handlebars.DecoratorTest, shouldBlockFailWhenAccessingVariablesFromRoot2, pass
com.github.jknack.handlebars.DecoratorTest, shouldBlockFailWhenAccessingVariablesFromRoot, pass
com.github.jknack.handlebars.DecoratorTest, controlNumberOfExecutions, pass
com.github.jknack.handlebars.DecoratorTest, shouldFailWhenAccessingVariablesFromRoot, pass
com.github.jknack.handlebars.DecoratorTest, text, pass
com.github.jknack.handlebars.DecoratorTest, gridData, pass
com.github.jknack.handlebars.DecoratorTest, shouldSupportNestedDecorators, pass
com.github.jknack.handlebars.DecoratorTest, shouldApplyBlockDecorators, pass
com.github.jknack.handlebars.DecoratorTest, shouldWorkWithRootProgram, pass
com.github.jknack.handlebars.DecoratorTest, controlNumberOfExecutions2, pass
com.github.jknack.handlebars.DecoratorTest, controlNumberOfExecutions3, pass
com.github.jknack.handlebars.DecoratorTest, collectVarDecorator, pass
com.github.jknack.handlebars.DecoratorTest, collectBlockDecorator, pass
com.github.jknack.handlebars.DecoratorTest, shouldAccessParentVariables, pass
com.github.jknack.handlebars.DecoratorTest, shouldApplyAllowUndefinedReturn, pass
com.github.jknack.handlebars.DecoratorTest, shouldApplyMustacheDecorators, pass
com.github.jknack.handlebars.EachKeyTest, eachKeyWithInt, pass
com.github.jknack.handlebars.EachKeyTest, eachKeyWithString, fail
com.github.jknack.handlebars.EachKeyTest, eachKeyWithJavaBean, pass
com.github.jknack.handlebars.EachKeyTest, eachKeyWithHash, pass
com.github.jknack.handlebars.EmbeddedHelperTest, embeddedWithId, pass
com.github.jknack.handlebars.EmbeddedHelperTest, embedded, pass
com.github.jknack.handlebars.EmptyTemplateTest, applyWithWriter, pass
com.github.jknack.handlebars.EmptyTemplateTest, text, pass
com.github.jknack.handlebars.EmptyTemplateTest, toJs, pass
com.github.jknack.handlebars.EmptyTemplateTest, apply, pass
com.github.jknack.handlebars.EmptyTemplateTest, typeSafeTemplate, pass
com.github.jknack.handlebars.EmptyTemplateTest, collect, pass
com.github.jknack.handlebars.EnumHelperTest, h1, pass
com.github.jknack.handlebars.EnumHelperTest, h2, pass
com.github.jknack.handlebars.EnumHelperTest, h3, pass
com.github.jknack.handlebars.FalsyContextTest, emptyMapContext, pass
com.github.jknack.handlebars.FalsyContextTest, nullContext, pass
com.github.jknack.handlebars.FalsyContextTest, emptyList, pass
com.github.jknack.handlebars.FalsyContextTest, anyContext, pass
com.github.jknack.handlebars.FalsyContextTest, emptyContext, pass
com.github.jknack.handlebars.FalsyValueTest, falsy[0], pass
com.github.jknack.handlebars.FalsyValueTest, falsy[1], pass
com.github.jknack.handlebars.FalsyValueTest, falsy[2], pass
com.github.jknack.handlebars.FalsyValueTest, falsy[3], pass
com.github.jknack.handlebars.FalsyValueTest, falsy[4], pass
com.github.jknack.handlebars.FalsyValueTest, falsy[5], pass
com.github.jknack.handlebars.FalsyValueTest, falsy[6], pass
com.github.jknack.handlebars.FalsyValueTest, falsy[7], pass
com.github.jknack.handlebars.FalsyValueTest, falsy[8], pass
com.github.jknack.handlebars.FalsyValueTest, falsy[9], pass
com.github.jknack.handlebars.FalsyValueTest, falsy[10], pass
com.github.jknack.handlebars.FalsyValueTest, falsy[11], pass
com.github.jknack.handlebars.FalsyValueTest, falsy[12], pass
com.github.jknack.handlebars.FalsyValueTest, falsy[13], pass
com.github.jknack.handlebars.FormatterTest, useTemplateTwice, pass
com.github.jknack.handlebars.FormatterTest, useFormatterTwice, pass
com.github.jknack.handlebars.FormatterTest, testFormatterWithoutMatch, pass
com.github.jknack.handlebars.GlobalDelimsTest, customDelims, pass
com.github.jknack.handlebars.HandlebarsErrorTest, properties, pass
com.github.jknack.handlebars.HandlebarsExceptionTest, withErrorCause, pass
com.github.jknack.handlebars.HandlebarsExceptionTest, withMessageCause, pass
com.github.jknack.handlebars.HandlebarsExceptionTest, withCause, pass
com.github.jknack.handlebars.HandlebarsExceptionTest, withError, pass
com.github.jknack.handlebars.HelperErrorTest, notfoundblock, pass
com.github.jknack.handlebars.HelperErrorTest, basic, pass
com.github.jknack.handlebars.HelperErrorTest, block, pass
com.github.jknack.handlebars.HelperErrorTest, embedded, pass
com.github.jknack.handlebars.HelperErrorTest, notfound, pass
com.github.jknack.handlebars.HelperMissingTest, blockHelperMissingFail, pass
com.github.jknack.handlebars.HelperMissingTest, helperMissingOverride, pass
com.github.jknack.handlebars.HelperMissingTest, helperMissingFail, pass
com.github.jknack.handlebars.HelperMissingTest, helperMissingName, pass
com.github.jknack.handlebars.HelperMissingTest, blockHelperMissingOverride, pass
com.github.jknack.handlebars.HelperMissingTest, blockHelperMissingOk, pass
com.github.jknack.handlebars.HelperMissingTest, helperMissingOk, pass
com.github.jknack.handlebars.HelperMissingTest, helperBlockMissingName, pass
com.github.jknack.handlebars.HelpersTest, run[0], pass
com.github.jknack.handlebars.HelpersTest, run[1], pass
com.github.jknack.handlebars.HelpersTest, run[2], pass
com.github.jknack.handlebars.HelpersTest, run[3], pass
com.github.jknack.handlebars.HelpersTest, run[4], pass
com.github.jknack.handlebars.HelpersTest, run[5], pass
com.github.jknack.handlebars.HelpersTest, run[6], pass
com.github.jknack.handlebars.HelpersTest, run[7], pass
com.github.jknack.handlebars.HelpersTest, run[8], pass
com.github.jknack.handlebars.HelpersTest, run[9], pass
com.github.jknack.handlebars.HelpersTest, run[10], pass
com.github.jknack.handlebars.HelpersTest, run[11], pass
com.github.jknack.handlebars.HelpersTest, run[12], pass
com.github.jknack.handlebars.HelpersTest, run[13], pass
com.github.jknack.handlebars.HelpersTest, run[14], pass
com.github.jknack.handlebars.HelpersTest, run[15], pass
com.github.jknack.handlebars.HelpersTest, run[16], pass
com.github.jknack.handlebars.HelpersTest, run[17], pass
com.github.jknack.handlebars.HelpersTest, run[18], pass
com.github.jknack.handlebars.helper.StringHelpersTest, slugify, pass
com.github.jknack.handlebars.helper.StringHelpersTest, substringWithStart, pass
com.github.jknack.handlebars.helper.StringHelpersTest, capitalize, pass
com.github.jknack.handlebars.helper.StringHelpersTest, nullContext, pass
com.github.jknack.handlebars.helper.StringHelpersTest, center, pass
com.github.jknack.handlebars.helper.StringHelpersTest, stringDecimalFormat, pass
com.github.jknack.handlebars.helper.StringHelpersTest, joinArray, pass
com.github.jknack.handlebars.helper.StringHelpersTest, ljustWithPad, pass
com.github.jknack.handlebars.helper.StringHelpersTest, stringFormat, pass
com.github.jknack.handlebars.helper.StringHelpersTest, joinIterable, pass
com.github.jknack.handlebars.helper.StringHelpersTest, joinIterator, pass
com.github.jknack.handlebars.helper.StringHelpersTest, nullContextWithNumber, pass
com.github.jknack.handlebars.helper.StringHelpersTest, stripTags, pass
com.github.jknack.handlebars.helper.StringHelpersTest, capFirst, pass
com.github.jknack.handlebars.helper.StringHelpersTest, stripTagsMultiLine, pass
com.github.jknack.handlebars.helper.StringHelpersTest, cut, pass
com.github.jknack.handlebars.helper.StringHelpersTest, wordWrap, pass
com.github.jknack.handlebars.helper.StringHelpersTest, ljust, pass
com.github.jknack.handlebars.helper.StringHelpersTest, lower, pass
com.github.jknack.handlebars.helper.StringHelpersTest, rjust, pass
com.github.jknack.handlebars.helper.StringHelpersTest, upper, pass
com.github.jknack.handlebars.helper.StringHelpersTest, yesno, pass
com.github.jknack.handlebars.helper.StringHelpersTest, substringWithStartAndEnd, pass
com.github.jknack.handlebars.helper.StringHelpersTest, rjustWithPad, pass
com.github.jknack.handlebars.helper.StringHelpersTest, defaultStr, pass
com.github.jknack.handlebars.helper.StringHelpersTest, replace, pass
com.github.jknack.handlebars.helper.StringHelpersTest, joinEmptyList, pass
com.github.jknack.handlebars.helper.StringHelpersTest, abbreviate, pass
com.github.jknack.handlebars.helper.StringHelpersTest, joinValues, pass
com.github.jknack.handlebars.helper.StringHelpersTest, joinWithPrefixAndSuffix, pass
com.github.jknack.handlebars.helper.StringHelpersTest, centerWithPad, pass
com.github.jknack.handlebars.helper.StringHelpersTest, yesnoCustom, pass
com.github.jknack.handlebars.helper.StringHelpersTest, nullContextWithDefault, pass
com.github.jknack.handlebars.helper.StringHelpersTest, cutNoWhitespace, pass
com.github.jknack.handlebars.i149.Issue149, negativeParam, pass
com.github.jknack.handlebars.i149.Issue149, negativeHash, pass
com.github.jknack.handlebars.i150.Issue150, invalidBracketSyntax, pass
com.github.jknack.handlebars.i150.Issue150, dotNotationForArrayAccessWithBrackets, pass
com.github.jknack.handlebars.i150.Issue150, dotNotationForArrayAccessWithDots, pass
com.github.jknack.handlebars.i150.Issue150, invalidDotSyntax, pass
com.github.jknack.handlebars.i177.Issue177, test3a, pass
com.github.jknack.handlebars.i177.Issue177, test1, pass
com.github.jknack.handlebars.i177.Issue177, test2, pass
com.github.jknack.handlebars.i177.Issue177, test3, pass
com.github.jknack.handlebars.i177.Issue177, test4, pass
com.github.jknack.handlebars.I18NHelperTest, missingBundle, pass
com.github.jknack.handlebars.I18NHelperTest, setCustomLocale, pass
com.github.jknack.handlebars.I18NHelperTest, formattedMsg, pass
com.github.jknack.handlebars.I18NHelperTest, defaultI18N, pass
com.github.jknack.handlebars.I18NHelperTest, customLocale, pass
com.github.jknack.handlebars.I18NHelperTest, defaultI18nJs, pass
com.github.jknack.handlebars.I18NHelperTest, missingKeyError, pass
com.github.jknack.handlebars.I18NHelperTest, escapeQuotes, pass
com.github.jknack.handlebars.i191.Issue191, commentWithTwoVars, pass
com.github.jknack.handlebars.i191.Issue191, commentWithComplexExpressions, pass
com.github.jknack.handlebars.i191.Issue191, commentWithOneVar, pass
com.github.jknack.handlebars.i204.Issue204, ifElseBlockMustBeIncludedInRawText, pass
com.github.jknack.handlebars.i213.Issue213, args, pass
com.github.jknack.handlebars.i229.Issue229, args, pass
com.github.jknack.handlebars.i237.Issue237, wontWorkForNormalMap, pass
com.github.jknack.handlebars.i237.Issue237, workForEnumMap, pass
com.github.jknack.handlebars.i241.Issue241, formatAsHashInDateFormat, pass
com.github.jknack.handlebars.i243.Issue243, nullValueForJavaScriptHelper, pass
com.github.jknack.handlebars.i243.Issue243, zeroValueForJavaScriptHelper, pass
com.github.jknack.handlebars.i247.Issue247, dontResetPseudoVarsOnLoops, pass
com.github.jknack.handlebars.i248.Issue248, xmlEscape, pass
com.github.jknack.handlebars.i248.Issue248, csvEscape, pass
com.github.jknack.handlebars.i248.Issue248, defaultEscape, pass
com.github.jknack.handlebars.i248.Issue248, jsEscape, pass
com.github.jknack.handlebars.i250.Issue250, partialWithCustomContextLostParentContext, pass
com.github.jknack.handlebars.i250.Issue250, partialWithDefaultContextLostParentContext, pass
com.github.jknack.handlebars.i251.Issue251, whiteSpaceControl, pass
com.github.jknack.handlebars.i251.Issue251, varTrimLeft, pass
com.github.jknack.handlebars.i251.Issue251, parseTilde, pass
com.github.jknack.handlebars.i251.Issue251, varTrim, pass
com.github.jknack.handlebars.i251.Issue251, varTrimRight, pass
com.github.jknack.handlebars.i270.Issue270, charLiteral, pass
com.github.jknack.handlebars.i275.Issue275, defaultPartials, pass
com.github.jknack.handlebars.i275.Issue275, temporalPartials, pass
com.github.jknack.handlebars.i282.Issue282, vowels, pass
com.github.jknack.handlebars.i282.Issue282, missingSubexpression, pass
com.github.jknack.handlebars.i282.Issue282, vowelsWithParams, pass
com.github.jknack.handlebars.i282.Issue282, subexpression, pass
com.github.jknack.handlebars.i287.Issue287, compositeLoaderMustNotFailWithInlineTemplates, pass
com.github.jknack.handlebars.i288.Issue288, i288, pass
com.github.jknack.handlebars.i289.Issue289, subexpression, pass
com.github.jknack.handlebars.i289.Issue289, subexpressionToJS, pass
com.github.jknack.handlebars.i290.Issue290, identifiersContainingDigitsAndHyphenMustNotFail, pass
com.github.jknack.handlebars.i291.Issue291, sourceLocation, pass
com.github.jknack.handlebars.i293.Issue293, defaultI18N, pass
com.github.jknack.handlebars.i294.Issue294, escapeMultiline, pass
com.github.jknack.handlebars.i294.Issue294, escapeVsUnescape, pass
com.github.jknack.handlebars.i294.Issue294, escapeVarToText, pass
com.github.jknack.handlebars.i294.Issue294, escapeVars, pass
com.github.jknack.handlebars.i294.Issue294, blockEscape, pass
com.github.jknack.handlebars.i294.Issue294, escapeVarsWithText, pass
com.github.jknack.handlebars.i294.Issue294, blockEscapeWithParams, pass
com.github.jknack.handlebars.i310.Issue310, commentWithClosingMustache, pass
com.github.jknack.handlebars.i310.Issue310, commentNotNestable, pass
com.github.jknack.handlebars.i311.Issue311, propertyWithPeriod, pass
com.github.jknack.handlebars.i314.Issue314, withHelperSpec, pass
com.github.jknack.handlebars.i334.Issue334, withHelperSpec, pass
com.github.jknack.handlebars.i338.Issue338, shouldNotFailOnOverride, pass
com.github.jknack.handlebars.i347.Issue347, shouldEscapePropOnTopLevel, pass
com.github.jknack.handlebars.i350.Issue350, partialWithParameters, pass
com.github.jknack.handlebars.i355.Issue355, shouldFormatZero, pass
com.github.jknack.handlebars.i356.Issue356, traversal, pass
com.github.jknack.handlebars.i363.Issue363, shouldNotDependsOnNewLine, pass
com.github.jknack.handlebars.i367.Issue367, missingHelperOnVariables, pass
com.github.jknack.handlebars.i370.Issue370, shouldEscapeSingleQuote, pass
com.github.jknack.handlebars.i374.Issue374, test_helper__IF_EQ__with_getValue_Integer, pass
com.github.jknack.handlebars.i374.Issue374, test_helper__IF_EQ__with_int, pass
com.github.jknack.handlebars.i374.Issue374, test_helper__IF_EQ__with_Integer, pass
com.github.jknack.handlebars.i374.Issue374, test_helper__IF_EQ__with_int_Integer, pass
com.github.jknack.handlebars.i374.Issue374, test_helper__IF_EQ__with_getValue_int, pass
com.github.jknack.handlebars.i375.Issue375, dynamicPartialNotFound2, pass
com.github.jknack.handlebars.i375.Issue375, dynamicPartialNotFound, pass
com.github.jknack.handlebars.i375.Issue375, dynamicPartialsWithParam, pass
com.github.jknack.handlebars.i375.Issue375, dynamicPartialsViaLookupHelper2, pass
com.github.jknack.handlebars.i375.Issue375, dynamicPartialsViaLookupHelper3, pass
com.github.jknack.handlebars.i375.Issue375, dynamicPartialsViaLookupHelper4, pass
com.github.jknack.handlebars.i375.Issue375, dynamicPartialsViaLookupHelper5, pass
com.github.jknack.handlebars.i375.Issue375, dynamicPartialsViaLookupHelper, pass
com.github.jknack.handlebars.i375.Issue375, dynamicPartials, pass
com.github.jknack.handlebars.i376.Issue376, noThis, pass
com.github.jknack.handlebars.i376.Issue376, withThis, pass
com.github.jknack.handlebars.i379.Issue379, shouldCompile379, pass
com.github.jknack.handlebars.i379.Issue379, shouldRenderAcolonB, pass
com.github.jknack.handlebars.i385.Issue385, shouldHaveAccessToRoot, pass
com.github.jknack.handlebars.i386.Issue386, blockHelperShouldNotIntroduceANewContext, pass
com.github.jknack.handlebars.i386.Issue386, partialShouldNotIntroduceANewContext, pass
com.github.jknack.handlebars.i397.Issue397, subexpressionSerializedToPlainTextParamToString, pass
com.github.jknack.handlebars.i397.Issue397, subexpressionSerializedToPlainTextHashToString, pass
com.github.jknack.handlebars.i397.Issue397, subexpressionSerializedToPlainText, pass
com.github.jknack.handlebars.i401.Issue401, shouldIndentPartial, pass
com.github.jknack.handlebars.i402.Issue402, shouldCleanupPreviousPartialValues, pass
com.github.jknack.handlebars.i404.Issue404, shouldEscapeVarInsideQuotes, pass
com.github.jknack.handlebars.i407.Issue407, shouldNotThrowNPE, pass
com.github.jknack.handlebars.i408.Issue408, shouldNotThrowNPE, pass
com.github.jknack.handlebars.i408.Issue408, shouldThrowNPE, pass
com.github.jknack.handlebars.i410.Issue410, shouldNotThrowArrayIndexOutOfBoundsExceptionErr, pass
com.github.jknack.handlebars.i410.Issue410, shouldNotThrowArrayIndexOutOfBoundsException, pass
com.github.jknack.handlebars.i417.Issue417, v4_0_0, pass
com.github.jknack.handlebars.i418.Issue418, lookupHelper, pass
com.github.jknack.handlebars.i430.Issue430, shouldEscapeEqualsSignInHtml, pass
com.github.jknack.handlebars.i432.Issue432, withShouldSupportAs, pass
com.github.jknack.handlebars.IfBlockTest, truthy, pass
com.github.jknack.handlebars.IfBlockTest, falsy, pass
com.github.jknack.handlebars.InfiniteLoopTest, level1, pass
com.github.jknack.handlebars.InfiniteLoopTest, level2, pass
com.github.jknack.handlebars.InfiniteLoopTest, self, pass
com.github.jknack.handlebars.InheritanceTest, inheritance[0], pass
com.github.jknack.handlebars.InheritanceTest, inheritance[1], pass
com.github.jknack.handlebars.InheritanceTest, inheritance[2], pass
com.github.jknack.handlebars.InlinePartialsTest, shouldOverwriteMultiplePartialsInTheSameTemplate, pass
com.github.jknack.handlebars.InlinePartialsTest, inlinePartialText, pass
com.github.jknack.handlebars.InlinePartialsTest, shouldOverrideTemplatePartials, pass
com.github.jknack.handlebars.InlinePartialsTest, shouldDefineInlinePartialsForTemplate, pass
com.github.jknack.handlebars.InlinePartialsTest, shouldDefineInlinePartialsInPartialBlockCall, pass
com.github.jknack.handlebars.InlinePartialsTest, shouldDefineInlinePartialsForPartialCall, pass
com.github.jknack.handlebars.InlinePartialsTest, shouldDefineInlinePartialsForBlock, pass
com.github.jknack.handlebars.InlinePartialsTest, shouldOverridePartialsDownTheEntireStack, pass
com.github.jknack.handlebars.InlinePartialsTest, shouldOverrideGlobalPartials, pass
com.github.jknack.handlebars.InlinePartialsTest, shouldDefineInlinePartialsForBlockErr, pass
com.github.jknack.handlebars.internal.CustomDelimiterTest, variable, pass
com.github.jknack.handlebars.internal.CustomDelimiterTest, partial, pass
com.github.jknack.handlebars.internal.CustomDelimiterTest, block, pass
com.github.jknack.handlebars.internal.CustomDelimiterTest, tripleVariable, pass
com.github.jknack.handlebars.internal.CustomDelimiterTest, variableUnescaped, pass
com.github.jknack.handlebars.internal.FastStringWriterTest, writeInt, pass
com.github.jknack.handlebars.internal.FastStringWriterTest, writeStringWithOffsetAndLength, pass
com.github.jknack.handlebars.internal.FastStringWriterTest, writeCharArrayWithBadOffsetAndLength, pass
com.github.jknack.handlebars.internal.FastStringWriterTest, close, pass
com.github.jknack.handlebars.internal.FastStringWriterTest, flush, pass
com.github.jknack.handlebars.internal.FastStringWriterTest, writeCharArray, pass
com.github.jknack.handlebars.internal.FastStringWriterTest, writeCharArrayWithOffsetAndLength, pass
com.github.jknack.handlebars.internal.FastStringWriterTest, writeCharArrayWithOffsetAndZeroLength, pass
com.github.jknack.handlebars.internal.FastStringWriterTest, writeString, pass
com.github.jknack.handlebars.internal.HbsParserTest, subExpr, pass
com.github.jknack.handlebars.internal.HbsParserTest, ampvar, pass
com.github.jknack.handlebars.internal.HbsParserTest, unless, pass
com.github.jknack.handlebars.internal.HbsParserTest, partial, pass
com.github.jknack.handlebars.internal.HbsParserTest, comments, pass
com.github.jknack.handlebars.internal.HbsParserTest, dynamicPartial, pass
com.github.jknack.handlebars.internal.HbsParserTest, var, pass
com.github.jknack.handlebars.internal.HbsParserTest, hash, pass
com.github.jknack.handlebars.internal.HbsParserTest, text, pass
com.github.jknack.handlebars.internal.HbsParserTest, tvar, pass
com.github.jknack.handlebars.internal.HbsParserTest, block, pass
com.github.jknack.handlebars.internal.HbsParserTest, hello, pass
com.github.jknack.handlebars.internal.HbsParserTest, rawblock, pass
com.github.jknack.handlebars.internal.HbsParserTest, newlines, pass
com.github.jknack.handlebars.internal.HbsParserTest, setDelim, pass
com.github.jknack.handlebars.internal.LocalesTest, testNull, pass
com.github.jknack.handlebars.internal.LocalesTest, testHyphen, pass
com.github.jknack.handlebars.internal.LocalesTest, testUnderscore, pass
com.github.jknack.handlebars.internal.TemplateTest, sectionVarTest, pass
com.github.jknack.handlebars.internal.TemplateTest, nestedVarTest, pass
com.github.jknack.handlebars.internal.TemplateTest, subExpressionVarTest, pass
com.github.jknack.handlebars.internal.TemplateTest, handlerVarTest, pass
com.github.jknack.handlebars.internal.TemplateTest, simpleVarTests, pass
com.github.jknack.handlebars.internal.TemplateTest, hashVarTest, pass
com.github.jknack.handlebars.internal.TextTest, newTextSequence, pass
com.github.jknack.handlebars.internal.TextTest, newTextFail, pass
com.github.jknack.handlebars.internal.TextTest, newText, pass
com.github.jknack.handlebars.io.ClassPathTemplateLoaderTest, setBasePathWithDashDash, error
com.github.jknack.handlebars.io.ClassPathTemplateLoaderTest, source, pass
com.github.jknack.handlebars.io.ClassPathTemplateLoaderTest, subFolder, error
com.github.jknack.handlebars.io.ClassPathTemplateLoaderTest, failLocate, pass
com.github.jknack.handlebars.io.ClassPathTemplateLoaderTest, setBasePath, error
com.github.jknack.handlebars.io.ClassPathTemplateLoaderTest, emptySuffix, pass
com.github.jknack.handlebars.io.ClassPathTemplateLoaderTest, subFolderwithDashAtBeginning, error
com.github.jknack.handlebars.io.ClassPathTemplateLoaderTest, nullSuffix, pass
com.github.jknack.handlebars.io.CompositeTemplateLoaderTest, sourceAtCp, pass
com.github.jknack.handlebars.io.CompositeTemplateLoaderTest, sourceAtFs, pass
com.github.jknack.handlebars.io.CompositeTemplateLoaderTest, handlebarsWithTemplateLoaders, pass
com.github.jknack.handlebars.io.CompositeTemplateLoaderTest, getDelegates, pass
com.github.jknack.handlebars.io.CompositeTemplateLoaderTest, getPrefix, pass
com.github.jknack.handlebars.io.CompositeTemplateLoaderTest, getSuffix, pass
com.github.jknack.handlebars.io.CompositeTemplateLoaderTest, handlebarsWithCompositeLoader, pass
com.github.jknack.handlebars.io.CompositeTemplateLoaderTest, resolveSourceAtCp, pass
com.github.jknack.handlebars.io.CompositeTemplateLoaderTest, resolveSourceAtFs, pass
com.github.jknack.handlebars.io.FileTemplateLoaderTest, setBasePathWithDash, error
com.github.jknack.handlebars.io.FileTemplateLoaderTest, subFolder, error
com.github.jknack.handlebars.io.FileTemplateLoaderTest, failLocate, pass
com.github.jknack.handlebars.io.FileTemplateLoaderTest, setBasePath, error
com.github.jknack.handlebars.io.FileTemplateLoaderTest, emptySuffix, pass
com.github.jknack.handlebars.io.FileTemplateLoaderTest, subFolderwithDashAtBeginning, error
com.github.jknack.handlebars.io.FileTemplateLoaderTest, sourceAt, pass
com.github.jknack.handlebars.io.FileTemplateLoaderTest, nullSuffix, pass
com.github.jknack.handlebars.io.ForwardingTemplateSourceTest, filename, pass
com.github.jknack.handlebars.io.ForwardingTemplateSourceTest, content, pass
com.github.jknack.handlebars.io.ForwardingTemplateSourceTest, lastModified, pass
com.github.jknack.handlebars.io.ServletContextTemplateLoaderTest, emotySuffix, pass
com.github.jknack.handlebars.io.ServletContextTemplateLoaderTest, setBasePathWithDash, error
com.github.jknack.handlebars.io.ServletContextTemplateLoaderTest, subFolder, error
com.github.jknack.handlebars.io.ServletContextTemplateLoaderTest, setBasePath, error
com.github.jknack.handlebars.io.ServletContextTemplateLoaderTest, fileNotFound, pass
com.github.jknack.handlebars.io.ServletContextTemplateLoaderTest, subFolderwithDashAtBeginning, error
com.github.jknack.handlebars.io.ServletContextTemplateLoaderTest, sourceAt, pass
com.github.jknack.handlebars.io.ServletContextTemplateLoaderTest, nullSuffix, pass
com.github.jknack.handlebars.io.URLTemplateSourceTest, initializationError, error
com.github.jknack.handlebars.Issue109, emptyStringIfBlock, pass
com.github.jknack.handlebars.Issue109, noEmptyStringMustacheBlock, pass
com.github.jknack.handlebars.Issue109, nullIfBlock, pass
com.github.jknack.handlebars.Issue109, noEmptyStringElseBlock, pass
com.github.jknack.handlebars.Issue109, noEmptyStringIfBlock, pass
com.github.jknack.handlebars.Issue109, emptyStringMustacheBlock, pass
com.github.jknack.handlebars.Issue109, nullElseBlock, pass
com.github.jknack.handlebars.Issue109, nullMustacheBlock, pass
com.github.jknack.handlebars.Issue109, emptyStringElseBlock, pass
com.github.jknack.handlebars.Issue123, spacesInVar, pass
com.github.jknack.handlebars.Issue123, spacesInBlock, pass
com.github.jknack.handlebars.Issue133, issue133, pass
com.github.jknack.handlebars.Issue157, whitespacesAndSpecialCharactersInTemplateNames, pass
com.github.jknack.handlebars.Issue181, partialWithoutContentBlockWithContent, pass
com.github.jknack.handlebars.Issue181, partialBlockWithoutContent, pass
com.github.jknack.handlebars.Issue181, partialBlockWithContent, pass
com.github.jknack.handlebars.Issue181, blockWithoutContent, pass
com.github.jknack.handlebars.Issue181, blockWithContent, pass
com.github.jknack.handlebars.Issue200, actualBug, pass
com.github.jknack.handlebars.Issue259, zeroBigDecimal, pass
com.github.jknack.handlebars.Issue259, smallBigDecimal, pass
com.github.jknack.handlebars.Issue266, withTemplateLoader, pass
com.github.jknack.handlebars.Issue266, withTemplateCache, pass
com.github.jknack.handlebars.Issue266, infiniteLoops, pass
com.github.jknack.handlebars.Issue266, endDelimiter, pass
com.github.jknack.handlebars.Issue266, startDelimiter, pass
com.github.jknack.handlebars.Issue266, withParserFactory, pass
com.github.jknack.handlebars.Issue266, stringParams, pass
com.github.jknack.handlebars.Issue266, withEscapingStrategy, pass
com.github.jknack.handlebars.Issue266, prettyPrint, pass
com.github.jknack.handlebars.Issue266, withHelperRegistry, pass
com.github.jknack.handlebars.Issue307, dowork, pass
com.github.jknack.handlebars.Issue308, dowork, pass
com.github.jknack.handlebars.Issue319, noPartial, pass
com.github.jknack.handlebars.Issue319, blockHash, pass
com.github.jknack.handlebars.Issue319, emptyPartialWithHash2, pass
com.github.jknack.handlebars.Issue319, emptyPartialWithHash3, pass
com.github.jknack.handlebars.Issue319, emptyPartialWithHash4, pass
com.github.jknack.handlebars.Issue319, emptyPartialWithHash, pass
com.github.jknack.handlebars.Issue322, defaults, pass
com.github.jknack.handlebars.Issue322, notFound, pass
com.github.jknack.handlebars.Issue327, calllink, pass
com.github.jknack.handlebars.Issue327, link, pass
com.github.jknack.handlebars.Issue332, resolveNamed, pass
com.github.jknack.handlebars.Issue332, resolvePath, pass
com.github.jknack.handlebars.Issue332, resolveThis, pass
com.github.jknack.handlebars.Issue42, issue42, pass
com.github.jknack.handlebars.Issue488, utf8, pass
com.github.jknack.handlebars.Issue95, issue95, pass
com.github.jknack.handlebars.issues.Hbs507, shouldCallPartialWithoutSideEffect, pass
com.github.jknack.handlebars.issues.Hbs519, shouldCompileRawHelperStatementInsideConditional, pass
com.github.jknack.handlebars.issues.Hbs519, shouldGetTextVersionOfRawHelperInsideConditional, pass
com.github.jknack.handlebars.issues.Hbs523, shouldCallPartialWithoutSideEffect, pass
com.github.jknack.handlebars.issues.Hbs525, helperNameSpace, pass
com.github.jknack.handlebars.issues.Hbs530, indexOutOfBoundsExceptioWhenUsingBlockParametersOnAnEmptyList, pass
com.github.jknack.handlebars.issues.Hbs531, dynamicPartialLookupWithADefaultParameterDoesn_tWork, pass
com.github.jknack.handlebars.issues.Issue323, subExpressionInHashArg, pass
com.github.jknack.handlebars.issues.Issue447, levels, pass
com.github.jknack.handlebars.issues.Issue447, logFn, pass
com.github.jknack.handlebars.issues.Issue448b, shouldApplySubOnBlockParams, pass
com.github.jknack.handlebars.issues.Issue448, shouldApplySubOnBlockParams, pass
com.github.jknack.handlebars.issues.Issue448, shouldApplySubOnThis, pass
com.github.jknack.handlebars.issues.Issue448, shouldUseContext, pass
com.github.jknack.handlebars.issues.Issue458, shouldNotRenderNullValues, pass
com.github.jknack.handlebars.issues.Issue459, stringLiteralInPartials, pass
com.github.jknack.handlebars.issues.Issue463b, parentScopeResolution, pass
com.github.jknack.handlebars.issues.Issue463, parentScopeResolutionDataContext, pass
com.github.jknack.handlebars.issues.Issue463, parentScopeResolution, pass
com.github.jknack.handlebars.issues.Issue465, withHbs3EscapingStrategy, pass
com.github.jknack.handlebars.issues.Issue467, shouldHaveAccessToKeyViaBlockParam, pass
com.github.jknack.handlebars.issues.Issue468, rawHelperShouldWork, pass
com.github.jknack.handlebars.issues.Issue470, indexFromParentContext, pass
com.github.jknack.handlebars.issues.Issue470, indexFromParentContextInJs, pass
com.github.jknack.handlebars.issues.Issue471, expansionsOfDifferentObjectsOfTheSameType, pass
com.github.jknack.handlebars.issues.Issue473, testBlock, pass
com.github.jknack.handlebars.issues.Issue473, testWith, pass
com.github.jknack.handlebars.issues.Issue475, shouldNotLostPartialParamBetweenInvocationsWithoutRedundantParam, pass
com.github.jknack.handlebars.issues.Issue475, shouldNotLostPartialParamBetweenInvocations, pass
com.github.jknack.handlebars.issues.Issue476, jsLengthMisbehaviorWithArray, pass
com.github.jknack.handlebars.issues.Issue476, jsLengthMisbehaviorWithLists, pass
com.github.jknack.handlebars.issues.Issue477b, partialWithHashAndNoParentScopeResolution, pass
com.github.jknack.handlebars.issues.Issue477, partialWithHash, pass
com.github.jknack.handlebars.issues.Issue478, shouldAllowToChainEscapeStrategy, pass
com.github.jknack.handlebars.issues.Issue479, partialWithHash, pass
com.github.jknack.handlebars.issues.Issue479, partialWithHashOverride, pass
com.github.jknack.handlebars.issues.Issue483b, shouldPassObjectResult, pass
com.github.jknack.handlebars.issues.Issue483, shouldPassObjectResult, pass
com.github.jknack.handlebars.issues.Issue489, shouldPassObjectResult, pass
com.github.jknack.handlebars.issues.Issue490, pushResolver, pass
com.github.jknack.handlebars.issues.Issue490, setResolver, pass
com.github.jknack.handlebars.issues.Issue500, shouldEachHelperIterateOverJSNativeArrays, pass
com.github.jknack.handlebars.issues.Issue502, supportForIteratingMapsWithNonStringKeys, pass
com.github.jknack.handlebars.issues.Issue506, nestedAs, pass
com.github.jknack.handlebars.issues.Issue521, whiteSpaceControlShouldWorkOnElse, pass
com.github.jknack.handlebars.issues.Issue527, embeddedShouldNotCompileTemplate, pass
com.github.jknack.handlebars.issues.Issue527, precompileShouldNotCompileTemplate, pass
com.github.jknack.handlebars.issues.Issue539, inlinePartialsLeak, pass
com.github.jknack.handlebars.issues.Issue550, precompileAMDShouldNotAddSuffixToTemplatePartialHash, pass
com.github.jknack.handlebars.issues.Issue552, shouldKeepContextOnBlockParameter, pass
com.github.jknack.handlebars.issues.Issue567, shouldKeepContextOnBlockParameter, pass
com.github.jknack.handlebars.issues.Issue573, shouldSupportNumberExpression, pass
com.github.jknack.handlebars.issues.Issue574, eachShouldExecuteElseBranchOnFalsyValue, pass
com.github.jknack.handlebars.issues.Issue584, shouldRemoveBlankAroundElse, pass
com.github.jknack.handlebars.issues.Issue585, shouldReadTemplateUsingProvidedCharset, pass
com.github.jknack.handlebars.issues.Issue588, shouldDefineInlinePartialsInPartialCall, pass
com.github.jknack.handlebars.issues.Issue588, shouldNotDefineInlinePartialsInPartialBlockCallWithoutPreEvaluation, pass
com.github.jknack.handlebars.issues.Issue588, shouldOverrideBlockParamsWithFalse, pass
com.github.jknack.handlebars.issues.Issue588, shouldOverrideBlockParams, pass
com.github.jknack.handlebars.issues.Issue588, shouldOverrideBlockParamsWithoutPreEvaluation, pass
com.github.jknack.handlebars.issues.Issue588, shouldDefineInlinePartialsInPartialBlockCall, pass
com.github.jknack.handlebars.issues.Issue596, shouldSupportNoneCharSequenceReturnsTypeFromHelperClass, pass
com.github.jknack.handlebars.issues.Issue606, shouldSupportNoneCharSequenceReturnsTypeFromHelperClass, pass
com.github.jknack.handlebars.issues.Issue611, shouldScapeRightBracket, pass
com.github.jknack.handlebars.issues.Issue614, shouldGetTextFromElseIf, pass
com.github.jknack.handlebars.issues.Issue627, eq, pass
com.github.jknack.handlebars.issues.Issue627, gt, pass
com.github.jknack.handlebars.issues.Issue627, lt, pass
com.github.jknack.handlebars.issues.Issue627, or, pass
com.github.jknack.handlebars.issues.Issue627, and, pass
com.github.jknack.handlebars.issues.Issue627, neq, pass
com.github.jknack.handlebars.issues.Issue627, not, pass
com.github.jknack.handlebars.issues.Issue627, complex, pass
com.github.jknack.handlebars.issues.Issue634, shouldNotThrowHandlebarsException, pass
com.github.jknack.handlebars.issues.Issue634, shouldThrowHandlebarsExceptionWhenPartialBlockIsMissing, pass
com.github.jknack.handlebars.issues.Issue643, shouldAllowES6LetOrConstLiterals, pass
com.github.jknack.handlebars.issues.Issue654, makeSureMapResolverIsAlwaysPresent, pass
com.github.jknack.handlebars.issues.Issue654, ignoreMapResolverWhenItIsProvided, pass
com.github.jknack.handlebars.issues.Issue655, inlinePartialsLeak, pass
com.github.jknack.handlebars.issues.Issue657, shouldAllowES6LetOrConstLiterals, pass
com.github.jknack.handlebars.issues.Issue660, partialWithLineBreak, pass
com.github.jknack.handlebars.js.JavaScriptHelperTest, thisContextAsBean, pass
com.github.jknack.handlebars.js.JavaScriptHelperTest, block_helper_inverted_sections, pass
com.github.jknack.handlebars.js.JavaScriptHelperTest, block_helper_should_have_context_in_this, pass
com.github.jknack.handlebars.js.JavaScriptHelperTest, helper_with_complex_lookup_and_nested_template, pass
com.github.jknack.handlebars.js.JavaScriptHelperTest, safeString, pass
com.github.jknack.handlebars.js.JavaScriptHelperTest, params, pass
com.github.jknack.handlebars.js.JavaScriptHelperTest, block_helper, pass
com.github.jknack.handlebars.js.JavaScriptHelperTest, simple, pass
com.github.jknack.handlebars.js.JavaScriptHelperTest, thisContextAsMap, pass
com.github.jknack.handlebars.js.JavaScriptHelperTest, beanContext, pass
com.github.jknack.handlebars.js.JavaScriptHelperTest, helper_block_with_complex_lookup_expression, pass
com.github.jknack.handlebars.js.JavaScriptHelperTest, fnWithNewContext, pass
com.github.jknack.handlebars.js.JavaScriptHelperTest, block_helper_passing_a_new_context, pass
com.github.jknack.handlebars.js.JavaScriptHelperTest, fn, pass
com.github.jknack.handlebars.js.JavaScriptHelperTest, hash, pass
com.github.jknack.handlebars.js.JavaScriptHelperTest, block_helper_staying_in_the_same_context, pass
com.github.jknack.handlebars.js.JavaScriptHelperTest, block_helper_for_undefined_value, pass
com.github.jknack.handlebars.js.JavaScriptHelperTest, helper_block_with_complex_lookup_expression4, pass
com.github.jknack.handlebars.js.JavaScriptHelperTest, mapContext, pass
com.github.jknack.handlebars.js.JavaScriptHelperTest, helper_with_complex_lookup$, pass
com.github.jknack.handlebars.js.JavaScriptHelperTest, beanWithParam, pass
com.github.jknack.handlebars.js.JavaScriptHelperTest, publicFieldsContext, pass
com.github.jknack.handlebars.js.JavaScriptHelperTest, escapeString, pass
com.github.jknack.handlebars.LambdaTest, withoutStringResult, pass
com.github.jknack.handlebars.LambdaTest, withStringResult, pass
com.github.jknack.handlebars.LazyPartialBlockEvaluationTest, shouldSupportMultipleLevelsOfNestedPartialBlocks, pass
com.github.jknack.handlebars.LazyPartialBlockEvaluationTest, shouldNotDefineInlinePartialsInPartialBlockCall, pass
com.github.jknack.handlebars.MissingValueResolverTest, throwExceptionOnMissingValue, pass
com.github.jknack.handlebars.MissingValueResolverTest, useMissingValue, pass
com.github.jknack.handlebars.MultipleFormatterTest, testIntegerFormatter, pass
com.github.jknack.handlebars.MultipleFormatterTest, testDateFormatter, pass
com.github.jknack.handlebars.MustacheTest, demo, pass
com.github.jknack.handlebars.NashornTest, bootstrap, pass
com.github.jknack.handlebars.NoFalsyValueTest, noFalsy[0], pass
com.github.jknack.handlebars.NoFalsyValueTest, noFalsy[1], pass
com.github.jknack.handlebars.NoFalsyValueTest, noFalsy[2], pass
com.github.jknack.handlebars.NoFalsyValueTest, noFalsy[3], pass
com.github.jknack.handlebars.NoFalsyValueTest, noFalsy[4], pass
com.github.jknack.handlebars.NoFalsyValueTest, noFalsy[5], pass
com.github.jknack.handlebars.NoFalsyValueTest, noFalsy[6], pass
com.github.jknack.handlebars.NumberFormatTest, integerFormat, pass
com.github.jknack.handlebars.NumberFormatTest, percentFormat, pass
com.github.jknack.handlebars.NumberFormatTest, pattern, pass
com.github.jknack.handlebars.NumberFormatTest, currencyFormat, pass
com.github.jknack.handlebars.NumberFormatTest, defaultFormat, pass
com.github.jknack.handlebars.NumberFormatTest, frLocale, pass
com.github.jknack.handlebars.OverrideBuiltinHelperTest, overrideEach, pass
com.github.jknack.handlebars.ParamHashTest, falsyHash, pass
com.github.jknack.handlebars.ParamHashTest, referenceParam, pass
com.github.jknack.handlebars.ParamHashTest, stringHash, pass
com.github.jknack.handlebars.ParamHashTest, stringParam, pass
com.github.jknack.handlebars.ParamHashTest, truthParam, pass
com.github.jknack.handlebars.ParamHashTest, falsyParam, pass
com.github.jknack.handlebars.ParamHashTest, intParam, pass
com.github.jknack.handlebars.ParamHashTest, charsHash, pass
com.github.jknack.handlebars.ParamHashTest, referenceHash, pass
com.github.jknack.handlebars.ParamHashTest, truthHash, pass
com.github.jknack.handlebars.ParamHashTest, intHash, pass
com.github.jknack.handlebars.ParamHashTest, boolHash, pass
com.github.jknack.handlebars.ParamHashTest, boolParam, pass
com.github.jknack.handlebars.ParsingErrorTest, paramOutOfOrder, pass
com.github.jknack.handlebars.ParsingErrorTest, ampvar, pass
com.github.jknack.handlebars.ParsingErrorTest, iblock, pass
com.github.jknack.handlebars.ParsingErrorTest, level1, pass
com.github.jknack.handlebars.ParsingErrorTest, level2, pass
com.github.jknack.handlebars.ParsingErrorTest, invalidChar, pass
com.github.jknack.handlebars.ParsingErrorTest, tvarDelim, pass
com.github.jknack.handlebars.ParsingErrorTest, ampvarDelim, pass
com.github.jknack.handlebars.ParsingErrorTest, idx1, pass
com.github.jknack.handlebars.ParsingErrorTest, idx2, pass
com.github.jknack.handlebars.ParsingErrorTest, idx3, pass
com.github.jknack.handlebars.ParsingErrorTest, idx4, pass
com.github.jknack.handlebars.ParsingErrorTest, tvar, pass
com.github.jknack.handlebars.ParsingErrorTest, block, pass
com.github.jknack.handlebars.ParsingErrorTest, delim, pass
com.github.jknack.handlebars.ParsingErrorTest, partialName2, pass
com.github.jknack.handlebars.ParsingErrorTest, unbalancedDelim, pass
com.github.jknack.handlebars.ParsingErrorTest, partialName, pass
com.github.jknack.handlebars.ParsingErrorTest, missingPartial, pass
com.github.jknack.handlebars.ParsingErrorTest, missingId, pass
com.github.jknack.handlebars.ParsingErrorTest, correctPath, pass
com.github.jknack.handlebars.PartialBlockTest, shouldRenderBlockFromPartialWithContext, pass
com.github.jknack.handlebars.PartialBlockTest, shouldPropagateBlockParametersToDefaultBlock, pass
com.github.jknack.handlebars.PartialBlockTest, shouldRenderBlockFromPartialWithPathedContext, pass
com.github.jknack.handlebars.PartialBlockTest, shouldRenderPartialBlockAsDefault, pass
com.github.jknack.handlebars.PartialBlockTest, text, pass
com.github.jknack.handlebars.PartialBlockTest, shouldNotUsePartialBlockIfPartialExists, pass
com.github.jknack.handlebars.PartialBlockTest, shouldRenderBlockFromPartial, pass
com.github.jknack.handlebars.PartialBlockTest, eachInlinePartialIsAvailableToTheCurrentBlockAndAllChildren, pass
com.github.jknack.handlebars.PartialBlockTest, shouldExecuteDefaultBlockWithProperContext, pass
com.github.jknack.handlebars.PartialBlockTest, shouldDefineInlinePartialsInPartialBlockCall, pass
com.github.jknack.handlebars.PartialBlockTest, shouldRenderBlockFromPartialWithBlockParams, pass
com.github.jknack.handlebars.PathTest, paths, pass
com.github.jknack.handlebars.PrecompileHelperTest, precompileWithPartial[0], pass
com.github.jknack.handlebars.PrecompileHelperTest, precompile[0], pass
com.github.jknack.handlebars.PrecompileHelperTest, precompileWithPartial[1], pass
com.github.jknack.handlebars.PrecompileHelperTest, precompile[1], pass
com.github.jknack.handlebars.PrecompileHelperTest, precompileWithPartial[2], pass
com.github.jknack.handlebars.PrecompileHelperTest, precompile[2], pass
com.github.jknack.handlebars.PropertyAccessTest, qualifiedListAccess, pass
com.github.jknack.handlebars.PropertyAccessTest, listAccess, pass
com.github.jknack.handlebars.PropertyAccessTest, notJavaNameAccess, pass
com.github.jknack.handlebars.PropertyAccessTest, arrayAccess, pass
com.github.jknack.handlebars.PropertyAccessTest, listArrayIndexOutOfBoundsShouldResolveAsEmpty, pass
com.github.jknack.handlebars.PropertyAccessTest, arrayIndexOutOfBoundsShouldResolveAsEmpty, pass
com.github.jknack.handlebars.PropertyAccessTest, listIndexOutOfBoundsShouldResolveAsEmpty, pass
com.github.jknack.handlebars.PropertyAccessTest, ifArrayAccess, pass
com.github.jknack.handlebars.PropertyAccessTest, falsyArrayAccess, pass
com.github.jknack.handlebars.PropertyPathParserTest, testSingleLiteral, pass
com.github.jknack.handlebars.PropertyPathParserTest, testSinglePath, pass
com.github.jknack.handlebars.PropertyPathParserTest, testDotAndSlashPath, pass
com.github.jknack.handlebars.PropertyPathParserTest, testDotPath, pass
com.github.jknack.handlebars.PropertyPathParserTest, testMultipleLiteralsAndJavaNames, pass
com.github.jknack.handlebars.PropertyPathParserTest, testSlashPath, pass
com.github.jknack.handlebars.PseudoVarsTest, list, pass
com.github.jknack.handlebars.PseudoVarsTest, lostParent$51, pass
com.github.jknack.handlebars.RawHelperTest, text, pass
com.github.jknack.handlebars.RawHelperTest, helperForRawBlockGetsRawContent, pass
com.github.jknack.handlebars.RawHelperTest, helperForRawBlockGetsParameters, pass
com.github.jknack.handlebars.RawTextTest, helper, pass
com.github.jknack.handlebars.RawTextTest, invertedEmptySection, pass
com.github.jknack.handlebars.RawTextTest, partialWithContext, pass
com.github.jknack.handlebars.RawTextTest, invertedSection, pass
com.github.jknack.handlebars.RawTextTest, varAmp, pass
com.github.jknack.handlebars.RawTextTest, partial, pass
com.github.jknack.handlebars.RawTextTest, partialWithThisContext, pass
com.github.jknack.handlebars.RawTextTest, var, pass
com.github.jknack.handlebars.RawTextTest, var3, pass
com.github.jknack.handlebars.RawTextTest, blockHelper, pass
com.github.jknack.handlebars.RawTextTest, emptySection, pass
com.github.jknack.handlebars.RawTextTest, section, pass
com.github.jknack.handlebars.RawTextTest, plainText, pass
com.github.jknack.handlebars.ReflectiveHelperTest, testNullBlog, pass
com.github.jknack.handlebars.ReflectiveHelperTest, testBlog, pass
com.github.jknack.handlebars.ReflectiveHelperTest, testHelperWithParams, pass
com.github.jknack.handlebars.ReflectiveHelperTest, testHelperAWithContext, pass
com.github.jknack.handlebars.ReflectiveHelperTest, testHelperWithParamsAndOptions, pass
com.github.jknack.handlebars.ReflectiveHelperTest, testCheckedException, pass
com.github.jknack.handlebars.ReflectiveHelperTest, testHelperA, pass
com.github.jknack.handlebars.ReflectiveHelperTest, testIOException, pass
com.github.jknack.handlebars.ReflectiveHelperTest, testRuntimeException, pass
com.github.jknack.handlebars.ReflectiveHelperTest, testHelperAWithOptions, pass
com.github.jknack.handlebars.ReflectiveHelperTest, testHelperAWithContextAndOptions, pass
com.github.jknack.handlebars.ReflectiveHelperTest, testParams, pass
com.github.jknack.handlebars.ReflectiveHelperTest, testBlogTitle, pass
com.github.jknack.handlebars.SafeStringTest, charAt, pass
com.github.jknack.handlebars.SafeStringTest, equals, pass
com.github.jknack.handlebars.SafeStringTest, length, pass
com.github.jknack.handlebars.SafeStringTest, hashcode, pass
com.github.jknack.handlebars.SafeStringTest, substring, pass
com.github.jknack.handlebars.SafeStringTest, notEquals, pass
com.github.jknack.handlebars.ScalarContextTest, htmlString[0], pass
com.github.jknack.handlebars.ScalarContextTest, quoteHash[0], pass
com.github.jknack.handlebars.ScalarContextTest, chHtml[0], pass
com.github.jknack.handlebars.ScalarContextTest, safeString[0], pass
com.github.jknack.handlebars.ScalarContextTest, string[0], pass
com.github.jknack.handlebars.ScalarContextTest, dontEscape[0], pass
com.github.jknack.handlebars.ScalarContextTest, ch[0], pass
com.github.jknack.handlebars.ScalarContextTest, bool[0], pass
com.github.jknack.handlebars.ScalarContextTest, list[0], pass
com.github.jknack.handlebars.ScalarContextTest, array[0], pass
com.github.jknack.handlebars.ScalarContextTest, quoteParam[0], pass
com.github.jknack.handlebars.ScalarContextTest, decimal[0], pass
com.github.jknack.handlebars.ScalarContextTest, integer[0], pass
com.github.jknack.handlebars.ScalarContextTest, htmlString[1], pass
com.github.jknack.handlebars.ScalarContextTest, quoteHash[1], pass
com.github.jknack.handlebars.ScalarContextTest, chHtml[1], pass
com.github.jknack.handlebars.ScalarContextTest, safeString[1], pass
com.github.jknack.handlebars.ScalarContextTest, string[1], pass
com.github.jknack.handlebars.ScalarContextTest, dontEscape[1], pass
com.github.jknack.handlebars.ScalarContextTest, ch[1], pass
com.github.jknack.handlebars.ScalarContextTest, bool[1], pass
com.github.jknack.handlebars.ScalarContextTest, list[1], pass
com.github.jknack.handlebars.ScalarContextTest, array[1], pass
com.github.jknack.handlebars.ScalarContextTest, quoteParam[1], pass
com.github.jknack.handlebars.ScalarContextTest, decimal[1], pass
com.github.jknack.handlebars.ScalarContextTest, integer[1], pass
com.github.jknack.handlebars.ScopeTest, nameConflict, pass
com.github.jknack.handlebars.ScopeTest, currentScope, pass
com.github.jknack.handlebars.SwitchPartialContextTest, partialWithContext, pass
com.github.jknack.handlebars.SwitchPartialContextTest, switchPartialContext, pass
com.github.jknack.handlebars.TagTypeTest, collectAmpVar, pass
com.github.jknack.handlebars.TagTypeTest, collectVar, pass
com.github.jknack.handlebars.TagTypeTest, inline, pass
com.github.jknack.handlebars.TagTypeTest, collectTripleVar, pass
com.github.jknack.handlebars.TagTypeTest, varTag, pass
com.github.jknack.handlebars.TagTypeTest, collectSectionAndVars, pass
com.github.jknack.handlebars.TagTypeTest, block, pass
com.github.jknack.handlebars.TagTypeTest, sectionTag, pass
com.github.jknack.handlebars.TagTypeTest, tripleVarTag, pass
com.github.jknack.handlebars.TagTypeTest, unescapeVarTag, pass
com.github.jknack.handlebars.TagTypeTest, collectSubexpression, pass
com.github.jknack.handlebars.TagTypeTest, collectSectionWithSubExpression, pass
com.github.jknack.handlebars.TagTypeTest, collectSection, pass
com.github.jknack.handlebars.TemplateNotFoundTest, partialNotFound, pass
com.github.jknack.handlebars.TemplateNotFoundTest, templateNotFound, pass
com.github.jknack.handlebars.TemporalPartialTest, defaultPartials, pass
com.github.jknack.handlebars.TemporalPartialTest, temporalPartials, pass
com.github.jknack.handlebars.ToJavaScriptTest, com.github.jknack.handlebars.ToJavaScriptTest, skip
com.github.jknack.handlebars.ToStringTest, unsafeString, pass
com.github.jknack.handlebars.TypeSafeTemplateDefaultMethodTest, testDefaultMethod, pass
com.github.jknack.handlebars.TypeSafeTemplateTest, noHandlerMethod, pass
com.github.jknack.handlebars.TypeSafeTemplateTest, noHandlerMethod2, pass
com.github.jknack.handlebars.TypeSafeTemplateTest, testToString, pass
com.github.jknack.handlebars.TypeSafeTemplateTest, customTypeSafe2, pass
com.github.jknack.handlebars.TypeSafeTemplateTest, customTypeSafe, pass
com.github.jknack.handlebars.TypeSafeTemplateTest, testHashCode, pass
com.github.jknack.handlebars.TypeSafeTemplateTest, testEquals, pass
com.github.jknack.handlebars.TypeSafeTemplateTest, genericTypeSafe, pass
com.github.jknack.handlebars.ValueResolverTest, propagateValueResolverToChild, pass
com.github.jknack.handlebars.ValueResolverTest, mapResolver, pass
com.github.jknack.handlebars.ValueResolverTest, fieldResolver, pass
com.github.jknack.handlebars.ValueResolverTest, javaBeanResolver, pass
com.github.jknack.handlebars.ValueResolverTest, methodResolver, pass
com.github.jknack.handlebars.ValueResolverTest, propagateValueResolverToChildAndExtended, pass
com.github.jknack.handlebars.ValueResolverTest, multipleValueResolvers, pass
com.github.jknack.handlebars.WriteIntoContextTest, shouldBeAbleToWriteIntoContextWhenInBlockHelper, pass
com.github.jknack.handlebars.WriteIntoContextTest, shouldBeAbleToWriteIntoContextWhenInPartial, pass
com.github.jknack.handlebars.WriteIntoContextTest, shouldBeAbleToWriteIntoContext, pass
handlebarsjs.spec.BasicContextTest, nestedPathsWithEmptyStringValue, pass
handlebarsjs.spec.BasicContextTest, literalPaths, pass
handlebarsjs.spec.BasicContextTest, nestedPaths, pass
handlebarsjs.spec.BasicContextTest, thatCurrentContextPathDoesnotHitHelpers, pass
handlebarsjs.spec.BasicContextTest, mostBasic, pass
handlebarsjs.spec.BasicContextTest, comments, pass
handlebarsjs.spec.BasicContextTest, complexButEmptyPaths, pass
handlebarsjs.spec.BasicContextTest, functions, pass
handlebarsjs.spec.BasicContextTest, bool, pass
handlebarsjs.spec.BasicContextTest, zeros, pass
handlebarsjs.spec.BasicContextTest, escapingExpressions, pass
handlebarsjs.spec.BasicContextTest, thisKeywordInHelpers, pass
handlebarsjs.spec.BasicContextTest, compilingWithBasicContextAccentsAndColon, pass
handlebarsjs.spec.BasicContextTest, thisKeywordInPaths, pass
handlebarsjs.spec.BasicContextTest, functionReturningSafeStringsShouldnotBeEscaped, pass
handlebarsjs.spec.BasicContextTest, pathsWithHyphens, pass
handlebarsjs.spec.BasicContextTest, newlines, pass
handlebarsjs.spec.BasicContextTest, escapingText, pass
handlebarsjs.spec.BasicContextTest, compilingWithBasicContext, pass
handlebarsjs.spec.BlockHelperMissingTest, passingInDataWorksWithBlockHelpersWhereChildrenUsePaths, pass
handlebarsjs.spec.BlockHelperMissingTest, whenInsideABlockInStringModePassesTheAppropriateContextInTheOptionsHash, pass
handlebarsjs.spec.BlockHelperMissingTest, overrideInheritedDataWhenInvokingHelperWithDepth, pass
handlebarsjs.spec.BlockHelperMissingTest, scopedNamesTakePrecedenceOverBlockHelpers, pass
handlebarsjs.spec.BlockHelperMissingTest, whenInsideABlockInStringModePassesTheAppropriateContextInTheOptionsHashToABlockHelper, pass
handlebarsjs.spec.BlockHelperMissingTest, passingInDataWorksWithBlockHelpers, pass
handlebarsjs.spec.BlockHelperMissingTest, blockHelperCanTakeOptionalHashWithSingleQuotedStrings, pass
handlebarsjs.spec.BlockHelperMissingTest, blockHelpersTakePrecedenceOverSameNamedContextProperties, pass
handlebarsjs.spec.BlockHelperMissingTest, eachWithJavaBean, pass
handlebarsjs.spec.BlockHelperMissingTest, deepAnnotationTriggersAutomaticTopLevelData, pass
handlebarsjs.spec.BlockHelperMissingTest, overrideInheritedDataWhenInvokingHelper, pass
handlebarsjs.spec.BlockHelperMissingTest, passingInDataWorksWithHelpersInPartials, pass
handlebarsjs.spec.BlockHelperMissingTest, blockHelperCanTakeOptionalHashWithBooleans, pass
handlebarsjs.spec.BlockHelperMissingTest, blockHelperCanTakeOptionalHash, pass
handlebarsjs.spec.BlockHelperMissingTest, whenUsingBlockFormArgumentsToHelpersCanBeRetrievedFromOptionsHashInStringForm, pass
handlebarsjs.spec.BlockHelperMissingTest, eachWithHash, pass
handlebarsjs.spec.BlockHelperMissingTest, with, pass
handlebarsjs.spec.BlockHelperMissingTest, helperCanTakeOptionalHashWithBooleans, pass
handlebarsjs.spec.BlockHelperMissingTest, scopedNamesTakePrecedenceOverHelpers, pass
handlebarsjs.spec.BlockHelperMissingTest, passingInDataWorksWithBlockHelpersThatUsePaths, pass
handlebarsjs.spec.BlockHelperMissingTest, parameterCanBeLookupViaAnnotation, pass
handlebarsjs.spec.BlockHelperMissingTest, dataIsInheritedDownstream, pass
handlebarsjs.spec.BlockHelperMissingTest, ifHelper, pass
handlebarsjs.spec.BlockHelperMissingTest, helpersTakePrecedenceOverSameNamedContextProperties, pass
handlebarsjs.spec.BlockHelperMissingTest, argumentsToHelpersCanBeRetrievedFromOptionsHashInStringForm, pass
handlebarsjs.spec.BlockHelperMissingTest, ifContextIsNotFoundHelperMissingIsUsed, pass
handlebarsjs.spec.BlockHelperMissingTest, helperCanTakeOptionalHash, pass
handlebarsjs.spec.BlockHelperMissingTest, dataCanBeLookupViaAnnotation, pass
handlebarsjs.spec.BlockTest, nestedBlockHelpers, pass
handlebarsjs.spec.BlockTest, blockInvertedSectionsWithEmptyArrays, pass
handlebarsjs.spec.BlockTest, blockWithDeepNestedComplexLookup, pass
handlebarsjs.spec.BlockTest, emptyBlock, pass
handlebarsjs.spec.BlockTest, arrayWithIndex, pass
handlebarsjs.spec.BlockTest, helperWithComplexLookupExpression, pass
handlebarsjs.spec.BlockTest, blockHelperStayingInTheSameContext, pass
handlebarsjs.spec.BlockTest, blockInvertedSections, pass
handlebarsjs.spec.BlockTest, array, pass
handlebarsjs.spec.BlockTest, blockHelperInvertedSections, pass
handlebarsjs.spec.BlockTest, blockHelper, pass
handlebarsjs.spec.BlockTest, helperWithComplexLookup$, pass
handlebarsjs.spec.BlockTest, blockWithComplexLookup, pass
handlebarsjs.spec.BlockTest, blockHelperPassingNewContext, pass
handlebarsjs.spec.BlockTest, blockHelperShouldHaveContextInThis, pass
handlebarsjs.spec.BlockTest, blockHelperForUndefinedValue, pass
handlebarsjs.spec.BlockTest, helperWithComplexLookupAndNestedTemplate, pass
handlebarsjs.spec.BlockTest, blockHelperPassingComplexContextPath, pass
handlebarsjs.spec.HelperHashTest, inCaseOsfConflictTheExplicitHashWins, pass
handlebarsjs.spec.HelperHashTest, theHelpersClassIsAvailableInNestedContexts, pass
handlebarsjs.spec.HelperHashTest, providingHelperHash, pass
handlebarsjs.spec.InvertedSectionTest, invertedSectionsWithEmptySet, pass
handlebarsjs.spec.InvertedSectionTest, invertedSectionsWithUnsetValue, pass
handlebarsjs.spec.InvertedSectionTest, invertedSectionsWithFalseValue, pass
handlebarsjs.spec.PartialsTest, partialsWithContext, pass
handlebarsjs.spec.PartialsTest, basicPartials, pass
handlebarsjs.spec.PartialsTest, partialInPartial, pass
handlebarsjs.spec.PartialsTest, partialWithLiteralPaths, pass
handlebarsjs.spec.PartialsTest, renderingFunctionPartial, pass
handlebarsjs.spec.PartialsTest, partialPrecedingSelector, pass
handlebarsjs.spec.PartialsTest, renderingUndefinedPartialThrowsException, pass
handlebarsjs.spec.StringLiteralParametersTest, usingQuoteInTheMiddleOfParameterRaisesAnError, pass
handlebarsjs.spec.StringLiteralParametersTest, blockMultiParamsWork, pass
handlebarsjs.spec.StringLiteralParametersTest, simpleMultiParamsWork, pass
handlebarsjs.spec.StringLiteralParametersTest, simpleLiteralWork, pass
handlebarsjs.spec.StringLiteralParametersTest, itWorksWithSingleQoutes, pass
handlebarsjs.spec.StringLiteralParametersTest, escapingAStringIsPossible, pass
mustache.specs.CommentsTest, initializationError, error
mustache.specs.DelimitersTest, initializationError, error
mustache.specs.InterpolationTest, initializationError, error
mustache.specs.InvertedTest, initializationError, error
mustache.specs.LambdasTest, initializationError, error
mustache.specs.PartialsTest, initializationError, error
mustache.specs.SectionsTest, initializationError, error
