ninja.AssetsControllerHelperTest, testIsDirectoryURLWithDirectory, pass
ninja.AssetsControllerHelperTest, testIsDirectoryURLWithJarProtocol, pass
ninja.AssetsControllerHelperTest, testNormalizePathWithoutLeadingSlash, pass
ninja.AssetsControllerHelperTest, testIsDirectoryURLWithFile, pass
ninja.AssetsControllerHelperTest, testIsDirectoryURLWithDirectoryContainsSpecialCharacters, pass
ninja.AssetsControllerTest, testServeStaticSecurityClassesAbsolute, pass
ninja.AssetsControllerTest, testServeStaticDirectory, pass
ninja.AssetsControllerTest, testServeStatic404, pass
ninja.AssetsControllerTest, testStaticDirectoryIsFileSystemInDevMode, pass
ninja.AssetsControllerTest, testServeStatic304NotModified, pass
ninja.AssetsControllerTest, testStaticDirectoryClassPathWhenFileNotInFileSystemInDevMode, pass
ninja.AssetsControllerTest, testServeStaticRobotsTxt, pass
ninja.AssetsControllerTest, testServeStaticSecurityNoRelativPathWorks, pass
ninja.AssetsControllerTest, testStaticDirectoryIsClassPathInProdMode, pass
ninja.AssetsControllerTest, testServeWebJars, pass
ninja.AssetsControllerTest, testServeStaticNormalOperationModifiedNoCaching, pass
ninja.AssetsControllerTest, testServeStaticSecurityClassesWithoutSlash, pass
ninja.AuthenticityFilterTest, testAuthenticityFail, pass
ninja.AuthenticityFilterTest, testAuthenticityWorks, pass
ninja.BasicAuthFilterTest, testSessionIsNotReturingWithInvalidCredentials, pass
ninja.BasicAuthFilterTest, testNullSession, pass
ninja.BasicAuthFilterTest, testWorkingSessionWhenUsernameIsThere, pass
ninja.BasicAuthFilterTest, testSessionIsReturningWithValidCredentials, pass
ninja.BasicAuthFilterTest, testUnauthenticatedSession, pass
ninja.bodyparser.BodyParserEngineJsonTest, testJsonBodyWithMissingVariables, pass
ninja.bodyparser.BodyParserEngineJsonTest, testValidJsonBody, pass
ninja.bodyparser.BodyParserEngineJsonTest, testJsonBodyWithFullSpacesAndEndOfLines, pass
ninja.bodyparser.BodyParserEngineJsonTest, testInvalidJsonBody, pass
ninja.bodyparser.BodyParserEngineJsonTest, testEmptyJsonBody, pass
ninja.bodyparser.BodyParserEngineManagerImplTest, testContentTypes, pass
ninja.bodyparser.BodyParserEnginePostTest, testBodyParserWithInnerObjects, pass
ninja.bodyparser.BodyParserEnginePostTest, testBodyParserWithCollectionAndArray, pass
ninja.bodyparser.BodyParserEnginePostTest, testBodyParserWithEnumerations, pass
ninja.bodyparser.BodyParserEnginePostTest, testBodyParserWithCustomNeedingInjectionParamParser, pass
ninja.bodyparser.BodyParserEnginePostTest, testBodyParser, pass
ninja.bodyparser.BodyParserEnginePostTest, testBodyParserWithEmptyInnerObjects, pass
ninja.bodyparser.BodyParserEnginePostTest, testBodyParserWithValidationErrors, pass
ninja.bodyparser.BodyParserEnginePostTest, testBodyParserWhenThereIsAnUnsupportedFieldType, pass
ninja.bodyparser.BodyParserEngineXmlTest, testValidXmlBody, pass
ninja.bodyparser.BodyParserEngineXmlTest, testEmptyXmlBody, pass
ninja.bodyparser.BodyParserEngineXmlTest, testInvalidXmlMissingRootBody, pass
ninja.bodyparser.BodyParserEngineXmlTest, testInvalidXmlBadCloseBody, pass
ninja.bodyparser.BodyParserEngineXmlTest, testXmlBodyWithMissingVariables, pass
ninja.BootstrapTest, testInitializeWithAllUserSpecifiedThingsInShiftedConfDirectory, pass
ninja.BootstrapTest, frameworkModuleSkipsNinjaClassicModule, pass
ninja.BootstrapTest, noUserSuppliedThingsInConfDirectory, pass
ninja.BootstrapTest, testInitializeWithAllUserSpecifiedThingsInConfDirectory, pass
ninja.cache.CacheProviderTest, missingImplementationThrowsExceptionOnUseNotCreate, pass
ninja.cache.CacheProviderTest, defaultImplementation, pass
ninja.cache.CacheProviderTest, verifySingletonProviderAndInstance, pass
ninja.cache.CacheProviderTest, configuredImplementation, pass
ninja.cache.NinjaCacheTest, testSetKeyValueExpirationChecksSerializable, pass
ninja.cache.NinjaCacheTest, testSetKeyValueChecksSerializable, pass
ninja.cache.NinjaCacheTest, testGetArray, pass
ninja.cache.NinjaCacheTest, testSafeReplaceKeyValueExpirationChecksSerializable, pass
ninja.cache.NinjaCacheTest, testAdd, pass
ninja.cache.NinjaCacheTest, testGet, pass
ninja.cache.NinjaCacheTest, testSafeSetChecksSerializable, pass
ninja.cache.NinjaCacheTest, testClear, pass
ninja.cache.NinjaCacheTest, testReplaceKeyValueExpiration, pass
ninja.cache.NinjaCacheTest, testDecr, pass
ninja.cache.NinjaCacheTest, testIncr, pass
ninja.cache.NinjaCacheTest, testAddKeyValue, pass
ninja.cache.NinjaCacheTest, testSafeSetKeyValue, pass
ninja.cache.NinjaCacheTest, testReplaceKeyValueExpirationChecksSerializable, pass
ninja.cache.NinjaCacheTest, testSafeAddChecksSerializable, pass
ninja.cache.NinjaCacheTest, testSafeReplaceKeyValueExpiration, pass
ninja.cache.NinjaCacheTest, testAddKeyValueChecksSerializable, pass
ninja.cache.NinjaCacheTest, testReplaceKeyValue, pass
ninja.cache.NinjaCacheTest, testSetKeyValueExpiration, pass
ninja.cache.NinjaCacheTest, testInrKeyBy, pass
ninja.cache.NinjaCacheTest, testDecrKeyBy, pass
ninja.cache.NinjaCacheTest, testDelete, pass
ninja.cache.NinjaCacheTest, testReplaceKeyValueChecksSerializable, pass
ninja.cache.NinjaCacheTest, testSafeAdd, pass
ninja.cache.NinjaCacheTest, testAddChecksSerializable, pass
ninja.cache.NinjaCacheTest, testSetKeyValue, pass
ninja.cache.NinjaCacheTest, testGetKeyClass, pass
ninja.cache.NinjaCacheTest, testSafeDelete, pass
ninja.CookieTest, testThatBuilderRejectsNullKeys, pass
ninja.CookieTest, testThatBuilderRejectsNullValues, pass
ninja.CookieTest, testThatBuilderWorks, pass
ninja.diagnostics.DiagnosticErrorBuilderTest, stackTraceAnalysis, pass
ninja.diagnostics.DiagnosticErrorRendererTest, buildAndRenderDiagnosticErrorWithHTMLEntities, pass
ninja.diagnostics.DiagnosticErrorRendererTest, buildAndRender401UnauthorizedDiagnosticError, pass
ninja.diagnostics.SourceSnippetHelperTest, readFromRelativeFilePath, pass
ninja.diagnostics.SourceSnippetHelperTest, readFromUTF8File, pass
ninja.i18n.LangImplTest, testGetLocaleFromStringOrDefaultISEWhenNoApplicationLanguageDefined, pass
ninja.i18n.LangImplTest, testGetLocaleFromStringOrDefault, pass
ninja.i18n.LangImplTest, testClearLanguage, pass
ninja.i18n.LangImplTest, testGetLanguage, pass
ninja.i18n.LangImplTest, testIsLanguageDirectlySupportedByThisApplication, pass
ninja.i18n.LangImplTest, testChangeLanguage, pass
ninja.i18n.MessagesImplTest, testGetWithContextAndResultAndParameters, pass
ninja.i18n.MessagesImplTest, testGetWithLanguage, pass
ninja.i18n.MessagesImplTest, testGetAllWithContextAndResult, pass
ninja.i18n.MessagesImplTest, testGetWithDefaultAndContextAndResult, pass
ninja.i18n.MessagesImplTest, testCorrectParsingOfDelimitersInPropertiesFiles, pass
ninja.i18n.MessagesImplTest, testGetAllWithLanguage, pass
ninja.i18n.MessagesImplTest, testGetWithContextAndResult, pass
ninja.i18n.MessagesImplTest, testGetWithLanguageAndParameters, pass
ninja.i18n.MessagesImplTest, testGetWithDefaultAndLanguage, pass
ninja.i18n.MessagesImplTest, testGetWithSpecialI18nPlaceholder, pass
ninja.jpa.JpaInitializerTest, testStart, pass
ninja.jpa.JpaInitializerTest, testStop, pass
ninja.jpa.UnitOfWorkInterceptorTest, assertAnnotationStartsAndEndsNewUnitOfWork, pass
ninja.jpa.UnitOfWorkInterceptorTest, assertThatSimultaneouslyUsingAnnotationOnManyLevelsWorks, pass
ninja.lifecycle.LifecycleSupportTest, disposablesShouldBeDisposedOf, pass
ninja.lifecycle.LifecycleSupportTest, providedSingletonDisposableShouldBeDisposed, pass
ninja.lifecycle.LifecycleSupportTest, singletonServiceShouldNotBeStartedTwice, pass
ninja.lifecycle.LifecycleSupportTest, nonSingletonServicesShouldBeInstantiatedForEachInstance, pass
ninja.lifecycle.LifecycleSupportTest, serviceShouldNotBeStartedIfExplicitlyBoundAndNotSingleton, pass
ninja.lifecycle.LifecycleSupportTest, serviceShouldBeStartedWhenLifecycleServiceIsStarted, pass
ninja.lifecycle.LifecycleSupportTest, serviceShouldBeStartedIfAccessedAfterLifecycleServiceIsStarted, pass
ninja.lifecycle.LifecycleSupportTest, serviceShouldNotBeStartedBeforeLifecycleServiceIsStarted, pass
ninja.lifecycle.LifecycleSupportTest, providedSingletonStartableShouldBeStarted, pass
ninja.lifecycle.LifecycleSupportTest, serviceShouldBeStartedIfExplicitlyBoundAsSingleton, pass
ninja.lifecycle.LifecycleSupportTest, serviceShouldBeStartedIfExplicitlyBoundAndSingleton, pass
ninja.logging.LogbackConfiguratorTest, testThatConfigurationFromApplicationConfWorks, pass
ninja.logging.LogbackConfiguratorTest, testThatASystemPropertySkipsInitializationFromApplicationConf, pass
ninja.migrations.MigrationEngineFlywayTest, prodModeDefault, pass
ninja.migrations.MigrationEngineFlywayTest, testModeDefault, pass
ninja.migrations.MigrationEngineFlywayTest, prodModeCustomSchema, pass
ninja.migrations.MigrationEngineFlywayTest, testModeNoDrop, pass
ninja.migrations.MigrationEngineFlywayTest, prodModeCustomLocation, pass
ninja.migrations.MigrationEngineProviderTest, missingImplementationThrowsExceptionOnUseNotCreate, pass
ninja.migrations.MigrationEngineProviderTest, defaultImplementation, pass
ninja.NinjaDefaultTest, testRenderErrorResultAndCatchAndLogExceptionsAsync, pass
ninja.NinjaDefaultTest, testGetOnNotFoundExceptionResultWorks, pass
ninja.NinjaDefaultTest, testOnExceptionRequestNotFound, pass
ninja.NinjaDefaultTest, testThatGetOnNotFoundDoesFallsBackToHtml, pass
ninja.NinjaDefaultTest, testThatGetBadRequestDoesFallsBackToHtml, pass
ninja.NinjaDefaultTest, testOnRouteRequestWhenException, pass
ninja.NinjaDefaultTest, testOnRouteRequestWhenOnNotFound, pass
ninja.NinjaDefaultTest, testThatGetBadRequestContentNegotiation, pass
ninja.NinjaDefaultTest, testOnRouteRequestWhenOnBadRequest, pass
ninja.NinjaDefaultTest, testOnRouteRequestWhenForbiddenRequest, pass
ninja.NinjaDefaultTest, testThatGetOnNotFoundExceptionDoesContentNegotiation, pass
ninja.NinjaDefaultTest, testOnRouteRequestWhenEverythingWorks, pass
ninja.NinjaDefaultTest, getInternalServerErrorResult, pass
ninja.NinjaDefaultTest, testRenderErrorResultAndCatchAndLogExceptionsSync, pass
ninja.NinjaDefaultTest, testOnFrameworkShutdown, pass
ninja.NinjaDefaultTest, testOnExceptionBadRequest, pass
ninja.NinjaDefaultTest, testOnRouteRequestWhenOnNotFoundInDiagnosticMode, pass
ninja.NinjaDefaultTest, testOnRouteRequestWhenOnNotFoundException, pass
ninja.NinjaDefaultTest, testGetOnNotFoundResultWorks, pass
ninja.NinjaDefaultTest, testOnRouteRequestWhenOnNotFoundExceptionInDiagnosticMode, pass
ninja.NinjaDefaultTest, testOnFrameworkStart, pass
ninja.NinjaDefaultTest, testThatGetInternalServerErrorContentNegotiation, pass
ninja.NinjaDefaultTest, testOnRouteRequestWhenForbiddenRequestInDiagnosticMode, pass
ninja.NinjaDefaultTest, testOnExceptionCatchAll, pass
ninja.NinjaDefaultTest, testOnExceptionForbiddenRequest, pass
ninja.NinjaDefaultTest, testOnRouteRequestWhenInternalServerErrorException, pass
ninja.NinjaDefaultTest, testThatGetOnNotFoundExceptionDoesFallsBackToHtml, pass
ninja.NinjaDefaultTest, testIsDiagnosticsEnabled_FalseWheInDevButDisabledInNinjaPropertiesConfig, pass
ninja.NinjaDefaultTest, testGetBadRequest, pass
ninja.NinjaDefaultTest, testThatGetForbiddenRequestContentNegotiation, pass
ninja.NinjaDefaultTest, testOnRouteRequestWhenOnBadRequestInDiagnosticMode, pass
ninja.NinjaDefaultTest, testIsDiagnosticsEnabled_TrueInDevAndWithProperNinjaPropertiesConfig, pass
ninja.NinjaDefaultTest, testThatGetInternalServerErrorDoesFallsBackToHtml, pass
ninja.NinjaDefaultTest, testThatGetOnNotFoundDoesContentNegotiation, pass
ninja.NinjaDefaultTest, testOnRouteRequestWhenInternalServerErrorExceptionInDiagnosticMode, pass
ninja.NinjaDefaultTest, testIsDiagnosticsEnabled_FalseDisabledWhenNotInDev, pass
ninja.NinjaDefaultTest, testGetForbiddenRequest, pass
ninja.NinjaDefaultTest, testThatGetForbiddenRequestDoesFallsBackToHtml, pass
ninja.params.ControllerMethodInvokerTest, validationShouldPassWhenGoodRequest, pass
ninja.params.ControllerMethodInvokerTest, primFloatParamShouldHandleNull, pass
ninja.params.ControllerMethodInvokerTest, paramStrictModeWorks, pass
ninja.params.ControllerMethodInvokerTest, primByteParamShouldHandleNull, pass
ninja.params.ControllerMethodInvokerTest, primFloatParamShouldBeParsedToFloat, pass
ninja.params.ControllerMethodInvokerTest, optionalHeaderEmpty, pass
ninja.params.ControllerMethodInvokerTest, headerAnnotatedArgumentShouldBePassed, pass
ninja.params.ControllerMethodInvokerTest, charParamShouldHandleNull, pass
ninja.params.ControllerMethodInvokerTest, optionalShortParam, pass
ninja.params.ControllerMethodInvokerTest, primShortParamShouldBeParsedToShort, pass
ninja.params.ControllerMethodInvokerTest, primLongParamShouldBeParsedToLong, pass
ninja.params.ControllerMethodInvokerTest, primLongValidationShouldWork, pass
ninja.params.ControllerMethodInvokerTest, enumArrayParamSingleShouldBeParsed, pass
ninja.params.ControllerMethodInvokerTest, optionalDateParamEmpty, pass
ninja.params.ControllerMethodInvokerTest, headerStrictModeWorks, pass
ninja.params.ControllerMethodInvokerTest, enumArrayParamShouldReturnNull, pass
ninja.params.ControllerMethodInvokerTest, validationWithNullObject, pass
ninja.params.ControllerMethodInvokerTest, optionalDateParam, pass
ninja.params.ControllerMethodInvokerTest, floatValidationShouldWork, pass
ninja.params.ControllerMethodInvokerTest, primBooleanParamShouldHandleNull, pass
ninja.params.ControllerMethodInvokerTest, customArgumentExtractorWithOptionalAndGuiceShouldBeInstantiated, pass
ninja.params.ControllerMethodInvokerTest, optionalHeader, pass
ninja.params.ControllerMethodInvokerTest, enumParamShouldHandleNull, pass
ninja.params.ControllerMethodInvokerTest, optionalEnumArrayParamEmpty, pass
ninja.params.ControllerMethodInvokerTest, longParamEmptyStrictModeWorks, pass
ninja.params.ControllerMethodInvokerTest, optionalLongParamEmpty, pass
ninja.params.ControllerMethodInvokerTest, multipleDifferentExtractorsShouldWorkFine, pass
ninja.params.ControllerMethodInvokerTest, primByteValidationShouldWork, pass
ninja.params.ControllerMethodInvokerTest, optionalAttribute, pass
ninja.params.ControllerMethodInvokerTest, validationShouldBeAppliedInCorrectOrderPostFail, pass
ninja.params.ControllerMethodInvokerTest, validationFailedWithThreeFields, pass
ninja.params.ControllerMethodInvokerTest, primByteParamShouldBeParsedToByte, pass
ninja.params.ControllerMethodInvokerTest, customDateFormatParamWithOptionalShouldHandleEmpty, pass
ninja.params.ControllerMethodInvokerTest, enumArrayParamValidationShouldWork, pass
ninja.params.ControllerMethodInvokerTest, optionalLongParam, pass
ninja.params.ControllerMethodInvokerTest, primFloatValidationShouldWork, pass
ninja.params.ControllerMethodInvokerTest, contextShouldBePassed, pass
ninja.params.ControllerMethodInvokerTest, enumParamValidationShouldWork, pass
ninja.params.ControllerMethodInvokerTest, optionalAttributeEmpty, pass
ninja.params.ControllerMethodInvokerTest, integerParamStrictModeWorks, pass
ninja.params.ControllerMethodInvokerTest, optionalEnumParam, pass
ninja.params.ControllerMethodInvokerTest, intValidationShouldWork, pass
ninja.params.ControllerMethodInvokerTest, enumParamShouldBeParsedToEnumCaseInsensitive, pass
ninja.params.ControllerMethodInvokerTest, needingInjectionParamParser, pass
ninja.params.ControllerMethodInvokerTest, tooManyBodiesShouldBeFlagged, pass
ninja.params.ControllerMethodInvokerTest, primDoubleValidationShouldWork, pass
ninja.params.ControllerMethodInvokerTest, invalidValidatorShouldBeFlagged, pass
ninja.params.ControllerMethodInvokerTest, sessionParamStrictModeWorks, pass
ninja.params.ControllerMethodInvokerTest, validationShouldFailWhenBadRequest, pass
ninja.params.ControllerMethodInvokerTest, shortParamShouldHandleNull, pass
ninja.params.ControllerMethodInvokerTest, optionalIntegerParamEmpty, pass
ninja.params.ControllerMethodInvokerTest, customArgumentExtractorWithClassArgShouldBeInstantiated, pass
ninja.params.ControllerMethodInvokerTest, validationWithOptionalFailedWithTwoAnnotations, pass
ninja.params.ControllerMethodInvokerTest, validationWithOptionalFailedLength, pass
ninja.params.ControllerMethodInvokerTest, flashArgumentShouldBePassed, pass
ninja.params.ControllerMethodInvokerTest, integerParamShouldBeParsedToInteger, pass
ninja.params.ControllerMethodInvokerTest, optionalShortParamEmpty, pass
ninja.params.ControllerMethodInvokerTest, headersAnnotatedArgumentShouldReturnNull, pass
ninja.params.ControllerMethodInvokerTest, floatParamShouldHandleNull, pass
ninja.params.ControllerMethodInvokerTest, optionalEnumArrayParam, pass
ninja.params.ControllerMethodInvokerTest, rainbowParamStrictModeWorks, pass
ninja.params.ControllerMethodInvokerTest, characterParamShouldBeParsedToCharacter, pass
ninja.params.ControllerMethodInvokerTest, optionalSessionParamEmpty, pass
ninja.params.ControllerMethodInvokerTest, attributeStrictModeWorks, pass
ninja.params.ControllerMethodInvokerTest, sessionShouldBePassed, pass
ninja.params.ControllerMethodInvokerTest, enumCsvParamShouldReturnNull, pass
ninja.params.ControllerMethodInvokerTest, integerValidationShouldWork, pass
ninja.params.ControllerMethodInvokerTest, optionalBodyEmpty, pass
ninja.params.ControllerMethodInvokerTest, enumCsvParamMultipleShouldBeParsed, pass
ninja.params.ControllerMethodInvokerTest, booleanParamShouldHandleNull, pass
ninja.params.ControllerMethodInvokerTest, validationShouldBeAppliedInCorrectOrderPass, pass
ninja.params.ControllerMethodInvokerTest, integerParamShouldHandleNull, pass
ninja.params.ControllerMethodInvokerTest, optionalIntegerParam, pass
ninja.params.ControllerMethodInvokerTest, customArgumentExtractorWithNoArgsShouldBeInstantiated, pass
ninja.params.ControllerMethodInvokerTest, headersAnnotatedArgumentShouldHandleNull, pass
ninja.params.ControllerMethodInvokerTest, characterParamShouldHandleNull, pass
ninja.params.ControllerMethodInvokerTest, sessionParamAnnotatedArgumentShouldBePassed, pass
ninja.params.ControllerMethodInvokerTest, rainbowArrayParamEmptyStrictModeWorks, pass
ninja.params.ControllerMethodInvokerTest, dateParamStrictModeWorks, pass
ninja.params.ControllerMethodInvokerTest, validationWithOptionalShouldBeAppliedInCorrectOrderPreFail, pass
ninja.params.ControllerMethodInvokerTest, optionalSessionParam, pass
ninja.params.ControllerMethodInvokerTest, customDateFormatValidationShouldWork, pass
ninja.params.ControllerMethodInvokerTest, longParamShouldHandleNull, pass
ninja.params.ControllerMethodInvokerTest, booleanParamWithOptionalShouldHandleTrueInStrictMode, pass
ninja.params.ControllerMethodInvokerTest, needingInjectionParamParserNotBinded, pass
ninja.params.ControllerMethodInvokerTest, enumCsvParamSingleShouldBeParsed, pass
ninja.params.ControllerMethodInvokerTest, pathParamAnnotatedArgumentShouldBePassed, pass
ninja.params.ControllerMethodInvokerTest, validationFailedTranslationEn, pass
ninja.params.ControllerMethodInvokerTest, validationFailedTranslationFr, pass
ninja.params.ControllerMethodInvokerTest, booleanParamWithOptionalShouldHandleWrongInputForBooleanInStrictMode, pass
ninja.params.ControllerMethodInvokerTest, primDoubleParamShouldBeParsedToDouble, pass
ninja.params.ControllerMethodInvokerTest, validationFailedLength, pass
ninja.params.ControllerMethodInvokerTest, validationWithOptionalShouldBeAppliedInCorrectOrderPass, pass
ninja.params.ControllerMethodInvokerTest, doubleValidationShouldWork, pass
ninja.params.ControllerMethodInvokerTest, noParameterMethodShouldBeInvoked, pass
ninja.params.ControllerMethodInvokerTest, booleanParamWithOptionalShouldHandleFalseInStrictMode, pass
ninja.params.ControllerMethodInvokerTest, enumArrayParamMultipleShouldBeParsed, pass
ninja.params.ControllerMethodInvokerTest, optionalParam, pass
ninja.params.ControllerMethodInvokerTest, longValidationShouldWork, pass
ninja.params.ControllerMethodInvokerTest, primLongParamShouldHandleNull, pass
ninja.params.ControllerMethodInvokerTest, validationWithOptionalFailedTranslationEn, pass
ninja.params.ControllerMethodInvokerTest, validationWithOptionalFailedTranslationFr, pass
ninja.params.ControllerMethodInvokerTest, longParamShouldBeParsedToLong, pass
ninja.params.ControllerMethodInvokerTest, intParamShouldBeParsedToInteger, pass
ninja.params.ControllerMethodInvokerTest, booleanParamShouldHandleNullInStrictMode, pass
ninja.params.ControllerMethodInvokerTest, enumCsvParamValidationShouldWork, pass
ninja.params.ControllerMethodInvokerTest, intParamShouldHandleNull, pass
ninja.params.ControllerMethodInvokerTest, validationShouldBeAppliedInCorrectOrderPreFail, pass
ninja.params.ControllerMethodInvokerTest, bodyShouldBeParsedIntoLeftOverParameter, pass
ninja.params.ControllerMethodInvokerTest, attributeAnnotatedArgumentShouldBePassed, pass
ninja.params.ControllerMethodInvokerTest, booleanParamShouldHandleWrongInputForBooleanInStrictMode, pass
ninja.params.ControllerMethodInvokerTest, primDoubleParamShouldHandleNull, pass
ninja.params.ControllerMethodInvokerTest, invalidValidatorWithOptionalShouldBeFlagged, pass
ninja.params.ControllerMethodInvokerTest, validationWithOptionalFailedRange, pass
ninja.params.ControllerMethodInvokerTest, validationWithOptionalFailedRegex, pass
ninja.params.ControllerMethodInvokerTest, customArgumentExtractorWithGuiceShouldBeInstantiated, pass
ninja.params.ControllerMethodInvokerTest, byteValidationShouldWork, pass
ninja.params.ControllerMethodInvokerTest, optionalEnumParamEmpty, pass
ninja.params.ControllerMethodInvokerTest, validationWithOptionalPassed, pass
ninja.params.ControllerMethodInvokerTest, paramAnnotatedArgumentShouldBePassed, pass
ninja.params.ControllerMethodInvokerTest, primBooleanParamShouldBeParsedToBoolean, pass
ninja.params.ControllerMethodInvokerTest, doubleParamShouldBeParsedToDouble, pass
ninja.params.ControllerMethodInvokerTest, byteParamShouldBeParsedToByte, pass
ninja.params.ControllerMethodInvokerTest, customDateFormatParamShouldBeParsedToDate, pass
ninja.params.ControllerMethodInvokerTest, booleanParamShouldBeParsedToBoolean, pass
ninja.params.ControllerMethodInvokerTest, optionalParamEmpty, pass
ninja.params.ControllerMethodInvokerTest, shortParamEmptyStrictModeWorks, pass
ninja.params.ControllerMethodInvokerTest, validationWithOptionalFailedWithThreeFields, pass
ninja.params.ControllerMethodInvokerTest, floatParamShouldBeParsedToFloat, pass
ninja.params.ControllerMethodInvokerTest, shortValidationShouldWork, pass
ninja.params.ControllerMethodInvokerTest, validationFailedWithTwoAnnotations, pass
ninja.params.ControllerMethodInvokerTest, headerAnnotatedArgumentShouldHandleNull, pass
ninja.params.ControllerMethodInvokerTest, needingInjectionParamParserArray, pass
ninja.params.ControllerMethodInvokerTest, shortParamShouldBeParsedToShort, pass
ninja.params.ControllerMethodInvokerTest, bodyWithOptionalShouldBeEmptyIfNoBodyPresent, pass
ninja.params.ControllerMethodInvokerTest, validationWithOptionalShouldBeAppliedInCorrectOrderPostFail, pass
ninja.params.ControllerMethodInvokerTest, enumParamShouldBeParsedToEnumCaseSensitive, pass
ninja.params.ControllerMethodInvokerTest, bodyWithOptionalShouldBeParsedIntoLeftOverParameter, pass
ninja.params.ControllerMethodInvokerTest, validationPassed, pass
ninja.params.ControllerMethodInvokerTest, headersAnnotatedArgumentShouldBePassed, pass
ninja.params.ControllerMethodInvokerTest, charParamShouldBeParsedToCharacter, pass
ninja.params.ControllerMethodInvokerTest, optionalBody, pass
ninja.params.ControllerMethodInvokerTest, bodyEmptyStrictModeWorks, pass
ninja.params.ControllerMethodInvokerTest, primShortValidationShouldWork, pass
ninja.params.ControllerMethodInvokerTest, byteParamShouldHandleNull, pass
ninja.params.ControllerMethodInvokerTest, customDateFormatParamShouldHandleNull, pass
ninja.params.ControllerMethodInvokerTest, primShortParamShouldHandleNull, pass
ninja.params.ControllerMethodInvokerTest, doubleParamShouldHandleNull, pass
ninja.params.ControllerMethodInvokerTest, customDateFormatParamWithOptionalShouldBeParsedToDate, pass
ninja.params.ControllerMethodInvokerTest, validationFailedRange, pass
ninja.params.ControllerMethodInvokerTest, validationFailedRegex, pass
ninja.params.ControllerMethodInvokerWithDeprecatedValidationTest, validationShouldPassWhenGoodRequest, pass
ninja.params.ControllerMethodInvokerWithDeprecatedValidationTest, primFloatParamShouldHandleNull, pass
ninja.params.ControllerMethodInvokerWithDeprecatedValidationTest, paramStrictModeWorks, pass
ninja.params.ControllerMethodInvokerWithDeprecatedValidationTest, primByteParamShouldHandleNull, pass
ninja.params.ControllerMethodInvokerWithDeprecatedValidationTest, primFloatParamShouldBeParsedToFloat, pass
ninja.params.ControllerMethodInvokerWithDeprecatedValidationTest, optionalHeaderEmpty, pass
ninja.params.ControllerMethodInvokerWithDeprecatedValidationTest, headerAnnotatedArgumentShouldBePassed, pass
ninja.params.ControllerMethodInvokerWithDeprecatedValidationTest, charParamShouldHandleNull, pass
ninja.params.ControllerMethodInvokerWithDeprecatedValidationTest, optionalShortParam, pass
ninja.params.ControllerMethodInvokerWithDeprecatedValidationTest, primShortParamShouldBeParsedToShort, pass
ninja.params.ControllerMethodInvokerWithDeprecatedValidationTest, primLongParamShouldBeParsedToLong, pass
ninja.params.ControllerMethodInvokerWithDeprecatedValidationTest, primLongValidationShouldWork, pass
ninja.params.ControllerMethodInvokerWithDeprecatedValidationTest, enumArrayParamSingleShouldBeParsed, pass
ninja.params.ControllerMethodInvokerWithDeprecatedValidationTest, optionalDateParamEmpty, pass
ninja.params.ControllerMethodInvokerWithDeprecatedValidationTest, headerStrictModeWorks, pass
ninja.params.ControllerMethodInvokerWithDeprecatedValidationTest, enumArrayParamShouldReturnNull, pass
ninja.params.ControllerMethodInvokerWithDeprecatedValidationTest, validationWithNullObject, pass
ninja.params.ControllerMethodInvokerWithDeprecatedValidationTest, optionalDateParam, pass
ninja.params.ControllerMethodInvokerWithDeprecatedValidationTest, floatValidationShouldWork, pass
ninja.params.ControllerMethodInvokerWithDeprecatedValidationTest, primBooleanParamShouldHandleNull, pass
ninja.params.ControllerMethodInvokerWithDeprecatedValidationTest, customArgumentExtractorWithOptionalAndGuiceShouldBeInstantiated, pass
ninja.params.ControllerMethodInvokerWithDeprecatedValidationTest, optionalHeader, pass
ninja.params.ControllerMethodInvokerWithDeprecatedValidationTest, enumParamShouldHandleNull, pass
ninja.params.ControllerMethodInvokerWithDeprecatedValidationTest, optionalEnumArrayParamEmpty, pass
ninja.params.ControllerMethodInvokerWithDeprecatedValidationTest, longParamEmptyStrictModeWorks, pass
ninja.params.ControllerMethodInvokerWithDeprecatedValidationTest, optionalLongParamEmpty, pass
ninja.params.ControllerMethodInvokerWithDeprecatedValidationTest, multipleDifferentExtractorsShouldWorkFine, pass
ninja.params.ControllerMethodInvokerWithDeprecatedValidationTest, primByteValidationShouldWork, pass
ninja.params.ControllerMethodInvokerWithDeprecatedValidationTest, optionalAttribute, pass
ninja.params.ControllerMethodInvokerWithDeprecatedValidationTest, validationShouldBeAppliedInCorrectOrderPostFail, pass
ninja.params.ControllerMethodInvokerWithDeprecatedValidationTest, validationFailedWithThreeFields, pass
ninja.params.ControllerMethodInvokerWithDeprecatedValidationTest, primByteParamShouldBeParsedToByte, pass
ninja.params.ControllerMethodInvokerWithDeprecatedValidationTest, customDateFormatParamWithOptionalShouldHandleEmpty, pass
ninja.params.ControllerMethodInvokerWithDeprecatedValidationTest, enumArrayParamValidationShouldWork, pass
ninja.params.ControllerMethodInvokerWithDeprecatedValidationTest, optionalLongParam, pass
ninja.params.ControllerMethodInvokerWithDeprecatedValidationTest, primFloatValidationShouldWork, pass
ninja.params.ControllerMethodInvokerWithDeprecatedValidationTest, contextShouldBePassed, pass
ninja.params.ControllerMethodInvokerWithDeprecatedValidationTest, enumParamValidationShouldWork, pass
ninja.params.ControllerMethodInvokerWithDeprecatedValidationTest, optionalAttributeEmpty, pass
ninja.params.ControllerMethodInvokerWithDeprecatedValidationTest, integerParamStrictModeWorks, pass
ninja.params.ControllerMethodInvokerWithDeprecatedValidationTest, optionalEnumParam, pass
ninja.params.ControllerMethodInvokerWithDeprecatedValidationTest, intValidationShouldWork, pass
ninja.params.ControllerMethodInvokerWithDeprecatedValidationTest, enumParamShouldBeParsedToEnumCaseInsensitive, pass
ninja.params.ControllerMethodInvokerWithDeprecatedValidationTest, needingInjectionParamParser, pass
ninja.params.ControllerMethodInvokerWithDeprecatedValidationTest, tooManyBodiesShouldBeFlagged, pass
ninja.params.ControllerMethodInvokerWithDeprecatedValidationTest, primDoubleValidationShouldWork, pass
ninja.params.ControllerMethodInvokerWithDeprecatedValidationTest, invalidValidatorShouldBeFlagged, pass
ninja.params.ControllerMethodInvokerWithDeprecatedValidationTest, sessionParamStrictModeWorks, pass
ninja.params.ControllerMethodInvokerWithDeprecatedValidationTest, validationShouldFailWhenBadRequest, pass
ninja.params.ControllerMethodInvokerWithDeprecatedValidationTest, shortParamShouldHandleNull, pass
ninja.params.ControllerMethodInvokerWithDeprecatedValidationTest, optionalIntegerParamEmpty, pass
ninja.params.ControllerMethodInvokerWithDeprecatedValidationTest, customArgumentExtractorWithClassArgShouldBeInstantiated, pass
ninja.params.ControllerMethodInvokerWithDeprecatedValidationTest, validationWithOptionalFailedWithTwoAnnotations, pass
ninja.params.ControllerMethodInvokerWithDeprecatedValidationTest, validationWithOptionalFailedLength, pass
ninja.params.ControllerMethodInvokerWithDeprecatedValidationTest, flashArgumentShouldBePassed, pass
ninja.params.ControllerMethodInvokerWithDeprecatedValidationTest, integerParamShouldBeParsedToInteger, pass
ninja.params.ControllerMethodInvokerWithDeprecatedValidationTest, optionalShortParamEmpty, pass
ninja.params.ControllerMethodInvokerWithDeprecatedValidationTest, headersAnnotatedArgumentShouldReturnNull, pass
ninja.params.ControllerMethodInvokerWithDeprecatedValidationTest, floatParamShouldHandleNull, pass
ninja.params.ControllerMethodInvokerWithDeprecatedValidationTest, optionalEnumArrayParam, pass
ninja.params.ControllerMethodInvokerWithDeprecatedValidationTest, rainbowParamStrictModeWorks, pass
ninja.params.ControllerMethodInvokerWithDeprecatedValidationTest, characterParamShouldBeParsedToCharacter, pass
ninja.params.ControllerMethodInvokerWithDeprecatedValidationTest, optionalSessionParamEmpty, pass
ninja.params.ControllerMethodInvokerWithDeprecatedValidationTest, attributeStrictModeWorks, pass
ninja.params.ControllerMethodInvokerWithDeprecatedValidationTest, sessionShouldBePassed, pass
ninja.params.ControllerMethodInvokerWithDeprecatedValidationTest, enumCsvParamShouldReturnNull, pass
ninja.params.ControllerMethodInvokerWithDeprecatedValidationTest, integerValidationShouldWork, pass
ninja.params.ControllerMethodInvokerWithDeprecatedValidationTest, optionalBodyEmpty, pass
ninja.params.ControllerMethodInvokerWithDeprecatedValidationTest, enumCsvParamMultipleShouldBeParsed, pass
ninja.params.ControllerMethodInvokerWithDeprecatedValidationTest, booleanParamShouldHandleNull, pass
ninja.params.ControllerMethodInvokerWithDeprecatedValidationTest, validationShouldBeAppliedInCorrectOrderPass, pass
ninja.params.ControllerMethodInvokerWithDeprecatedValidationTest, integerParamShouldHandleNull, pass
ninja.params.ControllerMethodInvokerWithDeprecatedValidationTest, optionalIntegerParam, pass
ninja.params.ControllerMethodInvokerWithDeprecatedValidationTest, customArgumentExtractorWithNoArgsShouldBeInstantiated, pass
ninja.params.ControllerMethodInvokerWithDeprecatedValidationTest, headersAnnotatedArgumentShouldHandleNull, pass
ninja.params.ControllerMethodInvokerWithDeprecatedValidationTest, characterParamShouldHandleNull, pass
ninja.params.ControllerMethodInvokerWithDeprecatedValidationTest, sessionParamAnnotatedArgumentShouldBePassed, pass
ninja.params.ControllerMethodInvokerWithDeprecatedValidationTest, rainbowArrayParamEmptyStrictModeWorks, pass
ninja.params.ControllerMethodInvokerWithDeprecatedValidationTest, dateParamStrictModeWorks, pass
ninja.params.ControllerMethodInvokerWithDeprecatedValidationTest, validationWithOptionalShouldBeAppliedInCorrectOrderPreFail, pass
ninja.params.ControllerMethodInvokerWithDeprecatedValidationTest, optionalSessionParam, pass
ninja.params.ControllerMethodInvokerWithDeprecatedValidationTest, customDateFormatValidationShouldWork, pass
ninja.params.ControllerMethodInvokerWithDeprecatedValidationTest, longParamShouldHandleNull, pass
ninja.params.ControllerMethodInvokerWithDeprecatedValidationTest, booleanParamWithOptionalShouldHandleTrueInStrictMode, pass
ninja.params.ControllerMethodInvokerWithDeprecatedValidationTest, needingInjectionParamParserNotBinded, pass
ninja.params.ControllerMethodInvokerWithDeprecatedValidationTest, enumCsvParamSingleShouldBeParsed, pass
ninja.params.ControllerMethodInvokerWithDeprecatedValidationTest, pathParamAnnotatedArgumentShouldBePassed, pass
ninja.params.ControllerMethodInvokerWithDeprecatedValidationTest, validationFailedTranslationEn, pass
ninja.params.ControllerMethodInvokerWithDeprecatedValidationTest, validationFailedTranslationFr, pass
ninja.params.ControllerMethodInvokerWithDeprecatedValidationTest, booleanParamWithOptionalShouldHandleWrongInputForBooleanInStrictMode, pass
ninja.params.ControllerMethodInvokerWithDeprecatedValidationTest, primDoubleParamShouldBeParsedToDouble, pass
ninja.params.ControllerMethodInvokerWithDeprecatedValidationTest, validationFailedLength, pass
ninja.params.ControllerMethodInvokerWithDeprecatedValidationTest, validationWithOptionalShouldBeAppliedInCorrectOrderPass, pass
ninja.params.ControllerMethodInvokerWithDeprecatedValidationTest, doubleValidationShouldWork, pass
ninja.params.ControllerMethodInvokerWithDeprecatedValidationTest, noParameterMethodShouldBeInvoked, pass
ninja.params.ControllerMethodInvokerWithDeprecatedValidationTest, booleanParamWithOptionalShouldHandleFalseInStrictMode, pass
ninja.params.ControllerMethodInvokerWithDeprecatedValidationTest, enumArrayParamMultipleShouldBeParsed, pass
ninja.params.ControllerMethodInvokerWithDeprecatedValidationTest, optionalParam, pass
ninja.params.ControllerMethodInvokerWithDeprecatedValidationTest, longValidationShouldWork, pass
ninja.params.ControllerMethodInvokerWithDeprecatedValidationTest, primLongParamShouldHandleNull, pass
ninja.params.ControllerMethodInvokerWithDeprecatedValidationTest, validationWithOptionalFailedTranslationEn, pass
ninja.params.ControllerMethodInvokerWithDeprecatedValidationTest, validationWithOptionalFailedTranslationFr, pass
ninja.params.ControllerMethodInvokerWithDeprecatedValidationTest, longParamShouldBeParsedToLong, pass
ninja.params.ControllerMethodInvokerWithDeprecatedValidationTest, intParamShouldBeParsedToInteger, pass
ninja.params.ControllerMethodInvokerWithDeprecatedValidationTest, booleanParamShouldHandleNullInStrictMode, pass
ninja.params.ControllerMethodInvokerWithDeprecatedValidationTest, enumCsvParamValidationShouldWork, pass
ninja.params.ControllerMethodInvokerWithDeprecatedValidationTest, intParamShouldHandleNull, pass
ninja.params.ControllerMethodInvokerWithDeprecatedValidationTest, validationShouldBeAppliedInCorrectOrderPreFail, pass
ninja.params.ControllerMethodInvokerWithDeprecatedValidationTest, bodyShouldBeParsedIntoLeftOverParameter, pass
ninja.params.ControllerMethodInvokerWithDeprecatedValidationTest, attributeAnnotatedArgumentShouldBePassed, pass
ninja.params.ControllerMethodInvokerWithDeprecatedValidationTest, booleanParamShouldHandleWrongInputForBooleanInStrictMode, pass
ninja.params.ControllerMethodInvokerWithDeprecatedValidationTest, primDoubleParamShouldHandleNull, pass
ninja.params.ControllerMethodInvokerWithDeprecatedValidationTest, invalidValidatorWithOptionalShouldBeFlagged, pass
ninja.params.ControllerMethodInvokerWithDeprecatedValidationTest, validationWithOptionalFailedRange, pass
ninja.params.ControllerMethodInvokerWithDeprecatedValidationTest, validationWithOptionalFailedRegex, pass
ninja.params.ControllerMethodInvokerWithDeprecatedValidationTest, customArgumentExtractorWithGuiceShouldBeInstantiated, pass
ninja.params.ControllerMethodInvokerWithDeprecatedValidationTest, byteValidationShouldWork, pass
ninja.params.ControllerMethodInvokerWithDeprecatedValidationTest, optionalEnumParamEmpty, pass
ninja.params.ControllerMethodInvokerWithDeprecatedValidationTest, validationWithOptionalPassed, pass
ninja.params.ControllerMethodInvokerWithDeprecatedValidationTest, paramAnnotatedArgumentShouldBePassed, pass
ninja.params.ControllerMethodInvokerWithDeprecatedValidationTest, primBooleanParamShouldBeParsedToBoolean, pass
ninja.params.ControllerMethodInvokerWithDeprecatedValidationTest, doubleParamShouldBeParsedToDouble, pass
ninja.params.ControllerMethodInvokerWithDeprecatedValidationTest, byteParamShouldBeParsedToByte, pass
ninja.params.ControllerMethodInvokerWithDeprecatedValidationTest, customDateFormatParamShouldBeParsedToDate, pass
ninja.params.ControllerMethodInvokerWithDeprecatedValidationTest, booleanParamShouldBeParsedToBoolean, pass
ninja.params.ControllerMethodInvokerWithDeprecatedValidationTest, optionalParamEmpty, pass
ninja.params.ControllerMethodInvokerWithDeprecatedValidationTest, shortParamEmptyStrictModeWorks, pass
ninja.params.ControllerMethodInvokerWithDeprecatedValidationTest, validationWithOptionalFailedWithThreeFields, pass
ninja.params.ControllerMethodInvokerWithDeprecatedValidationTest, floatParamShouldBeParsedToFloat, pass
ninja.params.ControllerMethodInvokerWithDeprecatedValidationTest, shortValidationShouldWork, pass
ninja.params.ControllerMethodInvokerWithDeprecatedValidationTest, validationFailedWithTwoAnnotations, pass
ninja.params.ControllerMethodInvokerWithDeprecatedValidationTest, headerAnnotatedArgumentShouldHandleNull, pass
ninja.params.ControllerMethodInvokerWithDeprecatedValidationTest, needingInjectionParamParserArray, pass
ninja.params.ControllerMethodInvokerWithDeprecatedValidationTest, shortParamShouldBeParsedToShort, pass
ninja.params.ControllerMethodInvokerWithDeprecatedValidationTest, bodyWithOptionalShouldBeEmptyIfNoBodyPresent, pass
ninja.params.ControllerMethodInvokerWithDeprecatedValidationTest, validationWithOptionalShouldBeAppliedInCorrectOrderPostFail, pass
ninja.params.ControllerMethodInvokerWithDeprecatedValidationTest, enumParamShouldBeParsedToEnumCaseSensitive, pass
ninja.params.ControllerMethodInvokerWithDeprecatedValidationTest, bodyWithOptionalShouldBeParsedIntoLeftOverParameter, pass
ninja.params.ControllerMethodInvokerWithDeprecatedValidationTest, validationPassed, pass
ninja.params.ControllerMethodInvokerWithDeprecatedValidationTest, headersAnnotatedArgumentShouldBePassed, pass
ninja.params.ControllerMethodInvokerWithDeprecatedValidationTest, charParamShouldBeParsedToCharacter, pass
ninja.params.ControllerMethodInvokerWithDeprecatedValidationTest, optionalBody, pass
ninja.params.ControllerMethodInvokerWithDeprecatedValidationTest, bodyEmptyStrictModeWorks, pass
ninja.params.ControllerMethodInvokerWithDeprecatedValidationTest, primShortValidationShouldWork, pass
ninja.params.ControllerMethodInvokerWithDeprecatedValidationTest, byteParamShouldHandleNull, pass
ninja.params.ControllerMethodInvokerWithDeprecatedValidationTest, customDateFormatParamShouldHandleNull, pass
ninja.params.ControllerMethodInvokerWithDeprecatedValidationTest, primShortParamShouldHandleNull, pass
ninja.params.ControllerMethodInvokerWithDeprecatedValidationTest, doubleParamShouldHandleNull, pass
ninja.params.ControllerMethodInvokerWithDeprecatedValidationTest, customDateFormatParamWithOptionalShouldBeParsedToDate, pass
ninja.params.ControllerMethodInvokerWithDeprecatedValidationTest, validationFailedRange, pass
ninja.params.ControllerMethodInvokerWithDeprecatedValidationTest, validationFailedRegex, pass
ninja.params.ParamParsersTest, testIntegerParamParser, pass
ninja.params.ParamParsersTest, testDoubleParamParser, pass
ninja.params.ParamParsersTest, testPrimitiveLongParamParser, pass
ninja.params.ParamParsersTest, testUUIDParamParser, pass
ninja.params.ParamParsersTest, testStringParamParser, pass
ninja.params.ParamParsersTest, testShortParamParser, pass
ninja.params.ParamParsersTest, testPrimitiveBooleanParamParser, pass
ninja.params.ParamParsersTest, testBooleanParamParser, pass
ninja.params.ParamParsersTest, testFloatParamParser, pass
ninja.params.ParamParsersTest, testLongParamParser, pass
ninja.params.ParamParsersTest, testEmptyStringParamParser, pass
ninja.params.ParamParsersTest, testPrimitiveShortParamParser, pass
ninja.params.ParamParsersTest, testPrimitiveDoubleParamParser, pass
ninja.params.ParamParsersTest, testPrimitiveFloatParamParser, pass
ninja.params.ParamParsersTest, testPrimitiveIntegerParamParser, pass
ninja.ResultsTest, testResultsInternalServerError, pass
ninja.ResultsTest, testResultsRedirect, pass
ninja.ResultsTest, testResultsXml, pass
ninja.ResultsTest, testResultsJsonWithObjectToRender, pass
ninja.ResultsTest, testResultsHtml, pass
ninja.ResultsTest, testResultsJson, pass
ninja.ResultsTest, testResultsTODO, pass
ninja.ResultsTest, testResultsOk, pass
ninja.ResultsTest, testResultsRedirectTemporary, pass
ninja.ResultsTest, testResultsStatus, pass
ninja.ResultsTest, testResultsNotFound, pass
ninja.ResultsTest, testResultsBadRequest, pass
ninja.ResultsTest, testResultsForbidden, pass
ninja.ResultsTest, testResultsNoContent, pass
ninja.ResultsTest, testResultsHtmlWithStatusCode, pass
ninja.ResultsTest, testResultsContentType, pass
ninja.ResultsTest, testResultsAsync, pass
ninja.ResultTest, testSetAndGetStatus, pass
ninja.ResultTest, testRedirectTemporary, pass
ninja.ResultTest, testRenderRaw, pass
ninja.ResultTest, testRenderingOfStringObjectPairsWorks, pass
ninja.ResultTest, testGetRenderable, pass
ninja.ResultTest, testSettingOfCharsetWorks, pass
ninja.ResultTest, testSetAndGetJsonView, pass
ninja.ResultTest, testHtml, pass
ninja.ResultTest, testJson, pass
ninja.ResultTest, testRenderSingleObject, pass
ninja.ResultTest, testRenderEntryAndMakeSureMapIsCreated, pass
ninja.ResultTest, testSetAndGetTemplate, pass
ninja.ResultTest, testUnsetCookie, pass
ninja.ResultTest, testRenderRenderable, pass
ninja.ResultTest, testRedirect, pass
ninja.ResultTest, testRenderMultipleObjects, pass
ninja.ResultTest, testUtf8IsUsedAsDefaultCharset, pass
ninja.ResultTest, testAndAddHeaders, pass
ninja.ResultTest, testAndAddCookies, pass
ninja.ResultTest, testGetContentType, pass
ninja.ResultTest, testConstructor, pass
ninja.ReverseRouterTest, absoluteSecureWebSocket, pass
ninja.ReverseRouterTest, simpleNotEnoughPathParamThrowsException, pass
ninja.ReverseRouterTest, simpleMissingAllPathParamThrowsException, pass
ninja.ReverseRouterTest, simple, pass
ninja.ReverseRouterTest, simpleWithQuery, pass
ninja.ReverseRouterTest, simpleWithRawQuery, pass
ninja.ReverseRouterTest, simpleInvalidPathParamThrowsException, pass
ninja.ReverseRouterTest, path, pass
ninja.ReverseRouterTest, routeNotFound, pass
ninja.ReverseRouterTest, simpleWithMethodReference, pass
ninja.ReverseRouterTest, rawPath, pass
ninja.ReverseRouterTest, simpleWithContext, pass
ninja.ReverseRouterTest, simpleNoPathParamsThrowsException, pass
ninja.ReverseRouterTest, verifySecondRouteMatched, pass
ninja.ReverseRouterTest, absoluteWebSocket, pass
ninja.ReverseRouterTest, absolute, pass
ninja.ReverseRouterTest, simpleWithClassReference, pass
ninja.RouteBuilderImplTest, basicPlaceholersParametersAndRegexInsideVariableParts, pass
ninja.RouteBuilderImplTest, basicRoutesWithRegex, pass
ninja.RouteBuilderImplTest, basisHEAD, pass
ninja.RouteBuilderImplTest, failedControllerRegistration, pass
ninja.RouteBuilderImplTest, testWithGlobalFiltersList, pass
ninja.RouteBuilderImplTest, testThatGlobalFiltersInRouteReplaceGlobalFiltersInConfFilters, pass
ninja.RouteBuilderImplTest, parametersDontCrossSlashes, pass
ninja.RouteBuilderImplTest, testWithFiltersList, pass
ninja.RouteBuilderImplTest, regexInRouteWorksWithEscapes, pass
ninja.RouteBuilderImplTest, basicRoutes, pass
ninja.RouteBuilderImplTest, routeToAnonymousMethodReference, pass
ninja.RouteBuilderImplTest, routeWithUrlEncodedSlashGetsChoppedCorrectly, pass
ninja.RouteBuilderImplTest, basicPlaceholersAndParameters, pass
ninja.RouteBuilderImplTest, routeToStaticMethodReference, pass
ninja.RouteBuilderImplTest, testWithGlobalFiltersClass, pass
ninja.RouteBuilderImplTest, pointsInRegexDontCrashRegexAtEnd, pass
ninja.RouteBuilderImplTest, testGlobalFilters, pass
ninja.RouteBuilderImplTest, basisWS, pass
ninja.RouteBuilderImplTest, regexInRouteWorksWithoutSlashAtTheEnd, pass
ninja.RouteBuilderImplTest, basicPOSTRoute, pass
ninja.RouteBuilderImplTest, routeToAnonymousClassReference, pass
ninja.RouteBuilderImplTest, routeWithResult, pass
ninja.RouteBuilderImplTest, basicPlaceholersParametersAndRegex, pass
ninja.RouteBuilderImplTest, routeToSpecificInstanceMethodReference, pass
ninja.RouteBuilderImplTest, basicAnyHttpMethod, pass
ninja.RouteBuilderImplTest, routeToAnyInstanceMethodReference, pass
ninja.RouteBuilderImplTest, basicPUTRoute, pass
ninja.RouteBuilderImplTest, routeWithMethodReference, pass
ninja.RouteBuilderImplTest, pointsInRegexDontCrashRegexInTheMiddleOfTheRoute, pass
ninja.RouteBuilderImplTest, basicGETRoute, pass
ninja.RouteBuilderImplTest, testWithFiltersClass, pass
ninja.RouteParameterTest, parse, pass
ninja.RouterImplTest, getReverseRouteWithRegexAndQueryParametersWorks, pass
ninja.RouterImplTest, routeForAnyInstanceMethodReference2, pass
ninja.RouterImplTest, getPathParametersEncodedWithNoPathParams, pass
ninja.RouterImplTest, getReverseRouteWithNoContextPathWorks, pass
ninja.RouterImplTest, getReverseRouteWithMultipleRegexWorks, pass
ninja.RouterImplTest, routeForSpecificInstanceMethodReference, pass
ninja.RouterImplTest, routeForAnyInstanceMethodReference, pass
ninja.RouterImplTest, routeForAnonymoumsClassInstanceWithAnnotations, pass
ninja.RouterImplTest, getReverseRouteWithRegexWorks, pass
ninja.RouterImplTest, getReverseRouteContextPathWorks, pass
ninja.RouterImplTest, routeForAnonymoumsClassInstance, pass
ninja.RouterImplTest, routeForAnonymoumsMethodReferenceWithCaptured, pass
ninja.RouterImplTest, webSocketCompileDelegatedToImpl, pass
ninja.RouterImplTest, getReverseRouteWithMethodReference, pass
ninja.RouterImplTest, routeForAnyInstanceMethodReferenceThrowsException, pass
ninja.RouterImplTest, routeForAnonymoumsMethodReferenceWithContext, pass
ninja.RouterImplTest, routeForAnonymoumsMethodReference, pass
ninja.RouterImplTest, routeForSpecificInstanceMethodReferenceWithAnnotations, pass
ninja.RouteTest, convertRawUriToRegex, pass
ninja.scheduler.SchedulerSupportTest, schedulableAddedAfterStartShouldBeScheduledImmediately, pass
ninja.scheduler.SchedulerSupportTest, schedulableShouldBeScheduledAfterStart, pass
ninja.scheduler.SchedulerSupportTest, schedulableShouldNotBeScheduledBeforeStart, pass
ninja.scheduler.SchedulerSupportTest, schedulableShouldUsePropertyConfig, pass
ninja.scheduler.SchedulerSupportTest, schedulableShouldThrowExceptionWhenNoPropertyFound, pass
ninja.SecureFilterTest, testWorkingSessionWhenUsernameIsThere, pass
ninja.SecureFilterTest, testThatUSERNAMEIsCorrect, pass
ninja.SecureFilterTest, testSessionIsNotReturingWhenUserNameMissing, pass
ninja.SecureFilterTest, testSecureFilter, pass
ninja.session.FlashScopeTest, testThatCorrectMethodOfNinjaPropertiesIsUsedSoThatStuffBreaksWhenPropertyIsAbsent, pass
ninja.session.FlashScopeTest, testThatFlashCookieWorksAndIsActiveOnlyOneTime, pass
ninja.session.FlashScopeTest, testThatFlashCookieKeepWorks, pass
ninja.session.FlashScopeTest, testThatFlashCookieClearWorks, pass
ninja.session.FlashScopeTest, testThatFlashCookieClearOfOutgoingWorks, pass
ninja.session.FlashScopeTest, testFlashScopeDoesNothingWhenFlashCookieEmpty, pass
ninja.session.FlashScopeTest, removeClearsBothCurrentAndOutgoing, pass
ninja.session.FlashScopeTest, testFlashCookieSettingWorks, pass
ninja.session.FlashScopeTest, testThatCookieUsesContextPath, pass
ninja.session.SessionImplTest, testThatCorrectMethodOfNinjaPropertiesIsUsedSoThatStuffBreaksWhenPropertyIsAbsent[0], pass
ninja.session.SessionImplTest, testExpiryTime[0], pass
ninja.session.SessionImplTest, testThatCookieClearWorksWithApplicationDomain[0], pass
ninja.session.SessionImplTest, testHttpOnlyWorks[0], pass
ninja.session.SessionImplTest, testSessionCookieDelete[0], pass
ninja.session.SessionImplTest, testNoHttpOnlyWorks[0], pass
ninja.session.SessionImplTest, testThatCookieClearWorks[0], pass
ninja.session.SessionImplTest, testSessionCookieSettingWorks[0], pass
ninja.session.SessionImplTest, testThatCookieUseApplicationDomain[0], pass
ninja.session.SessionImplTest, testSessionEncryptionKeysMismatch[0], pass
ninja.session.SessionImplTest, testExpiryTimeRoundTrip[0], pass
ninja.session.SessionImplTest, testGetIdTokenWorks[0], pass
ninja.session.SessionImplTest, testNoHttpsOnlyWorks[0], pass
ninja.session.SessionImplTest, testThatCookieSavingAndInitingWorks[0], pass
ninja.session.SessionImplTest, testGetAuthenticityTokenWorks[0], pass
ninja.session.SessionImplTest, testSessionDoesNotGetWrittenToResponseWhenEmptyAndOnlySentWhenChanged[0], pass
ninja.session.SessionImplTest, testHttpsOnlyWorks[0], pass
ninja.session.SessionImplTest, testThatCookieDoesNotUseApplicationDomainWhenNotSet[0], pass
ninja.session.SessionImplTest, testThatCookieUsesContextPath[0], pass
ninja.session.SessionImplTest, testThatCorrectMethodOfNinjaPropertiesIsUsedSoThatStuffBreaksWhenPropertyIsAbsent[1], pass
ninja.session.SessionImplTest, testExpiryTime[1], pass
ninja.session.SessionImplTest, testThatCookieClearWorksWithApplicationDomain[1], pass
ninja.session.SessionImplTest, testHttpOnlyWorks[1], pass
ninja.session.SessionImplTest, testSessionCookieDelete[1], pass
ninja.session.SessionImplTest, testNoHttpOnlyWorks[1], pass
ninja.session.SessionImplTest, testThatCookieClearWorks[1], pass
ninja.session.SessionImplTest, testSessionCookieSettingWorks[1], pass
ninja.session.SessionImplTest, testThatCookieUseApplicationDomain[1], pass
ninja.session.SessionImplTest, testSessionEncryptionKeysMismatch[1], pass
ninja.session.SessionImplTest, testExpiryTimeRoundTrip[1], pass
ninja.session.SessionImplTest, testGetIdTokenWorks[1], pass
ninja.session.SessionImplTest, testNoHttpsOnlyWorks[1], pass
ninja.session.SessionImplTest, testThatCookieSavingAndInitingWorks[1], pass
ninja.session.SessionImplTest, testGetAuthenticityTokenWorks[1], pass
ninja.session.SessionImplTest, testSessionDoesNotGetWrittenToResponseWhenEmptyAndOnlySentWhenChanged[1], pass
ninja.session.SessionImplTest, testHttpsOnlyWorks[1], pass
ninja.session.SessionImplTest, testThatCookieDoesNotUseApplicationDomainWhenNotSet[1], pass
ninja.session.SessionImplTest, testThatCookieUsesContextPath[1], pass
ninja.standalone.AbstractStandaloneTest, injectorOnlyAvailableAfterStart, pass
ninja.standalone.AbstractStandaloneTest, ninjaPropertiesThrowsExceptionUntilConfigured, pass
ninja.standalone.AbstractStandaloneTest, sslConfiguration, pass
ninja.standalone.AbstractStandaloneTest, urlExcludesWellKnownPorts, pass
ninja.standalone.AbstractStandaloneTest, urlUsesLocalhostInLieuOfNull, pass
ninja.standalone.AbstractStandaloneTest, ninjaPropertiesServerNameSetButOnlyIfNotInConfigFile, pass
ninja.standalone.AbstractStandaloneTest, configurationPropertyPriority, pass
ninja.standalone.AbstractStandaloneTest, ninjaPropertiesServerNameSetAfterConfigure, pass
ninja.standalone.AbstractStandaloneTest, validateContextPath, pass
ninja.standalone.AbstractStandaloneTest, noPortsEnabled, pass
ninja.standalone.AbstractStandaloneTest, manuallySetExternalConfiguration, pass
ninja.standalone.AbstractStandaloneTest, urlIncludesContext, pass
ninja.standalone.AbstractStandaloneTest, ninjaModeOnConstructor, pass
ninja.standalone.AbstractStandaloneTest, sslRandomPortAssigned, pass
ninja.standalone.AbstractStandaloneTest, randomPortAssigned, pass
ninja.standalone.NinjaConsoleTest, ninjaPropertiesThrowsExceptionUntilConfigured, pass
ninja.standalone.NinjaConsoleTest, start, pass
ninja.standalone.StandaloneHelperTest, contextPathMustStartWithForwardSlash, pass
ninja.standalone.StandaloneHelperTest, checkContextPath, pass
ninja.standalone.StandaloneHelperTest, resolveStandaloneClass, pass
ninja.standalone.StandaloneHelperTest, createDevelopmentSSLContext, pass
ninja.standalone.StandaloneHelperTest, contextPathMayNotEndWithForwardSlash, pass
ninja.template.TemplateEngineFreemarkerAuthenticityFormDirectiveTest, testThatItWorks, pass
ninja.template.TemplateEngineFreemarkerAuthenticityFormDirectiveTest, testThatLoopVarsThrowException, pass
ninja.template.TemplateEngineFreemarkerAuthenticityFormDirectiveTest, testThatAuthenticityTokenIsNotCalledInConstructor, pass
ninja.template.TemplateEngineFreemarkerAuthenticityFormDirectiveTest, testThatParamsThrowException, pass
ninja.template.TemplateEngineFreemarkerAuthenticityTokenDirectiveTest, testThatItWorks, pass
ninja.template.TemplateEngineFreemarkerAuthenticityTokenDirectiveTest, testThatLoopVarsThrowException, pass
ninja.template.TemplateEngineFreemarkerAuthenticityTokenDirectiveTest, testThatAuthenticityTokenIsNotCalledInConstructor, pass
ninja.template.TemplateEngineFreemarkerAuthenticityTokenDirectiveTest, testThatParamsThrowException, pass
ninja.template.TemplateEngineFreemarkerI18nMethodTest, testThatKeyWithPlaceholderReturnsDefaultKeyWhenKeyCannotBeFound, pass
ninja.template.TemplateEngineFreemarkerI18nMethodTest, testThatNoKeyYieldsException, pass
ninja.template.TemplateEngineFreemarkerI18nMethodTest, testThatSingleKeyWithValueWorks, pass
ninja.template.TemplateEngineFreemarkerI18nMethodTest, testThatConstraintViolationWorks, fail
ninja.template.TemplateEngineFreemarkerI18nMethodTest, testThatSingleKeyWithMissingValueReturnsDefaultKey, pass
ninja.template.TemplateEngineFreemarkerI18nMethodTest, testThatConstraintViolationWorksWithDefault, pass
ninja.template.TemplateEngineFreemarkerI18nMethodTest, testThatKeyWithPlaceholderWorks, pass
ninja.template.TemplateEngineFreemarkerPrettyTimeMethodTest, testThatJavaSqlDateWorks, pass
ninja.template.TemplateEngineFreemarkerPrettyTimeMethodTest, testThatJavaSqlTimeWorks, pass
ninja.template.TemplateEngineFreemarkerPrettyTimeMethodTest, testThatJavaUtilDateWorks, pass
ninja.template.TemplateEngineFreemarkerPrettyTimeMethodTest, testThatJavaSqlTimestampWorks, pass
ninja.template.TemplateEngineFreemarkerTest, testThatProdModeThrowsTemplateException, pass
ninja.template.TemplateEngineFreemarkerTest, testThatConfigurationCanBeRetrieved, pass
ninja.template.TemplateEngineFreemarkerTest, testThatTemplateEngineFreemarkerHasSingletonAnnotation, pass
ninja.template.TemplateEngineFreemarkerTest, testThatWhenNotProdModeThrowsRenderingException, pass
ninja.template.TemplateEngineFreemarkerTest, testBasicInvocation, pass
ninja.template.TemplateEngineJsonPTest, testBadCallbackNameFlow, pass
ninja.template.TemplateEngineJsonPTest, testIsThisASecureCallbackName, pass
ninja.template.TemplateEngineJsonPTest, testCorrectFlow, pass
ninja.template.TemplateEngineJsonPTest, testMissingCallbackVariableFlow, pass
ninja.template.TemplateEngineJsonTest, testJsonViewWorks, pass
ninja.template.TemplateEngineManagerImplTest, testOverrideHtmlOrderMatters, pass
ninja.template.TemplateEngineManagerImplTest, testGetJsonP, pass
ninja.template.TemplateEngineManagerImplTest, testGetJson, pass
ninja.template.TemplateEngineManagerImplTest, testGetCustom, pass
ninja.template.TemplateEngineManagerImplTest, testOverrideHtml, pass
ninja.template.TemplateEngineManagerImplTest, testOverrideJson, pass
ninja.template.TemplateEngineManagerImplTest, testGetFreemarker, pass
ninja.template.TemplateEngineManagerImplTest, testGetNonExistingProducesNoNPE, pass
ninja.template.TemplateEngineManagerImplTest, testContentTypes, pass
ninja.template.TemplateEngineTextTest, testTextRendering, pass
ninja.utils.AbstractContextTest, getRemoteAddrParsesXForwardedForIfMoreThanOneHostPresent, pass
ninja.utils.AbstractContextTest, getAcceptCharset, pass
ninja.utils.AbstractContextTest, getParameterAsInteger, pass
ninja.utils.AbstractContextTest, testIsXmlWorks, pass
ninja.utils.AbstractContextTest, getPathParameter, pass
ninja.utils.AbstractContextTest, addCookieViaResult, pass
ninja.utils.AbstractContextTest, testParseBodyWithUnkownContentTypeWorks, pass
ninja.utils.AbstractContextTest, testParseBodyJsonWorks, pass
ninja.utils.AbstractContextTest, testParseBodyXmlWorks, pass
ninja.utils.AbstractContextTest, getRemoteAddrIgnoresXForwardHeader, pass
ninja.utils.AbstractContextTest, testIsJsonWorks, pass
ninja.utils.AbstractContextTest, getAcceptEncoding, pass
ninja.utils.AbstractContextTest, getAcceptContentTypeLegacy, pass
ninja.utils.AbstractContextTest, getPathParameterDecodingWorks, pass
ninja.utils.AbstractContextTest, getAcceptContentType, pass
ninja.utils.AbstractContextTest, finalizeInAbstractContextSavesFlashSessionCookies, pass
ninja.utils.AbstractContextTest, getParameterAs, pass
ninja.utils.AbstractContextTest, getAcceptLanguage, pass
ninja.utils.AbstractContextTest, getRemoteAddr, pass
ninja.utils.AbstractContextTest, unsetCookieAddsCookieWithMaxAgeZero, pass
ninja.utils.AbstractContextTest, getRemoteAddrUsesFallbackIfXForwardedForIsNotValidInetAddr, pass
ninja.utils.AbstractContextTest, getRemoteAddrUsesXForwardHeader, pass
ninja.utils.AbstractContextTest, testParseBodyWithUnknownRequestContentTypeWorks, pass
ninja.utils.AbstractContextTest, testParseBodyPostWorks, pass
ninja.utils.AbstractContextTest, getPathParameterAsInteger, pass
ninja.utils.CookieDataCodecTest, encode_values_such_that_no_extra_keys_can_be_created, pass
ninja.utils.CookieDataCodecTest, decode_values_of_the_previously_supported_format, pass
ninja.utils.CookieDataCodecTest, bake_in_a_header_a_Unicode_value, pass
ninja.utils.CookieDataCodecTest, flash_cookies_should_bake_in_a_header_and_value, pass
ninja.utils.CookieDataCodecTest, decode_values_with_gibberish_in_them, pass
ninja.utils.CookieDataCodecTest, decode_values_of_the_previously_supported_format_with_the_new_delimiters_in_them, pass
ninja.utils.CookieDataCodecTest, bake_in_an_empty_map, pass
ninja.utils.CookieDataCodecTest, specifically_exclude_special_cookie_chars, pass
ninja.utils.CookieDataCodecTest, bake_in_a_header_an_empty_value, pass
ninja.utils.CookieDataCodecTest, bake_in_multiple_headers_and_values, pass
ninja.utils.CookieDataCodecTest, specifically_exclude_control_chars, pass
ninja.utils.CookieEncryptionTest, testThatEncryptionFailsWhenSecretTooSmall, pass
ninja.utils.CookieEncryptionTest, testThatEncryptionDoesNotDoAnythingWhenDisabled, pass
ninja.utils.CookieEncryptionTest, testThatEncryptionAndDecryptionWorksWhenEnabled, pass
ninja.utils.CookieEncryptionTest, testThatEncryptionFailsWhenSecretEmpty, pass
ninja.utils.CryptoTest, testSigning, pass
ninja.utils.DateUtilImplTest, testFormatForHttpHeaderDate, pass
ninja.utils.DateUtilImplTest, testFormatForHttpHeaderLong, pass
ninja.utils.DateUtilImplTest, testParseHttpDateFormatToDateTime, pass
ninja.utils.DateUtilImplTest, testParseHttpDateFormat, pass
ninja.utils.HttpCacheToolkitImplTest, testIsModified, pass
ninja.utils.HttpCacheToolkitImplTest, testAddETag, pass
ninja.utils.HttpHeaderUtilsTest, testGetCharacterSetOfContentTypeOrUtf8, pass
ninja.utils.HttpHeaderUtilsTest, testGetContentTypeFromContentTypeAndCharacterSetting, pass
ninja.utils.HttpHeaderUtilsTest, testGetCharacterSetOfContentType, pass
ninja.utils.ImplFromPropertiesFactoryTest, defaultImplementation, pass
ninja.utils.ImplFromPropertiesFactoryTest, implementationNotAnInstanceOfTarget, pass
ninja.utils.ImplFromPropertiesFactoryTest, configuredImplementation, pass
ninja.utils.ImplFromPropertiesFactoryTest, missingImplementationDeferredUntilGet, pass
ninja.utils.ImplFromPropertiesFactoryTest, missingImplementation, pass
ninja.utils.LambdasTest, staticMethodReference, pass
ninja.utils.LambdasTest, specificInstanceMethodReference, pass
ninja.utils.LambdasTest, anonymousClassReference, pass
ninja.utils.LambdasTest, anonymousMethodReference, pass
ninja.utils.LambdasTest, anyInstanceMethodReference, pass
ninja.utils.MimeTypesTest, testLoadingWorks, pass
ninja.utils.NinjaBaseDirectoryResolverTest, testThatCorrectValueIsReturnedWithDifferentBasePackage, pass
ninja.utils.NinjaBaseDirectoryResolverTest, testThatCorrectValueIsReturnedWithDefaultSetup, pass
ninja.utils.NinjaConstantTest, testAllConstants, pass
ninja.utils.NinjaModeHelperTest, testNinjaModeHelperWorksWithDevSet, pass
ninja.utils.NinjaModeHelperTest, testNinjaModeHelperWorksWithTestSet, pass
ninja.utils.NinjaModeHelperTest, testNinjaModeHelperWorksWithProdSet, pass
ninja.utils.NinjaModeHelperTest, testNinjaModeHelperWorksWithNoModeSet, pass
ninja.utils.NinjaPropertiesImplTest, testLoadingOfExternalConfigurationFileWorksAndPrefixedConfigurationsSetRead, pass
ninja.utils.NinjaPropertiesImplTest, testGetOrDie, pass
ninja.utils.NinjaPropertiesImplTest, testUft8Works, pass
ninja.utils.NinjaPropertiesImplTest, testExernalConfigLoadingBreaksWhenFileDoesNotExist, pass
ninja.utils.NinjaPropertiesImplTest, testGetBooleanWithDefault, pass
ninja.utils.NinjaPropertiesImplTest, testGetBooleanParsing, pass
ninja.utils.NinjaPropertiesImplTest, testGetIntegerDie, pass
ninja.utils.NinjaPropertiesImplTest, testPropertiesBoundInGuice, pass
ninja.utils.NinjaPropertiesImplTest, testGetIntegerParsing, pass
ninja.utils.NinjaPropertiesImplTest, systemProperties, pass
ninja.utils.NinjaPropertiesImplTest, testGetBooleanOrDie, pass
ninja.utils.NinjaPropertiesImplTest, testGetWithDefault, pass
ninja.utils.NinjaPropertiesImplTest, testGetStringArrayWorks, pass
ninja.utils.NinjaPropertiesImplTest, testLoadingOfExternalConfFileOverridesSystemProperty, pass
ninja.utils.NinjaPropertiesImplTest, testReferenciningOfPropertiesWorks, pass
ninja.utils.NinjaPropertiesImplTest, testGetIntegerWithDefault, pass
ninja.utils.NinjaPropertiesImplTest, testSkippingThroughModesWorks, pass
ninja.utils.NinjaPropertiesImplTest, testLoadingOfExternalConfFile, pass
ninja.utils.NinjaPropertiesImplToolTest, testMissingSecretCreatesNewOneInDevMode, pass
ninja.utils.NinjaPropertiesImplToolTest, testProdThrowsError, pass
ninja.utils.NinjaPropertiesImplToolTest, testNothingHappensWhenApplicationSecretIsThere, pass
ninja.utils.OverlayedNinjaPropertiesTest, precedence, pass
ninja.utils.OverlayedNinjaPropertiesTest, badValues, pass
ninja.utils.ResultHandlerTest, testRenderPictureFromBytes, pass
ninja.utils.ResultHandlerTest, testThatFallbackContentTypeWorks, pass
ninja.utils.ResultHandlerTest, testAddingOfDefaultHeadersWorks, pass
ninja.utils.ResultHandlerTest, testRenderPlainStringLeavesExplicitlySetContentTypeUntouched, pass
ninja.utils.ResultHandlerTest, testCacheControlDoesNotGetTouchedWhenSet, pass
ninja.utils.ResultHandlerTest, testThatNoHttpBodyWorks, pass
ninja.utils.ResultHandlerTest, testRenderPlainStringAndSetDefaultContentType, pass
ninja.utils.ResultHandlerTest, testContentNegotiation, pass
ninja.utils.SecretGeneratorTest, testGenerateSecret, pass
ninja.utils.SwissKnifeTest, testDoesClassExist, pass
ninja.utils.SwissKnifeTest, testGetRealClassNameLowerCamelCase, pass
ninja.utils.TimeUtilTest, test, pass
