org.apache.oozie.fluentjob.api.TestCondition, testActualCondition, pass
org.apache.oozie.fluentjob.api.TestCondition, testDefaultCondition, pass
org.apache.oozie.fluentjob.api.TestModifyOnce, testAllowOneModification, pass
org.apache.oozie.fluentjob.api.TestModifyOnce, testThrowOnSecondModification, pass
org.apache.oozie.fluentjob.api.action.TestActionAttributesBuilder, testPrepareAddedTwiceThrows, pass
org.apache.oozie.fluentjob.api.action.TestActionAttributesBuilder, testNameNodeAddedTwiceThrows, pass
org.apache.oozie.fluentjob.api.action.TestActionAttributesBuilder, testSeveralJobXmlsAdded, pass
org.apache.oozie.fluentjob.api.action.TestActionAttributesBuilder, testConfigPropertyAdded, pass
org.apache.oozie.fluentjob.api.action.TestActionAttributesBuilder, testClearDeletes, pass
org.apache.oozie.fluentjob.api.action.TestActionAttributesBuilder, testPipesAdded, pass
org.apache.oozie.fluentjob.api.action.TestActionAttributesBuilder, testClearFiles, pass
org.apache.oozie.fluentjob.api.action.TestActionAttributesBuilder, testClearMoves, pass
org.apache.oozie.fluentjob.api.action.TestActionAttributesBuilder, testStreamingAddedTwiceThrows, pass
org.apache.oozie.fluentjob.api.action.TestActionAttributesBuilder, testPrepareAdded, pass
org.apache.oozie.fluentjob.api.action.TestActionAttributesBuilder, testRemoveFiles, pass
org.apache.oozie.fluentjob.api.action.TestActionAttributesBuilder, testWithoutChgrp, pass
org.apache.oozie.fluentjob.api.action.TestActionAttributesBuilder, testWithoutChmod, pass
org.apache.oozie.fluentjob.api.action.TestActionAttributesBuilder, testWithoutMkdir, pass
org.apache.oozie.fluentjob.api.action.TestActionAttributesBuilder, testClearArchives, pass
org.apache.oozie.fluentjob.api.action.TestActionAttributesBuilder, testPipesAddedTwiceThrows, pass
org.apache.oozie.fluentjob.api.action.TestActionAttributesBuilder, testClearJobXmls, pass
org.apache.oozie.fluentjob.api.action.TestActionAttributesBuilder, testRemoveArchives, pass
org.apache.oozie.fluentjob.api.action.TestActionAttributesBuilder, testClearTouchzs, pass
org.apache.oozie.fluentjob.api.action.TestActionAttributesBuilder, testSeveralDeletesAdded, pass
org.apache.oozie.fluentjob.api.action.TestActionAttributesBuilder, testConfigClassAddedTwiceThrows, pass
org.apache.oozie.fluentjob.api.action.TestActionAttributesBuilder, testFromExistingBuilder, pass
org.apache.oozie.fluentjob.api.action.TestActionAttributesBuilder, testResourceManagerAdded, pass
org.apache.oozie.fluentjob.api.action.TestActionAttributesBuilder, testSeveralMkdirsAdded, pass
org.apache.oozie.fluentjob.api.action.TestActionAttributesBuilder, testSameConfigPropertyAddedTwiceThrows, pass
org.apache.oozie.fluentjob.api.action.TestActionAttributesBuilder, testStreamingAdded, pass
org.apache.oozie.fluentjob.api.action.TestActionAttributesBuilder, testSeveralChmodsAdded, pass
org.apache.oozie.fluentjob.api.action.TestActionAttributesBuilder, testLauncherAdded, pass
org.apache.oozie.fluentjob.api.action.TestActionAttributesBuilder, testNameNodeAdded, pass
org.apache.oozie.fluentjob.api.action.TestActionAttributesBuilder, testSeveralTouchzsAdded, pass
org.apache.oozie.fluentjob.api.action.TestActionAttributesBuilder, testSeveralArchivesAdded, pass
org.apache.oozie.fluentjob.api.action.TestActionAttributesBuilder, testSeveralFilesAdded, pass
org.apache.oozie.fluentjob.api.action.TestActionAttributesBuilder, testWithoutJobXmls, pass
org.apache.oozie.fluentjob.api.action.TestActionAttributesBuilder, testClearChgrps, pass
org.apache.oozie.fluentjob.api.action.TestActionAttributesBuilder, testClearChmods, pass
org.apache.oozie.fluentjob.api.action.TestActionAttributesBuilder, testWithoutMove, pass
org.apache.oozie.fluentjob.api.action.TestActionAttributesBuilder, testWithoutDelete, pass
org.apache.oozie.fluentjob.api.action.TestActionAttributesBuilder, testSeveralChgrpsAdded, pass
org.apache.oozie.fluentjob.api.action.TestActionAttributesBuilder, testClearMkdirs, pass
org.apache.oozie.fluentjob.api.action.TestActionAttributesBuilder, testSeveralConfigPropertiesAdded, pass
org.apache.oozie.fluentjob.api.action.TestActionAttributesBuilder, testSeveralMovesAdded, pass
org.apache.oozie.fluentjob.api.action.TestActionAttributesBuilder, testConfigClassAdded, pass
org.apache.oozie.fluentjob.api.action.TestActionAttributesBuilder, testWithoutTouchz, pass
org.apache.oozie.fluentjob.api.action.TestChgrpBuilder, testWithPermissionsCalledTwiceThrows, pass
org.apache.oozie.fluentjob.api.action.TestChgrpBuilder, testWithGroup, pass
org.apache.oozie.fluentjob.api.action.TestChgrpBuilder, testSetRecursiveCalledTwiceThrows, pass
org.apache.oozie.fluentjob.api.action.TestChgrpBuilder, testSetNonRecursiveCalledTwiceThrows, pass
org.apache.oozie.fluentjob.api.action.TestChgrpBuilder, testSetRecursive, pass
org.apache.oozie.fluentjob.api.action.TestChgrpBuilder, testSetDirFilesCalledTwiceThrows, pass
org.apache.oozie.fluentjob.api.action.TestChgrpBuilder, testWithPath, pass
org.apache.oozie.fluentjob.api.action.TestChgrpBuilder, testSetNonRecursive, pass
org.apache.oozie.fluentjob.api.action.TestChgrpBuilder, testWithPathCalledTwiceThrows, pass
org.apache.oozie.fluentjob.api.action.TestChgrpBuilder, testSetDirFiles, pass
org.apache.oozie.fluentjob.api.action.TestChgrpBuilder, testSetRecursiveCalledAfterSetNonRecursive, pass
org.apache.oozie.fluentjob.api.action.TestChgrpBuilder, testSetNonRecursiveCalledAfterSetRecursive, pass
org.apache.oozie.fluentjob.api.action.TestChmodBuilder, testWithPermissionsCalledTwiceThrows, pass
org.apache.oozie.fluentjob.api.action.TestChmodBuilder, testWithPermissions, pass
org.apache.oozie.fluentjob.api.action.TestChmodBuilder, testSetRecursiveCalledTwiceThrows, pass
org.apache.oozie.fluentjob.api.action.TestChmodBuilder, testSetNonRecursiveCalledTwiceThrows, pass
org.apache.oozie.fluentjob.api.action.TestChmodBuilder, testSetRecursive, pass
org.apache.oozie.fluentjob.api.action.TestChmodBuilder, testSetDirFilesCalledTwiceThrows, pass
org.apache.oozie.fluentjob.api.action.TestChmodBuilder, testWithPath, pass
org.apache.oozie.fluentjob.api.action.TestChmodBuilder, testSetNonRecursive, pass
org.apache.oozie.fluentjob.api.action.TestChmodBuilder, testWithPathCalledTwiceThrows, pass
org.apache.oozie.fluentjob.api.action.TestChmodBuilder, testSetDirFiles, pass
org.apache.oozie.fluentjob.api.action.TestChmodBuilder, testSetRecursiveCalledAfterSetNonRecursive, pass
org.apache.oozie.fluentjob.api.action.TestChmodBuilder, testSetNonRecursiveCalledAfterSetRecursive, pass
org.apache.oozie.fluentjob.api.action.TestDelete, testPathAndSkipTrashAreCorrect, pass
org.apache.oozie.fluentjob.api.action.TestDistcpActionBuilder, testSeveralArgsAdded, pass
org.apache.oozie.fluentjob.api.action.TestDistcpActionBuilder, testPrepareAdded, pass
org.apache.oozie.fluentjob.api.action.TestDistcpActionBuilder, testClearArgs, pass
org.apache.oozie.fluentjob.api.action.TestDistcpActionBuilder, testFromOtherAction, pass
org.apache.oozie.fluentjob.api.action.TestDistcpActionBuilder, testResourceManagerAdded, pass
org.apache.oozie.fluentjob.api.action.TestDistcpActionBuilder, testRemoveArgs, pass
org.apache.oozie.fluentjob.api.action.TestDistcpActionBuilder, testFromExistingActionDistcpSpecific, pass
org.apache.oozie.fluentjob.api.action.TestDistcpActionBuilder, testSameConfigPropertyAddedTwiceThrows, pass
org.apache.oozie.fluentjob.api.action.TestDistcpActionBuilder, testNameNodeAdded, pass
org.apache.oozie.fluentjob.api.action.TestDistcpActionBuilder, testJavaOptsAdded, pass
org.apache.oozie.fluentjob.api.action.TestDistcpActionBuilder, testWithoutErrorHandler, pass
org.apache.oozie.fluentjob.api.action.TestDistcpActionBuilder, testAddMultipleDefaultConditionalChildrenThrows, pass
org.apache.oozie.fluentjob.api.action.TestDistcpActionBuilder, testAddParentWithAndWithoutCondition, pass
org.apache.oozie.fluentjob.api.action.TestDistcpActionBuilder, testIncorrectSubclassingThrows, pass
org.apache.oozie.fluentjob.api.action.TestDistcpActionBuilder, testWithoutParentWhenConditionExists, pass
org.apache.oozie.fluentjob.api.action.TestDistcpActionBuilder, testAddingDuplicateParentBothTimesWithConditionThrows, pass
org.apache.oozie.fluentjob.api.action.TestDistcpActionBuilder, testAddDuplicateDefaultParentTwiceAsDefaultThrows, pass
org.apache.oozie.fluentjob.api.action.TestDistcpActionBuilder, testAddingDuplicateParentFirstWithConditionThenWithoutConditionThrows, pass
org.apache.oozie.fluentjob.api.action.TestDistcpActionBuilder, testErrorHandlerAdded, pass
org.apache.oozie.fluentjob.api.action.TestDistcpActionBuilder, testRemovingErrorHandlerAfterAddingItThrows, pass
org.apache.oozie.fluentjob.api.action.TestDistcpActionBuilder, testAddingDuplicateParentFirstWithoutConditionThenWithConditionThrows, pass
org.apache.oozie.fluentjob.api.action.TestDistcpActionBuilder, testAddedAsParentWithoutConditionWhenChildWithConditionExistsThrows, pass
org.apache.oozie.fluentjob.api.action.TestDistcpActionBuilder, testRetryAttributesAddedTwiceThrows, pass
org.apache.oozie.fluentjob.api.action.TestDistcpActionBuilder, testAddDuplicateDefaultParentFirstAsNormalConditionalThrows, pass
org.apache.oozie.fluentjob.api.action.TestDistcpActionBuilder, testAddingDuplicateParentBothTimesWithoutConditionThrows, pass
org.apache.oozie.fluentjob.api.action.TestDistcpActionBuilder, testClearParents, pass
org.apache.oozie.fluentjob.api.action.TestDistcpActionBuilder, testAddParents, pass
org.apache.oozie.fluentjob.api.action.TestDistcpActionBuilder, testNameAddedTwiceThrows, pass
org.apache.oozie.fluentjob.api.action.TestDistcpActionBuilder, testAddedAsParentWithCondition, pass
org.apache.oozie.fluentjob.api.action.TestDistcpActionBuilder, testWithConditionalParents, pass
org.apache.oozie.fluentjob.api.action.TestDistcpActionBuilder, testAddedAsParentWithConditionWhenChildWithoutConditionExistsThrows, pass
org.apache.oozie.fluentjob.api.action.TestDistcpActionBuilder, testAddedAsParentWithoutCondition, pass
org.apache.oozie.fluentjob.api.action.TestDistcpActionBuilder, testErrorHandlerAddedTwiceThrows, pass
org.apache.oozie.fluentjob.api.action.TestDistcpActionBuilder, testFromExistingNode, pass
org.apache.oozie.fluentjob.api.action.TestDistcpActionBuilder, testCredentialAddedAndRemoved, pass
org.apache.oozie.fluentjob.api.action.TestDistcpActionBuilder, testNameAdded, pass
org.apache.oozie.fluentjob.api.action.TestDistcpActionBuilder, testWithoutParent, pass
org.apache.oozie.fluentjob.api.action.TestEmailActionBuilder, testContentTypeAddedTwiceThrows, pass
org.apache.oozie.fluentjob.api.action.TestEmailActionBuilder, testRecipientAdded, pass
org.apache.oozie.fluentjob.api.action.TestEmailActionBuilder, testAttachmentAdded, pass
org.apache.oozie.fluentjob.api.action.TestEmailActionBuilder, testSubjectAddedTwiceThrows, pass
org.apache.oozie.fluentjob.api.action.TestEmailActionBuilder, testSubjectAdded, pass
org.apache.oozie.fluentjob.api.action.TestEmailActionBuilder, testAttachmentAddedTwiceThrows, pass
org.apache.oozie.fluentjob.api.action.TestEmailActionBuilder, testFromOtherAction, pass
org.apache.oozie.fluentjob.api.action.TestEmailActionBuilder, testBodyAddedTwiceThrows, pass
org.apache.oozie.fluentjob.api.action.TestEmailActionBuilder, testCcAdded, pass
org.apache.oozie.fluentjob.api.action.TestEmailActionBuilder, testBccAdded, pass
org.apache.oozie.fluentjob.api.action.TestEmailActionBuilder, testBccAddedTwiceThrows, pass
org.apache.oozie.fluentjob.api.action.TestEmailActionBuilder, testRecipientAddedTwiceThrows, pass
org.apache.oozie.fluentjob.api.action.TestEmailActionBuilder, testContentTypeAdded, pass
org.apache.oozie.fluentjob.api.action.TestEmailActionBuilder, testCcAddedTwiceThrows, pass
org.apache.oozie.fluentjob.api.action.TestEmailActionBuilder, testBodyAdded, pass
org.apache.oozie.fluentjob.api.action.TestEmailActionBuilder, testWithoutErrorHandler, pass
org.apache.oozie.fluentjob.api.action.TestEmailActionBuilder, testAddMultipleDefaultConditionalChildrenThrows, pass
org.apache.oozie.fluentjob.api.action.TestEmailActionBuilder, testAddParentWithAndWithoutCondition, pass
org.apache.oozie.fluentjob.api.action.TestEmailActionBuilder, testIncorrectSubclassingThrows, pass
org.apache.oozie.fluentjob.api.action.TestEmailActionBuilder, testWithoutParentWhenConditionExists, pass
org.apache.oozie.fluentjob.api.action.TestEmailActionBuilder, testAddingDuplicateParentBothTimesWithConditionThrows, pass
org.apache.oozie.fluentjob.api.action.TestEmailActionBuilder, testAddDuplicateDefaultParentTwiceAsDefaultThrows, pass
org.apache.oozie.fluentjob.api.action.TestEmailActionBuilder, testAddingDuplicateParentFirstWithConditionThenWithoutConditionThrows, pass
org.apache.oozie.fluentjob.api.action.TestEmailActionBuilder, testErrorHandlerAdded, pass
org.apache.oozie.fluentjob.api.action.TestEmailActionBuilder, testRemovingErrorHandlerAfterAddingItThrows, pass
org.apache.oozie.fluentjob.api.action.TestEmailActionBuilder, testAddingDuplicateParentFirstWithoutConditionThenWithConditionThrows, pass
org.apache.oozie.fluentjob.api.action.TestEmailActionBuilder, testAddedAsParentWithoutConditionWhenChildWithConditionExistsThrows, pass
org.apache.oozie.fluentjob.api.action.TestEmailActionBuilder, testRetryAttributesAddedTwiceThrows, pass
org.apache.oozie.fluentjob.api.action.TestEmailActionBuilder, testAddDuplicateDefaultParentFirstAsNormalConditionalThrows, pass
org.apache.oozie.fluentjob.api.action.TestEmailActionBuilder, testAddingDuplicateParentBothTimesWithoutConditionThrows, pass
org.apache.oozie.fluentjob.api.action.TestEmailActionBuilder, testClearParents, pass
org.apache.oozie.fluentjob.api.action.TestEmailActionBuilder, testAddParents, pass
org.apache.oozie.fluentjob.api.action.TestEmailActionBuilder, testNameAddedTwiceThrows, pass
org.apache.oozie.fluentjob.api.action.TestEmailActionBuilder, testAddedAsParentWithCondition, pass
org.apache.oozie.fluentjob.api.action.TestEmailActionBuilder, testWithConditionalParents, pass
org.apache.oozie.fluentjob.api.action.TestEmailActionBuilder, testAddedAsParentWithConditionWhenChildWithoutConditionExistsThrows, pass
org.apache.oozie.fluentjob.api.action.TestEmailActionBuilder, testAddedAsParentWithoutCondition, pass
org.apache.oozie.fluentjob.api.action.TestEmailActionBuilder, testErrorHandlerAddedTwiceThrows, pass
org.apache.oozie.fluentjob.api.action.TestEmailActionBuilder, testFromExistingNode, pass
org.apache.oozie.fluentjob.api.action.TestEmailActionBuilder, testCredentialAddedAndRemoved, pass
org.apache.oozie.fluentjob.api.action.TestEmailActionBuilder, testNameAdded, pass
org.apache.oozie.fluentjob.api.action.TestEmailActionBuilder, testWithoutParent, pass
org.apache.oozie.fluentjob.api.action.TestErrorHandler, testIfThereAreParentsThenThrows, pass
org.apache.oozie.fluentjob.api.action.TestErrorHandler, testNameIsCorrect, pass
org.apache.oozie.fluentjob.api.action.TestFSActionBuilder, testNameNodeAddedTwiceThrows, pass
org.apache.oozie.fluentjob.api.action.TestFSActionBuilder, testSeveralJobXmlsAdded, pass
org.apache.oozie.fluentjob.api.action.TestFSActionBuilder, testClearDeletes, pass
org.apache.oozie.fluentjob.api.action.TestFSActionBuilder, testClearMoves, pass
org.apache.oozie.fluentjob.api.action.TestFSActionBuilder, testFromEmailAction, pass
org.apache.oozie.fluentjob.api.action.TestFSActionBuilder, testWithoutChgrp, pass
org.apache.oozie.fluentjob.api.action.TestFSActionBuilder, testWithoutChmod, pass
org.apache.oozie.fluentjob.api.action.TestFSActionBuilder, testWithoutMkdir, pass
org.apache.oozie.fluentjob.api.action.TestFSActionBuilder, testClearJobXmls, pass
org.apache.oozie.fluentjob.api.action.TestFSActionBuilder, testClearTouchzs, pass
org.apache.oozie.fluentjob.api.action.TestFSActionBuilder, testFromExistingFSAction, pass
org.apache.oozie.fluentjob.api.action.TestFSActionBuilder, testSeveralDeletesAdded, pass
org.apache.oozie.fluentjob.api.action.TestFSActionBuilder, testSeveralMkdirsAdded, pass
org.apache.oozie.fluentjob.api.action.TestFSActionBuilder, testSameConfigPropertyAddedTwiceThrows, pass
org.apache.oozie.fluentjob.api.action.TestFSActionBuilder, testSeveralChmodsAdded, pass
org.apache.oozie.fluentjob.api.action.TestFSActionBuilder, testNameNodeAdded, pass
org.apache.oozie.fluentjob.api.action.TestFSActionBuilder, testSeveralTouchzsAdded, pass
org.apache.oozie.fluentjob.api.action.TestFSActionBuilder, testWithoutJobXmls, pass
org.apache.oozie.fluentjob.api.action.TestFSActionBuilder, testClearChgrps, pass
org.apache.oozie.fluentjob.api.action.TestFSActionBuilder, testClearChmods, pass
org.apache.oozie.fluentjob.api.action.TestFSActionBuilder, testWithoutMove, pass
org.apache.oozie.fluentjob.api.action.TestFSActionBuilder, testWithoutDelete, pass
org.apache.oozie.fluentjob.api.action.TestFSActionBuilder, testSeveralChgrpsAdded, pass
org.apache.oozie.fluentjob.api.action.TestFSActionBuilder, testClearMkdirs, pass
org.apache.oozie.fluentjob.api.action.TestFSActionBuilder, testSeveralMovesAdded, pass
org.apache.oozie.fluentjob.api.action.TestFSActionBuilder, testWithoutTouchz, pass
org.apache.oozie.fluentjob.api.action.TestFSActionBuilder, testWithoutErrorHandler, pass
org.apache.oozie.fluentjob.api.action.TestFSActionBuilder, testAddMultipleDefaultConditionalChildrenThrows, pass
org.apache.oozie.fluentjob.api.action.TestFSActionBuilder, testAddParentWithAndWithoutCondition, pass
org.apache.oozie.fluentjob.api.action.TestFSActionBuilder, testIncorrectSubclassingThrows, pass
org.apache.oozie.fluentjob.api.action.TestFSActionBuilder, testWithoutParentWhenConditionExists, pass
org.apache.oozie.fluentjob.api.action.TestFSActionBuilder, testAddingDuplicateParentBothTimesWithConditionThrows, pass
org.apache.oozie.fluentjob.api.action.TestFSActionBuilder, testAddDuplicateDefaultParentTwiceAsDefaultThrows, pass
org.apache.oozie.fluentjob.api.action.TestFSActionBuilder, testAddingDuplicateParentFirstWithConditionThenWithoutConditionThrows, pass
org.apache.oozie.fluentjob.api.action.TestFSActionBuilder, testErrorHandlerAdded, pass
org.apache.oozie.fluentjob.api.action.TestFSActionBuilder, testRemovingErrorHandlerAfterAddingItThrows, pass
org.apache.oozie.fluentjob.api.action.TestFSActionBuilder, testAddingDuplicateParentFirstWithoutConditionThenWithConditionThrows, pass
org.apache.oozie.fluentjob.api.action.TestFSActionBuilder, testAddedAsParentWithoutConditionWhenChildWithConditionExistsThrows, pass
org.apache.oozie.fluentjob.api.action.TestFSActionBuilder, testRetryAttributesAddedTwiceThrows, pass
org.apache.oozie.fluentjob.api.action.TestFSActionBuilder, testAddDuplicateDefaultParentFirstAsNormalConditionalThrows, pass
org.apache.oozie.fluentjob.api.action.TestFSActionBuilder, testAddingDuplicateParentBothTimesWithoutConditionThrows, pass
org.apache.oozie.fluentjob.api.action.TestFSActionBuilder, testClearParents, pass
org.apache.oozie.fluentjob.api.action.TestFSActionBuilder, testAddParents, pass
org.apache.oozie.fluentjob.api.action.TestFSActionBuilder, testNameAddedTwiceThrows, pass
org.apache.oozie.fluentjob.api.action.TestFSActionBuilder, testAddedAsParentWithCondition, pass
org.apache.oozie.fluentjob.api.action.TestFSActionBuilder, testWithConditionalParents, pass
org.apache.oozie.fluentjob.api.action.TestFSActionBuilder, testAddedAsParentWithConditionWhenChildWithoutConditionExistsThrows, pass
org.apache.oozie.fluentjob.api.action.TestFSActionBuilder, testAddedAsParentWithoutCondition, pass
org.apache.oozie.fluentjob.api.action.TestFSActionBuilder, testErrorHandlerAddedTwiceThrows, pass
org.apache.oozie.fluentjob.api.action.TestFSActionBuilder, testFromExistingNode, pass
org.apache.oozie.fluentjob.api.action.TestFSActionBuilder, testCredentialAddedAndRemoved, pass
org.apache.oozie.fluentjob.api.action.TestFSActionBuilder, testNameAdded, pass
org.apache.oozie.fluentjob.api.action.TestFSActionBuilder, testWithoutParent, pass
org.apache.oozie.fluentjob.api.action.TestHive2ActionBuilder, testSeveralArgsAdded, pass
org.apache.oozie.fluentjob.api.action.TestHive2ActionBuilder, testFromExistingHive2Action, pass
org.apache.oozie.fluentjob.api.action.TestHive2ActionBuilder, testPrepareAdded, pass
org.apache.oozie.fluentjob.api.action.TestHive2ActionBuilder, testClearArgs, pass
org.apache.oozie.fluentjob.api.action.TestHive2ActionBuilder, testFromOtherAction, pass
org.apache.oozie.fluentjob.api.action.TestHive2ActionBuilder, testResourceManagerAdded, pass
org.apache.oozie.fluentjob.api.action.TestHive2ActionBuilder, testRemoveArgs, pass
org.apache.oozie.fluentjob.api.action.TestHive2ActionBuilder, testSameConfigPropertyAddedTwiceThrows, pass
org.apache.oozie.fluentjob.api.action.TestHive2ActionBuilder, testNameNodeAdded, pass
org.apache.oozie.fluentjob.api.action.TestHive2ActionBuilder, testWithoutErrorHandler, pass
org.apache.oozie.fluentjob.api.action.TestHive2ActionBuilder, testAddMultipleDefaultConditionalChildrenThrows, pass
org.apache.oozie.fluentjob.api.action.TestHive2ActionBuilder, testAddParentWithAndWithoutCondition, pass
org.apache.oozie.fluentjob.api.action.TestHive2ActionBuilder, testIncorrectSubclassingThrows, pass
org.apache.oozie.fluentjob.api.action.TestHive2ActionBuilder, testWithoutParentWhenConditionExists, pass
org.apache.oozie.fluentjob.api.action.TestHive2ActionBuilder, testAddingDuplicateParentBothTimesWithConditionThrows, pass
org.apache.oozie.fluentjob.api.action.TestHive2ActionBuilder, testAddDuplicateDefaultParentTwiceAsDefaultThrows, pass
org.apache.oozie.fluentjob.api.action.TestHive2ActionBuilder, testAddingDuplicateParentFirstWithConditionThenWithoutConditionThrows, pass
org.apache.oozie.fluentjob.api.action.TestHive2ActionBuilder, testErrorHandlerAdded, pass
org.apache.oozie.fluentjob.api.action.TestHive2ActionBuilder, testRemovingErrorHandlerAfterAddingItThrows, pass
org.apache.oozie.fluentjob.api.action.TestHive2ActionBuilder, testAddingDuplicateParentFirstWithoutConditionThenWithConditionThrows, pass
org.apache.oozie.fluentjob.api.action.TestHive2ActionBuilder, testAddedAsParentWithoutConditionWhenChildWithConditionExistsThrows, pass
org.apache.oozie.fluentjob.api.action.TestHive2ActionBuilder, testRetryAttributesAddedTwiceThrows, pass
org.apache.oozie.fluentjob.api.action.TestHive2ActionBuilder, testAddDuplicateDefaultParentFirstAsNormalConditionalThrows, pass
org.apache.oozie.fluentjob.api.action.TestHive2ActionBuilder, testAddingDuplicateParentBothTimesWithoutConditionThrows, pass
org.apache.oozie.fluentjob.api.action.TestHive2ActionBuilder, testClearParents, pass
org.apache.oozie.fluentjob.api.action.TestHive2ActionBuilder, testAddParents, pass
org.apache.oozie.fluentjob.api.action.TestHive2ActionBuilder, testNameAddedTwiceThrows, pass
org.apache.oozie.fluentjob.api.action.TestHive2ActionBuilder, testAddedAsParentWithCondition, pass
org.apache.oozie.fluentjob.api.action.TestHive2ActionBuilder, testWithConditionalParents, pass
org.apache.oozie.fluentjob.api.action.TestHive2ActionBuilder, testAddedAsParentWithConditionWhenChildWithoutConditionExistsThrows, pass
org.apache.oozie.fluentjob.api.action.TestHive2ActionBuilder, testAddedAsParentWithoutCondition, pass
org.apache.oozie.fluentjob.api.action.TestHive2ActionBuilder, testErrorHandlerAddedTwiceThrows, pass
org.apache.oozie.fluentjob.api.action.TestHive2ActionBuilder, testFromExistingNode, pass
org.apache.oozie.fluentjob.api.action.TestHive2ActionBuilder, testCredentialAddedAndRemoved, pass
org.apache.oozie.fluentjob.api.action.TestHive2ActionBuilder, testNameAdded, pass
org.apache.oozie.fluentjob.api.action.TestHive2ActionBuilder, testWithoutParent, pass
org.apache.oozie.fluentjob.api.action.TestHiveActionBuilder, testSeveralArgsAdded, pass
org.apache.oozie.fluentjob.api.action.TestHiveActionBuilder, testPrepareAdded, pass
org.apache.oozie.fluentjob.api.action.TestHiveActionBuilder, testClearArgs, pass
org.apache.oozie.fluentjob.api.action.TestHiveActionBuilder, testFromOtherAction, pass
org.apache.oozie.fluentjob.api.action.TestHiveActionBuilder, testFromExistingHiveAction, pass
org.apache.oozie.fluentjob.api.action.TestHiveActionBuilder, testResourceManagerAdded, pass
org.apache.oozie.fluentjob.api.action.TestHiveActionBuilder, testRemoveArgs, pass
org.apache.oozie.fluentjob.api.action.TestHiveActionBuilder, testSameConfigPropertyAddedTwiceThrows, pass
org.apache.oozie.fluentjob.api.action.TestHiveActionBuilder, testNameNodeAdded, pass
org.apache.oozie.fluentjob.api.action.TestHiveActionBuilder, testWithoutErrorHandler, pass
org.apache.oozie.fluentjob.api.action.TestHiveActionBuilder, testAddMultipleDefaultConditionalChildrenThrows, pass
org.apache.oozie.fluentjob.api.action.TestHiveActionBuilder, testAddParentWithAndWithoutCondition, pass
org.apache.oozie.fluentjob.api.action.TestHiveActionBuilder, testIncorrectSubclassingThrows, pass
org.apache.oozie.fluentjob.api.action.TestHiveActionBuilder, testWithoutParentWhenConditionExists, pass
org.apache.oozie.fluentjob.api.action.TestHiveActionBuilder, testAddingDuplicateParentBothTimesWithConditionThrows, pass
org.apache.oozie.fluentjob.api.action.TestHiveActionBuilder, testAddDuplicateDefaultParentTwiceAsDefaultThrows, pass
org.apache.oozie.fluentjob.api.action.TestHiveActionBuilder, testAddingDuplicateParentFirstWithConditionThenWithoutConditionThrows, pass
org.apache.oozie.fluentjob.api.action.TestHiveActionBuilder, testErrorHandlerAdded, pass
org.apache.oozie.fluentjob.api.action.TestHiveActionBuilder, testRemovingErrorHandlerAfterAddingItThrows, pass
org.apache.oozie.fluentjob.api.action.TestHiveActionBuilder, testAddingDuplicateParentFirstWithoutConditionThenWithConditionThrows, pass
org.apache.oozie.fluentjob.api.action.TestHiveActionBuilder, testAddedAsParentWithoutConditionWhenChildWithConditionExistsThrows, pass
org.apache.oozie.fluentjob.api.action.TestHiveActionBuilder, testRetryAttributesAddedTwiceThrows, pass
org.apache.oozie.fluentjob.api.action.TestHiveActionBuilder, testAddDuplicateDefaultParentFirstAsNormalConditionalThrows, pass
org.apache.oozie.fluentjob.api.action.TestHiveActionBuilder, testAddingDuplicateParentBothTimesWithoutConditionThrows, pass
org.apache.oozie.fluentjob.api.action.TestHiveActionBuilder, testClearParents, pass
org.apache.oozie.fluentjob.api.action.TestHiveActionBuilder, testAddParents, pass
org.apache.oozie.fluentjob.api.action.TestHiveActionBuilder, testNameAddedTwiceThrows, pass
org.apache.oozie.fluentjob.api.action.TestHiveActionBuilder, testAddedAsParentWithCondition, pass
org.apache.oozie.fluentjob.api.action.TestHiveActionBuilder, testWithConditionalParents, pass
org.apache.oozie.fluentjob.api.action.TestHiveActionBuilder, testAddedAsParentWithConditionWhenChildWithoutConditionExistsThrows, pass
org.apache.oozie.fluentjob.api.action.TestHiveActionBuilder, testAddedAsParentWithoutCondition, pass
org.apache.oozie.fluentjob.api.action.TestHiveActionBuilder, testErrorHandlerAddedTwiceThrows, pass
org.apache.oozie.fluentjob.api.action.TestHiveActionBuilder, testFromExistingNode, pass
org.apache.oozie.fluentjob.api.action.TestHiveActionBuilder, testCredentialAddedAndRemoved, pass
org.apache.oozie.fluentjob.api.action.TestHiveActionBuilder, testNameAdded, pass
org.apache.oozie.fluentjob.api.action.TestHiveActionBuilder, testWithoutParent, pass
org.apache.oozie.fluentjob.api.action.TestJavaActionBuilder, testSeveralArgsAdded, pass
org.apache.oozie.fluentjob.api.action.TestJavaActionBuilder, testPrepareAdded, pass
org.apache.oozie.fluentjob.api.action.TestJavaActionBuilder, testClearArgs, pass
org.apache.oozie.fluentjob.api.action.TestJavaActionBuilder, testFromOtherAction, pass
org.apache.oozie.fluentjob.api.action.TestJavaActionBuilder, testResourceManagerAdded, pass
org.apache.oozie.fluentjob.api.action.TestJavaActionBuilder, testRemoveArgs, pass
org.apache.oozie.fluentjob.api.action.TestJavaActionBuilder, testSameConfigPropertyAddedTwiceThrows, pass
org.apache.oozie.fluentjob.api.action.TestJavaActionBuilder, testNameNodeAdded, pass
org.apache.oozie.fluentjob.api.action.TestJavaActionBuilder, testFromExistingJavaAction, pass
org.apache.oozie.fluentjob.api.action.TestJavaActionBuilder, testWithoutErrorHandler, pass
org.apache.oozie.fluentjob.api.action.TestJavaActionBuilder, testAddMultipleDefaultConditionalChildrenThrows, pass
org.apache.oozie.fluentjob.api.action.TestJavaActionBuilder, testAddParentWithAndWithoutCondition, pass
org.apache.oozie.fluentjob.api.action.TestJavaActionBuilder, testIncorrectSubclassingThrows, pass
org.apache.oozie.fluentjob.api.action.TestJavaActionBuilder, testWithoutParentWhenConditionExists, pass
org.apache.oozie.fluentjob.api.action.TestJavaActionBuilder, testAddingDuplicateParentBothTimesWithConditionThrows, pass
org.apache.oozie.fluentjob.api.action.TestJavaActionBuilder, testAddDuplicateDefaultParentTwiceAsDefaultThrows, pass
org.apache.oozie.fluentjob.api.action.TestJavaActionBuilder, testAddingDuplicateParentFirstWithConditionThenWithoutConditionThrows, pass
org.apache.oozie.fluentjob.api.action.TestJavaActionBuilder, testErrorHandlerAdded, pass
org.apache.oozie.fluentjob.api.action.TestJavaActionBuilder, testRemovingErrorHandlerAfterAddingItThrows, pass
org.apache.oozie.fluentjob.api.action.TestJavaActionBuilder, testAddingDuplicateParentFirstWithoutConditionThenWithConditionThrows, pass
org.apache.oozie.fluentjob.api.action.TestJavaActionBuilder, testAddedAsParentWithoutConditionWhenChildWithConditionExistsThrows, pass
org.apache.oozie.fluentjob.api.action.TestJavaActionBuilder, testRetryAttributesAddedTwiceThrows, pass
org.apache.oozie.fluentjob.api.action.TestJavaActionBuilder, testAddDuplicateDefaultParentFirstAsNormalConditionalThrows, pass
org.apache.oozie.fluentjob.api.action.TestJavaActionBuilder, testAddingDuplicateParentBothTimesWithoutConditionThrows, pass
org.apache.oozie.fluentjob.api.action.TestJavaActionBuilder, testClearParents, pass
org.apache.oozie.fluentjob.api.action.TestJavaActionBuilder, testAddParents, pass
org.apache.oozie.fluentjob.api.action.TestJavaActionBuilder, testNameAddedTwiceThrows, pass
org.apache.oozie.fluentjob.api.action.TestJavaActionBuilder, testAddedAsParentWithCondition, pass
org.apache.oozie.fluentjob.api.action.TestJavaActionBuilder, testWithConditionalParents, pass
org.apache.oozie.fluentjob.api.action.TestJavaActionBuilder, testAddedAsParentWithConditionWhenChildWithoutConditionExistsThrows, pass
org.apache.oozie.fluentjob.api.action.TestJavaActionBuilder, testAddedAsParentWithoutCondition, pass
org.apache.oozie.fluentjob.api.action.TestJavaActionBuilder, testErrorHandlerAddedTwiceThrows, pass
org.apache.oozie.fluentjob.api.action.TestJavaActionBuilder, testFromExistingNode, pass
org.apache.oozie.fluentjob.api.action.TestJavaActionBuilder, testCredentialAddedAndRemoved, pass
org.apache.oozie.fluentjob.api.action.TestJavaActionBuilder, testNameAdded, pass
org.apache.oozie.fluentjob.api.action.TestJavaActionBuilder, testWithoutParent, pass
org.apache.oozie.fluentjob.api.action.TestLauncherBuilder, testAttributesSetOnce, pass
org.apache.oozie.fluentjob.api.action.TestMapReduceActionBuilder, testPrepareAddedTwiceThrows, pass
org.apache.oozie.fluentjob.api.action.TestMapReduceActionBuilder, testNameNodeAddedTwiceThrows, pass
org.apache.oozie.fluentjob.api.action.TestMapReduceActionBuilder, testSeveralJobXmlsAdded, pass
org.apache.oozie.fluentjob.api.action.TestMapReduceActionBuilder, testPipesAdded, pass
org.apache.oozie.fluentjob.api.action.TestMapReduceActionBuilder, testClearFiles, pass
org.apache.oozie.fluentjob.api.action.TestMapReduceActionBuilder, testStreamingAddedTwiceThrows, pass
org.apache.oozie.fluentjob.api.action.TestMapReduceActionBuilder, testPrepareAdded, pass
org.apache.oozie.fluentjob.api.action.TestMapReduceActionBuilder, testRemoveFiles, pass
org.apache.oozie.fluentjob.api.action.TestMapReduceActionBuilder, testClearArchives, pass
org.apache.oozie.fluentjob.api.action.TestMapReduceActionBuilder, testPipesAddedTwiceThrows, pass
org.apache.oozie.fluentjob.api.action.TestMapReduceActionBuilder, testClearJobXmls, pass
org.apache.oozie.fluentjob.api.action.TestMapReduceActionBuilder, testFromOtherAction, pass
org.apache.oozie.fluentjob.api.action.TestMapReduceActionBuilder, testRemoveArchives, pass
org.apache.oozie.fluentjob.api.action.TestMapReduceActionBuilder, testConfigClassAddedTwiceThrows, pass
org.apache.oozie.fluentjob.api.action.TestMapReduceActionBuilder, testResourceManagerAdded, pass
org.apache.oozie.fluentjob.api.action.TestMapReduceActionBuilder, testSameConfigPropertyAddedTwiceThrows, pass
org.apache.oozie.fluentjob.api.action.TestMapReduceActionBuilder, testFromExistingActionMapReduceSpecific, pass
org.apache.oozie.fluentjob.api.action.TestMapReduceActionBuilder, testStreamingAdded, pass
org.apache.oozie.fluentjob.api.action.TestMapReduceActionBuilder, testNameNodeAdded, pass
org.apache.oozie.fluentjob.api.action.TestMapReduceActionBuilder, testSeveralArchivesAdded, pass
org.apache.oozie.fluentjob.api.action.TestMapReduceActionBuilder, testSeveralFilesAdded, pass
org.apache.oozie.fluentjob.api.action.TestMapReduceActionBuilder, testWithoutJobXmls, pass
org.apache.oozie.fluentjob.api.action.TestMapReduceActionBuilder, testConfigClassAdded, pass
org.apache.oozie.fluentjob.api.action.TestMapReduceActionBuilder, testWithoutErrorHandler, pass
org.apache.oozie.fluentjob.api.action.TestMapReduceActionBuilder, testAddMultipleDefaultConditionalChildrenThrows, pass
org.apache.oozie.fluentjob.api.action.TestMapReduceActionBuilder, testAddParentWithAndWithoutCondition, pass
org.apache.oozie.fluentjob.api.action.TestMapReduceActionBuilder, testIncorrectSubclassingThrows, pass
org.apache.oozie.fluentjob.api.action.TestMapReduceActionBuilder, testWithoutParentWhenConditionExists, pass
org.apache.oozie.fluentjob.api.action.TestMapReduceActionBuilder, testAddingDuplicateParentBothTimesWithConditionThrows, pass
org.apache.oozie.fluentjob.api.action.TestMapReduceActionBuilder, testAddDuplicateDefaultParentTwiceAsDefaultThrows, pass
org.apache.oozie.fluentjob.api.action.TestMapReduceActionBuilder, testAddingDuplicateParentFirstWithConditionThenWithoutConditionThrows, pass
org.apache.oozie.fluentjob.api.action.TestMapReduceActionBuilder, testErrorHandlerAdded, pass
org.apache.oozie.fluentjob.api.action.TestMapReduceActionBuilder, testRemovingErrorHandlerAfterAddingItThrows, pass
org.apache.oozie.fluentjob.api.action.TestMapReduceActionBuilder, testAddingDuplicateParentFirstWithoutConditionThenWithConditionThrows, pass
org.apache.oozie.fluentjob.api.action.TestMapReduceActionBuilder, testAddedAsParentWithoutConditionWhenChildWithConditionExistsThrows, pass
org.apache.oozie.fluentjob.api.action.TestMapReduceActionBuilder, testRetryAttributesAddedTwiceThrows, pass
org.apache.oozie.fluentjob.api.action.TestMapReduceActionBuilder, testAddDuplicateDefaultParentFirstAsNormalConditionalThrows, pass
org.apache.oozie.fluentjob.api.action.TestMapReduceActionBuilder, testAddingDuplicateParentBothTimesWithoutConditionThrows, pass
org.apache.oozie.fluentjob.api.action.TestMapReduceActionBuilder, testClearParents, pass
org.apache.oozie.fluentjob.api.action.TestMapReduceActionBuilder, testAddParents, pass
org.apache.oozie.fluentjob.api.action.TestMapReduceActionBuilder, testNameAddedTwiceThrows, pass
org.apache.oozie.fluentjob.api.action.TestMapReduceActionBuilder, testAddedAsParentWithCondition, pass
org.apache.oozie.fluentjob.api.action.TestMapReduceActionBuilder, testWithConditionalParents, pass
org.apache.oozie.fluentjob.api.action.TestMapReduceActionBuilder, testAddedAsParentWithConditionWhenChildWithoutConditionExistsThrows, pass
org.apache.oozie.fluentjob.api.action.TestMapReduceActionBuilder, testAddedAsParentWithoutCondition, pass
org.apache.oozie.fluentjob.api.action.TestMapReduceActionBuilder, testErrorHandlerAddedTwiceThrows, pass
org.apache.oozie.fluentjob.api.action.TestMapReduceActionBuilder, testFromExistingNode, pass
org.apache.oozie.fluentjob.api.action.TestMapReduceActionBuilder, testCredentialAddedAndRemoved, pass
org.apache.oozie.fluentjob.api.action.TestMapReduceActionBuilder, testNameAdded, pass
org.apache.oozie.fluentjob.api.action.TestMapReduceActionBuilder, testWithoutParent, pass
org.apache.oozie.fluentjob.api.action.TestMove, testSourceAndTargetAreCorrect, pass
org.apache.oozie.fluentjob.api.action.TestPigActionBuilder, testSeveralArgsAdded, pass
org.apache.oozie.fluentjob.api.action.TestPigActionBuilder, testPrepareAdded, pass
org.apache.oozie.fluentjob.api.action.TestPigActionBuilder, testClearArgs, pass
org.apache.oozie.fluentjob.api.action.TestPigActionBuilder, testFromOtherAction, pass
org.apache.oozie.fluentjob.api.action.TestPigActionBuilder, testFromExistingPigAction, pass
org.apache.oozie.fluentjob.api.action.TestPigActionBuilder, testResourceManagerAdded, pass
org.apache.oozie.fluentjob.api.action.TestPigActionBuilder, testRemoveArgs, pass
org.apache.oozie.fluentjob.api.action.TestPigActionBuilder, testSameConfigPropertyAddedTwiceThrows, pass
org.apache.oozie.fluentjob.api.action.TestPigActionBuilder, testNameNodeAdded, pass
org.apache.oozie.fluentjob.api.action.TestPigActionBuilder, testWithoutErrorHandler, pass
org.apache.oozie.fluentjob.api.action.TestPigActionBuilder, testAddMultipleDefaultConditionalChildrenThrows, pass
org.apache.oozie.fluentjob.api.action.TestPigActionBuilder, testAddParentWithAndWithoutCondition, pass
org.apache.oozie.fluentjob.api.action.TestPigActionBuilder, testIncorrectSubclassingThrows, pass
org.apache.oozie.fluentjob.api.action.TestPigActionBuilder, testWithoutParentWhenConditionExists, pass
org.apache.oozie.fluentjob.api.action.TestPigActionBuilder, testAddingDuplicateParentBothTimesWithConditionThrows, pass
org.apache.oozie.fluentjob.api.action.TestPigActionBuilder, testAddDuplicateDefaultParentTwiceAsDefaultThrows, pass
org.apache.oozie.fluentjob.api.action.TestPigActionBuilder, testAddingDuplicateParentFirstWithConditionThenWithoutConditionThrows, pass
org.apache.oozie.fluentjob.api.action.TestPigActionBuilder, testErrorHandlerAdded, pass
org.apache.oozie.fluentjob.api.action.TestPigActionBuilder, testRemovingErrorHandlerAfterAddingItThrows, pass
org.apache.oozie.fluentjob.api.action.TestPigActionBuilder, testAddingDuplicateParentFirstWithoutConditionThenWithConditionThrows, pass
org.apache.oozie.fluentjob.api.action.TestPigActionBuilder, testAddedAsParentWithoutConditionWhenChildWithConditionExistsThrows, pass
org.apache.oozie.fluentjob.api.action.TestPigActionBuilder, testRetryAttributesAddedTwiceThrows, pass
org.apache.oozie.fluentjob.api.action.TestPigActionBuilder, testAddDuplicateDefaultParentFirstAsNormalConditionalThrows, pass
org.apache.oozie.fluentjob.api.action.TestPigActionBuilder, testAddingDuplicateParentBothTimesWithoutConditionThrows, pass
org.apache.oozie.fluentjob.api.action.TestPigActionBuilder, testClearParents, pass
org.apache.oozie.fluentjob.api.action.TestPigActionBuilder, testAddParents, pass
org.apache.oozie.fluentjob.api.action.TestPigActionBuilder, testNameAddedTwiceThrows, pass
org.apache.oozie.fluentjob.api.action.TestPigActionBuilder, testAddedAsParentWithCondition, pass
org.apache.oozie.fluentjob.api.action.TestPigActionBuilder, testWithConditionalParents, pass
org.apache.oozie.fluentjob.api.action.TestPigActionBuilder, testAddedAsParentWithConditionWhenChildWithoutConditionExistsThrows, pass
org.apache.oozie.fluentjob.api.action.TestPigActionBuilder, testAddedAsParentWithoutCondition, pass
org.apache.oozie.fluentjob.api.action.TestPigActionBuilder, testErrorHandlerAddedTwiceThrows, pass
org.apache.oozie.fluentjob.api.action.TestPigActionBuilder, testFromExistingNode, pass
org.apache.oozie.fluentjob.api.action.TestPigActionBuilder, testCredentialAddedAndRemoved, pass
org.apache.oozie.fluentjob.api.action.TestPigActionBuilder, testNameAdded, pass
org.apache.oozie.fluentjob.api.action.TestPigActionBuilder, testWithoutParent, pass
org.apache.oozie.fluentjob.api.action.TestPipesBuilder, testWithProgramCalledTwiceThrows, pass
org.apache.oozie.fluentjob.api.action.TestPipesBuilder, testWithWriterCalledTwiceThrows, pass
org.apache.oozie.fluentjob.api.action.TestPipesBuilder, testWithPartitionerCalledTwiceThrows, pass
org.apache.oozie.fluentjob.api.action.TestPipesBuilder, testMapCalledTwiceThrows, pass
org.apache.oozie.fluentjob.api.action.TestPipesBuilder, testWithProgram, pass
org.apache.oozie.fluentjob.api.action.TestPipesBuilder, testWithInputformat, pass
org.apache.oozie.fluentjob.api.action.TestPipesBuilder, testWithMap, pass
org.apache.oozie.fluentjob.api.action.TestPipesBuilder, testWithInputformatCalledTwiceThrows, pass
org.apache.oozie.fluentjob.api.action.TestPipesBuilder, testWithPartitioner, pass
org.apache.oozie.fluentjob.api.action.TestPipesBuilder, testWithReduce, pass
org.apache.oozie.fluentjob.api.action.TestPipesBuilder, testWithWriter, pass
org.apache.oozie.fluentjob.api.action.TestPipesBuilder, testWithReduceCalledTwiceThrows, pass
org.apache.oozie.fluentjob.api.action.TestPrepareBuilder, testSeveralDeletesAreAddedWithSkipTrashNotSpecified, pass
org.apache.oozie.fluentjob.api.action.TestPrepareBuilder, testOneMkdirIsAdded, pass
org.apache.oozie.fluentjob.api.action.TestPrepareBuilder, testOneDeleteIsAddedWithSkipTrashTrue, pass
org.apache.oozie.fluentjob.api.action.TestPrepareBuilder, testSeveralMkdirsAreAdded, pass
org.apache.oozie.fluentjob.api.action.TestShellActionBuilder, testPrepareAdded, pass
org.apache.oozie.fluentjob.api.action.TestShellActionBuilder, testClearArguments, pass
org.apache.oozie.fluentjob.api.action.TestShellActionBuilder, testFromOtherAction, pass
org.apache.oozie.fluentjob.api.action.TestShellActionBuilder, testRemoveArguments, pass
org.apache.oozie.fluentjob.api.action.TestShellActionBuilder, testResourceManagerAdded, pass
org.apache.oozie.fluentjob.api.action.TestShellActionBuilder, testFromExistingShellAction, pass
org.apache.oozie.fluentjob.api.action.TestShellActionBuilder, testSameConfigPropertyAddedTwiceThrows, pass
org.apache.oozie.fluentjob.api.action.TestShellActionBuilder, testNameNodeAdded, pass
org.apache.oozie.fluentjob.api.action.TestShellActionBuilder, testSeveralArgumentsAdded, pass
org.apache.oozie.fluentjob.api.action.TestShellActionBuilder, testWithoutErrorHandler, pass
org.apache.oozie.fluentjob.api.action.TestShellActionBuilder, testAddMultipleDefaultConditionalChildrenThrows, pass
org.apache.oozie.fluentjob.api.action.TestShellActionBuilder, testAddParentWithAndWithoutCondition, pass
org.apache.oozie.fluentjob.api.action.TestShellActionBuilder, testIncorrectSubclassingThrows, pass
org.apache.oozie.fluentjob.api.action.TestShellActionBuilder, testWithoutParentWhenConditionExists, pass
org.apache.oozie.fluentjob.api.action.TestShellActionBuilder, testAddingDuplicateParentBothTimesWithConditionThrows, pass
org.apache.oozie.fluentjob.api.action.TestShellActionBuilder, testAddDuplicateDefaultParentTwiceAsDefaultThrows, pass
org.apache.oozie.fluentjob.api.action.TestShellActionBuilder, testAddingDuplicateParentFirstWithConditionThenWithoutConditionThrows, pass
org.apache.oozie.fluentjob.api.action.TestShellActionBuilder, testErrorHandlerAdded, pass
org.apache.oozie.fluentjob.api.action.TestShellActionBuilder, testRemovingErrorHandlerAfterAddingItThrows, pass
org.apache.oozie.fluentjob.api.action.TestShellActionBuilder, testAddingDuplicateParentFirstWithoutConditionThenWithConditionThrows, pass
org.apache.oozie.fluentjob.api.action.TestShellActionBuilder, testAddedAsParentWithoutConditionWhenChildWithConditionExistsThrows, pass
org.apache.oozie.fluentjob.api.action.TestShellActionBuilder, testRetryAttributesAddedTwiceThrows, pass
org.apache.oozie.fluentjob.api.action.TestShellActionBuilder, testAddDuplicateDefaultParentFirstAsNormalConditionalThrows, pass
org.apache.oozie.fluentjob.api.action.TestShellActionBuilder, testAddingDuplicateParentBothTimesWithoutConditionThrows, pass
org.apache.oozie.fluentjob.api.action.TestShellActionBuilder, testClearParents, pass
org.apache.oozie.fluentjob.api.action.TestShellActionBuilder, testAddParents, pass
org.apache.oozie.fluentjob.api.action.TestShellActionBuilder, testNameAddedTwiceThrows, pass
org.apache.oozie.fluentjob.api.action.TestShellActionBuilder, testAddedAsParentWithCondition, pass
org.apache.oozie.fluentjob.api.action.TestShellActionBuilder, testWithConditionalParents, pass
org.apache.oozie.fluentjob.api.action.TestShellActionBuilder, testAddedAsParentWithConditionWhenChildWithoutConditionExistsThrows, pass
org.apache.oozie.fluentjob.api.action.TestShellActionBuilder, testAddedAsParentWithoutCondition, pass
org.apache.oozie.fluentjob.api.action.TestShellActionBuilder, testErrorHandlerAddedTwiceThrows, pass
org.apache.oozie.fluentjob.api.action.TestShellActionBuilder, testFromExistingNode, pass
org.apache.oozie.fluentjob.api.action.TestShellActionBuilder, testCredentialAddedAndRemoved, pass
org.apache.oozie.fluentjob.api.action.TestShellActionBuilder, testNameAdded, pass
org.apache.oozie.fluentjob.api.action.TestShellActionBuilder, testWithoutParent, pass
org.apache.oozie.fluentjob.api.action.TestSparkActionBuilder, testSeveralArgsAdded, pass
org.apache.oozie.fluentjob.api.action.TestSparkActionBuilder, testFromExistingSparkAction, pass
org.apache.oozie.fluentjob.api.action.TestSparkActionBuilder, testPrepareAdded, pass
org.apache.oozie.fluentjob.api.action.TestSparkActionBuilder, testClearArgs, pass
org.apache.oozie.fluentjob.api.action.TestSparkActionBuilder, testFromOtherAction, pass
org.apache.oozie.fluentjob.api.action.TestSparkActionBuilder, testResourceManagerAdded, pass
org.apache.oozie.fluentjob.api.action.TestSparkActionBuilder, testRemoveArgs, pass
org.apache.oozie.fluentjob.api.action.TestSparkActionBuilder, testSameConfigPropertyAddedTwiceThrows, pass
org.apache.oozie.fluentjob.api.action.TestSparkActionBuilder, testNameNodeAdded, pass
org.apache.oozie.fluentjob.api.action.TestSparkActionBuilder, testWithoutErrorHandler, pass
org.apache.oozie.fluentjob.api.action.TestSparkActionBuilder, testAddMultipleDefaultConditionalChildrenThrows, pass
org.apache.oozie.fluentjob.api.action.TestSparkActionBuilder, testAddParentWithAndWithoutCondition, pass
org.apache.oozie.fluentjob.api.action.TestSparkActionBuilder, testIncorrectSubclassingThrows, pass
org.apache.oozie.fluentjob.api.action.TestSparkActionBuilder, testWithoutParentWhenConditionExists, pass
org.apache.oozie.fluentjob.api.action.TestSparkActionBuilder, testAddingDuplicateParentBothTimesWithConditionThrows, pass
org.apache.oozie.fluentjob.api.action.TestSparkActionBuilder, testAddDuplicateDefaultParentTwiceAsDefaultThrows, pass
org.apache.oozie.fluentjob.api.action.TestSparkActionBuilder, testAddingDuplicateParentFirstWithConditionThenWithoutConditionThrows, pass
org.apache.oozie.fluentjob.api.action.TestSparkActionBuilder, testErrorHandlerAdded, pass
org.apache.oozie.fluentjob.api.action.TestSparkActionBuilder, testRemovingErrorHandlerAfterAddingItThrows, pass
org.apache.oozie.fluentjob.api.action.TestSparkActionBuilder, testAddingDuplicateParentFirstWithoutConditionThenWithConditionThrows, pass
org.apache.oozie.fluentjob.api.action.TestSparkActionBuilder, testAddedAsParentWithoutConditionWhenChildWithConditionExistsThrows, pass
org.apache.oozie.fluentjob.api.action.TestSparkActionBuilder, testRetryAttributesAddedTwiceThrows, pass
org.apache.oozie.fluentjob.api.action.TestSparkActionBuilder, testAddDuplicateDefaultParentFirstAsNormalConditionalThrows, pass
org.apache.oozie.fluentjob.api.action.TestSparkActionBuilder, testAddingDuplicateParentBothTimesWithoutConditionThrows, pass
org.apache.oozie.fluentjob.api.action.TestSparkActionBuilder, testClearParents, pass
org.apache.oozie.fluentjob.api.action.TestSparkActionBuilder, testAddParents, pass
org.apache.oozie.fluentjob.api.action.TestSparkActionBuilder, testNameAddedTwiceThrows, pass
org.apache.oozie.fluentjob.api.action.TestSparkActionBuilder, testAddedAsParentWithCondition, pass
org.apache.oozie.fluentjob.api.action.TestSparkActionBuilder, testWithConditionalParents, pass
org.apache.oozie.fluentjob.api.action.TestSparkActionBuilder, testAddedAsParentWithConditionWhenChildWithoutConditionExistsThrows, pass
org.apache.oozie.fluentjob.api.action.TestSparkActionBuilder, testAddedAsParentWithoutCondition, pass
org.apache.oozie.fluentjob.api.action.TestSparkActionBuilder, testErrorHandlerAddedTwiceThrows, pass
org.apache.oozie.fluentjob.api.action.TestSparkActionBuilder, testFromExistingNode, pass
org.apache.oozie.fluentjob.api.action.TestSparkActionBuilder, testCredentialAddedAndRemoved, pass
org.apache.oozie.fluentjob.api.action.TestSparkActionBuilder, testNameAdded, pass
org.apache.oozie.fluentjob.api.action.TestSparkActionBuilder, testWithoutParent, pass
org.apache.oozie.fluentjob.api.action.TestSqoopActionBuilder, testFromExistingSqoopAction, pass
org.apache.oozie.fluentjob.api.action.TestSqoopActionBuilder, testPrepareAdded, pass
org.apache.oozie.fluentjob.api.action.TestSqoopActionBuilder, testClearArguments, pass
org.apache.oozie.fluentjob.api.action.TestSqoopActionBuilder, testFromOtherAction, pass
org.apache.oozie.fluentjob.api.action.TestSqoopActionBuilder, testRemoveArguments, pass
org.apache.oozie.fluentjob.api.action.TestSqoopActionBuilder, testResourceManagerAdded, pass
org.apache.oozie.fluentjob.api.action.TestSqoopActionBuilder, testSameConfigPropertyAddedTwiceThrows, pass
org.apache.oozie.fluentjob.api.action.TestSqoopActionBuilder, testNameNodeAdded, pass
org.apache.oozie.fluentjob.api.action.TestSqoopActionBuilder, testSeveralArgumentsAdded, pass
org.apache.oozie.fluentjob.api.action.TestSqoopActionBuilder, testWithoutErrorHandler, pass
org.apache.oozie.fluentjob.api.action.TestSqoopActionBuilder, testAddMultipleDefaultConditionalChildrenThrows, pass
org.apache.oozie.fluentjob.api.action.TestSqoopActionBuilder, testAddParentWithAndWithoutCondition, pass
org.apache.oozie.fluentjob.api.action.TestSqoopActionBuilder, testIncorrectSubclassingThrows, pass
org.apache.oozie.fluentjob.api.action.TestSqoopActionBuilder, testWithoutParentWhenConditionExists, pass
org.apache.oozie.fluentjob.api.action.TestSqoopActionBuilder, testAddingDuplicateParentBothTimesWithConditionThrows, pass
org.apache.oozie.fluentjob.api.action.TestSqoopActionBuilder, testAddDuplicateDefaultParentTwiceAsDefaultThrows, pass
org.apache.oozie.fluentjob.api.action.TestSqoopActionBuilder, testAddingDuplicateParentFirstWithConditionThenWithoutConditionThrows, pass
org.apache.oozie.fluentjob.api.action.TestSqoopActionBuilder, testErrorHandlerAdded, pass
org.apache.oozie.fluentjob.api.action.TestSqoopActionBuilder, testRemovingErrorHandlerAfterAddingItThrows, pass
org.apache.oozie.fluentjob.api.action.TestSqoopActionBuilder, testAddingDuplicateParentFirstWithoutConditionThenWithConditionThrows, pass
org.apache.oozie.fluentjob.api.action.TestSqoopActionBuilder, testAddedAsParentWithoutConditionWhenChildWithConditionExistsThrows, pass
org.apache.oozie.fluentjob.api.action.TestSqoopActionBuilder, testRetryAttributesAddedTwiceThrows, pass
org.apache.oozie.fluentjob.api.action.TestSqoopActionBuilder, testAddDuplicateDefaultParentFirstAsNormalConditionalThrows, pass
org.apache.oozie.fluentjob.api.action.TestSqoopActionBuilder, testAddingDuplicateParentBothTimesWithoutConditionThrows, pass
org.apache.oozie.fluentjob.api.action.TestSqoopActionBuilder, testClearParents, pass
org.apache.oozie.fluentjob.api.action.TestSqoopActionBuilder, testAddParents, pass
org.apache.oozie.fluentjob.api.action.TestSqoopActionBuilder, testNameAddedTwiceThrows, pass
org.apache.oozie.fluentjob.api.action.TestSqoopActionBuilder, testAddedAsParentWithCondition, pass
org.apache.oozie.fluentjob.api.action.TestSqoopActionBuilder, testWithConditionalParents, pass
org.apache.oozie.fluentjob.api.action.TestSqoopActionBuilder, testAddedAsParentWithConditionWhenChildWithoutConditionExistsThrows, pass
org.apache.oozie.fluentjob.api.action.TestSqoopActionBuilder, testAddedAsParentWithoutCondition, pass
org.apache.oozie.fluentjob.api.action.TestSqoopActionBuilder, testErrorHandlerAddedTwiceThrows, pass
org.apache.oozie.fluentjob.api.action.TestSqoopActionBuilder, testFromExistingNode, pass
org.apache.oozie.fluentjob.api.action.TestSqoopActionBuilder, testCredentialAddedAndRemoved, pass
org.apache.oozie.fluentjob.api.action.TestSqoopActionBuilder, testNameAdded, pass
org.apache.oozie.fluentjob.api.action.TestSqoopActionBuilder, testWithoutParent, pass
org.apache.oozie.fluentjob.api.action.TestStreamingBuilder, testWithRecordReaderMapping, pass
org.apache.oozie.fluentjob.api.action.TestStreamingBuilder, testWithRecordReaderCalledTwiceThrows, pass
org.apache.oozie.fluentjob.api.action.TestStreamingBuilder, testWithReducerCalledTwiceThrows, pass
org.apache.oozie.fluentjob.api.action.TestStreamingBuilder, testWithRecordReader, pass
org.apache.oozie.fluentjob.api.action.TestStreamingBuilder, testWithEnv, pass
org.apache.oozie.fluentjob.api.action.TestStreamingBuilder, testWithReducer, pass
org.apache.oozie.fluentjob.api.action.TestStreamingBuilder, testWithMapper, pass
org.apache.oozie.fluentjob.api.action.TestStreamingBuilder, testWithMapperCalledTwiceThrows, pass
org.apache.oozie.fluentjob.api.action.TestSubWorkflowBuilder, testConfigPropertyAdded, pass
org.apache.oozie.fluentjob.api.action.TestSubWorkflowBuilder, testWithoutPropagatingConfigurationCalledTwiceThrows, pass
org.apache.oozie.fluentjob.api.action.TestSubWorkflowBuilder, testWithAppPathCalledTwiceThrows, pass
org.apache.oozie.fluentjob.api.action.TestSubWorkflowBuilder, testWithPropagatingConfiguration, pass
org.apache.oozie.fluentjob.api.action.TestSubWorkflowBuilder, testWithAppPath, pass
org.apache.oozie.fluentjob.api.action.TestSubWorkflowBuilder, testFromExistiongSubWorkflowAction, pass
org.apache.oozie.fluentjob.api.action.TestSubWorkflowBuilder, testSameConfigPropertyAddedTwiceThrows, pass
org.apache.oozie.fluentjob.api.action.TestSubWorkflowBuilder, testWithPropagatingConfigurationCalledTwiceThrows, pass
org.apache.oozie.fluentjob.api.action.TestSubWorkflowBuilder, testWithoutPropagatingConfiguration, pass
org.apache.oozie.fluentjob.api.action.TestSubWorkflowBuilder, testSeveralConfigPropertiesAdded, pass
org.apache.oozie.fluentjob.api.action.TestSubWorkflowBuilder, testWithoutErrorHandler, pass
org.apache.oozie.fluentjob.api.action.TestSubWorkflowBuilder, testAddMultipleDefaultConditionalChildrenThrows, pass
org.apache.oozie.fluentjob.api.action.TestSubWorkflowBuilder, testAddParentWithAndWithoutCondition, pass
org.apache.oozie.fluentjob.api.action.TestSubWorkflowBuilder, testIncorrectSubclassingThrows, pass
org.apache.oozie.fluentjob.api.action.TestSubWorkflowBuilder, testWithoutParentWhenConditionExists, pass
org.apache.oozie.fluentjob.api.action.TestSubWorkflowBuilder, testAddingDuplicateParentBothTimesWithConditionThrows, pass
org.apache.oozie.fluentjob.api.action.TestSubWorkflowBuilder, testAddDuplicateDefaultParentTwiceAsDefaultThrows, pass
org.apache.oozie.fluentjob.api.action.TestSubWorkflowBuilder, testAddingDuplicateParentFirstWithConditionThenWithoutConditionThrows, pass
org.apache.oozie.fluentjob.api.action.TestSubWorkflowBuilder, testErrorHandlerAdded, pass
org.apache.oozie.fluentjob.api.action.TestSubWorkflowBuilder, testRemovingErrorHandlerAfterAddingItThrows, pass
org.apache.oozie.fluentjob.api.action.TestSubWorkflowBuilder, testAddingDuplicateParentFirstWithoutConditionThenWithConditionThrows, pass
org.apache.oozie.fluentjob.api.action.TestSubWorkflowBuilder, testAddedAsParentWithoutConditionWhenChildWithConditionExistsThrows, pass
org.apache.oozie.fluentjob.api.action.TestSubWorkflowBuilder, testRetryAttributesAddedTwiceThrows, pass
org.apache.oozie.fluentjob.api.action.TestSubWorkflowBuilder, testAddDuplicateDefaultParentFirstAsNormalConditionalThrows, pass
org.apache.oozie.fluentjob.api.action.TestSubWorkflowBuilder, testAddingDuplicateParentBothTimesWithoutConditionThrows, pass
org.apache.oozie.fluentjob.api.action.TestSubWorkflowBuilder, testClearParents, pass
org.apache.oozie.fluentjob.api.action.TestSubWorkflowBuilder, testAddParents, pass
org.apache.oozie.fluentjob.api.action.TestSubWorkflowBuilder, testNameAddedTwiceThrows, pass
org.apache.oozie.fluentjob.api.action.TestSubWorkflowBuilder, testAddedAsParentWithCondition, pass
org.apache.oozie.fluentjob.api.action.TestSubWorkflowBuilder, testWithConditionalParents, pass
org.apache.oozie.fluentjob.api.action.TestSubWorkflowBuilder, testAddedAsParentWithConditionWhenChildWithoutConditionExistsThrows, pass
org.apache.oozie.fluentjob.api.action.TestSubWorkflowBuilder, testAddedAsParentWithoutCondition, pass
org.apache.oozie.fluentjob.api.action.TestSubWorkflowBuilder, testErrorHandlerAddedTwiceThrows, pass
org.apache.oozie.fluentjob.api.action.TestSubWorkflowBuilder, testFromExistingNode, pass
org.apache.oozie.fluentjob.api.action.TestSubWorkflowBuilder, testCredentialAddedAndRemoved, pass
org.apache.oozie.fluentjob.api.action.TestSubWorkflowBuilder, testNameAdded, pass
org.apache.oozie.fluentjob.api.action.TestSubWorkflowBuilder, testWithoutParent, pass
org.apache.oozie.fluentjob.api.action.TestTouchz, testGetPath, pass
org.apache.oozie.fluentjob.api.dag.TestDecision, testRemoveExistingParent, pass
org.apache.oozie.fluentjob.api.dag.TestDecision, testChildrenWithConditionsAreCorrect, pass
org.apache.oozie.fluentjob.api.dag.TestDecision, testDefaultChildRemovedAndAnotherOneAdded, pass
org.apache.oozie.fluentjob.api.dag.TestDecision, testMultipleDefaultChildAddedThrows, pass
org.apache.oozie.fluentjob.api.dag.TestDecision, testAddParentWhenNoneAlreadyExists, pass
org.apache.oozie.fluentjob.api.dag.TestDecision, testClearExistingParent, pass
org.apache.oozie.fluentjob.api.dag.TestDecision, testDecisionRemovedAsParent, pass
org.apache.oozie.fluentjob.api.dag.TestDecision, testClearNonExistentParent, pass
org.apache.oozie.fluentjob.api.dag.TestDecision, testAddParentWhenItAlreadyExistsThrows, pass
org.apache.oozie.fluentjob.api.dag.TestDecision, testRemoveNonexistentParentThrows, pass
org.apache.oozie.fluentjob.api.dag.TestDecision, testDefaultChildIsCorrect, pass
org.apache.oozie.fluentjob.api.dag.TestDecision, testNameIsCorrect, pass
org.apache.oozie.fluentjob.api.dag.TestDecisionJoin, testJoinAddedAsParentWhenItHasNoChild, pass
org.apache.oozie.fluentjob.api.dag.TestDecisionJoin, testCorrespondingBranchingIsCorrect, pass
org.apache.oozie.fluentjob.api.dag.TestDecisionJoin, testGetChildren, pass
org.apache.oozie.fluentjob.api.dag.TestDecisionJoin, testRemoveExistingParent, pass
org.apache.oozie.fluentjob.api.dag.TestDecisionJoin, testAddParentWhenSomeAlreadyExist, pass
org.apache.oozie.fluentjob.api.dag.TestDecisionJoin, testAddParentWhenNoneAlreadyExists, pass
org.apache.oozie.fluentjob.api.dag.TestDecisionJoin, testClearExistingParent, pass
org.apache.oozie.fluentjob.api.dag.TestDecisionJoin, testJoinAddedAsParentWhenItAlreadyHasAChildThrows, pass
org.apache.oozie.fluentjob.api.dag.TestDecisionJoin, testClearNonExistentParent, pass
org.apache.oozie.fluentjob.api.dag.TestDecisionJoin, testRemoveNonexistentParentThrows, pass
org.apache.oozie.fluentjob.api.dag.TestDecisionJoin, testJoinRemovedAsParent, pass
org.apache.oozie.fluentjob.api.dag.TestDecisionJoin, testNameIsCorrect, pass
org.apache.oozie.fluentjob.api.dag.TestEnd, testAddedAsParentThrows, pass
org.apache.oozie.fluentjob.api.dag.TestEnd, testGetChildren, pass
org.apache.oozie.fluentjob.api.dag.TestEnd, testAddParentWhenItAlreadyExists, pass
org.apache.oozie.fluentjob.api.dag.TestEnd, testRemoveExistingParent, pass
org.apache.oozie.fluentjob.api.dag.TestEnd, testAddParentWhenNoneAlreadyExists, pass
org.apache.oozie.fluentjob.api.dag.TestEnd, testClearExistingParent, pass
org.apache.oozie.fluentjob.api.dag.TestEnd, testClearNonExistentParent, pass
org.apache.oozie.fluentjob.api.dag.TestEnd, testRemoveNonexistentParentThrows, pass
org.apache.oozie.fluentjob.api.dag.TestEnd, testNameIsCorrect, pass
org.apache.oozie.fluentjob.api.dag.TestExplicitNode, testNormalAddedAsParentWhenItHasNoChild, pass
org.apache.oozie.fluentjob.api.dag.TestExplicitNode, testGetChildren, pass
org.apache.oozie.fluentjob.api.dag.TestExplicitNode, testRemoveExistingParent, pass
org.apache.oozie.fluentjob.api.dag.TestExplicitNode, testAddingParentWhenItAlreadyExistsThrows, pass
org.apache.oozie.fluentjob.api.dag.TestExplicitNode, testAddParentWhenNoneAlreadyExists, pass
org.apache.oozie.fluentjob.api.dag.TestExplicitNode, testRealNode, pass
org.apache.oozie.fluentjob.api.dag.TestExplicitNode, testClearExistingParent, pass
org.apache.oozie.fluentjob.api.dag.TestExplicitNode, testClearNonExistentParent, pass
org.apache.oozie.fluentjob.api.dag.TestExplicitNode, testNormalAddedAsParentWhenItAlreadyHasAChildThrows, pass
org.apache.oozie.fluentjob.api.dag.TestExplicitNode, testNormalRemovedAsParent, pass
org.apache.oozie.fluentjob.api.dag.TestExplicitNode, testRemoveNonexistentParentThrows, pass
org.apache.oozie.fluentjob.api.dag.TestExplicitNode, testNameIsCorrect, pass
org.apache.oozie.fluentjob.api.dag.TestFork, testClose, pass
org.apache.oozie.fluentjob.api.dag.TestFork, testRemoveExistingParent, pass
org.apache.oozie.fluentjob.api.dag.TestFork, testAddParentWhenNoneAlreadyExists, pass
org.apache.oozie.fluentjob.api.dag.TestFork, testClearExistingParent, pass
org.apache.oozie.fluentjob.api.dag.TestFork, testClearNonExistentParent, pass
org.apache.oozie.fluentjob.api.dag.TestFork, testAddParentWhenItAlreadyExistsThrows, pass
org.apache.oozie.fluentjob.api.dag.TestFork, testForkAddedAsParentWhenItHasNoChild, pass
org.apache.oozie.fluentjob.api.dag.TestFork, testRemoveNonexistentParentThrows, pass
org.apache.oozie.fluentjob.api.dag.TestFork, testForkRemovedAsParent, pass
org.apache.oozie.fluentjob.api.dag.TestFork, testForkAddedAsParentWhenItAlreadyHasAChild, pass
org.apache.oozie.fluentjob.api.dag.TestFork, testNameIsCorrect, pass
org.apache.oozie.fluentjob.api.dag.TestGraph, testDuplicateNamesThrow, pass
org.apache.oozie.fluentjob.api.dag.TestGraph, testRedundantEdge, pass
org.apache.oozie.fluentjob.api.dag.TestGraph, testWorkflowWithoutJoin, pass
org.apache.oozie.fluentjob.api.dag.TestGraph, testWorkflowNewDependenciesNeeded, pass
org.apache.oozie.fluentjob.api.dag.TestGraph, testIncomingConditionalBranchesFromDifferentDecisionsThrows, pass
org.apache.oozie.fluentjob.api.dag.TestGraph, testCrossingDependencyLines, pass
org.apache.oozie.fluentjob.api.dag.TestGraph, testLateUncle, pass
org.apache.oozie.fluentjob.api.dag.TestGraph, testSplittingForks, pass
org.apache.oozie.fluentjob.api.dag.TestGraph, testSplittingJoins, pass
org.apache.oozie.fluentjob.api.dag.TestGraph, testDecisionAndJoin, pass
org.apache.oozie.fluentjob.api.dag.TestGraph, testBranchingUncles, pass
org.apache.oozie.fluentjob.api.dag.TestGraph, testTrivialDecision, pass
org.apache.oozie.fluentjob.api.dag.TestGraph, testWorkflowWithTrivialJoin, pass
org.apache.oozie.fluentjob.api.dag.TestGraph, testNameIsCorrect, pass
org.apache.oozie.fluentjob.api.dag.TestGraph, testTrivialRedundantEdge, pass
org.apache.oozie.fluentjob.api.dag.TestGraph, testMultipleRoots, pass
org.apache.oozie.fluentjob.api.dag.TestGraph, testDecisionAtUncleOfJoin, pass
org.apache.oozie.fluentjob.api.dag.TestGraph, testAlreadyClosedDecisionBranching, pass
org.apache.oozie.fluentjob.api.dag.TestGraph, testTrivialDiamondDecision, pass
org.apache.oozie.fluentjob.api.dag.TestJoin, testCorrespondingForkIsCorrect, pass
org.apache.oozie.fluentjob.api.dag.TestJoin, testJoinAddedAsParentWhenItHasNoChild, pass
org.apache.oozie.fluentjob.api.dag.TestJoin, testCorrespondingBranchingIsCorrect, pass
org.apache.oozie.fluentjob.api.dag.TestJoin, testGetChildren, pass
org.apache.oozie.fluentjob.api.dag.TestJoin, testRemoveExistingParent, pass
org.apache.oozie.fluentjob.api.dag.TestJoin, testAddParentWhenSomeAlreadyExist, pass
org.apache.oozie.fluentjob.api.dag.TestJoin, testAddParentWhenNoneAlreadyExists, pass
org.apache.oozie.fluentjob.api.dag.TestJoin, testClearExistingParent, pass
org.apache.oozie.fluentjob.api.dag.TestJoin, testJoinAddedAsParentWhenItAlreadyHasAChildThrows, pass
org.apache.oozie.fluentjob.api.dag.TestJoin, testClearNonExistentParent, pass
org.apache.oozie.fluentjob.api.dag.TestJoin, testRemoveNonexistentParentThrows, pass
org.apache.oozie.fluentjob.api.dag.TestJoin, testJoinRemovedAsParent, pass
org.apache.oozie.fluentjob.api.dag.TestJoin, testNameIsCorrect, pass
org.apache.oozie.fluentjob.api.dag.TestStart, testGetChildren, pass
org.apache.oozie.fluentjob.api.dag.TestStart, testStartRemovedAsParent, pass
org.apache.oozie.fluentjob.api.dag.TestStart, testRemoveParent, pass
org.apache.oozie.fluentjob.api.dag.TestStart, testClearExistingParent, pass
org.apache.oozie.fluentjob.api.dag.TestStart, testAddParent, pass
org.apache.oozie.fluentjob.api.dag.TestStart, testClearNonExistentParent, pass
org.apache.oozie.fluentjob.api.dag.TestStart, testStartAddedAsParentWhenItAlreadyHasAChildThrows, pass
org.apache.oozie.fluentjob.api.dag.TestStart, testStartAddedAsParentWhenItHasNoChild, pass
org.apache.oozie.fluentjob.api.dag.TestStart, testNameIsCorrect, pass
org.apache.oozie.fluentjob.api.mapping.TestActionAttributesMapping, testMappingNoRetryAttributesToAction, error
org.apache.oozie.fluentjob.api.mapping.TestActionAttributesMapping, testMappingOneCredentialToAction, error
org.apache.oozie.fluentjob.api.mapping.TestActionAttributesMapping, testMappingNoCredentialsToAction, error
org.apache.oozie.fluentjob.api.mapping.TestActionAttributesMapping, testMappingRetryAttributesToAction, error
org.apache.oozie.fluentjob.api.mapping.TestActionAttributesMapping, testMappingTwoCredentialsToSameAction, error
org.apache.oozie.fluentjob.api.mapping.TestConfigurationMapping, testMappingMapToConfiguration, error
org.apache.oozie.fluentjob.api.mapping.TestCredentialsMapping, testMappingCredentials, error
org.apache.oozie.fluentjob.api.mapping.TestDecisionMapping, testMappingDecisionWithoutDefaultThrows, fail
org.apache.oozie.fluentjob.api.mapping.TestDecisionMapping, testMappingDecisionWithDecisionJoin, error
org.apache.oozie.fluentjob.api.mapping.TestDecisionMapping, testMappingDecision, error
org.apache.oozie.fluentjob.api.mapping.TestDeleteMapping, testMappingDelete, error
org.apache.oozie.fluentjob.api.mapping.TestDistcpActionMapping, testMappingDistcpAction, error
org.apache.oozie.fluentjob.api.mapping.TestEmailActionMapping, testMappingEmailAction, error
org.apache.oozie.fluentjob.api.mapping.TestEndMapping, testMappingEnd, error
org.apache.oozie.fluentjob.api.mapping.TestExplicitNodeMapping, testMappingExplicitNode, error
org.apache.oozie.fluentjob.api.mapping.TestFSActionMapping, testMappingFSAction, error
org.apache.oozie.fluentjob.api.mapping.TestForkMapping, testMappingFork, error
org.apache.oozie.fluentjob.api.mapping.TestForkMapping, testMappingForkWithDecisionJoin, error
org.apache.oozie.fluentjob.api.mapping.TestGlobalMapping, testMappingGlobal, error
org.apache.oozie.fluentjob.api.mapping.TestGraphMapping, testMappingGraphFromNodes, error
org.apache.oozie.fluentjob.api.mapping.TestGraphMapping, testMappingGraphFromWorkflow, error
org.apache.oozie.fluentjob.api.mapping.TestHive2ActionMapping, testMappingHive2Action, error
org.apache.oozie.fluentjob.api.mapping.TestHiveActionMapping, testMappingHiveAction, error
org.apache.oozie.fluentjob.api.mapping.TestJavaActionMapping, testMappingJavaAction, error
org.apache.oozie.fluentjob.api.mapping.TestJoinMapping, testMappingJoin, error
org.apache.oozie.fluentjob.api.mapping.TestJoinMapping, testMappingJoinWithDecisionJoin, error
org.apache.oozie.fluentjob.api.mapping.TestMapReduceActionMapping, testMappingMapReduceAction, error
org.apache.oozie.fluentjob.api.mapping.TestMappings, whenWorkflowWithOneMRActionIsCreatedWORKFLOWAPPIsMappedCorrectly, error
org.apache.oozie.fluentjob.api.mapping.TestMkdirMapping, testMappingMkdir, error
org.apache.oozie.fluentjob.api.mapping.TestParametersMapping, testMappingParameters, error
org.apache.oozie.fluentjob.api.mapping.TestPigActionMapping, testMappingPigAction, error
org.apache.oozie.fluentjob.api.mapping.TestPipesMapping, testMappingPipes, error
org.apache.oozie.fluentjob.api.mapping.TestPrepareMapping, testMappingPrepare, error
org.apache.oozie.fluentjob.api.mapping.TestShellActionMapping, testMappingShellAction, error
org.apache.oozie.fluentjob.api.mapping.TestSparkActionMapping, testMappingSparkAction, error
org.apache.oozie.fluentjob.api.mapping.TestSqoopActionMapping, testMappingSqoopAction, error
org.apache.oozie.fluentjob.api.mapping.TestStartMapping, testMappingStart, error
org.apache.oozie.fluentjob.api.mapping.TestStartMapping, testMappingStartWithDecisionJoin, error
org.apache.oozie.fluentjob.api.mapping.TestStreamingMapping, testMappingStreaming, error
org.apache.oozie.fluentjob.api.mapping.TestSubWorkflowActionMapping, testMappingSubWorkflowAction, error
org.apache.oozie.fluentjob.api.mapping.TestWorkflowAttributesMapping, testMappingCredentialsAsWorkflowParameters, error
org.apache.oozie.fluentjob.api.mapping.TestWorkflowAttributesMapping, testMappingNoCredentialsToWorkflow, error
org.apache.oozie.fluentjob.api.workflow.TestCredentialBuilder, testCreateFromExisting, pass
org.apache.oozie.fluentjob.api.workflow.TestCredentialBuilder, testCreate, pass
org.apache.oozie.fluentjob.api.workflow.TestCredentialsBuilder, testCreateFromExisting, pass
org.apache.oozie.fluentjob.api.workflow.TestCredentialsBuilder, testCreate, pass
org.apache.oozie.fluentjob.api.workflow.TestGlobalBuilder, testAfterCopyFieldsAreSetCorrectly, pass
org.apache.oozie.fluentjob.api.workflow.TestParametersBuilder, testWithDescription, pass
org.apache.oozie.fluentjob.api.workflow.TestParametersBuilder, testCreateFromExisting, pass
org.apache.oozie.fluentjob.api.workflow.TestParametersBuilder, testWithoutDescription, pass
org.apache.oozie.fluentjob.api.workflow.TestWorkflowBuilder, testOverrideCredentialsPreviouslyAddedInActionsOnWorkflowLevel, pass
org.apache.oozie.fluentjob.api.workflow.TestWorkflowBuilder, testAddName, pass
org.apache.oozie.fluentjob.api.workflow.TestWorkflowBuilder, testAddDagFindRoots, pass
org.apache.oozie.fluentjob.api.workflow.TestWorkflowBuilder, testAddDagThrowOnDuplicateNodeNames, pass
org.apache.oozie.fluentjob.api.workflow.TestWorkflowBuilder, testAddCredentials, pass
org.apache.oozie.fluentjob.api.workflow.TestWorkflowBuilder, testAddMixedParameters, pass
org.apache.oozie.fluentjob.api.workflow.TestWorkflowBuilder, testAddDagTrivial, pass
org.apache.oozie.fluentjob.api.workflow.TestWorkflowBuilder, testAddDagWithConditionalChildrenAndConditionalParents, pass
org.apache.oozie.fluentjob.api.workflow.TestWorkflowBuilder, testAddGlobal, pass
org.apache.oozie.fluentjob.api.workflow.TestWorkflowBuilder, testOmittedCredentialsAreAutogenerated, pass
