org.springframework.boot.configurationprocessor.fieldvalues.javac.JavaCompilerFieldValuesProcessorTests, getFieldValues, error
org.springframework.boot.configurationprocessor.IncrementalBuildMetadataGenerationTests, incrementalBuildAnnotationRemoved, pass
org.springframework.boot.configurationprocessor.IncrementalBuildMetadataGenerationTests, incrementalBuildTypeRenamed, pass
org.springframework.boot.configurationprocessor.IncrementalBuildMetadataGenerationTests, incrementalBuild, error
org.springframework.boot.configurationprocessor.JavaBeanPropertyDescriptorTests, javaBeanSimpleProperty, error
org.springframework.boot.configurationprocessor.JavaBeanPropertyDescriptorTests, javaBeanCollectionProperty, error
org.springframework.boot.configurationprocessor.JavaBeanPropertyDescriptorTests, javaBeanNestedPropertySameClass, error
org.springframework.boot.configurationprocessor.JavaBeanPropertyDescriptorTests, javaBeanSimplePropertyWithOnlySetterShouldNotBeExposed, error
org.springframework.boot.configurationprocessor.JavaBeanPropertyDescriptorTests, javaBeanPropertyWithDefaultValue, error
org.springframework.boot.configurationprocessor.JavaBeanPropertyDescriptorTests, javaBeanMetadataNotACandidatePropertyShouldReturnNull, error
org.springframework.boot.configurationprocessor.JavaBeanPropertyDescriptorTests, javaBeanSimplePropertyWithOnlyGetterShouldNotBeExposed, error
org.springframework.boot.configurationprocessor.JavaBeanPropertyDescriptorTests, javaBeanMetadataCollectionProperty, error
org.springframework.boot.configurationprocessor.JavaBeanPropertyDescriptorTests, javaBeanDeprecatedPropertyOnGetter, error
org.springframework.boot.configurationprocessor.JavaBeanPropertyDescriptorTests, javaBeanPropertyWithDescription, error
org.springframework.boot.configurationprocessor.JavaBeanPropertyDescriptorTests, javaBeanDeprecatedPropertyOnSetter, error
org.springframework.boot.configurationprocessor.JavaBeanPropertyDescriptorTests, javaBeanNestedPropertyWithAnnotation, error
org.springframework.boot.configurationprocessor.JavaBeanPropertyDescriptorTests, javaBeanMetadataSimpleProperty, error
org.springframework.boot.configurationprocessor.JavaBeanPropertyDescriptorTests, javaBeanMetadataNestedGroup, error
org.springframework.boot.configurationprocessor.JavaBeanPropertyDescriptorTests, javaBeanMetadataDeprecatedPropertyWithAnnotation, error
org.springframework.boot.configurationprocessor.JavaBeanPropertyDescriptorTests, javaBeanDeprecatedPropertyOnClass, error
org.springframework.boot.configurationprocessor.LombokMetadataGenerationTests, lombokInnerClassWithGetterProperties, error
org.springframework.boot.configurationprocessor.LombokMetadataGenerationTests, lombokAccessLevelOverwriteExplicitProperties, error
org.springframework.boot.configurationprocessor.LombokMetadataGenerationTests, lombokAccessLevelOverwriteDefaultProperties, error
org.springframework.boot.configurationprocessor.LombokMetadataGenerationTests, lombokAccessLevelOverwriteDataProperties, error
org.springframework.boot.configurationprocessor.LombokMetadataGenerationTests, lombokExplicitProperties, error
org.springframework.boot.configurationprocessor.LombokMetadataGenerationTests, lombokSimpleProperties, error
org.springframework.boot.configurationprocessor.LombokMetadataGenerationTests, lombokInnerClassProperties, error
org.springframework.boot.configurationprocessor.LombokMetadataGenerationTests, lombokDataProperties, error
org.springframework.boot.configurationprocessor.LombokMetadataGenerationTests, lombokAccessLevelProperties, error
org.springframework.boot.configurationprocessor.LombokPropertyDescriptorTests, lombokSimpleProperty, error
org.springframework.boot.configurationprocessor.LombokPropertyDescriptorTests, lombokPropertyWithDescription, error
org.springframework.boot.configurationprocessor.LombokPropertyDescriptorTests, lombokMetadataNestedGroupNoGetter, error
org.springframework.boot.configurationprocessor.LombokPropertyDescriptorTests, lombokSimplePropertyWithOnlyGetterOnClassShouldNotBeExposed, error
org.springframework.boot.configurationprocessor.LombokPropertyDescriptorTests, lombokCollectionProperty, error
org.springframework.boot.configurationprocessor.LombokPropertyDescriptorTests, lombokSimplePropertyWithOnlySetterOnFieldShouldNotBeExposed, error
org.springframework.boot.configurationprocessor.LombokPropertyDescriptorTests, lombokSimplePropertyWithOnlyGetterOnFieldShouldNotBeExposed, error
org.springframework.boot.configurationprocessor.LombokPropertyDescriptorTests, lombokMetadataSimpleProperty, error
org.springframework.boot.configurationprocessor.LombokPropertyDescriptorTests, lombokSimplePropertyWithOnlyGetterOnDataClassShouldNotBeExposed, error
org.springframework.boot.configurationprocessor.LombokPropertyDescriptorTests, lombokNestedPropertyWithAnnotation, error
org.springframework.boot.configurationprocessor.LombokPropertyDescriptorTests, lombokMetadataCollectionProperty, error
org.springframework.boot.configurationprocessor.LombokPropertyDescriptorTests, lombokPropertyNotCandidate, error
org.springframework.boot.configurationprocessor.LombokPropertyDescriptorTests, lombokPropertyWithDefaultValue, error
org.springframework.boot.configurationprocessor.LombokPropertyDescriptorTests, lombokDeprecatedPropertyOnClass, error
org.springframework.boot.configurationprocessor.LombokPropertyDescriptorTests, lombokDeprecatedPropertyOnField, error
org.springframework.boot.configurationprocessor.LombokPropertyDescriptorTests, lombokMetadataNotACandidatePropertyShouldReturnNull, error
org.springframework.boot.configurationprocessor.LombokPropertyDescriptorTests, lombokNestedPropertyNotCandidate, error
org.springframework.boot.configurationprocessor.LombokPropertyDescriptorTests, lombokNestedPropertySameClass, error
org.springframework.boot.configurationprocessor.LombokPropertyDescriptorTests, lombokMetadataNestedGroup, error
org.springframework.boot.configurationprocessor.MergeMetadataGenerationTests, mergeExistingPropertyDescription, error
org.springframework.boot.configurationprocessor.MergeMetadataGenerationTests, mergeExistingPropertyWithSeveralCandidates, error
org.springframework.boot.configurationprocessor.MergeMetadataGenerationTests, mergingOfAdditionalPropertyMatchingGroup, error
org.springframework.boot.configurationprocessor.MergeMetadataGenerationTests, mergingOfHintWithNonCanonicalName, error
org.springframework.boot.configurationprocessor.MergeMetadataGenerationTests, mergingOfAdditionalProperty, error
org.springframework.boot.configurationprocessor.MergeMetadataGenerationTests, mergingOfHintWithProvider, error
org.springframework.boot.configurationprocessor.MergeMetadataGenerationTests, mergingOfAdditionalMetadata, error
org.springframework.boot.configurationprocessor.MergeMetadataGenerationTests, mergeExistingPropertyDefaultValue, error
org.springframework.boot.configurationprocessor.MergeMetadataGenerationTests, mergeExistingPropertyDeprecation, error
org.springframework.boot.configurationprocessor.MergeMetadataGenerationTests, mergeExistingPropertyDeprecationOverride, error
org.springframework.boot.configurationprocessor.MergeMetadataGenerationTests, mergingOfAdditionalDeprecation, error
org.springframework.boot.configurationprocessor.MergeMetadataGenerationTests, mergeOfInvalidAdditionalMetadata, pass
org.springframework.boot.configurationprocessor.MergeMetadataGenerationTests, mergeExistingPropertyDeprecationOverrideLevel, error
org.springframework.boot.configurationprocessor.MergeMetadataGenerationTests, mergingOfSimpleHint, error
org.springframework.boot.configurationprocessor.metadata.ConfigurationMetadataTests, toDashedCaseWordsSeveralUnderscores, pass
org.springframework.boot.configurationprocessor.metadata.ConfigurationMetadataTests, toDashedCaseUpperUnderscoreMiddle, pass
org.springframework.boot.configurationprocessor.metadata.ConfigurationMetadataTests, toDashedCaseUpperUnderscoreSuffix, pass
org.springframework.boot.configurationprocessor.metadata.ConfigurationMetadataTests, toDashedCaseUpperCamelCaseMiddle, pass
org.springframework.boot.configurationprocessor.metadata.ConfigurationMetadataTests, toDashedCaseLowercase, pass
org.springframework.boot.configurationprocessor.metadata.ConfigurationMetadataTests, toDashedCaseCamelCase, pass
org.springframework.boot.configurationprocessor.metadata.ConfigurationMetadataTests, toDashedCaseUpperCamelCaseSuffix, pass
org.springframework.boot.configurationprocessor.metadata.ConfigurationMetadataTests, toDashedCaseWordsUnderscore, pass
org.springframework.boot.configurationprocessor.metadata.ConfigurationMetadataTests, toDashedCaseLowerCaseUnderscore, pass
org.springframework.boot.configurationprocessor.metadata.ConfigurationMetadataTests, toDashedCaseMultipleUnderscores, pass
org.springframework.boot.configurationprocessor.metadata.ItemMetadataTests, newItemMetadataPrefixWithUpperCamelCaseSuffix, pass
org.springframework.boot.configurationprocessor.metadata.ItemMetadataTests, newItemMetadataPrefixWithCamelCaseSuffix, pass
org.springframework.boot.configurationprocessor.metadata.ItemMetadataTests, newItemMetadataPrefixWithCapitalizedPrefix, pass
org.springframework.boot.configurationprocessor.metadata.JsonMarshallerTests, marshallOrderItems, error
org.springframework.boot.configurationprocessor.metadata.JsonMarshallerTests, marshallAndUnmarshal, error
org.springframework.boot.configurationprocessor.metadata.JsonMarshallerTests, marshallPutDeprecatedItemsAtTheEnd, pass
org.springframework.boot.configurationprocessor.MetadataStoreTests, additionalMetadataIsLocatedInGradle3Build, pass
org.springframework.boot.configurationprocessor.MetadataStoreTests, additionalMetadataIsLocatedInGradle4Build, pass
org.springframework.boot.configurationprocessor.MetadataStoreTests, additionalMetadataIsLocatedUsingLocationsOption, pass
org.springframework.boot.configurationprocessor.MetadataStoreTests, additionalMetadataIsLocatedInMavenBuild, pass
org.springframework.boot.configurationprocessor.MethodBasedMetadataGenerationTests, deprecatedMethodConfigOnClass, error
org.springframework.boot.configurationprocessor.MethodBasedMetadataGenerationTests, deprecatedMethodConfig, error
org.springframework.boot.configurationprocessor.MethodBasedMetadataGenerationTests, singleConstructorMethodConfig, error
org.springframework.boot.configurationprocessor.MethodBasedMetadataGenerationTests, protectedMethodConfig, error
org.springframework.boot.configurationprocessor.MethodBasedMetadataGenerationTests, publicMethodConfig, error
org.springframework.boot.configurationprocessor.MethodBasedMetadataGenerationTests, privateMethodConfig, error
org.springframework.boot.configurationprocessor.MethodBasedMetadataGenerationTests, packagePrivateMethodConfig, error
org.springframework.boot.configurationprocessor.MethodBasedMetadataGenerationTests, emptyTypeMethodConfig, error
org.springframework.boot.configurationprocessor.MethodBasedMetadataGenerationTests, invalidMethodConfig, error
org.springframework.boot.configurationprocessor.MethodBasedMetadataGenerationTests, methodAndClassConfig, error
org.springframework.boot.configurationprocessor.PropertyDescriptorResolverTests, propertiesWithConstructorAndClassConstructorBinding, error
org.springframework.boot.configurationprocessor.PropertyDescriptorResolverTests, propertiesWithConstructorNoDirective, error
org.springframework.boot.configurationprocessor.PropertyDescriptorResolverTests, propertiesWithMultiConstructorNoDirective, error
org.springframework.boot.configurationprocessor.PropertyDescriptorResolverTests, propertiesWithLombokGetterSetterAtClassLevel, error
org.springframework.boot.configurationprocessor.PropertyDescriptorResolverTests, propertiesWithJavaBeanProperties, error
org.springframework.boot.configurationprocessor.PropertyDescriptorResolverTests, propertiesWithConstructorAndClassConstructorBindingAndSeveralCandidates, error
org.springframework.boot.configurationprocessor.PropertyDescriptorResolverTests, propertiesWithLombokDataClass, error
org.springframework.boot.configurationprocessor.PropertyDescriptorResolverTests, propertiesWithConstructorWithConstructorBinding, error
org.springframework.boot.configurationprocessor.PropertyDescriptorResolverTests, propertiesWithLombokGetterSetterAtFieldLevel, error
org.springframework.boot.configurationprocessor.PropertyDescriptorResolverTests, propertiesWithJavaBeanHierarchicalProperties, error
org.springframework.boot.configurationprocessor.PropertyDescriptorResolverTests, propertiesWithMultiConstructor, error
org.springframework.boot.configurationprocessor.TypeUtilsTests, resolveTypeDescriptorOnConcreteClass, error
org.springframework.boot.configurationprocessor.TypeUtilsTests, resolveTypeDescriptorOnIntermediateClass, error
org.springframework.boot.configurationprocessor.TypeUtilsTests, resolveTypeDescriptorWithOnlyGenerics, pass
