io.undertow.client.http.AjpClientTestCase, testSimpleBasic, pass
io.undertow.client.http.AjpClientTestCase, testConnectionClose, pass
io.undertow.client.http.AjpClientTestCase, testPostRequest, pass
io.undertow.client.http.AjpClientTestCase, testSendPing, pass
io.undertow.client.http.Http2ClientTestCase, testSimpleBasic, pass
io.undertow.client.http.Http2ClientTestCase, testHeadRequest, pass
io.undertow.client.http.Http2ClientTestCase, testPostRequest, pass
io.undertow.client.http.HttpClientTestCase, testSimpleBasic, pass
io.undertow.client.http.HttpClientTestCase, testSsl, pass
io.undertow.client.http.HttpClientTestCase, testConnectionClose, pass
io.undertow.client.http.HttpClientTestCase, testPostRequest, pass
io.undertow.client.http.ResponseParserResumeTestCase, testOneCharacterAtATime, pass
io.undertow.client.http.ResponseParserResumeTestCase, testMethodSplit, pass
io.undertow.predicate.PredicateParsingTestCase, testRegularExpressionsWithPredicateContext, pass
io.undertow.predicate.PredicateParsingTestCase, testArrayValues, pass
io.undertow.predicate.PredicateParsingTestCase, testPredicateParser, pass
io.undertow.predicate.PredicateParsingTestCase, testDefaultArrayValue, pass
io.undertow.predicate.PredicateParsingTestCase, testPredicateContextVariable, pass
io.undertow.predicate.PredicateParsingTestCase, testOrderOfOperations, pass
io.undertow.protocols.http2.HpackHuffmanEncodingUnitTestCase, testHuffmanEncoding, pass
io.undertow.protocols.http2.HpackHuffmanEncodingUnitTestCase, testHuffmanEncodingLargeString, pass
io.undertow.protocols.http2.HpackSpecExamplesUnitTestCase, testExample_D_2_1, pass
io.undertow.protocols.http2.HpackSpecExamplesUnitTestCase, testExample_D_2_2, pass
io.undertow.protocols.http2.HpackSpecExamplesUnitTestCase, testExample_D_2_3, pass
io.undertow.protocols.http2.HpackSpecExamplesUnitTestCase, testExample_D_2_4, pass
io.undertow.protocols.http2.HpackSpecExamplesUnitTestCase, testExample_D_2_110, pass
io.undertow.protocols.http2.HpackSpecExamplesUnitTestCase, testExample_D_2_111, pass
io.undertow.protocols.http2.HpackSpecExamplesUnitTestCase, testExample_D_2_112, pass
io.undertow.protocols.http2.HpackSpecExamplesUnitTestCase, testExample_D_3, pass
io.undertow.protocols.http2.HpackSpecExamplesUnitTestCase, testExample_D_4, pass
io.undertow.protocols.http2.HpackSpecExamplesUnitTestCase, testExample_D_5, pass
io.undertow.protocols.http2.HpackSpecExamplesUnitTestCase, testExample_D_6, pass
io.undertow.server.ConnectionTerminationTestCase, testAbnormalRequestTermination, pass
io.undertow.server.DirectByteBufferDeallocatorTestCase, directByteBufferDeallocatorInstantiationTest, pass
io.undertow.server.EncodedEncodedSlashTestCase, testSlashDecoded, pass
io.undertow.server.EncodedEncodedSlashTestCase, testSlashNotDecoded, pass
io.undertow.server.handlers.accesslog.AccessLogFileTestCase, testForcedLogRotation, pass
io.undertow.server.handlers.accesslog.AccessLogFileTestCase, testSingleLogMessageToFile, pass
io.undertow.server.handlers.accesslog.AccessLogFileTestCase, testSingleLogMessageToFileWithSuffix, pass
io.undertow.server.handlers.accesslog.AccessLogFileTestCase, testLogLotsOfThreads, pass
io.undertow.server.handlers.accesslog.AccessLogTestCase, testRemoteAddress, pass
io.undertow.server.handlers.accesslog.ExtendedAccessLogFileTestCase, testSingleLogMessageToFile, pass
io.undertow.server.handlers.AllowedMethodsTestCase, testAllowedMethods, pass
io.undertow.server.handlers.AllowedMethodsTestCase, testDisallowedMethods, pass
io.undertow.server.handlers.BadRequestTestCase, testBadRequest, pass
io.undertow.server.handlers.blocking.BlockingServerStreamResetTestCase, testResponseAfterStreamReset, pass
io.undertow.server.handlers.blocking.SimpleBlockingServerTestCase, testHeadRequests, pass
io.undertow.server.handlers.blocking.SimpleBlockingServerTestCase, testSmallRequest, pass
io.undertow.server.handlers.blocking.SimpleBlockingServerTestCase, sendHttpRequest, pass
io.undertow.server.handlers.blocking.SimpleBlockingServerTestCase, testLargeRequest, pass
io.undertow.server.handlers.blocking.SimpleBlockingServerTestCase, testLargeResponse, pass
io.undertow.server.handlers.blocking.SimpleBlockingServerTestCase, testDeleteRequests, pass
io.undertow.server.handlers.builder.PredicatedHandlersParserTestCase, testParsedHandler1, pass
io.undertow.server.handlers.builder.PredicatedHandlersParserTestCase, testParsedHandler2, pass
io.undertow.server.handlers.builder.PredicatedHandlersParserTestCase, testParsedHandler3, pass
io.undertow.server.handlers.builder.PredicatedHandlersParserTestCase, testParsedPredicatedHandler1, pass
io.undertow.server.handlers.builder.PredicatedHandlersParserTestCase, testClearHeader, pass
io.undertow.server.handlers.builder.PredicatedHandlersParserTestCase, testAstRepresentation1, pass
io.undertow.server.handlers.builder.PredicatedHandlersParserTestCase, testAstRepresentation2, pass
io.undertow.server.handlers.builder.PredicatedHandlersParserTestCase, testAstRepresentation3, pass
io.undertow.server.handlers.caching.CacheHandlerTestCase, testBasicPathBasedCaching, pass
io.undertow.server.handlers.ChunkedRequestNotConsumedTestCase, testChunkedRequestNotConsumed, pass
io.undertow.server.handlers.ChunkedRequestTrailersTestCase, testChunkedRequestsWithTrailers, pass
io.undertow.server.handlers.ChunkedRequestTransferCodingTestCase, testChunkedRequest, pass
io.undertow.server.handlers.ChunkedRequestTransferCodingTestCase, testMaxRequestSizeChunkedRequest, skip
io.undertow.server.handlers.ChunkedResponseTrailersTestCase, sendHttpRequest, pass
io.undertow.server.handlers.ChunkedResponseTransferCodingTestCase, sendHttpRequest, pass
io.undertow.server.handlers.DateHandlerTestCase, testDateHandler, pass
io.undertow.server.handlers.encoding.DeflateContentEncodingTestCase, testSmallMessagePredicateDoesNotCompress, pass
io.undertow.server.handlers.encoding.DeflateContentEncodingTestCase, testDeflateEncodingBigResponse, pass
io.undertow.server.handlers.encoding.DeflateContentEncodingTestCase, testDeflateEncodingRandomSizeResponse, pass
io.undertow.server.handlers.encoding.DeflateContentEncodingTestCase, testDeflateEncoding, pass
io.undertow.server.handlers.encoding.EncodingSelectionTestCase, testEncodingSelectWithQValue, pass
io.undertow.server.handlers.encoding.EncodingSelectionTestCase, testBasicEncodingSelect, pass
io.undertow.server.handlers.encoding.EncodingSelectionTestCase, testEncodingSelectionWithQValueAndPredicate, pass
io.undertow.server.handlers.encoding.GzipContentEncodingSimpleObjectPoolTestCase, testSmallMessagePredicateDoesNotCompress, pass
io.undertow.server.handlers.encoding.GzipContentEncodingSimpleObjectPoolTestCase, testGzipEncoding, pass
io.undertow.server.handlers.encoding.GzipContentEncodingSimpleObjectPoolTestCase, testGZipEncodingLargeResponse, pass
io.undertow.server.handlers.encoding.GzipContentEncodingSimpleObjectPoolTestCase, testGzipEncodingRandomSizeResponse, pass
io.undertow.server.handlers.encoding.GzipContentEncodingSimpleObjectPoolTestCase, testAcceptIdentity, pass
io.undertow.server.handlers.encoding.GzipContentEncodingTestCase, testSmallMessagePredicateDoesNotCompress, pass
io.undertow.server.handlers.encoding.GzipContentEncodingTestCase, testGzipEncoding, pass
io.undertow.server.handlers.encoding.GzipContentEncodingTestCase, testGZipEncodingLargeResponse, pass
io.undertow.server.handlers.encoding.GzipContentEncodingTestCase, testGzipEncodingRandomSizeResponse, pass
io.undertow.server.handlers.encoding.GzipContentEncodingTestCase, testAcceptIdentity, pass
io.undertow.server.handlers.encoding.RequestContentEncodingTestCase, testGzipEncoding, pass
io.undertow.server.handlers.encoding.RequestContentEncodingTestCase, testDeflateEncoding, pass
io.undertow.server.handlers.error.FileErrorPageHandlerTestCase, testFileBasedErrorPageIsGenerated, pass
io.undertow.server.handlers.error.SimpleErrorPageHandlerTestCase, testSimpleErrorPageIsGenerated, pass
io.undertow.server.handlers.ExceptionHandlerTestCase, testExceptionMappers, pass
io.undertow.server.handlers.ExceptionHandlerTestCase, testAttachException, pass
io.undertow.server.handlers.ExceptionHandlerTestCase, testReThrowUnmatchedException, pass
io.undertow.server.handlers.file.ContentEncodedResourceTestCase, testFileIsCompressed, pass
io.undertow.server.handlers.file.FileHandlerIndexTestCase, testWelcomeFile, pass
io.undertow.server.handlers.file.FileHandlerIndexTestCase, testDirectoryIndex, pass
io.undertow.server.handlers.file.FileHandlerStressTestCase, simpleFileStressTest, pass
io.undertow.server.handlers.file.FileHandlerSymlinksTestCase, testExplicitAccessSymlinkGrantedUsingSpecificFiltersWithDirectoryListingEnabled, pass
io.undertow.server.handlers.file.FileHandlerSymlinksTestCase, testExplicitAccessSymlinkGranted, pass
io.undertow.server.handlers.file.FileHandlerSymlinksTestCase, testExplicitAccessSymlinkDeniedForInsideSymlinks, pass
io.undertow.server.handlers.file.FileHandlerSymlinksTestCase, testRelativePathSymlinkFilter, pass
io.undertow.server.handlers.file.FileHandlerSymlinksTestCase, testExplicitAccessSymlinkDeniedForEmptySafePath, pass
io.undertow.server.handlers.file.FileHandlerSymlinksTestCase, testExplicitAccessSymlinkDeniedUsingSameSymlinkName, pass
io.undertow.server.handlers.file.FileHandlerSymlinksTestCase, testExplicitAccessSymlinkGrantedUsingSpecificFilters, pass
io.undertow.server.handlers.file.FileHandlerSymlinksTestCase, testResourceManagerBaseSymlink, pass
io.undertow.server.handlers.file.FileHandlerSymlinksTestCase, testExplicitAccessSymlinkDeniedUsingSpecificFilters, pass
io.undertow.server.handlers.file.FileHandlerSymlinksTestCase, testCreateSymlinks, pass
io.undertow.server.handlers.file.FileHandlerSymlinksTestCase, testDefaultAccessSymlinkDenied, pass
io.undertow.server.handlers.file.FileHandlerTestCase, testDotSuffix, pass
io.undertow.server.handlers.file.FileHandlerTestCase, testFileTransferLargeFile, pass
io.undertow.server.handlers.file.FileHandlerTestCase, testFileIsServed, pass
io.undertow.server.handlers.file.FileHandlerTestCase, testHeadRequest, pass
io.undertow.server.handlers.file.FileHandlerTestCase, testFileTransfer, pass
io.undertow.server.handlers.file.FileHandlerTestCase, testRangeRequests, pass
io.undertow.server.handlers.file.PathResourceManagerTestCase, testBaseDirInSymlink, pass
io.undertow.server.handlers.file.PathResourceManagerTestCase, testCantEscapeRoot, pass
io.undertow.server.handlers.file.PathResourceManagerTestCase, testETagFunction, pass
io.undertow.server.handlers.file.PathResourceManagerTestCase, testListDir, pass
io.undertow.server.handlers.file.PathResourceManagerTestCase, testNonDefaultFileSystem, pass
io.undertow.server.handlers.file.PathResourceManagerTestCase, testGetResource, pass
io.undertow.server.handlers.file.PreCompressedResourceTestCase, testContentEncodedResource, pass
io.undertow.server.handlers.file.PreCompressedResourceTestCase, testCorrectResourceSelected, pass
io.undertow.server.handlers.FixedLengthRequestTestCase, testFixedLengthRequest, pass
io.undertow.server.handlers.FixedLengthRequestTestCase, testMaxRequestSizeFixedLengthRequest, skip
io.undertow.server.handlers.FixedLengthResponseTestCase, sendHttpRequest, pass
io.undertow.server.handlers.form.FormDataParserTestCase, testRawFormDataParsingIncorrectValue[0], pass
io.undertow.server.handlers.form.FormDataParserTestCase, testFormDataParsing[0], pass
io.undertow.server.handlers.form.FormDataParserTestCase, testRawFormDataParsingIncorrectValue[1], pass
io.undertow.server.handlers.form.FormDataParserTestCase, testFormDataParsing[1], pass
io.undertow.server.handlers.form.MultipartFormDataParserTestCase, testFileUploadWithEagerParsing, pass
io.undertow.server.handlers.form.MultipartFormDataParserTestCase, testFileUploadWithMediumFileSizeThresholdAndLargeFile, pass
io.undertow.server.handlers.form.MultipartFormDataParserTestCase, testFileUploadWithLargeFileSizeThreshold, pass
io.undertow.server.handlers.form.MultipartFormDataParserTestCase, testQuotedBoundary, pass
io.undertow.server.handlers.form.MultipartFormDataParserTestCase, testFileUploadWithEagerParsingAndNonASCIIFilename, pass
io.undertow.server.handlers.form.MultipartFormDataParserTestCase, testFileUploadWithSmallFileSizeThreshold, pass
io.undertow.server.handlers.form.MultipartFormDataParserTestCase, testFileUpload, pass
io.undertow.server.handlers.ForwardedHandlerTestCase, testAddressParsing, pass
io.undertow.server.handlers.ForwardedHandlerTestCase, testHeaderParsing, pass
io.undertow.server.handlers.ForwardedHandlerTestCase, testForwardedHandler, pass
io.undertow.server.handlers.GracefulShutdownTestCase, gracefulShutdownListenerTestCase, pass
io.undertow.server.handlers.GracefulShutdownTestCase, simpleGracefulShutdownTestCase, pass
io.undertow.server.handlers.HeadTestCase, sendHttpHead, pass
io.undertow.server.handlers.HttpContinueAcceptingHandlerTestCase, testHttpContinueRejected, pass
io.undertow.server.handlers.HttpContinueAcceptingHandlerTestCase, testHttpContinueAccepted, pass
io.undertow.server.handlers.HttpContinueConduitWrappingHandlerTestCase, testHttpContinueRejected, pass
io.undertow.server.handlers.HttpContinueConduitWrappingHandlerTestCase, testHttpContinueAcceptedWithChunkedRequest, pass
io.undertow.server.handlers.HttpContinueConduitWrappingHandlerTestCase, testHttpContinueAccepted, pass
io.undertow.server.handlers.HttpTunnelingViaConnectTestCase, testConnectViaProxy, pass
io.undertow.server.handlers.IPAddressAccessControlHandlerUnitTestCase, testIPv4ExactMatch, pass
io.undertow.server.handlers.IPAddressAccessControlHandlerUnitTestCase, testIPv6PrefixMatch, pass
io.undertow.server.handlers.IPAddressAccessControlHandlerUnitTestCase, testIPv4WildcardMatch, pass
io.undertow.server.handlers.IPAddressAccessControlHandlerUnitTestCase, testIPv6ExactMatch, pass
io.undertow.server.handlers.IPAddressAccessControlHandlerUnitTestCase, testDefaultDenyResponseCode, pass
io.undertow.server.handlers.IPAddressAccessControlHandlerUnitTestCase, testIPv4SlashMatch, pass
io.undertow.server.handlers.IPAddressAccessControlHandlerUnitTestCase, testParsedHandler, pass
io.undertow.server.handlers.IPAddressAccessControlHandlerUnitTestCase, testIPv6SlashMatch, pass
io.undertow.server.handlers.IPAddressAccessControlHandlerUnitTestCase, testDenyResponseCode, pass
io.undertow.server.handlers.JDBCLogDatabaseTestCase, testSingleLogMessageToDatabase, pass
io.undertow.server.handlers.JDBCLogDatabaseTestCase, testLogLotsOfThreadsToDatabase, pass
io.undertow.server.handlers.LongURLTestCase, testLargeURL, pass
io.undertow.server.handlers.LotsOfHeadersRequestTestCase, testLotsOfHeadersInRequest_MaxHeaders_BadRequest, pass
io.undertow.server.handlers.LotsOfHeadersRequestTestCase, testLotsOfHeadersInRequest_MaxHeaders_Ok, pass
io.undertow.server.handlers.LotsOfHeadersRequestTestCase, testLotsOfHeadersInRequest_Default_BadRequest, pass
io.undertow.server.handlers.LotsOfHeadersRequestTestCase, testLotsOfHeadersInRequest_Default_Ok, pass
io.undertow.server.handlers.LotsOfHeadersResponseTestCase, testLotsOfHeadersInResponse, pass
io.undertow.server.handlers.LotsOfQueryParametersTestCase, testLotsOfQueryParameters_Default_BadRequest, pass
io.undertow.server.handlers.LotsOfQueryParametersTestCase, testLotsOfQueryParameters_Default_Ok, pass
io.undertow.server.handlers.LotsOfQueryParametersTestCase, testLotsOfQueryParameters_MaxParameters_Ok, pass
io.undertow.server.handlers.LotsOfQueryParametersTestCase, testLotsOfQueryParameters_MaxParameters_BadRequest, pass
io.undertow.server.handlers.MetricsHandlerTestCase, testMetrics, pass
io.undertow.server.handlers.OriginTestCase, testStrictOrigin, pass
io.undertow.server.handlers.path.PathTestCase, testBasicPathHanding, pass
io.undertow.server.handlers.PathTemplateHandlerTestCase, testPathTemplateHandler, pass
io.undertow.server.handlers.PathTemplateHandlerTestCase, testPathTemplateHandlerWithPrefix, pass
io.undertow.server.handlers.PreChunkedResponseTransferCodingTestCase, sendHttpRequest, pass
io.undertow.server.handlers.PredicatedHandlersProxyTestCase, testProxy, pass
io.undertow.server.handlers.PredicatedHandlersTestCase, testRewrite, pass
io.undertow.server.handlers.proxy.LoadBalancerConnectionPoolingTestCase, shouldReduceConnectionPool, pass
io.undertow.server.handlers.proxy.LoadBalancingProxyAJPTestCase, testStickySessions, pass
io.undertow.server.handlers.proxy.LoadBalancingProxyAJPTestCase, testAbruptClosed, pass
io.undertow.server.handlers.proxy.LoadBalancingProxyAJPTestCase, testUrlEncoding, pass
io.undertow.server.handlers.proxy.LoadBalancingProxyAJPTestCase, testLoadShared, pass
io.undertow.server.handlers.proxy.LoadBalancingProxyAJPTestCase, testConnectionTimeout, pass
io.undertow.server.handlers.proxy.LoadBalancingProxyAJPTestCase, testLoadSharedWithServerShutdown, pass
io.undertow.server.handlers.proxy.LoadBalancingProxyAJPTestCase, testOldBackend, pass
io.undertow.server.handlers.proxy.LoadBalancingProxyAJPTestCase, testMaxRetries, pass
io.undertow.server.handlers.proxy.LoadBalancingProxyAJPTestCase, testDuplicateHeaders, pass
io.undertow.server.handlers.proxy.LoadBalancingProxyHTTP2TestCase, testHeadersAreLowercase, pass
io.undertow.server.handlers.proxy.LoadBalancingProxyHTTP2TestCase, testHttp2ClientMultipleStreamsThreadSafety, pass
io.undertow.server.handlers.proxy.LoadBalancingProxyHTTP2TestCase, testStickySessions, pass
io.undertow.server.handlers.proxy.LoadBalancingProxyHTTP2TestCase, testAbruptClosed, pass
io.undertow.server.handlers.proxy.LoadBalancingProxyHTTP2TestCase, testUrlEncoding, pass
io.undertow.server.handlers.proxy.LoadBalancingProxyHTTP2TestCase, testLoadShared, pass
io.undertow.server.handlers.proxy.LoadBalancingProxyHTTP2TestCase, testConnectionTimeout, pass
io.undertow.server.handlers.proxy.LoadBalancingProxyHTTP2TestCase, testLoadSharedWithServerShutdown, pass
io.undertow.server.handlers.proxy.LoadBalancingProxyHTTP2TestCase, testOldBackend, pass
io.undertow.server.handlers.proxy.LoadBalancingProxyHTTP2TestCase, testMaxRetries, pass
io.undertow.server.handlers.proxy.LoadBalancingProxyHTTP2TestCase, testDuplicateHeaders, pass
io.undertow.server.handlers.proxy.LoadBalancingProxyHTTP2ViaUpgradeTestCase, testHeadersAreLowercase, pass
io.undertow.server.handlers.proxy.LoadBalancingProxyHTTP2ViaUpgradeTestCase, testStickySessions, pass
io.undertow.server.handlers.proxy.LoadBalancingProxyHTTP2ViaUpgradeTestCase, testAbruptClosed, pass
io.undertow.server.handlers.proxy.LoadBalancingProxyHTTP2ViaUpgradeTestCase, testUrlEncoding, pass
io.undertow.server.handlers.proxy.LoadBalancingProxyHTTP2ViaUpgradeTestCase, testLoadShared, pass
io.undertow.server.handlers.proxy.LoadBalancingProxyHTTP2ViaUpgradeTestCase, testConnectionTimeout, pass
io.undertow.server.handlers.proxy.LoadBalancingProxyHTTP2ViaUpgradeTestCase, testLoadSharedWithServerShutdown, pass
io.undertow.server.handlers.proxy.LoadBalancingProxyHTTP2ViaUpgradeTestCase, testOldBackend, pass
io.undertow.server.handlers.proxy.LoadBalancingProxyHTTP2ViaUpgradeTestCase, testMaxRetries, pass
io.undertow.server.handlers.proxy.LoadBalancingProxyHTTP2ViaUpgradeTestCase, testDuplicateHeaders, pass
io.undertow.server.handlers.proxy.LoadBalancingProxyHttpsTestCase, testStickySessions, pass
io.undertow.server.handlers.proxy.LoadBalancingProxyHttpsTestCase, testAbruptClosed, pass
io.undertow.server.handlers.proxy.LoadBalancingProxyHttpsTestCase, testUrlEncoding, pass
io.undertow.server.handlers.proxy.LoadBalancingProxyHttpsTestCase, testLoadShared, pass
io.undertow.server.handlers.proxy.LoadBalancingProxyHttpsTestCase, testConnectionTimeout, pass
io.undertow.server.handlers.proxy.LoadBalancingProxyHttpsTestCase, testLoadSharedWithServerShutdown, pass
io.undertow.server.handlers.proxy.LoadBalancingProxyHttpsTestCase, testOldBackend, pass
io.undertow.server.handlers.proxy.LoadBalancingProxyHttpsTestCase, testMaxRetries, pass
io.undertow.server.handlers.proxy.LoadBalancingProxyHttpsTestCase, testDuplicateHeaders, pass
io.undertow.server.handlers.proxy.LoadBalancingProxyTestCase, testStickySessions, pass
io.undertow.server.handlers.proxy.LoadBalancingProxyTestCase, testAbruptClosed, pass
io.undertow.server.handlers.proxy.LoadBalancingProxyTestCase, testUrlEncoding, pass
io.undertow.server.handlers.proxy.LoadBalancingProxyTestCase, testLoadShared, pass
io.undertow.server.handlers.proxy.LoadBalancingProxyTestCase, testConnectionTimeout, pass
io.undertow.server.handlers.proxy.LoadBalancingProxyTestCase, testLoadSharedWithServerShutdown, pass
io.undertow.server.handlers.proxy.LoadBalancingProxyTestCase, testOldBackend, pass
io.undertow.server.handlers.proxy.LoadBalancingProxyTestCase, testMaxRetries, pass
io.undertow.server.handlers.proxy.LoadBalancingProxyTestCase, testDuplicateHeaders, pass
io.undertow.server.handlers.proxy.LoadBalancingProxyWithCustomHostSelectorTestCase, testDistributeLoadToGivenHost, pass
io.undertow.server.handlers.proxy.mod_cluster.BasicMCMPUnitTestCase, testBasic, pass
io.undertow.server.handlers.proxy.mod_cluster.BasicMCMPUnitTestCase, testPing, pass
io.undertow.server.handlers.proxy.mod_cluster.BasicMCMPUnitTestCase, testErrorState, pass
io.undertow.server.handlers.proxy.mod_cluster.BasicMCMPUnitTestCase, testAppCommand, pass
io.undertow.server.handlers.proxy.mod_cluster.RouteIteratorFactoryTestCase, testModJkLikeRouteParsing, pass
io.undertow.server.handlers.proxy.mod_cluster.RouteIteratorFactoryTestCase, testModClusterRouteParsing, pass
io.undertow.server.handlers.proxy.mod_cluster.StickySessionForceUnitTestCase, testDifferentDomainRemovedContext, pass
io.undertow.server.handlers.proxy.mod_cluster.StickySessionForceUnitTestCase, testNoDomainStoppedContext, pass
io.undertow.server.handlers.proxy.mod_cluster.StickySessionForceUnitTestCase, testDomainNodeInError, pass
io.undertow.server.handlers.proxy.mod_cluster.StickySessionForceUnitTestCase, testNoDomainRemovedContext, pass
io.undertow.server.handlers.proxy.mod_cluster.StickySessionForceUnitTestCase, testDomainStoppedContext, pass
io.undertow.server.handlers.proxy.mod_cluster.StickySessionForceUnitTestCase, testDifferentDomainNodeInError, pass
io.undertow.server.handlers.proxy.mod_cluster.StickySessionForceUnitTestCase, testDomainRemovedContext, pass
io.undertow.server.handlers.proxy.mod_cluster.StickySessionForceUnitTestCase, testDifferentDomainStoppedContext, pass
io.undertow.server.handlers.proxy.mod_cluster.StickySessionForceUnitTestCase, testNoDomainNodeInError, pass
io.undertow.server.handlers.proxy.mod_cluster.StickySessionUnitTestCase, testDifferentDomainRemovedContext, pass
io.undertow.server.handlers.proxy.mod_cluster.StickySessionUnitTestCase, testNoDomainStoppedContext, pass
io.undertow.server.handlers.proxy.mod_cluster.StickySessionUnitTestCase, testDomainNodeInError, pass
io.undertow.server.handlers.proxy.mod_cluster.StickySessionUnitTestCase, testNoDomainRemovedContext, pass
io.undertow.server.handlers.proxy.mod_cluster.StickySessionUnitTestCase, testDomainStoppedContext, pass
io.undertow.server.handlers.proxy.mod_cluster.StickySessionUnitTestCase, testDisabledApp, pass
io.undertow.server.handlers.proxy.mod_cluster.StickySessionUnitTestCase, testDifferentDomainNodeInError, pass
io.undertow.server.handlers.proxy.mod_cluster.StickySessionUnitTestCase, testDomainRemovedContext, pass
io.undertow.server.handlers.proxy.mod_cluster.StickySessionUnitTestCase, testDifferentDomainStoppedContext, pass
io.undertow.server.handlers.proxy.mod_cluster.StickySessionUnitTestCase, testNoDomainNodeInError, pass
io.undertow.server.handlers.proxy.ProxyHandlerXForwardedForTestCase, testReqriteHostHeader, pass
io.undertow.server.handlers.proxy.ProxyHandlerXForwardedForTestCase, testXForwardedSsl, pass
io.undertow.server.handlers.proxy.ProxyHandlerXForwardedForTestCase, testReuseXForwarded, pass
io.undertow.server.handlers.proxy.ProxyHandlerXForwardedForTestCase, testXForwarded, pass
io.undertow.server.handlers.proxy.ProxyPathHandlingTest, exactPathToPathSlash, pass
io.undertow.server.handlers.proxy.ProxyPathHandlingTest, exactPathSlashToRoot, pass
io.undertow.server.handlers.proxy.ProxyPathHandlingTest, exactPathToPath, pass
io.undertow.server.handlers.proxy.ProxyPathHandlingTest, exactPathToRoot, pass
io.undertow.server.handlers.proxy.ProxyPathHandlingTest, prefixRootToPath, pass
io.undertow.server.handlers.proxy.ProxyPathHandlingTest, prefixRootToRoot, pass
io.undertow.server.handlers.proxy.ProxyPathHandlingTest, prefixPathSlashToRoot, pass
io.undertow.server.handlers.proxy.ProxyPathHandlingTest, exactRootToPath, pass
io.undertow.server.handlers.proxy.ProxyPathHandlingTest, exactRootToRoot, pass
io.undertow.server.handlers.proxy.ProxyPathHandlingTest, exactRootToPathSlash, pass
io.undertow.server.handlers.proxy.ProxyPathHandlingTest, prefixPathToPath, pass
io.undertow.server.handlers.proxy.ProxyPathHandlingTest, prefixPathToRoot, pass
io.undertow.server.handlers.QueryParametersTestCase, testQueryParametersShiftJIS, pass
io.undertow.server.handlers.QueryParametersTestCase, testQueryParameterParsingIncorrectlyEncodedURI, pass
io.undertow.server.handlers.QueryParametersTestCase, testQueryParameters, pass
io.undertow.server.handlers.RangeRequestTestCase, testLargeCachedResourceHandler, pass
io.undertow.server.handlers.RangeRequestTestCase, testCachedResourceHandler, pass
io.undertow.server.handlers.RangeRequestTestCase, testResourceHandler, pass
io.undertow.server.handlers.RangeRequestTestCase, testGenericRangeHandler, pass
io.undertow.server.handlers.ReceiverTestCase, testBlockingReceivePartialString, pass
io.undertow.server.handlers.ReceiverTestCase, testAsyncReceivePartialString, pass
io.undertow.server.handlers.ReceiverTestCase, testAsyncReceiveWholeBytes, pass
io.undertow.server.handlers.ReceiverTestCase, testBlockingReceiveWholeBytes, pass
io.undertow.server.handlers.ReceiverTestCase, testAsyncReceiveWholeBytesFailed, pass
io.undertow.server.handlers.ReceiverTestCase, testAsyncReceiveWholeString, pass
io.undertow.server.handlers.ReceiverTestCase, testBlockingReceiveWholeString, pass
io.undertow.server.handlers.ReceiverTestCase, testAsyncReceivePartialBytes, pass
io.undertow.server.handlers.ReceiverTestCase, testBlockingReceivePartialBytes, pass
io.undertow.server.handlers.RedirectTestCase, testRedirectHandler, pass
io.undertow.server.handlers.RequestLimitingHandlerTestCase, testRateLimitingHandler, pass
io.undertow.server.handlers.RequestLimitingHandlerTestCase, testRateLimitingHandlerQueueFull, pass
io.undertow.server.handlers.ResumeWritesTestCase, testResumeWritesFixedLength, pass
io.undertow.server.handlers.ResumeWritesTestCase, testResumeWritesHttp10, pass
io.undertow.server.handlers.ResumeWritesTestCase, testResumeWritesChunked, pass
io.undertow.server.handlers.RoutingHandlerTestCase, testRoutingTemplateHandler, pass
io.undertow.server.handlers.RoutingHandlerTestCase, testWildCardRoutingTemplateHandler, pass
io.undertow.server.handlers.RoutingHandlerTestCase, testRoutingTemplateHandlerWithPrefixPath, pass
io.undertow.server.handlers.SecureCookieHandlerTestCase, testSecureCookieHandler, pass
io.undertow.server.handlers.SenderTestCase, testSyncTransfer, pass
io.undertow.server.handlers.SenderTestCase, testAsyncSender, pass
io.undertow.server.handlers.SenderTestCase, testBlockingSender, pass
io.undertow.server.handlers.SenderTestCase, testAsyncTransfer, pass
io.undertow.server.handlers.SenderTestCase, testSenderSetsContentLength, pass
io.undertow.server.handlers.session.InMemorySessionTestCase, inMemorySessionTest, pass
io.undertow.server.handlers.session.InMemorySessionTestCase, inMemoryMaxSessionsTest, pass
io.undertow.server.handlers.session.SSLSessionTestCase, testSslSession, pass
io.undertow.server.handlers.session.URLRewritingSessionTestCase, testURLRewriting, pass
io.undertow.server.handlers.session.URLRewritingSessionTestCase, testURLRewritingWithQueryParameters, pass
io.undertow.server.handlers.SetAttributeTestCase, testSettingHeader, pass
io.undertow.server.handlers.SetAttributeTestCase, testRewrite, pass
io.undertow.server.handlers.SimpleNonBlockingServerTestCase, sendHttpRequest, pass
io.undertow.server.handlers.SimpleNonBlockingServerTestCase, sendHttpOneZeroRequest, pass
io.undertow.server.handlers.SimpleNonBlockingServerTestCase, sendHttp11RequestWithClose, pass
io.undertow.server.handlers.sse.ServerSentEventTestCase, testSSE, pass
io.undertow.server.handlers.sse.ServerSentEventTestCase, testRetry, pass
io.undertow.server.handlers.sse.ServerSentEventTestCase, testLargeMessage, pass
io.undertow.server.handlers.sse.ServerSentEventTestCase, testConnectionFail, pass
io.undertow.server.handlers.sse.ServerSentEventTestCase, testProgressiveSSEWithCompression, pass
io.undertow.server.handlers.URLDecodingHandlerTestCase, testDoesNotDecodeByDefault, pass
io.undertow.server.handlers.URLDecodingHandlerTestCase, testDecodesWhenUrlDecodingIsDisabled, pass
io.undertow.server.handlers.URLDecodingHandlerTestCase, testDecodeCharactersInMatchedPaths, pass
io.undertow.server.handlers.URLDecodingHandlerTestCase, testMultipleURLDecodingHandlers, pass
io.undertow.server.handlers.UserAgentAccessControlHandlerUnitTestCase, testAllowAllButOne, pass
io.undertow.server.handlers.UserAgentAccessControlHandlerUnitTestCase, testTrueDefault, pass
io.undertow.server.handlers.UserAgentAccessControlHandlerUnitTestCase, testNullUserAgent, pass
io.undertow.server.handlers.UserAgentAccessControlHandlerUnitTestCase, testFalseDefault, pass
io.undertow.server.handlers.UserAgentAccessControlHandlerUnitTestCase, testAllowIE6AndAboveAndAllOthers, pass
io.undertow.server.handlers.UserAgentAccessControlHandlerUnitTestCase, testDenyAllButOne, pass
io.undertow.server.handlers.UserAgentAccessControlHandlerUnitTestCase, testInvalidPattern, pass
io.undertow.server.handlers.VirtualHostTestCase, testVirtualHost, pass
io.undertow.server.HttpServerExchangeTestCase, testHttpServerExchange, pass
io.undertow.server.InvalidHtpRequestTestCase, testMultipleTransferEncoding, pass
io.undertow.server.InvalidHtpRequestTestCase, testContentLengthAndTransferEncoding, pass
io.undertow.server.InvalidHtpRequestTestCase, testInvalidCharacterInHeader, pass
io.undertow.server.InvalidHtpRequestTestCase, testInvalidCharacterInMethod, pass
io.undertow.server.InvalidHtpRequestTestCase, testMultipleContentLengths, pass
io.undertow.server.MaxRequestSizeTestCase, testMaxRequestHeaderSize, pass
io.undertow.server.MaxRequestSizeTestCase, testMaxRequestEntitySize, pass
io.undertow.server.NewlineInHeadersTestCase, testNewlineInHeaders, pass
io.undertow.server.ParseTimeoutTestCase, testClosingConnectionWhenParsingHeadersForTooLong, pass
io.undertow.server.protocol.ajp.AjpCharacterEncodingTestCase, sendHttpRequest, pass
io.undertow.server.protocol.ajp.AjpParsingUnitTestCase, testCharsetHandling, pass
io.undertow.server.protocol.ajp.AjpParsingUnitTestCase, testInvalidQueryString, pass
io.undertow.server.protocol.ajp.AjpParsingUnitTestCase, testByteByByteAjpParsing, pass
io.undertow.server.protocol.ajp.AjpParsingUnitTestCase, testAjpParsing, pass
io.undertow.server.protocol.http2.HTTP2ViaUpgradeTestCase, testHttp2WithNettyClient, pass
io.undertow.server.protocol.http.ContentOverrunTestCase, testContentPastContentLength, pass
io.undertow.server.protocol.http.ContentOverrunTestCase, testContentOn204, pass
io.undertow.server.protocol.http.ParserResumeTestCase, testOneCharacterAtATime, pass
io.undertow.server.protocol.http.ParserResumeTestCase, testMethodSplit, pass
io.undertow.server.protocol.http.SimpleParserTestCase, testQueryParams, pass
io.undertow.server.protocol.http.SimpleParserTestCase, testFullUrlRootPath, pass
io.undertow.server.protocol.http.SimpleParserTestCase, testInvalidCharacterInPath, pass
io.undertow.server.protocol.http.SimpleParserTestCase, testEmptyQueryParams, pass
io.undertow.server.protocol.http.SimpleParserTestCase, testPlusSignVsSpaceEncodingInPath, pass
io.undertow.server.protocol.http.SimpleParserTestCase, testCarriageReturnLineEnds, pass
io.undertow.server.protocol.http.SimpleParserTestCase, testSameHttpStringReturned, pass
io.undertow.server.protocol.http.SimpleParserTestCase, testLineEndingInsteadOfSpacesAfterPath2, pass
io.undertow.server.protocol.http.SimpleParserTestCase, testLineEndingInsteadOfSpacesAfterVerb2, pass
io.undertow.server.protocol.http.SimpleParserTestCase, testLineEndingInsteadOfSpacesAfterVerb3, pass
io.undertow.server.protocol.http.SimpleParserTestCase, testEncodedSlashDisallowed, pass
io.undertow.server.protocol.http.SimpleParserTestCase, testColonSlashInFullURL, pass
io.undertow.server.protocol.http.SimpleParserTestCase, testLineEndingInsteadOfSpacesAfterPath, pass
io.undertow.server.protocol.http.SimpleParserTestCase, testLineEndingInsteadOfSpacesAfterVerb, pass
io.undertow.server.protocol.http.SimpleParserTestCase, testCanonicalPath, pass
io.undertow.server.protocol.http.SimpleParserTestCase, testTabWhitespace, pass
io.undertow.server.protocol.http.SimpleParserTestCase, testInvalidCharacterInPathParam1, pass
io.undertow.server.protocol.http.SimpleParserTestCase, testInvalidCharacterInPathParam2, pass
io.undertow.server.protocol.http.SimpleParserTestCase, testLineFeedsLineEnds, pass
io.undertow.server.protocol.http.SimpleParserTestCase, testTabInsteadOfSpaceAfterVerb2, pass
io.undertow.server.protocol.http.SimpleParserTestCase, testColonSlashInURL, pass
io.undertow.server.protocol.http.SimpleParserTestCase, testSimpleRequest, pass
io.undertow.server.protocol.http.SimpleParserTestCase, testNonEncodedAsciiCharactersExplicitlyAllowed, pass
io.undertow.server.protocol.http.SimpleParserTestCase, testTabInsteadOfSpaceAfterPath, pass
io.undertow.server.protocol.http.SimpleParserTestCase, testTabInsteadOfSpaceAfterVerb, pass
io.undertow.server.protocol.http.SimpleParserTestCase, testSimpleRequestWithHeaderCaching, pass
io.undertow.server.protocol.http.SimpleParserTestCase, testNonEncodedAsciiCharacters, pass
io.undertow.server.protocol.http.SimpleParserTestCase, testInvalidCharacterInQueryString1, pass
io.undertow.server.protocol.http.SimpleParserTestCase, testInvalidCharacterInQueryString2, pass
io.undertow.server.protocol.http.SimpleParserTestCase, testEncodedSlashAllowed, pass
io.undertow.server.protocol.http.SimpleParserTestCase, testPathParameters, pass
io.undertow.server.protocol.http.SimpleParserTestCase, testNoHeaders, pass
io.undertow.server.protocol.proxy.ProxyProtocolTestCase, testProxyProtocolV2SSl, pass
io.undertow.server.protocol.proxy.ProxyProtocolTestCase, testProxyProtocolUnknownEmpty, pass
io.undertow.server.protocol.proxy.ProxyProtocolTestCase, testProxyProtocolUnknownSpace, pass
io.undertow.server.protocol.proxy.ProxyProtocolTestCase, testProxyProtocolUnknownJunk, pass
io.undertow.server.protocol.proxy.ProxyProtocolTestCase, testProxyProtocolTcp4, pass
io.undertow.server.protocol.proxy.ProxyProtocolTestCase, testProxyProtocolTcp6, pass
io.undertow.server.protocol.proxy.ProxyProtocolTestCase, testProxyProtocolV2Tcp4Negative, pass
io.undertow.server.protocol.proxy.ProxyProtocolTestCase, testProxyProtocolV2Tcp6Negative, pass
io.undertow.server.protocol.proxy.ProxyProtocolTestCase, testProxyProtocolV2Negative, pass
io.undertow.server.protocol.proxy.ProxyProtocolTestCase, testProxyProtocolV2Local, pass
io.undertow.server.protocol.proxy.ProxyProtocolTestCase, testProxyProtocolV2Tcp4, pass
io.undertow.server.protocol.proxy.ProxyProtocolTestCase, testProxyProtocolV2Tcp6, pass
io.undertow.server.protocol.proxy.ProxyProtocolTestCase, testProxyProtocolSSl, pass
io.undertow.server.protocol.proxy.ProxyProtocolTestCase, testProxyProtocolTcp4Negative, pass
io.undertow.server.protocol.proxy.ProxyProtocolTestCase, testProxyProtocolNegative, pass
io.undertow.server.protocol.proxy.ProxyProtocolTestCase, testProxyProtocolTcp6Negative, pass
io.undertow.server.ReadTimeoutTestCase, io.undertow.server.ReadTimeoutTestCase, skip
io.undertow.server.security.BasicAuthenticationTestCase, testBadPassword, pass
io.undertow.server.security.BasicAuthenticationTestCase, testBadUserName, pass
io.undertow.server.security.BasicAuthenticationTestCase, testBasicSuccess, pass
io.undertow.server.security.BasicAuthenticationTestCase, testNoMechanisms, pass
io.undertow.server.security.ClientCertRenegotiationTestCase, testClientCertSuccessWithPostBody, pass
io.undertow.server.security.ClientCertRenegotiationTestCase, testClientCertSuccess, pass
io.undertow.server.security.ClientCertRenegotiationTestCase, testClientCertSuccessWithLargePostBody, pass
io.undertow.server.security.ClientCertRenegotiationTestCase, testNoMechanisms, pass
io.undertow.server.security.ClientCertTestCase, testClientCertSuccess, pass
io.undertow.server.security.ClientCertTestCase, testNoMechanisms, pass
io.undertow.server.security.DigestAuthentication2069TestCase, testBadPassword, pass
io.undertow.server.security.DigestAuthentication2069TestCase, testDigestSuccess, pass
io.undertow.server.security.DigestAuthentication2069TestCase, testNonceReUse, pass
io.undertow.server.security.DigestAuthentication2069TestCase, testDifferentNonce, pass
io.undertow.server.security.DigestAuthentication2069TestCase, testBadUserName, pass
io.undertow.server.security.DigestAuthentication2069TestCase, testNoMechanisms, pass
io.undertow.server.security.DigestAuthenticationAuthTestCase, testBadPassword, pass
io.undertow.server.security.DigestAuthenticationAuthTestCase, testBadNonce, pass
io.undertow.server.security.DigestAuthenticationAuthTestCase, testDigestSuccess, pass
io.undertow.server.security.DigestAuthenticationAuthTestCase, testNonceCountReUse, pass
io.undertow.server.security.DigestAuthenticationAuthTestCase, testDigestBadUri, pass
io.undertow.server.security.DigestAuthenticationAuthTestCase, testBadUsername, pass
io.undertow.server.security.DigestAuthenticationAuthTestCase, testNoMechanisms, pass
io.undertow.server.security.FormAuthTestCase, testFormAuth, pass
io.undertow.server.security.FormAuthTestCase, testNoMechanisms, pass
io.undertow.server.security.GenericHeaderAuthenticationTestCase, testBadPassword, pass
io.undertow.server.security.GenericHeaderAuthenticationTestCase, testGenericHeaderSucess, pass
io.undertow.server.security.GenericHeaderAuthenticationTestCase, testBadUserName, pass
io.undertow.server.security.GenericHeaderAuthenticationTestCase, testNoMechanisms, pass
io.undertow.server.security.ParseDigestAuthorizationTokenTestCase, testFirefox_16, pass
io.undertow.server.security.ParseDigestAuthorizationTokenTestCase, testChrome_22, pass
io.undertow.server.security.ParseDigestAuthorizationTokenTestCase, testOpera_12, pass
io.undertow.server.security.ParseDigestAuthorizationTokenTestCase, testCurl_7, pass
io.undertow.server.security.SimpleConfidentialRedirectTestCase, simpleRedirectTestCase, pass
io.undertow.server.security.SpnegoAuthenticationTestCase, testSpnegoSuccess, pass
io.undertow.server.security.SpnegoAuthenticationTestCase, testNoMechanisms, pass
io.undertow.server.security.SpnegoBasicAuthenticationTestCase, testBadPassword, pass
io.undertow.server.security.SpnegoBasicAuthenticationTestCase, testBadUserName, pass
io.undertow.server.security.SpnegoBasicAuthenticationTestCase, testBasicSuccess, pass
io.undertow.server.security.SpnegoBasicAuthenticationTestCase, testSpnegoSuccess, pass
io.undertow.server.security.SpnegoBasicAuthenticationTestCase, testNoMechanisms, pass
io.undertow.server.security.SpnegoDigestAuthenticationTestCase, testBadPassword, pass
io.undertow.server.security.SpnegoDigestAuthenticationTestCase, testBadNonce, pass
io.undertow.server.security.SpnegoDigestAuthenticationTestCase, testDigestSuccess, pass
io.undertow.server.security.SpnegoDigestAuthenticationTestCase, testNonceCountReUse, pass
io.undertow.server.security.SpnegoDigestAuthenticationTestCase, testBadUsername, pass
io.undertow.server.security.SpnegoDigestAuthenticationTestCase, testSpnegoSuccess, pass
io.undertow.server.security.SpnegoDigestAuthenticationTestCase, testNoMechanisms, pass
io.undertow.server.security.SsoTestCase, testSsoSuccess, pass
io.undertow.server.security.SsoTestCase, testNoMechanisms, pass
io.undertow.server.ssl.ComplexSSLTestCase, complexSSLTestCase, pass
io.undertow.server.ssl.ComplexSSLTestCase, testSslLotsOfData, pass
io.undertow.server.ssl.SimpleSSLTestCase, simpleSSLTestCase, pass
io.undertow.server.ssl.SimpleSSLTestCase, parallelWithDispatch, pass
io.undertow.server.ssl.SimpleSSLTestCase, parallelWithBlockingDispatch, pass
io.undertow.server.ssl.SimpleSSLTestCase, parallel, pass
io.undertow.server.ssl.SimpleSSLTestCase, testNonPersistentConnections, pass
io.undertow.server.ssl.TLS13HalfCloseHangTestCase, testHang, pass
io.undertow.server.StopTestCase, testStopUndertowAfterExceptionDuringStart, pass
io.undertow.server.StopTestCase, testStopUndertowNotStarted, pass
io.undertow.server.WriteTimeoutTestCase, io.undertow.server.WriteTimeoutTestCase, skip
io.undertow.util.ByteRangeTestCase, testGetStart, pass
io.undertow.util.ByteRangeTestCase, testParse, pass
io.undertow.util.ByteRangeTestCase, testGetResponseResult1, pass
io.undertow.util.ByteRangeTestCase, testGetResponseResult2, pass
io.undertow.util.ByteRangeTestCase, testGetResponseResult3, pass
io.undertow.util.ByteRangeTestCase, testGetResponseResult4, pass
io.undertow.util.ByteRangeTestCase, testGetResponseResult5, pass
io.undertow.util.ByteRangeTestCase, testGetResponseResult6, pass
io.undertow.util.ByteRangeTestCase, testGetResponseResultNull, pass
io.undertow.util.ByteRangeTestCase, testGetEnd, pass
io.undertow.util.ByteRangeTestCase, testGetRanges, pass
io.undertow.util.CanonicalPathUtilsTestCase, testCanonicalizationBackslash, pass
io.undertow.util.CanonicalPathUtilsTestCase, testCanonicalization, pass
io.undertow.util.ContentTypeParsingTestCase, testCharsetParsing, pass
io.undertow.util.CookiesTestCase, testInvalidRfc6265CookieInValue1, pass
io.undertow.util.CookiesTestCase, testInvalidRfc6265CookieInValue2, pass
io.undertow.util.CookiesTestCase, testInvalidRfc6265CookieInValue3, pass
io.undertow.util.CookiesTestCase, testInvalidRfc6265CookieInValue4, pass
io.undertow.util.CookiesTestCase, testInvalidRfc6265CookieInValue5, pass
io.undertow.util.CookiesTestCase, testEmptyCookieNames, pass
io.undertow.util.CookiesTestCase, testHttpSeparaterInV0CookieValue, pass
io.undertow.util.CookiesTestCase, testEqualsInValueAllowed, pass
io.undertow.util.CookiesTestCase, testInvalidSameSiteCookie, pass
io.undertow.util.CookiesTestCase, testQuotedEscapedStringInRequestCookie, pass
io.undertow.util.CookiesTestCase, testInvalidRfc6265CookieInPath, pass
io.undertow.util.CookiesTestCase, testParsingSetCookieHeaderV0, pass
io.undertow.util.CookiesTestCase, testParsingSetCookieHeaderV1, pass
io.undertow.util.CookiesTestCase, testEqualsInValueNotAllowed, pass
io.undertow.util.CookiesTestCase, testEqualsInValueAllowedInQuotedValue, pass
io.undertow.util.CookiesTestCase, testSameSiteCookie, pass
io.undertow.util.CookiesTestCase, testQuotedJSONObjectInRequestCookies, pass
io.undertow.util.CookiesTestCase, testMultipleRequestCookies, pass
io.undertow.util.CookiesTestCase, testInvalidCookie, pass
io.undertow.util.CookiesTestCase, testCommaSeparatedCookies, pass
io.undertow.util.CookiesTestCase, testSimpleJSONObjectInRequestCookies, pass
io.undertow.util.CookiesTestCase, testComplexJSONObjectInRequestCookies, pass
io.undertow.util.CookiesTestCase, testInvalidRfc6265CookieInValue, pass
io.undertow.util.CookiesTestCase, testRequestCookieDomainPathVersion, pass
io.undertow.util.CookiesTestCase, testInvalidRfc6265CookieInDomain, pass
io.undertow.util.CookiesTestCase, testEqualsInValueNotAllowedInQuotedValue, pass
io.undertow.util.DateUtilsTestCase, testPerformance, skip
io.undertow.util.DateUtilsTestCase, testParseIE9Date, pass
io.undertow.util.DateUtilsTestCase, testParseFirefoxDate, pass
io.undertow.util.DateUtilsTestCase, testParseChromeDate, pass
io.undertow.util.ETagUtilsTestCase, testParseHeaderList, pass
io.undertow.util.FlexBase64TestCase, testReadStopsAtTerminator, pass
io.undertow.util.FlexBase64TestCase, testEncodeURLWithByteBufferUsesUrlTable, pass
io.undertow.util.HeaderMapTestCase, testCollision, pass
io.undertow.util.HeaderMapTestCase, testGrowing, pass
io.undertow.util.HeaderMapTestCase, testInitial, pass
io.undertow.util.HeaderMapTestCase, testSimple, pass
io.undertow.util.HeaderOrderTestCase, testHeadersOrder, pass
io.undertow.util.HeadersUtilsTestCase, testTokenExtraction, pass
io.undertow.util.HeaderTokenParserTestCase, testHeaderTokenParser, pass
io.undertow.util.HeaderValuesTestCase, testAdd, pass
io.undertow.util.HeaderValuesTestCase, testBasic, pass
io.undertow.util.HttpStringTestCase, testSerialization, pass
io.undertow.util.HttpStringTestCase, testCompareShorterFirst, pass
io.undertow.util.HttpStringTestCase, testOrderShorterFirst, pass
io.undertow.util.HttpStringTestCase, testCompare, pass
io.undertow.util.LocaleUtilsTestCase, testGetLocaleFromInvalidString, pass
io.undertow.util.MimeDecodingTestCase, testMultilineHeader, pass
io.undertow.util.MimeDecodingTestCase, testSimpleMimeDecodingWithoutPreamble, pass
io.undertow.util.MimeDecodingTestCase, testQuotedPrintable, pass
io.undertow.util.MimeDecodingTestCase, testSimpleMimeDecodingWithPreamble, pass
io.undertow.util.MimeDecodingTestCase, testBase64MimeDecoding, pass
io.undertow.util.MimeDecodingTestCase, testMimeDecodingWithUTF8Headers, pass
io.undertow.util.MimeDecodingTestCase, testBase64MimeDecodingWithSmallBuffers, pass
io.undertow.util.NetworkUtilsAddressObfuscationTestCase, testIpV4Address, pass
io.undertow.util.NetworkUtilsAddressObfuscationTestCase, testIpv6Address, pass
io.undertow.util.NetworkUtilsAddressParsingTestCase, testIpV6AddressMultipleColons, pass
io.undertow.util.NetworkUtilsAddressParsingTestCase, testIpV4Hostname2, pass
io.undertow.util.NetworkUtilsAddressParsingTestCase, testIpV4Hostname, pass
io.undertow.util.NetworkUtilsAddressParsingTestCase, testIpV4AddressMultipleDots, pass
io.undertow.util.NetworkUtilsAddressParsingTestCase, testIpV4AddressStartsWithDot, pass
io.undertow.util.NetworkUtilsAddressParsingTestCase, testIpV4Address, pass
io.undertow.util.NetworkUtilsAddressParsingTestCase, testIpV6Hostname, pass
io.undertow.util.NetworkUtilsAddressParsingTestCase, testIpV6AddressToLarge, pass
io.undertow.util.NetworkUtilsAddressParsingTestCase, testIpV6AddressToSmall, pass
io.undertow.util.NetworkUtilsAddressParsingTestCase, testIpV6AddressStartsWithColon, pass
io.undertow.util.NetworkUtilsAddressParsingTestCase, testIpV6AddressWithLeadingZero, pass
io.undertow.util.NetworkUtilsAddressParsingTestCase, testIpV4AddressToLarge, pass
io.undertow.util.NetworkUtilsAddressParsingTestCase, testIpV4AddressToSmall, pass
io.undertow.util.NetworkUtilsAddressParsingTestCase, testIpV6AddressMultipleColons2, pass
io.undertow.util.NetworkUtilsAddressParsingTestCase, testIpv6Address, pass
io.undertow.util.NetworkUtilsAddressParsingTestCase, testIpV4AddressMultipleDots2, pass
io.undertow.util.NetworkUtilsAddressParsingTestCase, testIpV4AddressWithLeadingZero, pass
io.undertow.util.NetworkUtilsAddressParsingTestCase, testIpV6Hostname2, pass
io.undertow.util.NodeStatusCodesTestCase, testCodeLookup, pass
io.undertow.util.NodeStatusCodesTestCase, testUnknownCode, pass
io.undertow.util.PathMatcherTestCase, testSimplePrefixCase, pass
io.undertow.util.PathMatcherTestCase, testSimpleMatchCase, pass
io.undertow.util.PathMatcherTestCase, testDefaultFallthrough, pass
io.undertow.util.PathMatcherTestCase, testSimpleDefaultCase, pass
io.undertow.util.PathTemplateTestCase, wildCardTests, pass
io.undertow.util.PathTemplateTestCase, testNullPath, pass
io.undertow.util.PathTemplateTestCase, testMatches, pass
io.undertow.util.PathTemplateTestCase, testTrailingSlash, pass
io.undertow.util.PathTemplateTestCase, testDetectDuplicates, pass
io.undertow.util.SimpleObjectPoolTestCase, testCloseMayBeInvokedMultipleTimesWhenObjectIsRecycled, pass
io.undertow.util.SimpleObjectPoolTestCase, testCloseMayBeInvokedMultipleTimesWhenObjectIsConsumed, pass
io.undertow.util.SimpleObjectPoolTestCase, testObjectAlreadyReturned, pass
io.undertow.util.SubstringMapTestCase, testSubstringMap, pass
io.undertow.util.TestVersion, testVersionSet, pass
io.undertow.util.URLUtilsTestCase, testIsAbsoluteUrlRecognizingAppUrls[0], pass
io.undertow.util.URLUtilsTestCase, testDecodingWithTrailingPercentChar[0], pass
io.undertow.util.URLUtilsTestCase, testDecodingURLMustNotMutateSpaceSymbolsCaseIfSpaceDecodingDisabled[0], pass
io.undertow.util.URLUtilsTestCase, testIsAbsoluteUrlIgnoresSyntaxErrorsAreNotAbsolute[0], pass
io.undertow.util.URLUtilsTestCase, testIsAbsoluteUrlInvalidChars[0], pass
io.undertow.util.URLUtilsTestCase, testIsAbsoluteUrlRecognizingRelativeUrls[0], pass
io.undertow.util.URLUtilsTestCase, testIsAbsoluteUrlRecognizingAbsolutUrls[0], pass
io.undertow.util.URLUtilsTestCase, testDecodingWithEncodedAndDecodedSlashAndSlashDecodingDisabled[0], pass
io.undertow.util.URLUtilsTestCase, testIsAbsoluteUrlRecognizingEmptyOrNullAsRelative[0], pass
io.undertow.util.URLUtilsTestCase, testIsAbsoluteUrlRecognizingAppUrls[1], pass
io.undertow.util.URLUtilsTestCase, testDecodingWithTrailingPercentChar[1], pass
io.undertow.util.URLUtilsTestCase, testDecodingURLMustNotMutateSpaceSymbolsCaseIfSpaceDecodingDisabled[1], pass
io.undertow.util.URLUtilsTestCase, testIsAbsoluteUrlIgnoresSyntaxErrorsAreNotAbsolute[1], pass
io.undertow.util.URLUtilsTestCase, testIsAbsoluteUrlInvalidChars[1], pass
io.undertow.util.URLUtilsTestCase, testIsAbsoluteUrlRecognizingRelativeUrls[1], pass
io.undertow.util.URLUtilsTestCase, testIsAbsoluteUrlRecognizingAbsolutUrls[1], pass
io.undertow.util.URLUtilsTestCase, testDecodingWithEncodedAndDecodedSlashAndSlashDecodingDisabled[1], pass
io.undertow.util.URLUtilsTestCase, testIsAbsoluteUrlRecognizingEmptyOrNullAsRelative[1], pass
io.undertow.websockets.client.version13.WebSocketClient13TestCase, testMessageViaWssProxy, pass
io.undertow.websockets.client.version13.WebSocketClient13TestCase, testTextMessage, pass
io.undertow.websockets.client.version13.WebSocketClient13TestCase, testTextMessageWss, pass
io.undertow.websockets.client.version13.WebSocketClient13TestCase, testMessageViaProxy, pass
io.undertow.websockets.core.protocol.AbstractWebSocketServerTest, testText, pass
io.undertow.websockets.core.protocol.AbstractWebSocketServerTest, testBinary, pass
io.undertow.websockets.core.protocol.AbstractWebSocketServerTest, testCloseFrame, pass
io.undertow.websockets.core.protocol.WebSocket07ServerTest, testPing, pass
io.undertow.websockets.core.protocol.WebSocket07ServerTest, testText, pass
io.undertow.websockets.core.protocol.WebSocket07ServerTest, testBinary, pass
io.undertow.websockets.core.protocol.WebSocket07ServerTest, testCloseFrame, pass
io.undertow.websockets.core.protocol.WebSocket08ServerTest, testPing, pass
io.undertow.websockets.core.protocol.WebSocket08ServerTest, testText, pass
io.undertow.websockets.core.protocol.WebSocket08ServerTest, testBinary, pass
io.undertow.websockets.core.protocol.WebSocket08ServerTest, testCloseFrame, pass
io.undertow.websockets.core.protocol.WebSocket13ServerTestCase, testPing, pass
io.undertow.websockets.core.protocol.WebSocket13ServerTestCase, testText, pass
io.undertow.websockets.core.protocol.WebSocket13ServerTestCase, testBinary, pass
io.undertow.websockets.core.protocol.WebSocket13ServerTestCase, testCloseFrame, pass
io.undertow.websockets.extensions.CompressionUtilsTest, testBasicCompressDecompress, pass
io.undertow.websockets.extensions.CompressionUtilsTest, testLongMessage, pass
io.undertow.websockets.extensions.CompressionUtilsTest, testPadding, pass
io.undertow.websockets.extensions.CompressionUtilsTest, testCompressByFramesDecompressWhole, pass
io.undertow.websockets.extensions.CompressionUtilsTest, testEmptyFrames, pass
io.undertow.websockets.extensions.CompressionUtilsTest, testCompressDecompressByFrames, pass
io.undertow.websockets.extensions.CompressionUtilsTest, testCompressByFramesDecompressWholeLongMessage, pass
io.undertow.websockets.extensions.WebSocketExtensionBasicTestCase, testExtensionsHeaders, pass
io.undertow.websockets.extensions.WebSocketExtensionBasicTestCase, testLongTextMessage, pass
io.undertow.websockets.extensions.WebSocketExtensionBasicTestCase, testLongMessageWithoutExtensions, skip
io.undertow.websockets.extensions.WebSocketExtensionParserTest, testToExtensionHeader, pass
io.undertow.websockets.extensions.WebSocketExtensionParserTest, testParseExtension, pass
io.undertow.websockets.extensions.WebSocketExtensionParserTest, testWriteRsvBits, pass
