com.cloudera.oryx.lambda.serving.CSVMessageBodyWriterTest, testWrite, pass
com.cloudera.oryx.lambda.serving.CSVMessageBodyWriterTest, testIsWriteable, pass
com.cloudera.oryx.lambda.serving.CSVMessageBodyWriterTest, testGetSize, pass
com.cloudera.oryx.lambda.serving.ErrorResourceTest, testError, pass
com.cloudera.oryx.lambda.serving.InMemoryRealmTest, testAuthenticate, pass
com.cloudera.oryx.lambda.serving.OryxExceptionMapperTest, testMap, pass
com.cloudera.oryx.lambda.serving.ServingLayerTest, testServingLayer, pass
com.cloudera.oryx.lambda.serving.ServingLayerTest, testServingLayerSecure, pass
com.cloudera.oryx.lambda.serving.TopicProducerImplTest, testProducer, pass
com.cloudera.oryx.ml.param.GridSearchTest, testCombos2, pass
com.cloudera.oryx.ml.param.GridSearchTest, testNoCombos, pass
com.cloudera.oryx.ml.param.GridSearchTest, testCombos, pass
com.cloudera.oryx.ml.param.HyperParamsTest, testDiscreteRange, pass
com.cloudera.oryx.ml.param.HyperParamsTest, testFixedDiscrete, pass
com.cloudera.oryx.ml.param.HyperParamsTest, testAroundDiscrete, pass
com.cloudera.oryx.ml.param.HyperParamsTest, testFixedContinuous, pass
com.cloudera.oryx.ml.param.HyperParamsTest, testAroundContinuous, pass
com.cloudera.oryx.ml.param.HyperParamsTest, testUnordered, pass
com.cloudera.oryx.ml.param.HyperParamsTest, testConfig, pass
com.cloudera.oryx.ml.param.HyperParamsTest, testContinuousRange, pass
com.cloudera.oryx.ml.param.RandomSearchTest, testNoCombos, pass
com.cloudera.oryx.ml.param.RandomSearchTest, testCombos, pass
com.cloudera.oryx.common.collection.PairsTest, testOrderBy, pass
com.cloudera.oryx.common.collection.PairTest, testToString, pass
com.cloudera.oryx.common.collection.PairTest, testHashCode, pass
com.cloudera.oryx.common.collection.PairTest, testEquals, pass
com.cloudera.oryx.common.io.IOUtilsTest, testOrder, pass
com.cloudera.oryx.common.io.IOUtilsTest, testChooseFreePort, pass
com.cloudera.oryx.common.io.IOUtilsTest, testListFiles2, pass
com.cloudera.oryx.common.io.IOUtilsTest, testListFiles, pass
com.cloudera.oryx.common.io.IOUtilsTest, testDistinctFreePorts, pass
com.cloudera.oryx.common.io.IOUtilsTest, testListSubdirs2, pass
com.cloudera.oryx.common.io.IOUtilsTest, testCloseQuietly, pass
com.cloudera.oryx.common.io.IOUtilsTest, testDeleteRecursively, pass
com.cloudera.oryx.common.io.IOUtilsTest, testListSubdirs, pass
com.cloudera.oryx.common.lang.AutoLockTest, testAutoClose, pass
com.cloudera.oryx.common.lang.AutoLockTest, testClose, pass
com.cloudera.oryx.common.lang.AutoLockTest, testDefault, pass
com.cloudera.oryx.common.lang.AutoReadWriteLockTest, testWriteLock, pass
com.cloudera.oryx.common.lang.AutoReadWriteLockTest, testReadLock, pass
com.cloudera.oryx.common.lang.AutoReadWriteLockTest, testDefault, pass
com.cloudera.oryx.common.lang.ClassUtilsTest, testInstantiateWithArgs, pass
com.cloudera.oryx.common.lang.ClassUtilsTest, testLoadNonExistentClass, pass
com.cloudera.oryx.common.lang.ClassUtilsTest, testLoadClass2, pass
com.cloudera.oryx.common.lang.ClassUtilsTest, tesInvocationException, pass
com.cloudera.oryx.common.lang.ClassUtilsTest, testLoadInstanceOf2, pass
com.cloudera.oryx.common.lang.ClassUtilsTest, testNoContextCL, pass
com.cloudera.oryx.common.lang.ClassUtilsTest, testLoadInstanceOf, pass
com.cloudera.oryx.common.lang.ClassUtilsTest, testNoSuchMethod, pass
com.cloudera.oryx.common.lang.ClassUtilsTest, testExists, pass
com.cloudera.oryx.common.lang.ClassUtilsTest, testLoadClass, pass
com.cloudera.oryx.common.lang.ClassUtilsTest, testLoadNonExistentClass2, pass
com.cloudera.oryx.common.lang.ExecUtilsTest, testCollectInParallel, pass
com.cloudera.oryx.common.lang.ExecUtilsTest, testDoInParallel, pass
com.cloudera.oryx.common.lang.JVMUtilsTest, testUsedMemory, pass
com.cloudera.oryx.common.lang.JVMUtilsTest, testRunHook, pass
com.cloudera.oryx.common.lang.JVMUtilsTest, testShutdownHook, pass
com.cloudera.oryx.common.lang.LoggingTest, testLoggingCallable, pass
com.cloudera.oryx.common.lang.LoggingTest, testLoggingCallableException, pass
com.cloudera.oryx.common.lang.LoggingTest, testAsRunnable, pass
com.cloudera.oryx.common.lang.LoggingTest, testLoggingCallableException2, pass
com.cloudera.oryx.common.lang.RateLimitCheckTest, testLimit, pass
com.cloudera.oryx.common.math.DoubleWeightedMeanTest, testCopyEquals, pass
com.cloudera.oryx.common.math.DoubleWeightedMeanTest, testOne, pass
com.cloudera.oryx.common.math.DoubleWeightedMeanTest, testNone, pass
com.cloudera.oryx.common.math.DoubleWeightedMeanTest, testWeighted, pass
com.cloudera.oryx.common.math.DoubleWeightedMeanTest, testComplex, pass
com.cloudera.oryx.common.math.DoubleWeightedMeanTest, testNegative, pass
com.cloudera.oryx.common.math.LinearSystemSolverTest, testNull, pass
com.cloudera.oryx.common.math.LinearSystemSolverTest, testSolveDToD, pass
com.cloudera.oryx.common.math.LinearSystemSolverTest, testSolveFToF, pass
com.cloudera.oryx.common.math.LinearSystemSolverTest, testApparentRank, pass
com.cloudera.oryx.common.math.LinearSystemSolverTest, testSolveDToDPacked, pass
com.cloudera.oryx.common.math.VectorMathTest, testTransposeTimesSelf, pass
com.cloudera.oryx.common.math.VectorMathTest, testParseVector, pass
com.cloudera.oryx.common.math.VectorMathTest, testDotFF, pass
com.cloudera.oryx.common.math.VectorMathTest, testNormD, pass
com.cloudera.oryx.common.math.VectorMathTest, testNormF, pass
com.cloudera.oryx.common.math.VectorMathTest, testSmall, pass
com.cloudera.oryx.common.math.VectorMathTest, testCosineSimilarity, pass
com.cloudera.oryx.common.math.VectorMathTest, testNullTranspose, pass
com.cloudera.oryx.common.math.VectorMathTest, testRandomF, pass
com.cloudera.oryx.common.pmml.PMMLUtilsTest, testSkeleton, pass
com.cloudera.oryx.common.pmml.PMMLUtilsTest, testToString, pass
com.cloudera.oryx.common.pmml.PMMLUtilsTest, testReadWrite, pass
com.cloudera.oryx.common.pmml.PMMLUtilsTest, testPreviousPMMLVersion, pass
com.cloudera.oryx.common.pmml.PMMLUtilsTest, testFromString, pass
com.cloudera.oryx.common.random.RandomManagerRandomTest, testRandomState, skip
com.cloudera.oryx.common.random.RandomManagerTest, testRandomState, pass
com.cloudera.oryx.common.random.RandomManagerTest, testRandomStateWithSeed, pass
com.cloudera.oryx.common.random.RandomManagerTest, testUnseededRandomState, pass
com.cloudera.oryx.common.settings.ConfigToPropertiesTest, testToProperties, pass
com.cloudera.oryx.common.settings.ConfigUtilsTest, testDefaultConfig, pass
com.cloudera.oryx.common.settings.ConfigUtilsTest, testBadKeyValuesToProperties, pass
com.cloudera.oryx.common.settings.ConfigUtilsTest, testOverlayOn, pass
com.cloudera.oryx.common.settings.ConfigUtilsTest, testSerialize, pass
com.cloudera.oryx.common.settings.ConfigUtilsTest, tetKeyValuesToProperties, pass
com.cloudera.oryx.common.settings.ConfigUtilsTest, testPrettyPrint, pass
com.cloudera.oryx.common.settings.ConfigUtilsTest, testOptionalDouble, pass
com.cloudera.oryx.common.settings.ConfigUtilsTest, testSetPath, pass
com.cloudera.oryx.common.settings.ConfigUtilsTest, testRedact, pass
com.cloudera.oryx.common.settings.ConfigUtilsTest, testOptionalString, pass
com.cloudera.oryx.common.settings.ConfigUtilsTest, testOptionalStringList, pass
com.cloudera.oryx.common.text.TextUtilsTest, testParsePMMLDelimited, pass
com.cloudera.oryx.common.text.TextUtilsTest, testParseJSON, pass
com.cloudera.oryx.common.text.TextUtilsTest, testJoinJSON, pass
com.cloudera.oryx.common.text.TextUtilsTest, testJSONList, pass
com.cloudera.oryx.common.text.TextUtilsTest, testJoinPMMLDelimitedNumbers, pass
com.cloudera.oryx.common.text.TextUtilsTest, testReadJSON, pass
com.cloudera.oryx.common.text.TextUtilsTest, testJoinDelimited, pass
com.cloudera.oryx.common.text.TextUtilsTest, testParseDelimited, pass
com.cloudera.oryx.common.text.TextUtilsTest, testJoinPMMLDelimited, pass
com.cloudera.oryx.common.text.TextUtilsTest, testConvertViaJSON, pass
com.cloudera.oryx.common.text.TextUtilsTest, testJSONMap, pass
com.cloudera.oryx.lambda.batch.ValueToWritableFunctionTest, testNullKey, pass
com.cloudera.oryx.lambda.batch.ValueToWritableFunctionTest, testFunction, pass
com.cloudera.oryx.lambda.batch.ValueWritableConverterTest, testLong, pass
com.cloudera.oryx.lambda.batch.ValueWritableConverterTest, testText, pass
com.cloudera.oryx.lambda.batch.ValueWritableConverterTest, testFromNull, pass
com.cloudera.oryx.lambda.batch.ValueWritableConverterTest, testNoSuchMethod, pass
com.cloudera.oryx.lambda.batch.ValueWritableConverterTest, testToNullText, pass
com.cloudera.oryx.lambda.batch.WritableToValueFunctionTest, testFunction, pass
com.cloudera.oryx.lambda.HadoopUtilsTest, testShutdownHook, pass
com.cloudera.oryx.lambda.TopicProducerImplTest, testProducer, pass
com.cloudera.oryx.app.batch.mllib.als.ALSUpdateTest, testDecay, pass
com.cloudera.oryx.app.serving.als.AllItemIDsTest, testAllItemIDs, pass
com.cloudera.oryx.app.serving.als.AllItemIDsTest, testAllItemIDsCSV, pass
com.cloudera.oryx.app.serving.als.AllUserIDsTest, testAllUserIDsCSV, pass
com.cloudera.oryx.app.serving.als.AllUserIDsTest, testAllItemIDs, pass
com.cloudera.oryx.app.serving.als.BecauseTest, testNoArg, pass
com.cloudera.oryx.app.serving.als.BecauseTest, testBecause, pass
com.cloudera.oryx.app.serving.als.BecauseTest, testBecauseCSV, pass
com.cloudera.oryx.app.serving.als.BecauseTest, testHowMany, pass
com.cloudera.oryx.app.serving.als.BecauseTest, testOffset, pass
com.cloudera.oryx.app.serving.als.CompressedResponseTest, testDeflateResponse, pass
com.cloudera.oryx.app.serving.als.CompressedResponseTest, testGzipResponse, pass
com.cloudera.oryx.app.serving.als.ConsoleTest, testConsole, pass
com.cloudera.oryx.app.serving.als.EstimateForAnonymousTest, testEstimateForAnonymous, pass
com.cloudera.oryx.app.serving.als.EstimateForAnonymousTest, testEstimateForAnonymousCSV, pass
com.cloudera.oryx.app.serving.als.EstimateForAnonymousTest, testBadRequest, pass
com.cloudera.oryx.app.serving.als.EstimateForAnonymousTest, testEstimateForAnonymousWithUnknown, pass
com.cloudera.oryx.app.serving.als.EstimateForAnonymousTest, testEstimateForAnonymousWithAllUnknown, pass
com.cloudera.oryx.app.serving.als.EstimateForAnonymousTest, testUnknownUser, pass
com.cloudera.oryx.app.serving.als.EstimateTest, testEstimate, pass
com.cloudera.oryx.app.serving.als.EstimateTest, testBadRequest, pass
com.cloudera.oryx.app.serving.als.EstimateTest, testZeroEstimate, pass
com.cloudera.oryx.app.serving.als.EstimateTest, testEstimateCSV, pass
com.cloudera.oryx.app.serving.als.IngestTest, testDeflateIngest, pass
com.cloudera.oryx.app.serving.als.IngestTest, testFormIngest, pass
com.cloudera.oryx.app.serving.als.IngestTest, testSimpleIngest, pass
com.cloudera.oryx.app.serving.als.IngestTest, testZippedFormIngest, pass
com.cloudera.oryx.app.serving.als.IngestTest, testGzippedFormIngest, pass
com.cloudera.oryx.app.serving.als.IngestTest, testGZippedIngest, pass
com.cloudera.oryx.app.serving.als.KnownItemsTest, testKnownItemsCSV, pass
com.cloudera.oryx.app.serving.als.KnownItemsTest, testEmptyItems, pass
com.cloudera.oryx.app.serving.als.KnownItemsTest, testKnownItems, pass
com.cloudera.oryx.app.serving.als.model.ALSServingModelManagerTest, testLoad, pass
com.cloudera.oryx.app.serving.als.model.ALSServingModelManagerTest, testBadInstantiation, pass
com.cloudera.oryx.app.serving.als.model.ALSServingModelManagerTest, testWrongClass, pass
com.cloudera.oryx.app.serving.als.model.ALSServingModelManagerTest, testNoClass, pass
com.cloudera.oryx.app.serving.als.model.ALSServingModelTest, testRetainKnown, pass
com.cloudera.oryx.app.serving.als.model.ALSServingModelTest, testRetainUsersItems, pass
com.cloudera.oryx.app.serving.als.model.ALSServingModelTest, testLSHEffect, pass
com.cloudera.oryx.app.serving.als.model.ALSServingModelTest, testToString, pass
com.cloudera.oryx.app.serving.als.model.ALSServingModelTest, testKnownItems, pass
com.cloudera.oryx.app.serving.als.model.ALSServingModelTest, testFractionLoaded, pass
com.cloudera.oryx.app.serving.als.model.ALSServingModelTest, testUserItemVector, pass
com.cloudera.oryx.app.serving.als.model.LocalitySensitiveHashTest, testTwoCores, pass
com.cloudera.oryx.app.serving.als.model.LocalitySensitiveHashTest, testOneCore, pass
com.cloudera.oryx.app.serving.als.model.LocalitySensitiveHashTest, testCandidateIndices, pass
com.cloudera.oryx.app.serving.als.model.LocalitySensitiveHashTest, testManyCores, pass
com.cloudera.oryx.app.serving.als.model.LocalitySensitiveHashTest, testCandidateIndicesNoSample, pass
com.cloudera.oryx.app.serving.als.model.LocalitySensitiveHashTest, testCandidateIndicesOneBit, pass
com.cloudera.oryx.app.serving.als.model.LocalitySensitiveHashTest, testHashDistribution, pass
com.cloudera.oryx.app.serving.als.model.TopNConsumerTest, testTopN, pass
com.cloudera.oryx.app.serving.als.MostActiveUsersTest, testRescorer, pass
com.cloudera.oryx.app.serving.als.MostActiveUsersTest, testMostPopular, pass
com.cloudera.oryx.app.serving.als.MostActiveUsersTest, testMostPopularCSV, pass
com.cloudera.oryx.app.serving.als.MostPopularItemsTest, testRescorer, pass
com.cloudera.oryx.app.serving.als.MostPopularItemsTest, testMostPopular, pass
com.cloudera.oryx.app.serving.als.MostPopularItemsTest, testMostPopularCSV, pass
com.cloudera.oryx.app.serving.als.MostSurprisingTest, testNoArg, pass
com.cloudera.oryx.app.serving.als.MostSurprisingTest, testHowMany, pass
com.cloudera.oryx.app.serving.als.MostSurprisingTest, testMostSurprising, pass
com.cloudera.oryx.app.serving.als.MostSurprisingTest, testOffset, pass
com.cloudera.oryx.app.serving.als.MostSurprisingTest, testMostSurprisingCSV, pass
com.cloudera.oryx.app.serving.als.PopularRepresentativeItemsTest, testPopularRepresentativeItems, pass
com.cloudera.oryx.app.serving.als.PopularRepresentativeItemsTest, testPopularRepresentativeItemsCSV, pass
com.cloudera.oryx.app.serving.als.PreferenceTest, testPostWithBadItemValue, pass
com.cloudera.oryx.app.serving.als.PreferenceTest, testPostCSV, pass
com.cloudera.oryx.app.serving.als.PreferenceTest, testPostWithEmptyItemValue, pass
com.cloudera.oryx.app.serving.als.PreferenceTest, testDelete, pass
com.cloudera.oryx.app.serving.als.PreferenceTest, testPostJson, pass
com.cloudera.oryx.app.serving.als.ReadOnlyTest, testNoPreference, pass
com.cloudera.oryx.app.serving.als.ReadOnlyTest, testNoIngest, pass
com.cloudera.oryx.app.serving.als.ReadyTest, testGet, pass
com.cloudera.oryx.app.serving.als.ReadyTest, testHead, pass
com.cloudera.oryx.app.serving.als.RecommendTest, testRecommendCSV, fail
com.cloudera.oryx.app.serving.als.RecommendTest, testTooMany, pass
com.cloudera.oryx.app.serving.als.RecommendTest, testConsiderKnownItems, pass
com.cloudera.oryx.app.serving.als.RecommendTest, testNoArg, pass
com.cloudera.oryx.app.serving.als.RecommendTest, testBadHowMany, pass
com.cloudera.oryx.app.serving.als.RecommendTest, testRescorer, pass
com.cloudera.oryx.app.serving.als.RecommendTest, testHowMany, pass
com.cloudera.oryx.app.serving.als.RecommendTest, testOffset, fail
com.cloudera.oryx.app.serving.als.RecommendTest, testRecommend, fail
com.cloudera.oryx.app.serving.als.RecommendTest, testBadOffset, pass
com.cloudera.oryx.app.serving.als.RecommendToAnonymousTest, testRecommendToAnonymous, pass
com.cloudera.oryx.app.serving.als.RecommendToAnonymousTest, testTooMany, pass
com.cloudera.oryx.app.serving.als.RecommendToAnonymousTest, testNoArg, pass
com.cloudera.oryx.app.serving.als.RecommendToAnonymousTest, testBadHowMany, pass
com.cloudera.oryx.app.serving.als.RecommendToAnonymousTest, testRecommendToAnonymousWithAllUnknown, pass
com.cloudera.oryx.app.serving.als.RecommendToAnonymousTest, testRecommendToAnonymousCSV, pass
com.cloudera.oryx.app.serving.als.RecommendToAnonymousTest, testRescorer, pass
com.cloudera.oryx.app.serving.als.RecommendToAnonymousTest, testHowMany, fail
com.cloudera.oryx.app.serving.als.RecommendToAnonymousTest, testOffset, fail
com.cloudera.oryx.app.serving.als.RecommendToAnonymousTest, testRecommendToAnonymousWithUnknown, pass
com.cloudera.oryx.app.serving.als.RecommendToAnonymousTest, testBadOffset, pass
com.cloudera.oryx.app.serving.als.RecommendToManyTest, testRecommendToManyCSV, pass
com.cloudera.oryx.app.serving.als.RecommendToManyTest, testTooMany, pass
com.cloudera.oryx.app.serving.als.RecommendToManyTest, testConsiderKnownItems, pass
com.cloudera.oryx.app.serving.als.RecommendToManyTest, testNoArg, pass
com.cloudera.oryx.app.serving.als.RecommendToManyTest, testBadHowMany, pass
com.cloudera.oryx.app.serving.als.RecommendToManyTest, testRescorer, pass
com.cloudera.oryx.app.serving.als.RecommendToManyTest, testHowMany, pass
com.cloudera.oryx.app.serving.als.RecommendToManyTest, testOffset, fail
com.cloudera.oryx.app.serving.als.RecommendToManyTest, testRecommendToMany, pass
com.cloudera.oryx.app.serving.als.RecommendToManyTest, testBadOffset, pass
com.cloudera.oryx.app.serving.als.RecommendWithContextTest, testRecommendCSV, fail
com.cloudera.oryx.app.serving.als.RecommendWithContextTest, testRecommendWithContextCSV, fail
com.cloudera.oryx.app.serving.als.RecommendWithContextTest, testRecommendWithContext, fail
com.cloudera.oryx.app.serving.als.RecommendWithContextTest, testTooMany, pass
com.cloudera.oryx.app.serving.als.RecommendWithContextTest, testNoArg, pass
com.cloudera.oryx.app.serving.als.RecommendWithContextTest, testBadHowMany, pass
com.cloudera.oryx.app.serving.als.RecommendWithContextTest, testRescorer, pass
com.cloudera.oryx.app.serving.als.RecommendWithContextTest, testRecommendWithContextWithAllUnknown, fail
com.cloudera.oryx.app.serving.als.RecommendWithContextTest, testHowMany, pass
com.cloudera.oryx.app.serving.als.RecommendWithContextTest, testRecommendWithContextWithUnknown, fail
com.cloudera.oryx.app.serving.als.RecommendWithContextTest, testBadArg, pass
com.cloudera.oryx.app.serving.als.RecommendWithContextTest, testOffset, fail
com.cloudera.oryx.app.serving.als.RecommendWithContextTest, testRecommend, fail
com.cloudera.oryx.app.serving.als.RecommendWithContextTest, testBadOffset, pass
com.cloudera.oryx.app.serving.als.SimilarityTest, testSimilarityCSV, pass
com.cloudera.oryx.app.serving.als.SimilarityTest, testTooMany, pass
com.cloudera.oryx.app.serving.als.SimilarityTest, testNoArg, pass
com.cloudera.oryx.app.serving.als.SimilarityTest, testBadHowMany, pass
com.cloudera.oryx.app.serving.als.SimilarityTest, testRescorer, pass
com.cloudera.oryx.app.serving.als.SimilarityTest, testHowMany, pass
com.cloudera.oryx.app.serving.als.SimilarityTest, testSimilarItems, pass
com.cloudera.oryx.app.serving.als.SimilarityTest, testOffset, pass
com.cloudera.oryx.app.serving.als.SimilarityTest, testBadOffset, pass
com.cloudera.oryx.app.serving.als.SimilarityToItemTest, testZeroSimilarityToItem, pass
com.cloudera.oryx.app.serving.als.SimilarityToItemTest, testNoArg, pass
com.cloudera.oryx.app.serving.als.SimilarityToItemTest, testSimilarityToItemCSV, pass
com.cloudera.oryx.app.serving.als.SimilarityToItemTest, testSimilarityToItem, pass
com.cloudera.oryx.app.serving.kmeans.AddTest, testSimpleAdd, pass
com.cloudera.oryx.app.serving.kmeans.AddTest, testFormAdd, pass
com.cloudera.oryx.app.serving.kmeans.AddTest, testURIAdd, pass
com.cloudera.oryx.app.serving.kmeans.AssignTest, testFormAssign, pass
com.cloudera.oryx.app.serving.kmeans.AssignTest, testAssign2, pass
com.cloudera.oryx.app.serving.kmeans.AssignTest, testAssignPost, pass
com.cloudera.oryx.app.serving.kmeans.AssignTest, testAssign, pass
com.cloudera.oryx.app.serving.kmeans.ConsoleTest, testConsole, pass
com.cloudera.oryx.app.serving.kmeans.DistanceToNearestTest, testDistance, pass
com.cloudera.oryx.app.serving.kmeans.DistanceToNearestTest, testDistance2, pass
com.cloudera.oryx.app.serving.kmeans.ReadOnlyTest, testNoAdd, pass
com.cloudera.oryx.app.serving.kmeans.ReadyTest, testGet, pass
com.cloudera.oryx.app.serving.kmeans.ReadyTest, testHead, pass
com.cloudera.oryx.app.serving.rdf.ClassificationDistributionTest, testDistribution, pass
com.cloudera.oryx.app.serving.rdf.ClassificationDistributionTest, testDistribution2, pass
com.cloudera.oryx.app.serving.rdf.ConsoleTest, testConsole, pass
com.cloudera.oryx.app.serving.rdf.FeatureImportanceTest, testAllImportance, pass
com.cloudera.oryx.app.serving.rdf.FeatureImportanceTest, testImportance, pass
com.cloudera.oryx.app.serving.rdf.PredictTest, testFormPredict, pass
com.cloudera.oryx.app.serving.rdf.PredictTest, testPredict, pass
com.cloudera.oryx.app.serving.rdf.PredictTest, testPredict2, pass
com.cloudera.oryx.app.serving.rdf.PredictTest, testPredictPost, pass
com.cloudera.oryx.app.serving.rdf.ReadOnlyTest, testNoTrain, pass
com.cloudera.oryx.app.serving.rdf.ReadyTest, testGet, pass
com.cloudera.oryx.app.serving.rdf.ReadyTest, testHead, pass
com.cloudera.oryx.app.serving.rdf.TrainTest, testSimpleTrain, pass
com.cloudera.oryx.app.serving.rdf.TrainTest, testFormTrain, pass
com.cloudera.oryx.app.serving.rdf.TrainTest, testURITrain, pass
com.cloudera.oryx.app.als.AbstractRescorerProviderTest, testDefault, pass
com.cloudera.oryx.app.als.MultiRescorerProviderTest, testMultiMostSimilarItemsRescorer, pass
com.cloudera.oryx.app.als.MultiRescorerProviderTest, testMultiMostPopularItemsRescorer, pass
com.cloudera.oryx.app.als.MultiRescorerProviderTest, testMultiRecommendToAnonymousRescorer, pass
com.cloudera.oryx.app.als.MultiRescorerProviderTest, testMultiMostActiveUsersRescorer, pass
com.cloudera.oryx.app.als.MultiRescorerProviderTest, testMultiRecommendRescorer, pass
com.cloudera.oryx.app.als.MultiRescorerTest, testOf, pass
com.cloudera.oryx.app.als.ALSUtilsTest, testComputeUpdatedXu, pass
com.cloudera.oryx.app.als.ALSUtilsTest, testImplicitQui, pass
com.cloudera.oryx.app.als.FeatureVectorsPartitionTest, testVTV, pass
com.cloudera.oryx.app.als.FeatureVectorsPartitionTest, testForEach, pass
com.cloudera.oryx.app.als.FeatureVectorsPartitionTest, testToString, pass
com.cloudera.oryx.app.als.FeatureVectorsPartitionTest, testRetainRecent, pass
com.cloudera.oryx.app.als.FeatureVectorsPartitionTest, testAllIDs, pass
com.cloudera.oryx.app.als.FeatureVectorsPartitionTest, testGetSet, pass
com.cloudera.oryx.app.als.FeatureVectorsPartitionTest, testRecent, pass
com.cloudera.oryx.app.als.FeatureVectorsPartitionTest, testConcurrent, pass
com.cloudera.oryx.app.als.PartitionedFeatureVectorsTest, testVTV, pass
com.cloudera.oryx.app.als.PartitionedFeatureVectorsTest, testToString, pass
com.cloudera.oryx.app.als.PartitionedFeatureVectorsTest, testRetainRecent, pass
com.cloudera.oryx.app.als.PartitionedFeatureVectorsTest, testAllIDs, pass
com.cloudera.oryx.app.als.PartitionedFeatureVectorsTest, testGetSet, pass
com.cloudera.oryx.app.als.PartitionedFeatureVectorsTest, testRecent, pass
com.cloudera.oryx.app.als.PartitionedFeatureVectorsTest, testConcurrent, pass
com.cloudera.oryx.app.als.SolverCacheTest, testCache, pass
com.cloudera.oryx.app.als.SolverCacheTest, testSolveFailure, pass
com.cloudera.oryx.app.classreg.example.CategoricalFeatureTest, testFeature, pass
com.cloudera.oryx.app.classreg.example.CategoricalFeatureTest, testToString, pass
com.cloudera.oryx.app.classreg.example.ExampleUtilsTest, testToExample, pass
com.cloudera.oryx.app.classreg.example.NumericFeatureTest, testFeature, pass
com.cloudera.oryx.app.classreg.example.NumericFeatureTest, testToString, pass
com.cloudera.oryx.app.classreg.example.NumericFeatureTest, testHashCode, pass
com.cloudera.oryx.app.classreg.predict.CategoricalPredictionTest, testToString, pass
com.cloudera.oryx.app.classreg.predict.CategoricalPredictionTest, testConstructFromProbability, pass
com.cloudera.oryx.app.classreg.predict.CategoricalPredictionTest, testUpdate2, pass
com.cloudera.oryx.app.classreg.predict.CategoricalPredictionTest, testConstruct, pass
com.cloudera.oryx.app.classreg.predict.CategoricalPredictionTest, testHashCode, pass
com.cloudera.oryx.app.classreg.predict.CategoricalPredictionTest, testEquals, pass
com.cloudera.oryx.app.classreg.predict.CategoricalPredictionTest, testUpdate, pass
com.cloudera.oryx.app.classreg.predict.NumericPredictionTest, testUpdate2, pass
com.cloudera.oryx.app.classreg.predict.NumericPredictionTest, testConstruct, pass
com.cloudera.oryx.app.classreg.predict.NumericPredictionTest, testHashCode, pass
com.cloudera.oryx.app.classreg.predict.NumericPredictionTest, testEquals, pass
com.cloudera.oryx.app.classreg.predict.NumericPredictionTest, testUpdate, pass
com.cloudera.oryx.app.classreg.predict.WeightedPredictionTest, testNumericVote, pass
com.cloudera.oryx.app.classreg.predict.WeightedPredictionTest, testCategoricalVote, pass
com.cloudera.oryx.app.classreg.predict.WeightedPredictionTest, testNumericVoteWeighted, pass
com.cloudera.oryx.app.classreg.predict.WeightedPredictionTest, testCategoricalVoteWeighted, pass
com.cloudera.oryx.app.common.fn.MLFunctionsTest, testParseBadLine, pass
com.cloudera.oryx.app.common.fn.MLFunctionsTest, testToTimestamp, pass
com.cloudera.oryx.app.common.fn.MLFunctionsTest, testParseJSON, pass
com.cloudera.oryx.app.common.fn.MLFunctionsTest, testParseBadTimestamp, pass
com.cloudera.oryx.app.common.fn.MLFunctionsTest, testSumWithNaN, pass
com.cloudera.oryx.app.common.fn.MLFunctionsTest, testParseCSV, pass
com.cloudera.oryx.app.kmeans.ClusterInfoTest, testUpdate, pass
com.cloudera.oryx.app.kmeans.EuclideanDistanceFnTest, testDistance, pass
com.cloudera.oryx.app.kmeans.KMeansPMMLUtilsTest, testPMMLToClusters, pass
com.cloudera.oryx.app.kmeans.KMeansPMMLUtilsTest, testClustering, pass
com.cloudera.oryx.app.kmeans.KMeansUtilsTest, testClosestCluster, pass
com.cloudera.oryx.app.kmeans.KMeansUtilsTest, testUniqueIDs, pass
com.cloudera.oryx.app.kmeans.KMeansUtilsTest, testFeaturesFromTokens, pass
com.cloudera.oryx.app.kmeans.KMeansUtilsTest, testNoClusters, pass
com.cloudera.oryx.app.kmeans.KMeansUtilsTest, testNonUniqueIDs, pass
com.cloudera.oryx.app.pmml.AppPMMLUtilsTest, testExtensionValue, pass
com.cloudera.oryx.app.pmml.AppPMMLUtilsTest, testBuildCategoricalEncoding, pass
com.cloudera.oryx.app.pmml.AppPMMLUtilsTest, testReadPMMLFromMessage, pass
com.cloudera.oryx.app.pmml.AppPMMLUtilsTest, testListFeaturesDD, pass
com.cloudera.oryx.app.pmml.AppPMMLUtilsTest, testListFeaturesMS, pass
com.cloudera.oryx.app.pmml.AppPMMLUtilsTest, testExtensionContent, pass
com.cloudera.oryx.app.pmml.AppPMMLUtilsTest, testToArrayDouble, pass
com.cloudera.oryx.app.pmml.AppPMMLUtilsTest, testBuildDataDictionary, pass
com.cloudera.oryx.app.pmml.AppPMMLUtilsTest, testBuildMiningSchema, pass
com.cloudera.oryx.app.rdf.decision.CategoricalDecisionTest, testEqualsHashCode, pass
com.cloudera.oryx.app.rdf.decision.CategoricalDecisionTest, testToString, pass
com.cloudera.oryx.app.rdf.decision.CategoricalDecisionTest, testDecisionBasics, pass
com.cloudera.oryx.app.rdf.decision.CategoricalDecisionTest, testDecision, pass
com.cloudera.oryx.app.rdf.decision.NumericDecisionTest, testEqualsHashCode, pass
com.cloudera.oryx.app.rdf.decision.NumericDecisionTest, testToString, pass
com.cloudera.oryx.app.rdf.decision.NumericDecisionTest, testDecisionBasics, pass
com.cloudera.oryx.app.rdf.decision.NumericDecisionTest, testDecision, pass
com.cloudera.oryx.app.rdf.RDFPMMLUtilsTest, testReadClassificationForest, pass
com.cloudera.oryx.app.rdf.RDFPMMLUtilsTest, testValidateClassification, pass
com.cloudera.oryx.app.rdf.RDFPMMLUtilsTest, testReadRegression, pass
com.cloudera.oryx.app.rdf.RDFPMMLUtilsTest, testReadClassification, pass
com.cloudera.oryx.app.rdf.RDFPMMLUtilsTest, testValidateRegression, pass
com.cloudera.oryx.app.rdf.tree.DecisionForestTest, testToString, pass
com.cloudera.oryx.app.rdf.tree.DecisionForestTest, testPredict, pass
com.cloudera.oryx.app.rdf.tree.DecisionNodeTest, testNode, pass
com.cloudera.oryx.app.rdf.tree.DecisionNodeTest, testEquals, pass
com.cloudera.oryx.app.rdf.tree.DecisionTreeTest, testToString, pass
com.cloudera.oryx.app.rdf.tree.DecisionTreeTest, testPredict, pass
com.cloudera.oryx.app.rdf.tree.DecisionTreeTest, testFindTerminal, pass
com.cloudera.oryx.app.rdf.tree.DecisionTreeTest, testFindByID, pass
com.cloudera.oryx.app.rdf.tree.TerminalNodeTest, testNode, pass
com.cloudera.oryx.app.rdf.tree.TerminalNodeTest, testEquals, pass
com.cloudera.oryx.app.rdf.tree.TreePathTest, testOrder, pass
com.cloudera.oryx.app.rdf.tree.TreePathTest, testToString, pass
com.cloudera.oryx.app.rdf.tree.TreePathTest, testEquals, pass
com.cloudera.oryx.app.schema.CategoricalValueEncodingsTest, testEncoding, pass
com.cloudera.oryx.app.schema.CategoricalValueEncodingsTest, testValue, pass
com.cloudera.oryx.app.schema.CategoricalValueEncodingsTest, testCounts, pass
com.cloudera.oryx.app.schema.InputSchemaTest, testBasicConfig, pass
com.cloudera.oryx.app.schema.InputSchemaTest, testRejectDefault, pass
com.cloudera.oryx.app.schema.InputSchemaTest, testActiveFeatureIndexMapping, pass
com.cloudera.oryx.app.schema.InputSchemaTest, testActiveFeatureIndexMapping2, pass
com.cloudera.oryx.app.schema.InputSchemaTest, testConfig, pass
com.cloudera.oryx.app.speed.als.ALSSpeedModelTest, testToString, pass
com.cloudera.oryx.app.speed.als.ALSSpeedModelTest, testFractionLoaded, pass
com.cloudera.oryx.app.speed.als.ALSSpeedModelTest, testUserItemVector, pass
com.cloudera.oryx.app.speed.kmeans.KMeansSpeedModelTest, update, pass
