org.apache.hadoop.hbase.codec.TestCellCodecWithTags, testCellWithTag, pass
org.apache.hadoop.hbase.codec.TestCellCodec, testEmptyWorks, pass
org.apache.hadoop.hbase.codec.TestCellCodec, testOne, pass
org.apache.hadoop.hbase.codec.TestCellCodec, testThree, pass
org.apache.hadoop.hbase.codec.TestKeyValueCodecWithTags, testKeyValueWithTag, pass
org.apache.hadoop.hbase.codec.TestKeyValueCodec, testEmptyWorks, pass
org.apache.hadoop.hbase.codec.TestKeyValueCodec, testOne, pass
org.apache.hadoop.hbase.codec.TestKeyValueCodec, testThree, pass
org.apache.hadoop.hbase.io.crypto.aes.TestAES, testAlternateRNG, pass
org.apache.hadoop.hbase.io.crypto.aes.TestAES, testAESAlgorithm, pass
org.apache.hadoop.hbase.io.crypto.aes.TestCommonsAES, testAlternateRNG, pass
org.apache.hadoop.hbase.io.crypto.aes.TestCommonsAES, testAESAlgorithm, pass
org.apache.hadoop.hbase.io.crypto.TestCipherProvider, testCustomProvider, pass
org.apache.hadoop.hbase.io.crypto.TestCipherProvider, testDefaultProvider, pass
org.apache.hadoop.hbase.io.crypto.TestEncryption, testSmallBlocks, pass
org.apache.hadoop.hbase.io.crypto.TestEncryption, testTypicalHFileBlocks, pass
org.apache.hadoop.hbase.io.crypto.TestEncryption, testOddSizedBlocks, pass
org.apache.hadoop.hbase.io.crypto.TestEncryption, testLargeBlocks, pass
org.apache.hadoop.hbase.io.crypto.TestKeyProvider, testTestProvider, pass
org.apache.hadoop.hbase.io.crypto.TestKeyStoreKeyProvider, testKeyStoreKeyProviderWithPasswordFile, pass
org.apache.hadoop.hbase.io.crypto.TestKeyStoreKeyProvider, testKeyStoreKeyProviderWithPassword, pass
org.apache.hadoop.hbase.io.encoding.TestEncodedDataBlock, testGetCompressedSize, pass
org.apache.hadoop.hbase.io.hadoopbackport.TestThrottledInputStream, testCalSleepTimeMs, pass
org.apache.hadoop.hbase.io.TestByteBuffAllocator, testNegativeAllocatedSize, pass
org.apache.hadoop.hbase.io.TestByteBuffAllocator, testHeapAllocationRatio, pass
org.apache.hadoop.hbase.io.TestByteBuffAllocator, testReverseRef, pass
org.apache.hadoop.hbase.io.TestByteBuffAllocator, testAllocateByteBuffToReadInto, pass
org.apache.hadoop.hbase.io.TestByteBuffAllocator, testDeprecatedConfigs, pass
org.apache.hadoop.hbase.io.TestByteBuffAllocator, testAllocateOneBuffer, pass
org.apache.hadoop.hbase.io.TestByteBuffAllocator, testReferenceCount, pass
org.apache.hadoop.hbase.io.TestByteBuffAllocator, testByteBuffUnsupportedMethods, pass
org.apache.hadoop.hbase.io.TestByteBufferListOutputStream, testWrites, pass
org.apache.hadoop.hbase.io.TestMultiByteBuffInputStream, testReads, pass
org.apache.hadoop.hbase.io.TestTagCompressionContext, testCompressUncompressTagsWithOffheapKeyValue1, pass
org.apache.hadoop.hbase.io.TestTagCompressionContext, testCompressUncompressTagsWithOffheapKeyValue2, pass
org.apache.hadoop.hbase.io.TestTagCompressionContext, testCompressUncompressTags1, pass
org.apache.hadoop.hbase.io.TestTagCompressionContext, testCompressUncompressTags2, pass
org.apache.hadoop.hbase.io.util.TestLRUDictionary, testBasic, pass
org.apache.hadoop.hbase.io.util.TestLRUDictionary, TestContainsNothing, pass
org.apache.hadoop.hbase.io.util.TestLRUDictionary, testPassingEmptyArrayToFindEntry, pass
org.apache.hadoop.hbase.io.util.TestLRUDictionary, TestLRUPolicy, pass
org.apache.hadoop.hbase.io.util.TestLRUDictionary, testPassingSameArrayToAddEntry, pass
org.apache.hadoop.hbase.net.TestAddress, testGetHostWithoutDomain, pass
org.apache.hadoop.hbase.nio.TestMultiByteBuff, testPositonalCopyToByteArray, pass
org.apache.hadoop.hbase.nio.TestMultiByteBuff, testGetShort, pass
org.apache.hadoop.hbase.nio.TestMultiByteBuff, testToBytes, pass
org.apache.hadoop.hbase.nio.TestMultiByteBuff, testArrayBasedMethods, pass
org.apache.hadoop.hbase.nio.TestMultiByteBuff, testGetPrimitivesWithSmallIndividualBBs, pass
org.apache.hadoop.hbase.nio.TestMultiByteBuff, testSkipNBytes, pass
org.apache.hadoop.hbase.nio.TestMultiByteBuff, testSubBuffer, pass
org.apache.hadoop.hbase.nio.TestMultiByteBuff, testPutPrimitives, pass
org.apache.hadoop.hbase.nio.TestMultiByteBuff, testMarkAndResetWithMBB, pass
org.apache.hadoop.hbase.nio.TestMultiByteBuff, testSliceDuplicateMethods, pass
org.apache.hadoop.hbase.nio.TestMultiByteBuff, testGetWithPosOnMultiBuffers, pass
org.apache.hadoop.hbase.nio.TestMultiByteBuff, testMoveBack, pass
org.apache.hadoop.hbase.nio.TestMultiByteBuff, testHasRemaining, pass
org.apache.hadoop.hbase.nio.TestMultiByteBuff, testGetIntStrictlyForwardWithPosOnMultiBuffers, pass
org.apache.hadoop.hbase.nio.TestMultiByteBuff, testGetByteBufferWithOffsetAndPos, pass
org.apache.hadoop.hbase.nio.TestMultiByteBuff, testWritesAndReads, pass
org.apache.hadoop.hbase.nio.TestSingleByteBuff, testPositionalReads, pass
org.apache.hadoop.hbase.TestByteBufferKeyValue, testByteBufferBackedKeyValueWithTags, pass
org.apache.hadoop.hbase.TestByteBufferKeyValue, testGetKeyMethods, pass
org.apache.hadoop.hbase.TestByteBufferKeyValue, testByteBufferBackedKeyValue, pass
org.apache.hadoop.hbase.TestByteBufferKeyValue, testCompare, pass
org.apache.hadoop.hbase.TestCellBuilder, testCellBuilderWithDeepCopy, pass
org.apache.hadoop.hbase.TestCellBuilder, testCellBuilderWithShallowCopy, pass
org.apache.hadoop.hbase.TestCellBuilder, testExtendedCellBuilderWithDeepCopy, pass
org.apache.hadoop.hbase.TestCellBuilder, testExtendedCellBuilderWithShallowCopy, pass
org.apache.hadoop.hbase.TestCellComparator, testMetaComparisons, pass
org.apache.hadoop.hbase.TestCellComparator, testBinaryKeys, pass
org.apache.hadoop.hbase.TestCellComparator, testCompareByteBufferedCell, pass
org.apache.hadoop.hbase.TestCellComparator, testMetaComparisons2, pass
org.apache.hadoop.hbase.TestCellComparator, testCompareCellWithKey, pass
org.apache.hadoop.hbase.TestCellComparator, testCompareCells, pass
org.apache.hadoop.hbase.TestCellUtil, testFindCommonPrefixInFlatKey, pass
org.apache.hadoop.hbase.TestCellUtil, testOverlappingKeys, pass
org.apache.hadoop.hbase.TestCellUtil, testCreateCellScannerOverflow, pass
org.apache.hadoop.hbase.TestCellUtil, testMatchingCellFieldsFromByteBufferedCell, pass
org.apache.hadoop.hbase.TestCellUtil, testToString, pass
org.apache.hadoop.hbase.TestCellUtil, testWriteCell, pass
org.apache.hadoop.hbase.TestCellUtil, testGetType, pass
org.apache.hadoop.hbase.TestCellUtil, testCloneCellFieldsFromByteBufferedCell, pass
org.apache.hadoop.hbase.TestCellUtil, testCellFieldsAsPrimitiveTypesFromByteBufferedCell, pass
org.apache.hadoop.hbase.TestCellUtil, testToString1, pass
org.apache.hadoop.hbase.TestChoreService, testChangingChoreServices, pass
org.apache.hadoop.hbase.TestChoreService, testChoreServiceConstruction, pass
org.apache.hadoop.hbase.TestChoreService, testStopperForScheduledChores, pass
org.apache.hadoop.hbase.TestChoreService, testShutdownCancelsScheduledChores, pass
org.apache.hadoop.hbase.TestChoreService, testScheduledChoreConstruction, pass
org.apache.hadoop.hbase.TestChoreService, testCorePoolIncrease, pass
org.apache.hadoop.hbase.TestChoreService, testForceTrigger, pass
org.apache.hadoop.hbase.TestChoreService, testMaximumChoreServiceThreads, pass
org.apache.hadoop.hbase.TestChoreService, testShutdownWorksWhileChoresAreExecuting, pass
org.apache.hadoop.hbase.TestChoreService, testNumberOfRunningChores, pass
org.apache.hadoop.hbase.TestChoreService, testShutdownRejectsNewSchedules, pass
org.apache.hadoop.hbase.TestChoreService, testCorePoolDecrease, pass
org.apache.hadoop.hbase.TestChoreService, testNumberOfChoresMissingStartTime, pass
org.apache.hadoop.hbase.TestChoreService, testFrequencyOfChores, pass
org.apache.hadoop.hbase.TestChoreService, testCancelChore, pass
org.apache.hadoop.hbase.TestChoreService, testInitialChorePrecedence, pass
org.apache.hadoop.hbase.TestClassFinder, testClassFinderFiltersByClassInJar, pass
org.apache.hadoop.hbase.TestClassFinder, testClassFinderFiltersByPathInJar, pass
org.apache.hadoop.hbase.TestClassFinder, testClassFinderFiltersByPathInDirs, pass
org.apache.hadoop.hbase.TestClassFinder, testClassFinderHandlesConflicts, pass
org.apache.hadoop.hbase.TestClassFinder, testClassFinderFiltersByClassInDirs, pass
org.apache.hadoop.hbase.TestClassFinder, testClassFinderFiltersByNameInJar, pass
org.apache.hadoop.hbase.TestClassFinder, testClassFinderCanFindClassesInDirs, pass
org.apache.hadoop.hbase.TestClassFinder, testClassFinderCanFindClassesInJars, pass
org.apache.hadoop.hbase.TestClassFinder, testClassFinderHandlesNestedPackages, pass
org.apache.hadoop.hbase.TestClassFinder, testClassFinderDefaultsToOwnPackage, pass
org.apache.hadoop.hbase.TestClassFinder, testClassFinderFiltersByNameInDirs, pass
org.apache.hadoop.hbase.TestCompoundConfiguration, testWithStringMap, pass
org.apache.hadoop.hbase.TestCompoundConfiguration, testBasicFunctionality, pass
org.apache.hadoop.hbase.TestCompoundConfiguration, testPut, pass
org.apache.hadoop.hbase.TestCompoundConfiguration, testLaterConfigsOverrideEarlier, pass
org.apache.hadoop.hbase.TestCompoundConfiguration, testWithConfig, pass
org.apache.hadoop.hbase.TestCompoundConfiguration, testWithIbwMap, pass
org.apache.hadoop.hbase.TestHBaseConfiguration, testGetPassword, pass
org.apache.hadoop.hbase.TestHBaseConfiguration, testSubset, pass
org.apache.hadoop.hbase.TestIndividualBytesFieldCell, testIllegalFamily, pass
org.apache.hadoop.hbase.TestIndividualBytesFieldCell, testNullFamilyQualifierValueTags, pass
org.apache.hadoop.hbase.TestIndividualBytesFieldCell, testIllegalTimestamp, pass
org.apache.hadoop.hbase.TestIndividualBytesFieldCell, testWriteValue, pass
org.apache.hadoop.hbase.TestIndividualBytesFieldCell, testClone, pass
org.apache.hadoop.hbase.TestIndividualBytesFieldCell, testWriteTag, pass
org.apache.hadoop.hbase.TestIndividualBytesFieldCell, testIfExtendedCellImplemented, pass
org.apache.hadoop.hbase.TestIndividualBytesFieldCell, testIllegalRow, pass
org.apache.hadoop.hbase.TestIndividualBytesFieldCell, testIllegalQualifier, pass
org.apache.hadoop.hbase.TestIndividualBytesFieldCell, testIllegalValue, pass
org.apache.hadoop.hbase.TestIndividualBytesFieldCell, testWriteIntoKeyValueFormat, pass
org.apache.hadoop.hbase.TestIndividualBytesFieldCell, testIllegalTags, pass
org.apache.hadoop.hbase.TestKeyValue, testKVsWithTags, pass
org.apache.hadoop.hbase.TestKeyValue, testBinaryKeys, pass
org.apache.hadoop.hbase.TestKeyValue, testMetaKeyComparator, pass
org.apache.hadoop.hbase.TestKeyValue, testMoreComparisons, pass
org.apache.hadoop.hbase.TestKeyValue, testColumnCompare_prefix, pass
org.apache.hadoop.hbase.TestKeyValue, testCreateKeyOnly, pass
org.apache.hadoop.hbase.TestKeyValue, testColumnCompare, pass
org.apache.hadoop.hbase.TestKeyValue, testKeyValueBorderCases, pass
org.apache.hadoop.hbase.TestKeyValue, testPlainCompare, pass
org.apache.hadoop.hbase.TestKeyValue, testCheckKeyValueBytesFailureCase, pass
org.apache.hadoop.hbase.TestKeyValue, testKeyValueSerialization, pass
org.apache.hadoop.hbase.TestKeyValue, testCompareWithoutRow, pass
org.apache.hadoop.hbase.TestKeyValue, testGetTimestamp, pass
org.apache.hadoop.hbase.TestKeyValue, testMetaComparatorTableKeysWithCommaOk, pass
org.apache.hadoop.hbase.TestKeyValue, testBasics, pass
org.apache.hadoop.hbase.TestKeyValue, testNullByteArrayKeyValueFailure, pass
org.apache.hadoop.hbase.TestKeyValue, testStackedUpKeyValue, pass
org.apache.hadoop.hbase.TestKeyValue, testEqualsAndHashCode, pass
org.apache.hadoop.hbase.TestKeyValue, testCreateKeyValueFromKey, pass
org.apache.hadoop.hbase.TestKeyValue, testFirstLastOnRow, pass
org.apache.hadoop.hbase.TestTagUtil, testCarryForwardTTLTag, pass
org.apache.hadoop.hbase.TestTimeout, run1, pass
org.apache.hadoop.hbase.TestTimeout, infiniteLoop, skip
org.apache.hadoop.hbase.types.TestCopyOnWriteMaps, testTailMap, pass
org.apache.hadoop.hbase.types.TestCopyOnWriteMaps, testLastEntry, pass
org.apache.hadoop.hbase.types.TestCopyOnWriteMaps, testFloorKey, pass
org.apache.hadoop.hbase.types.TestCopyOnWriteMaps, testPut, pass
org.apache.hadoop.hbase.types.TestCopyOnWriteMaps, testFindOnEmpty, pass
org.apache.hadoop.hbase.types.TestCopyOnWriteMaps, testKeys, pass
org.apache.hadoop.hbase.types.TestCopyOnWriteMaps, testSize, pass
org.apache.hadoop.hbase.types.TestCopyOnWriteMaps, testLowerKey, pass
org.apache.hadoop.hbase.types.TestCopyOnWriteMaps, testTailMapExclusive, pass
org.apache.hadoop.hbase.types.TestCopyOnWriteMaps, testFirstEntry, pass
org.apache.hadoop.hbase.types.TestCopyOnWriteMaps, testLastKey, pass
org.apache.hadoop.hbase.types.TestCopyOnWriteMaps, testHigherKey, pass
org.apache.hadoop.hbase.types.TestCopyOnWriteMaps, testTailMapInclusive, pass
org.apache.hadoop.hbase.types.TestCopyOnWriteMaps, testFirstKey, pass
org.apache.hadoop.hbase.types.TestCopyOnWriteMaps, testReplace1, pass
org.apache.hadoop.hbase.types.TestCopyOnWriteMaps, testReplace, pass
org.apache.hadoop.hbase.types.TestCopyOnWriteMaps, testMultiAdd, pass
org.apache.hadoop.hbase.types.TestCopyOnWriteMaps, testIsEmpty, pass
org.apache.hadoop.hbase.types.TestCopyOnWriteMaps, testRemove, pass
org.apache.hadoop.hbase.types.TestCopyOnWriteMaps, testValues, pass
org.apache.hadoop.hbase.types.TestCopyOnWriteMaps, testCeilingKey, pass
org.apache.hadoop.hbase.types.TestCopyOnWriteMaps, testFloorEntry, pass
org.apache.hadoop.hbase.types.TestFixedLengthWrapper, testInsufficientRemainingWrite, pass
org.apache.hadoop.hbase.types.TestFixedLengthWrapper, testOverflowPassthrough, pass
org.apache.hadoop.hbase.types.TestFixedLengthWrapper, testReadWrite, pass
org.apache.hadoop.hbase.types.TestFixedLengthWrapper, testInsufficientRemainingRead, pass
org.apache.hadoop.hbase.types.TestOrderedBlobVar, testEncodedClassByteArray, pass
org.apache.hadoop.hbase.types.TestOrderedBlobVar, testEncodedLength, pass
org.apache.hadoop.hbase.types.TestOrderedBlob, testIsSkippableFalse, pass
org.apache.hadoop.hbase.types.TestOrderedBlob, testEncodedClassByteArray, pass
org.apache.hadoop.hbase.types.TestOrderedBlob, testEncodedLength, pass
org.apache.hadoop.hbase.types.TestOrderedFloat32, testEncodeNoSupportForNull, pass
org.apache.hadoop.hbase.types.TestOrderedFloat32, testIsNullableIsFalse, pass
org.apache.hadoop.hbase.types.TestOrderedFloat32, testEncodedClassIsFloat, pass
org.apache.hadoop.hbase.types.TestOrderedFloat32, testEncodedFloatLength, pass
org.apache.hadoop.hbase.types.TestOrderedFloat32, testEncodedLength, pass
org.apache.hadoop.hbase.types.TestOrderedFloat64, testEncodeNoSupportForNull, pass
org.apache.hadoop.hbase.types.TestOrderedFloat64, testIsNullableIsFalse, pass
org.apache.hadoop.hbase.types.TestOrderedFloat64, testEncodedFloatLength, pass
org.apache.hadoop.hbase.types.TestOrderedFloat64, testEncodedLength, pass
org.apache.hadoop.hbase.types.TestOrderedFloat64, testEncodedClassIsDouble, pass
org.apache.hadoop.hbase.types.TestOrderedInt16, testEncodeNoSupportForNull, pass
org.apache.hadoop.hbase.types.TestOrderedInt16, testIsNullableIsFalse, pass
org.apache.hadoop.hbase.types.TestOrderedInt16, testEncodedClassIsShort, pass
org.apache.hadoop.hbase.types.TestOrderedInt16, testEncodedFloatLength, pass
org.apache.hadoop.hbase.types.TestOrderedInt16, testEncodedLength, pass
org.apache.hadoop.hbase.types.TestOrderedInt32, testEncodeNoSupportForNull, pass
org.apache.hadoop.hbase.types.TestOrderedInt32, testIsNullableIsFalse, pass
org.apache.hadoop.hbase.types.TestOrderedInt32, testEncodedClassIsInteger, pass
org.apache.hadoop.hbase.types.TestOrderedInt32, testEncodedFloatLength, pass
org.apache.hadoop.hbase.types.TestOrderedInt32, testEncodedLength, pass
org.apache.hadoop.hbase.types.TestOrderedInt64, testEncodeNoSupportForNull, pass
org.apache.hadoop.hbase.types.TestOrderedInt64, testIsNullableIsFalse, pass
org.apache.hadoop.hbase.types.TestOrderedInt64, testEncodedFloatLength, pass
org.apache.hadoop.hbase.types.TestOrderedInt64, testEncodedLength, pass
org.apache.hadoop.hbase.types.TestOrderedInt64, testEncodedClassIsLong, pass
org.apache.hadoop.hbase.types.TestOrderedInt8, testEncodeNoSupportForNull, pass
org.apache.hadoop.hbase.types.TestOrderedInt8, testIsNullableIsFalse, pass
org.apache.hadoop.hbase.types.TestOrderedInt8, testEncodedFloatLength, pass
org.apache.hadoop.hbase.types.TestOrderedInt8, testEncodedLength, pass
org.apache.hadoop.hbase.types.TestOrderedInt8, testEncodedClassIsByte, pass
org.apache.hadoop.hbase.types.TestOrderedNumeric, testEncodedLongLength, pass
org.apache.hadoop.hbase.types.TestOrderedNumeric, testEncodedClassIsNumber, pass
org.apache.hadoop.hbase.types.TestOrderedNumeric, testEncodedBigIntegerLength, pass
org.apache.hadoop.hbase.types.TestOrderedNumeric, testEncodedDoubleLength, pass
org.apache.hadoop.hbase.types.TestOrderedNumeric, testEncodedNullLength, pass
org.apache.hadoop.hbase.types.TestOrderedNumeric, testEncodedBigDecimalLength, pass
org.apache.hadoop.hbase.types.TestOrderedNumeric, testEncodedLength, pass
org.apache.hadoop.hbase.types.TestOrderedString, testEncodedClassIsFloat, pass
org.apache.hadoop.hbase.types.TestOrderedString, testEncodedLength, pass
org.apache.hadoop.hbase.types.TestRawBytes, testIsOrderPreservingIsTrue, pass
org.apache.hadoop.hbase.types.TestRawBytes, testIsNullableIsFalse, pass
org.apache.hadoop.hbase.types.TestRawBytes, testIsSkippableIsFalse, pass
org.apache.hadoop.hbase.types.TestRawBytes, testEncodedClassIsByteArray, pass
org.apache.hadoop.hbase.types.TestRawBytes, testGetOrderCorrectOrder, pass
org.apache.hadoop.hbase.types.TestRawBytes, testEncodedLength, pass
org.apache.hadoop.hbase.types.TestRawString, testEncodedClassIsString, pass
org.apache.hadoop.hbase.types.TestRawString, testIsOrderPreservingIsTrue, pass
org.apache.hadoop.hbase.types.TestRawString, testIsNullableIsFalse, pass
org.apache.hadoop.hbase.types.TestRawString, testGetOrderIsCorrectOrder, pass
org.apache.hadoop.hbase.types.TestRawString, testIsSkippableIsFalse, pass
org.apache.hadoop.hbase.types.TestRawString, testReadWrite, pass
org.apache.hadoop.hbase.types.TestStructNullExtension, testNonNullableNullExtension, pass
org.apache.hadoop.hbase.types.TestStructNullExtension, testNullableNullExtension, pass
org.apache.hadoop.hbase.types.TestStruct, testOrderPreservation[0], pass
org.apache.hadoop.hbase.types.TestStruct, testOrderPreservation[1], pass
org.apache.hadoop.hbase.types.TestTerminatedWrapper, testEncodedValueContainsTerm, pass
org.apache.hadoop.hbase.types.TestTerminatedWrapper, testInvalidSkip, pass
org.apache.hadoop.hbase.types.TestTerminatedWrapper, testSkipSkippable, pass
org.apache.hadoop.hbase.types.TestTerminatedWrapper, testNullDelimiter, pass
org.apache.hadoop.hbase.types.TestTerminatedWrapper, testReadWriteNonSkippable, pass
org.apache.hadoop.hbase.types.TestTerminatedWrapper, testEmptyDelimiter, pass
org.apache.hadoop.hbase.types.TestTerminatedWrapper, testReadWriteSkippable, pass
org.apache.hadoop.hbase.types.TestTerminatedWrapper, testSkipNonSkippable, pass
org.apache.hadoop.hbase.types.TestUnion2, testSkip, pass
org.apache.hadoop.hbase.types.TestUnion2, testEncodeDecode, pass
org.apache.hadoop.hbase.util.TestAvlUtil, testAvlTreeCrud, pass
org.apache.hadoop.hbase.util.TestAvlUtil, testAvlTreeIterSeekTo, pass
org.apache.hadoop.hbase.util.TestAvlUtil, testAvlTreeVisitor, pass
org.apache.hadoop.hbase.util.TestAvlUtil, testAvlTreeIterSeekFirst, pass
org.apache.hadoop.hbase.util.TestAvlUtil, testAvlIterableListCrud, pass
org.apache.hadoop.hbase.util.TestByteBufferArray, testArrayIO, pass
org.apache.hadoop.hbase.util.TestByteBufferArray, testByteBufferCreation, pass
org.apache.hadoop.hbase.util.TestByteBufferArray, testAsSubBufferWhenEndOffsetLandInLastBuffer, pass
org.apache.hadoop.hbase.util.TestByteBufferArray, testByteBufferCreation1, pass
org.apache.hadoop.hbase.util.TestByteBufferUtils, testLongFitsIn[0], pass
org.apache.hadoop.hbase.util.TestByteBufferUtils, testCopyFromSrcToDestWithThreads[0], pass
org.apache.hadoop.hbase.util.TestByteBufferUtils, testToBytes[0], pass
org.apache.hadoop.hbase.util.TestByteBufferUtils, testRelativeCopyFromBuffertoBuffer[0], pass
org.apache.hadoop.hbase.util.TestByteBufferUtils, testReadWriteVLong[0], pass
org.apache.hadoop.hbase.util.TestByteBufferUtils, testCompareTo[0], pass
org.apache.hadoop.hbase.util.TestByteBufferUtils, testCompressedInt[0], pass
org.apache.hadoop.hbase.util.TestByteBufferUtils, testConsistencyWithHadoopVLong[0], pass
org.apache.hadoop.hbase.util.TestByteBufferUtils, testArePartEqual[0], pass
org.apache.hadoop.hbase.util.TestByteBufferUtils, testIntFitsIn[0], pass
org.apache.hadoop.hbase.util.TestByteBufferUtils, testCopyFromBuffer[0], pass
org.apache.hadoop.hbase.util.TestByteBufferUtils, testCopyFromStream[0], pass
org.apache.hadoop.hbase.util.TestByteBufferUtils, testCopyFromArrayToBuffer[0], pass
org.apache.hadoop.hbase.util.TestByteBufferUtils, testCopyToStreamWithOffset[0], pass
org.apache.hadoop.hbase.util.TestByteBufferUtils, testEquals[0], pass
org.apache.hadoop.hbase.util.TestByteBufferUtils, testMoveBufferToStream[0], pass
org.apache.hadoop.hbase.util.TestByteBufferUtils, testToPrimitiveTypes[0], pass
org.apache.hadoop.hbase.util.TestByteBufferUtils, testPutInt[0], pass
org.apache.hadoop.hbase.util.TestByteBufferUtils, testCopyFromBufferToArray[0], pass
org.apache.hadoop.hbase.util.TestByteBufferUtils, testLongFitsIn[1], pass
org.apache.hadoop.hbase.util.TestByteBufferUtils, testCopyFromSrcToDestWithThreads[1], pass
org.apache.hadoop.hbase.util.TestByteBufferUtils, testToBytes[1], pass
org.apache.hadoop.hbase.util.TestByteBufferUtils, testRelativeCopyFromBuffertoBuffer[1], pass
org.apache.hadoop.hbase.util.TestByteBufferUtils, testReadWriteVLong[1], pass
org.apache.hadoop.hbase.util.TestByteBufferUtils, testCompareTo[1], pass
org.apache.hadoop.hbase.util.TestByteBufferUtils, testCompressedInt[1], pass
org.apache.hadoop.hbase.util.TestByteBufferUtils, testConsistencyWithHadoopVLong[1], pass
org.apache.hadoop.hbase.util.TestByteBufferUtils, testArePartEqual[1], pass
org.apache.hadoop.hbase.util.TestByteBufferUtils, testIntFitsIn[1], pass
org.apache.hadoop.hbase.util.TestByteBufferUtils, testCopyFromBuffer[1], pass
org.apache.hadoop.hbase.util.TestByteBufferUtils, testCopyFromStream[1], pass
org.apache.hadoop.hbase.util.TestByteBufferUtils, testCopyFromArrayToBuffer[1], pass
org.apache.hadoop.hbase.util.TestByteBufferUtils, testCopyToStreamWithOffset[1], pass
org.apache.hadoop.hbase.util.TestByteBufferUtils, testEquals[1], pass
org.apache.hadoop.hbase.util.TestByteBufferUtils, testMoveBufferToStream[1], pass
org.apache.hadoop.hbase.util.TestByteBufferUtils, testToPrimitiveTypes[1], pass
org.apache.hadoop.hbase.util.TestByteBufferUtils, testPutInt[1], pass
org.apache.hadoop.hbase.util.TestByteBufferUtils, testCopyFromBufferToArray[1], pass
org.apache.hadoop.hbase.util.TestByteRangeUtils, testCopyToNewArrays, pass
org.apache.hadoop.hbase.util.TestByteRangeUtils, testNumEqualPrefixBytes, pass
org.apache.hadoop.hbase.util.TestByteRangeUtils, testFromArrays, pass
org.apache.hadoop.hbase.util.TestByteRangeWithKVSerialization, testWritingAndReadingCells, pass
org.apache.hadoop.hbase.util.TestBytes, testReadAsVLong, pass
org.apache.hadoop.hbase.util.TestBytes, testToStringBinaryForReadOnlyByteBuffer, pass
org.apache.hadoop.hbase.util.TestBytes, testToBytesBinaryTrailingBackslashes, pass
org.apache.hadoop.hbase.util.TestBytes, testToBigDecimal, pass
org.apache.hadoop.hbase.util.TestBytes, testToFromHex, pass
org.apache.hadoop.hbase.util.TestBytes, testToFloat, pass
org.apache.hadoop.hbase.util.TestBytes, testToDouble, pass
org.apache.hadoop.hbase.util.TestBytes, testAdd, pass
org.apache.hadoop.hbase.util.TestBytes, testShort, pass
org.apache.hadoop.hbase.util.TestBytes, testSplit, pass
org.apache.hadoop.hbase.util.TestBytes, testToInt, pass
org.apache.hadoop.hbase.util.TestBytes, testCopy, pass
org.apache.hadoop.hbase.util.TestBytes, testZero, pass
org.apache.hadoop.hbase.util.TestBytes, testToStringBinary_toBytesBinary_Reversable, pass
org.apache.hadoop.hbase.util.TestBytes, testUnsignedIncrement, pass
org.apache.hadoop.hbase.util.TestBytes, testGetBytesForByteBuffer, pass
org.apache.hadoop.hbase.util.TestBytes, testPutBuffer, pass
org.apache.hadoop.hbase.util.TestBytes, testUnsignedBinarySearch, pass
org.apache.hadoop.hbase.util.TestBytes, testContains, pass
org.apache.hadoop.hbase.util.TestBytes, testToBytesForByteBuffer, pass
org.apache.hadoop.hbase.util.TestBytes, testShortUnsafe, pass
org.apache.hadoop.hbase.util.TestBytes, testIncrementBytes, pass
org.apache.hadoop.hbase.util.TestBytes, testToStringBinaryForArrayBasedByteBuffer, pass
org.apache.hadoop.hbase.util.TestBytes, testToStringBinaryForBytes, pass
org.apache.hadoop.hbase.util.TestBytes, testBinarySearch, pass
org.apache.hadoop.hbase.util.TestBytes, testNullHashCode, pass
org.apache.hadoop.hbase.util.TestBytes, testToStringBytesBinaryReversible, pass
org.apache.hadoop.hbase.util.TestBytes, testIndexOf, pass
org.apache.hadoop.hbase.util.TestBytes, testFixedSizeString, pass
org.apache.hadoop.hbase.util.TestBytes, testSplit2, pass
org.apache.hadoop.hbase.util.TestBytes, testSplit3, pass
org.apache.hadoop.hbase.util.TestBytes, testToLong, pass
org.apache.hadoop.hbase.util.TestBytes, testStartsWith, pass
org.apache.hadoop.hbase.util.TestClasses, testExtendedForName, pass
org.apache.hadoop.hbase.util.TestClasses, testStringify, pass
org.apache.hadoop.hbase.util.TestConcatenatedLists, testOneMany, pass
org.apache.hadoop.hbase.util.TestConcatenatedLists, testEmpty, pass
org.apache.hadoop.hbase.util.TestConcatenatedLists, testUnsupportedOps, pass
org.apache.hadoop.hbase.util.TestConcatenatedLists, testManyOne, pass
org.apache.hadoop.hbase.util.TestConcatenatedLists, testManyMany, pass
org.apache.hadoop.hbase.util.TestConcatenatedLists, testOneOne, pass
org.apache.hadoop.hbase.util.TestCoprocessorClassLoader, testRelativeLibJarName, pass
org.apache.hadoop.hbase.util.TestCoprocessorClassLoader, testDirectoryAndWildcard, pass
org.apache.hadoop.hbase.util.TestCoprocessorClassLoader, testCleanupOldJars, pass
org.apache.hadoop.hbase.util.TestCoprocessorClassLoader, testLibJarName, pass
org.apache.hadoop.hbase.util.TestDynamicClassLoader, testLoadClassFromAnotherPath, pass
org.apache.hadoop.hbase.util.TestDynamicClassLoader, testLoadClassFromLocalPathWithDynamicDirOff, pass
org.apache.hadoop.hbase.util.TestDynamicClassLoader, testLoadClassFromLocalPath, pass
org.apache.hadoop.hbase.util.TestFutureUtils, testRecordStackTrace, fail
org.apache.hadoop.hbase.util.TestJRubyFormat, testPrint, pass
org.apache.hadoop.hbase.util.TestJRubyFormat, testEscape, pass
org.apache.hadoop.hbase.util.TestKeyLocker, testLocker, pass
org.apache.hadoop.hbase.util.TestLoadTestKVGenerator, testCorrectAndUniqueKeys, pass
org.apache.hadoop.hbase.util.TestLoadTestKVGenerator, testVerification, pass
org.apache.hadoop.hbase.util.TestLoadTestKVGenerator, testValueLength, pass
org.apache.hadoop.hbase.util.TestMovingAverage, testExponentialMovingAverage, pass
org.apache.hadoop.hbase.util.TestMovingAverage, testWeightedMovingAverage, pass
org.apache.hadoop.hbase.util.TestMovingAverage, testWindowMovingAverage, pass
org.apache.hadoop.hbase.util.TestMovingAverage, testSimpleMovingAverage, pass
org.apache.hadoop.hbase.util.TestOrderedBytes, testBlobVarLencodedLength, pass
org.apache.hadoop.hbase.util.TestOrderedBytes, testInt16, pass
org.apache.hadoop.hbase.util.TestOrderedBytes, testInt32, pass
org.apache.hadoop.hbase.util.TestOrderedBytes, testInt64, pass
org.apache.hadoop.hbase.util.TestOrderedBytes, testFloat32, pass
org.apache.hadoop.hbase.util.TestOrderedBytes, testFloat64, pass
org.apache.hadoop.hbase.util.TestOrderedBytes, testBlobCopyNoZeroBytes, pass
org.apache.hadoop.hbase.util.TestOrderedBytes, testInt8, pass
org.apache.hadoop.hbase.util.TestOrderedBytes, testSkip, pass
org.apache.hadoop.hbase.util.TestOrderedBytes, testNumericOther, pass
org.apache.hadoop.hbase.util.TestOrderedBytes, testNumericIntRealCompatibility, pass
org.apache.hadoop.hbase.util.TestOrderedBytes, testNumericReal, pass
org.apache.hadoop.hbase.util.TestOrderedBytes, testBlobVar, pass
org.apache.hadoop.hbase.util.TestOrderedBytes, testVaruint64Boundaries, pass
org.apache.hadoop.hbase.util.TestOrderedBytes, testBlobCopy, pass
org.apache.hadoop.hbase.util.TestOrderedBytes, testStringNoNullChars, pass
org.apache.hadoop.hbase.util.TestOrderedBytes, testEncodedValueCheck, pass
org.apache.hadoop.hbase.util.TestOrderedBytes, testString, pass
org.apache.hadoop.hbase.util.TestOrderedBytes, testVerifyTestIntegrity, pass
org.apache.hadoop.hbase.util.TestOrderedBytes, testNumericInt, pass
org.apache.hadoop.hbase.util.TestOrder, testApplyAscending, pass
org.apache.hadoop.hbase.util.TestOrder, testApplyDescending, pass
org.apache.hadoop.hbase.util.TestRetryCounter, testBasics, pass
org.apache.hadoop.hbase.util.TestShowProperties, testShowProperty, pass
org.apache.hadoop.hbase.util.TestSimpleMutableByteRange, testEmpty, pass
org.apache.hadoop.hbase.util.TestSimpleMutableByteRange, testPutandGetPrimitiveTypes, pass
org.apache.hadoop.hbase.util.TestSimpleMutableByteRange, testBasics, pass
org.apache.hadoop.hbase.util.TestSimplePositionedMutableByteRange, testPutAndGetPrimitiveTypes, pass
org.apache.hadoop.hbase.util.TestSimplePositionedMutableByteRange, testPutGetAPIsCompareWithBBAPIs, pass
org.apache.hadoop.hbase.util.TestSimplePositionedMutableByteRange, testPosition, pass
org.apache.hadoop.hbase.util.TestStrings, testAppendKeyValue, pass
org.apache.hadoop.hbase.util.TestStrings, testDomainNamePointerToHostName, pass
org.apache.hadoop.hbase.util.TestStrings, testPadFront, pass
org.apache.hadoop.hbase.util.TestThreads, testSleepWithoutInterrupt, pass
org.apache.hadoop.hbase.util.TestVersionInfo, testCompareVersion, pass
org.apache.hadoop.hbase.util.TestWeakObjectPool, testKeys, pass
org.apache.hadoop.hbase.util.TestWeakObjectPool, testWeakReference, pass
org.apache.hadoop.hbase.util.TestWeakObjectPool, testCongestion, pass
org.apache.hadoop.hbase.zookeeper.TestZKConfig, testClusterKey, pass
org.apache.hadoop.hbase.zookeeper.TestZKConfig, testZKConfigLoading, pass
org.apache.hadoop.hbase.zookeeper.TestZKConfig, testGetZooKeeperClusterKey, pass
org.apache.hadoop.hbase.zookeeper.TestZKConfig, testClusterKeyWithMultiplePorts, pass
