ch.qos.logback.core.appender.DummyAppenderTest, testBasic, pass
ch.qos.logback.core.appender.DummyAppenderTest, testConfiguredAppender, pass
ch.qos.logback.core.appender.DummyAppenderTest, testNoStart, pass
ch.qos.logback.core.appender.DummyAppenderTest, testNewAppender, pass
ch.qos.logback.core.appender.FileAppenderTest, testPrudentModeLogicalImplications, pass
ch.qos.logback.core.appender.FileAppenderTest, testCreateParentFolders, pass
ch.qos.logback.core.appender.FileAppenderTest, fileNameCollision, pass
ch.qos.logback.core.appender.FileAppenderTest, smoke, pass
ch.qos.logback.core.appender.FileAppenderTest, testConfiguredAppender, pass
ch.qos.logback.core.appender.FileAppenderTest, testNoStart, pass
ch.qos.logback.core.appender.FileAppenderTest, testNewAppender, pass
ch.qos.logback.core.AsyncAppenderBaseTest, lossyAppenderShouldBeNonLossyIfDiscardingThresholdIsZero, pass
ch.qos.logback.core.AsyncAppenderBaseTest, checkThatStartMethodIsIdempotent, pass
ch.qos.logback.core.AsyncAppenderBaseTest, verifyInterruptionDoesNotPreventLogging, pass
ch.qos.logback.core.AsyncAppenderBaseTest, emptyQueueShouldBeStoppable, pass
ch.qos.logback.core.AsyncAppenderBaseTest, smoke, pass
ch.qos.logback.core.AsyncAppenderBaseTest, verifyInterruptionFlagWhenStopping_INTERUPPTED, pass
ch.qos.logback.core.AsyncAppenderBaseTest, verifyInterruptionFlagWhenStopping_NOT_INTERUPPTED, pass
ch.qos.logback.core.AsyncAppenderBaseTest, exceptionsShouldNotCauseHalting, pass
ch.qos.logback.core.AsyncAppenderBaseTest, lossyAppenderShouldOnlyLoseCertainEvents, pass
ch.qos.logback.core.AsyncAppenderBaseTest, stopExitsWhenMaxRuntimeReached, pass
ch.qos.logback.core.AsyncAppenderBaseTest, verifyInterruptionIsNotSwallowed, pass
ch.qos.logback.core.AsyncAppenderBaseTest, invalidQueueCapacityShouldResultInNonStartedAppender, pass
ch.qos.logback.core.AsyncAppenderBaseTest, workerShouldStopEvenIfInterruptExceptionConsumedWithinSubappender, pass
ch.qos.logback.core.AsyncAppenderBaseTest, noEventLoss, pass
ch.qos.logback.core.AsyncAppenderBaseTest, verifyInterruptionOfWorkerIsSwallowed, pass
ch.qos.logback.core.AsyncAppenderBaseTest, eventLossIfNeverBlock, pass
ch.qos.logback.core.AsyncAppenderBaseTest, workerThreadFlushesOnStop, pass
ch.qos.logback.core.BasicStatusManagerTest, many, pass
ch.qos.logback.core.BasicStatusManagerTest, smoke, pass
ch.qos.logback.core.BasicStatusManagerTest, duplicateInstallationsOfOnConsoleListener, pass
ch.qos.logback.core.boolex.MatcherTest, testFullRegion, pass
ch.qos.logback.core.boolex.MatcherTest, testPartRegion, pass
ch.qos.logback.core.boolex.MatcherTest, testCaseInsensitive, pass
ch.qos.logback.core.boolex.MatcherTest, testCaseSensitive, pass
ch.qos.logback.core.ContextBaseTest, renameDefault, pass
ch.qos.logback.core.ContextBaseTest, renameTest, pass
ch.qos.logback.core.ContextBaseTest, contextThreadpoolIsDaemonized, pass
ch.qos.logback.core.ContextBaseTest, contextNameProperty, pass
ch.qos.logback.core.ContextBaseTest, idempotentNameTest, pass
ch.qos.logback.core.ContextBaseTest, resetTest, pass
ch.qos.logback.core.encoder.ByteArrayUtilTest, random, pass
ch.qos.logback.core.encoder.ByteArrayUtilTest, smoke, pass
ch.qos.logback.core.FileAppenderResilience_AS_ROOT_Test, go, pass
ch.qos.logback.core.FileAppenderResilienceTest, manual, skip
ch.qos.logback.core.FileAppenderResilienceTest, smoke, pass
ch.qos.logback.core.helpers.CyclicBufferTest, smoke, pass
ch.qos.logback.core.helpers.CyclicBufferTest, cloning, pass
ch.qos.logback.core.helpers.FileFilterUtilTest, findHighestCounterTest, pass
ch.qos.logback.core.helpers.ThrowableToStringArrayTest, nested, pass
ch.qos.logback.core.helpers.ThrowableToStringArrayTest, multiNested, pass
ch.qos.logback.core.helpers.ThrowableToStringArrayTest, smoke, pass
ch.qos.logback.core.joran.action.DefinePropertyActionTest, testBadClass, pass
ch.qos.logback.core.joran.action.DefinePropertyActionTest, noName, pass
ch.qos.logback.core.joran.action.DefinePropertyActionTest, good, pass
ch.qos.logback.core.joran.action.DefinePropertyActionTest, canonicalHostNameProperty, skip
ch.qos.logback.core.joran.action.DefinePropertyActionTest, noClass, pass
ch.qos.logback.core.joran.action.IncludeActionTest, basicResource, pass
ch.qos.logback.core.joran.action.IncludeActionTest, basicURL, pass
ch.qos.logback.core.joran.action.IncludeActionTest, basicFile, pass
ch.qos.logback.core.joran.action.IncludeActionTest, optionalResource, pass
ch.qos.logback.core.joran.action.IncludeActionTest, withCorruptFile, pass
ch.qos.logback.core.joran.action.IncludeActionTest, includeAsEntity, pass
ch.qos.logback.core.joran.action.IncludeActionTest, nestedInclude, pass
ch.qos.logback.core.joran.action.IncludeActionTest, multiInclude, pass
ch.qos.logback.core.joran.action.IncludeActionTest, noFileFound, pass
ch.qos.logback.core.joran.action.IncludeActionTest, malformedURL, pass
ch.qos.logback.core.joran.action.IncludeActionTest, unknownURL, pass
ch.qos.logback.core.joran.action.IncludeActionTest, optionalFile, pass
ch.qos.logback.core.joran.action.PropertyActionTest, testFileNotLoaded, pass
ch.qos.logback.core.joran.action.PropertyActionTest, testLoadFile, pass
ch.qos.logback.core.joran.action.PropertyActionTest, testLoadResourceWithPrerequisiteSubsitution, pass
ch.qos.logback.core.joran.action.PropertyActionTest, noName, pass
ch.qos.logback.core.joran.action.PropertyActionTest, nameValuePairWithPrerequisiteSubsitution, pass
ch.qos.logback.core.joran.action.PropertyActionTest, testLoadNotPossible, pass
ch.qos.logback.core.joran.action.PropertyActionTest, testLoadFileWithPrerequisiteSubsitution, pass
ch.qos.logback.core.joran.action.PropertyActionTest, noAttributes, pass
ch.qos.logback.core.joran.action.PropertyActionTest, testLoadResource, pass
ch.qos.logback.core.joran.action.PropertyActionTest, nameValuePair, pass
ch.qos.logback.core.joran.action.PropertyActionTest, noValue, pass
ch.qos.logback.core.joran.conditional.PropertyEvalScriptBuilderTest, existingLocalPropertyShouldEvaluateToTrue, pass
ch.qos.logback.core.joran.conditional.PropertyEvalScriptBuilderTest, isNullForExistingLocalProperty, pass
ch.qos.logback.core.joran.conditional.PropertyEvalScriptBuilderTest, inexistentPropertyShouldEvaluateToFalse, pass
ch.qos.logback.core.joran.conditional.PropertyEvalScriptBuilderTest, isNullForInexistentPropertyShouldEvaluateToTrue, pass
ch.qos.logback.core.joran.conditional.PropertyEvalScriptBuilderTest, existingSystemPropertyShouldEvaluateToTrue, pass
ch.qos.logback.core.joran.conditional.PropertyEvalScriptBuilderTest, isNullForExistingSystemProperty, pass
ch.qos.logback.core.joran.conditional.PropertyEvalScriptBuilderTest, existingContextPropertyShouldEvaluateToTrue, pass
ch.qos.logback.core.joran.conditional.PropertyEvalScriptBuilderTest, isDefinedForInexistentPropertyShouldEvaluateToTrue, pass
ch.qos.logback.core.joran.conditional.PropertyEvalScriptBuilderTest, isNullForExistingContextProperty, pass
ch.qos.logback.core.joran.event.SaxEventRecorderTest, test1, pass
ch.qos.logback.core.joran.event.SaxEventRecorderTest, test2, pass
ch.qos.logback.core.joran.event.SaxEventRecorderTest, test3, pass
ch.qos.logback.core.joran.event.SaxEventRecorderTest, bodyWithSpacesAndQuotes, pass
ch.qos.logback.core.joran.event.stax.StaxEventRecorderTest, testParsingOfXMLWithAttributesAndBodyText, pass
ch.qos.logback.core.joran.event.stax.StaxEventRecorderTest, testProcessingOfTextWithEntityCharacters, pass
ch.qos.logback.core.joran.event.stax.StaxEventRecorderTest, testAttributeProcessing, pass
ch.qos.logback.core.joran.event.stax.StaxEventRecorderTest, bodyWithSpacesAndQuotes, pass
ch.qos.logback.core.joran.implicitAction.ImplicitActionTest, nestedComplexWithoutClassAtrribute, pass
ch.qos.logback.core.joran.implicitAction.ImplicitActionTest, nestedComplexCollectionWithoutClassAtrribute, pass
ch.qos.logback.core.joran.implicitAction.ImplicitActionTest, nestedComplex, pass
ch.qos.logback.core.joran.implicitAction.ImplicitActionTest, nestedComplexCollection, pass
ch.qos.logback.core.joran.implicitAction.ImplicitActionTest, statusListenerWithPrefix, pass
ch.qos.logback.core.joran.SkippingInInterpreterTest, testSkippingRuntimeExInBadEnd, pass
ch.qos.logback.core.joran.SkippingInInterpreterTest, testSkippingRuntimeExInBadBegin, pass
ch.qos.logback.core.joran.SkippingInInterpreterTest, testSkippingActionExInBadBegin, pass
ch.qos.logback.core.joran.SkippingInInterpreterTest, testSkippingActionExInBadEnd, pass
ch.qos.logback.core.joran.spi.CaseCombinatorTest, other, pass
ch.qos.logback.core.joran.spi.CaseCombinatorTest, smoke, pass
ch.qos.logback.core.joran.spi.ConfigurationWatchListTest, fileToURLAndBack, pass
ch.qos.logback.core.joran.spi.DefaultNestedComponentRegistryTest, absent, pass
ch.qos.logback.core.joran.spi.DefaultNestedComponentRegistryTest, smoke, pass
ch.qos.logback.core.joran.spi.ElementSelectorTest, test1, pass
ch.qos.logback.core.joran.spi.ElementSelectorTest, test2, pass
ch.qos.logback.core.joran.spi.ElementSelectorTest, test3, pass
ch.qos.logback.core.joran.spi.ElementSelectorTest, test4, pass
ch.qos.logback.core.joran.spi.ElementSelectorTest, test5, pass
ch.qos.logback.core.joran.spi.ElementSelectorTest, test6, pass
ch.qos.logback.core.joran.spi.ElementSelectorTest, testTailMatch, pass
ch.qos.logback.core.joran.spi.ElementSelectorTest, testPrefixMatch, pass
ch.qos.logback.core.joran.spi.ElementSelectorTest, testSuffix, pass
ch.qos.logback.core.joran.spi.NoAutoStartUtilTest, commonObject, pass
ch.qos.logback.core.joran.spi.NoAutoStartUtilTest, markedWithNoAutoStart, pass
ch.qos.logback.core.joran.spi.SimpleRuleStoreTest, smokeII, pass
ch.qos.logback.core.joran.spi.SimpleRuleStoreTest, testSlashSuffix, pass
ch.qos.logback.core.joran.spi.SimpleRuleStoreTest, testTail1, pass
ch.qos.logback.core.joran.spi.SimpleRuleStoreTest, testTail2, pass
ch.qos.logback.core.joran.spi.SimpleRuleStoreTest, testTail3, pass
ch.qos.logback.core.joran.spi.SimpleRuleStoreTest, testTail4, pass
ch.qos.logback.core.joran.spi.SimpleRuleStoreTest, testPrefixSuffixInteraction1, pass
ch.qos.logback.core.joran.spi.SimpleRuleStoreTest, testPrefixSuffixInteraction2, pass
ch.qos.logback.core.joran.spi.SimpleRuleStoreTest, smoke, pass
ch.qos.logback.core.joran.spi.SimpleRuleStoreTest, testSuffix, pass
ch.qos.logback.core.joran.spi.SimpleRuleStoreTest, testDeepSuffix, pass
ch.qos.logback.core.joran.TrivialConfiguratorTest, lbcore105, pass
ch.qos.logback.core.joran.TrivialConfiguratorTest, lbcore127, pass
ch.qos.logback.core.joran.TrivialConfiguratorTest, illFormedXML, pass
ch.qos.logback.core.joran.TrivialConfiguratorTest, smoke, pass
ch.qos.logback.core.joran.TrivialConfiguratorTest, inexistentFile, pass
ch.qos.logback.core.joran.util.PropertySetterTest, testSetComplexWithCamelCaseName, pass
ch.qos.logback.core.joran.util.PropertySetterTest, testFilterReply, pass
ch.qos.logback.core.joran.util.PropertySetterTest, testgetClassNameViaImplicitRules, pass
ch.qos.logback.core.joran.util.PropertySetterTest, testDuration, pass
ch.qos.logback.core.joran.util.PropertySetterTest, testEnum, pass
ch.qos.logback.core.joran.util.PropertySetterTest, testSetComplexProperty, pass
ch.qos.logback.core.joran.util.PropertySetterTest, testDefaultClassAnnotationForLists, pass
ch.qos.logback.core.joran.util.PropertySetterTest, bridgeMethodsShouldBeIgnored, pass
ch.qos.logback.core.joran.util.PropertySetterTest, testPropertyCollection, pass
ch.qos.logback.core.joran.util.PropertySetterTest, testFileSize, pass
ch.qos.logback.core.joran.util.PropertySetterTest, testComplexCollection, pass
ch.qos.logback.core.joran.util.PropertySetterTest, testSetProperty, pass
ch.qos.logback.core.joran.util.PropertySetterTest, testCanAggregateComponent, pass
ch.qos.logback.core.joran.util.PropertySetterTest, charset, pass
ch.qos.logback.core.joran.util.PropertySetterTest, testSetCamelProperty, pass
ch.qos.logback.core.joran.util.PropertySetterTest, testgetComplexPropertyColleClassNameViaImplicitRules, pass
ch.qos.logback.core.joran.util.PropertySetterTest, testDefaultClassAnnonation, pass
ch.qos.logback.core.LifeCycleManagerTest, testRegisterAndReset, pass
ch.qos.logback.core.net.AbstractSocketAppenderIntegrationTest, dispatchesEvents, pass
ch.qos.logback.core.net.AbstractSSLSocketAppenderTest, testUsingDefaultConfig, pass
ch.qos.logback.core.net.AutoFlushingObjectWriterTest, resetsObjectOutputStreamAccordingToGivenResetFrequency, pass
ch.qos.logback.core.net.AutoFlushingObjectWriterTest, writesToUnderlyingObjectOutputStream, pass
ch.qos.logback.core.net.AutoFlushingObjectWriterTest, flushesAfterWrite, pass
ch.qos.logback.core.net.DefaultSocketConnectorTest, testConnectionFails, pass
ch.qos.logback.core.net.DefaultSocketConnectorTest, testConnect, pass
ch.qos.logback.core.net.DefaultSocketConnectorTest, testConnectEventually, pass
ch.qos.logback.core.net.HardenedObjectInputStreamTest, smoke, pass
ch.qos.logback.core.net.server.AbstractServerSocketAppenderTest, testStartStop, pass
ch.qos.logback.core.net.server.AbstractServerSocketAppenderTest, testStopWhenNotStarted, pass
ch.qos.logback.core.net.server.AbstractServerSocketAppenderTest, testStartWhenAlreadyStarted, pass
ch.qos.logback.core.net.server.AbstractServerSocketAppenderTest, testStopThrowsException, pass
ch.qos.logback.core.net.server.ConcurrentServerRunnerTest, testStartStop, pass
ch.qos.logback.core.net.server.ConcurrentServerRunnerTest, testRunClientAndVisit, pass
ch.qos.logback.core.net.server.ConcurrentServerRunnerTest, testRunManyClients, pass
ch.qos.logback.core.net.server.ConcurrentServerRunnerTest, testRunOneClient, pass
ch.qos.logback.core.net.server.RemoteReceiverStreamClientTest, testOfferEventAndRun, pass
ch.qos.logback.core.net.server.RemoteReceiverStreamClientTest, testOfferEventSequenceAndRun, pass
ch.qos.logback.core.net.server.ServerSocketAppenderBaseFunctionalTest, ch.qos.logback.core.net.server.ServerSocketAppenderBaseFunctionalTest, skip
ch.qos.logback.core.net.server.ServerSocketListenerTest, testAcceptClient, pass
ch.qos.logback.core.net.server.SSLServerSocketAppenderBaseTest, testUsingDefaultConfig, pass
ch.qos.logback.core.net.ssl.KeyManagerFactoryFactoryBeanTest, testExplicitAlgorithm, pass
ch.qos.logback.core.net.ssl.KeyManagerFactoryFactoryBeanTest, testExplicitProvider, pass
ch.qos.logback.core.net.ssl.KeyManagerFactoryFactoryBeanTest, testDefaults, pass
ch.qos.logback.core.net.ssl.KeyStoreFactoryBeanTest, testExplicitPassphrase, pass
ch.qos.logback.core.net.ssl.KeyStoreFactoryBeanTest, testPKCS12Type, pass
ch.qos.logback.core.net.ssl.KeyStoreFactoryBeanTest, testExplicitProvider, pass
ch.qos.logback.core.net.ssl.KeyStoreFactoryBeanTest, testExplicitType, pass
ch.qos.logback.core.net.ssl.KeyStoreFactoryBeanTest, testDefaults, pass
ch.qos.logback.core.net.ssl.SecureRandomFactoryBeanTest, testUnknownProvider, pass
ch.qos.logback.core.net.ssl.SecureRandomFactoryBeanTest, testExplicitProvider, pass
ch.qos.logback.core.net.ssl.SecureRandomFactoryBeanTest, testDefaults, pass
ch.qos.logback.core.net.ssl.SecureRandomFactoryBeanTest, testUnknownAlgorithm, pass
ch.qos.logback.core.net.ssl.SSLConfigurationTest, testParameters, pass
ch.qos.logback.core.net.ssl.SSLContextFactoryBeanTest, testCreateDefaultContext, pass
ch.qos.logback.core.net.ssl.SSLContextFactoryBeanTest, testCreateContext, pass
ch.qos.logback.core.net.ssl.SSLParametersConfigurationTest, testPassDefaultProtocols, pass
ch.qos.logback.core.net.ssl.SSLParametersConfigurationTest, testPassDefaultNeedClientAuth, pass
ch.qos.logback.core.net.ssl.SSLParametersConfigurationTest, testSetIncludedAndExcludedProtocols, pass
ch.qos.logback.core.net.ssl.SSLParametersConfigurationTest, testPassDefaultCipherSuites, pass
ch.qos.logback.core.net.ssl.SSLParametersConfigurationTest, testSetExcludedAndIncludedCipherSuites, pass
ch.qos.logback.core.net.ssl.SSLParametersConfigurationTest, testSetExcludedCipherSuites, pass
ch.qos.logback.core.net.ssl.SSLParametersConfigurationTest, testSetExcludedProtocols, pass
ch.qos.logback.core.net.ssl.SSLParametersConfigurationTest, testSetWantClientAuth, pass
ch.qos.logback.core.net.ssl.SSLParametersConfigurationTest, testSetNeedClientAuth, pass
ch.qos.logback.core.net.ssl.SSLParametersConfigurationTest, testSetIncludedCipherSuites, pass
ch.qos.logback.core.net.ssl.SSLParametersConfigurationTest, testSetIncludedProtocols, pass
ch.qos.logback.core.net.ssl.SSLParametersConfigurationTest, testPassDefaultWantClientAuth, pass
ch.qos.logback.core.net.ssl.TrustManagerFactoryFactoryBeanTest, testExplicitAlgorithm, pass
ch.qos.logback.core.net.ssl.TrustManagerFactoryFactoryBeanTest, testExplicitProvider, pass
ch.qos.logback.core.net.ssl.TrustManagerFactoryFactoryBeanTest, testDefaults, pass
ch.qos.logback.core.net.SyslogAppenderBaseTest, testFacilityStringToint, pass
ch.qos.logback.core.OutputStreamAppenderTest, nullFileFooter, pass
ch.qos.logback.core.OutputStreamAppenderTest, nullFileHeader, pass
ch.qos.logback.core.OutputStreamAppenderTest, nullPresentationFooter, pass
ch.qos.logback.core.OutputStreamAppenderTest, smoke, pass
ch.qos.logback.core.OutputStreamAppenderTest, nullPresentationHeader, pass
ch.qos.logback.core.pattern.parser.CompilerTest, testBasic, pass
ch.qos.logback.core.pattern.parser.CompilerTest, testComposite, pass
ch.qos.logback.core.pattern.parser.CompilerTest, testLiteral, pass
ch.qos.logback.core.pattern.parser.CompilerTest, testWithNopEscape, pass
ch.qos.logback.core.pattern.parser.CompilerTest, testUnknownWord, pass
ch.qos.logback.core.pattern.parser.CompilerTest, testFormat, pass
ch.qos.logback.core.pattern.parser.CompilerTest, testCompositeFormatting, pass
ch.qos.logback.core.pattern.parser.FormatInfoTest, testEndingInDot, pass
ch.qos.logback.core.pattern.parser.FormatInfoTest, testBasic, pass
ch.qos.logback.core.pattern.parser.FormatInfoTest, testRightPad, pass
ch.qos.logback.core.pattern.parser.FormatInfoTest, testMaxOnly, pass
ch.qos.logback.core.pattern.parser.FormatInfoTest, testMinOnly, pass
ch.qos.logback.core.pattern.parser.OptionTokenizerTest, testEmpty, pass
ch.qos.logback.core.pattern.parser.ParserTest, lbcore193, pass
ch.qos.logback.core.pattern.parser.ParserTest, testBasic, pass
ch.qos.logback.core.pattern.parser.ParserTest, testKeyword, pass
ch.qos.logback.core.pattern.parser.ParserTest, keywordGluedToLitteral, pass
ch.qos.logback.core.pattern.parser.ParserTest, testComposite, pass
ch.qos.logback.core.pattern.parser.ParserTest, empty, pass
ch.qos.logback.core.pattern.parser.ParserTest, testOptions0, pass
ch.qos.logback.core.pattern.parser.ParserTest, testOptions1, pass
ch.qos.logback.core.pattern.parser.ParserTest, testFormattingInfo, pass
ch.qos.logback.core.pattern.parser.ParserTest, testNested, pass
ch.qos.logback.core.pattern.parser.ParserTest, testCompositeFormatting, pass
ch.qos.logback.core.pattern.parser.SamplePatternLayoutTest, testOK, pass
ch.qos.logback.core.pattern.parser.SamplePatternLayoutTest, testPercentAsLiteral, pass
ch.qos.logback.core.pattern.parser.SamplePatternLayoutTest, testEscapeBothParentheses, pass
ch.qos.logback.core.pattern.parser.SamplePatternLayoutTest, testEscapeClosingParentheses, pass
ch.qos.logback.core.pattern.parser.SamplePatternLayoutTest, testUnStarted, pass
ch.qos.logback.core.pattern.parser.SamplePatternLayoutTest, testConverterStart, pass
ch.qos.logback.core.pattern.parser.SamplePatternLayoutTest, testEmptyPattern, pass
ch.qos.logback.core.pattern.parser.SamplePatternLayoutTest, testNullPattern, pass
ch.qos.logback.core.pattern.parser.SamplePatternLayoutTest, testStarted, pass
ch.qos.logback.core.pattern.parser.TokenStreamTest, testEmptyP2, pass
ch.qos.logback.core.pattern.parser.TokenStreamTest, testOptions, pass
ch.qos.logback.core.pattern.parser.TokenStreamTest, testBasic, pass
ch.qos.logback.core.pattern.parser.TokenStreamTest, testEmpty, pass
ch.qos.logback.core.pattern.parser.TokenStreamTest, testComplexNR, pass
ch.qos.logback.core.pattern.parser.TokenStreamTest, testLiteralWithPercent, pass
ch.qos.logback.core.pattern.parser.TokenStreamTest, testSingleLiteral, pass
ch.qos.logback.core.pattern.parser.TokenStreamTest, compositedKeyword, pass
ch.qos.logback.core.pattern.parser.TokenStreamTest, testWindowsLikeBackSlashes, pass
ch.qos.logback.core.pattern.parser.TokenStreamTest, testSimpleP2, pass
ch.qos.logback.core.pattern.parser.TokenStreamTest, compositedKeywordFollowedByOptions, pass
ch.qos.logback.core.pattern.parser.TokenStreamTest, testMultipleRecursion, pass
ch.qos.logback.core.pattern.parser.TokenStreamTest, testEmptyP, pass
ch.qos.logback.core.pattern.parser.TokenStreamTest, testEscape, pass
ch.qos.logback.core.pattern.parser.TokenStreamTest, testNested, pass
ch.qos.logback.core.pattern.parser.TokenStreamTest, testEscapedParanteheses, pass
ch.qos.logback.core.pattern.parser.TokenStreamTest, testSimpleP, pass
ch.qos.logback.core.pattern.SpacePadderTest, longString, pass
ch.qos.logback.core.pattern.SpacePadderTest, smoke, pass
ch.qos.logback.core.pattern.SpacePadderTest, lengthyPad, pass
ch.qos.logback.core.pattern.SpacePadderTest, nullString, pass
ch.qos.logback.core.PrudentFileAppenderInterruptTest, smoke, pass
ch.qos.logback.core.read.CyclicBufferAppenderTest, reset, pass
ch.qos.logback.core.read.CyclicBufferAppenderTest, genericGet, pass
ch.qos.logback.core.recovery.RecoveryCoordinatorTest, recoveryNeededIfAsleepForMoreThanBackOffTime, pass
ch.qos.logback.core.recovery.RecoveryCoordinatorTest, recoveryNeededIfCurrentTimeSetToExceedBackOffTime, pass
ch.qos.logback.core.recovery.RecoveryCoordinatorTest, recoveryConditionDetectedEvenAfterReallyLongTimesBetweenRecovery, pass
ch.qos.logback.core.recovery.RecoveryCoordinatorTest, recoveryNotNeededIfAsleepForLessThanBackOffTime, pass
ch.qos.logback.core.recovery.RecoveryCoordinatorTest, recoveryNotNeededIfCurrentTimeSetToBackOffTime, pass
ch.qos.logback.core.recovery.RecoveryCoordinatorTest, recoveryNotNeededAfterInit, pass
ch.qos.logback.core.recovery.ResilientOutputStreamTest, verifyRecuperationAfterFailure, pass
ch.qos.logback.core.rolling.CollisionDetectionTest, appenderStopShouldClearEntryInCollisionMap, pass
ch.qos.logback.core.rolling.CollisionDetectionTest, collisionWithTwoFileAppenders, pass
ch.qos.logback.core.rolling.CollisionDetectionTest, collisionWith_2RFA, pass
ch.qos.logback.core.rolling.CollisionDetectionTest, collisionWith_FA_RFA, pass
ch.qos.logback.core.rolling.CollisionDetectionTest, collisionImpossibleForSingleAppender, pass
ch.qos.logback.core.rolling.helper.CompressTest, test1, pass
ch.qos.logback.core.rolling.helper.CompressTest, test2, pass
ch.qos.logback.core.rolling.helper.CompressTest, test3, pass
ch.qos.logback.core.rolling.helper.FileNamePatternTest, withBackslash, pass
ch.qos.logback.core.rolling.helper.FileNamePatternTest, testSmoke, pass
ch.qos.logback.core.rolling.helper.FileNamePatternTest, dateWithTimeZone, pass
ch.qos.logback.core.rolling.helper.FileNamePatternTest, convertMultipleDates, pass
ch.qos.logback.core.rolling.helper.FileNamePatternTest, asRegexByDate, pass
ch.qos.logback.core.rolling.helper.FileNamePatternTest, asRegex, pass
ch.qos.logback.core.rolling.helper.FileNamePatternTest, objectListConverter, pass
ch.qos.logback.core.rolling.helper.FileNamePatternTest, nullTimeZoneByDefault, pass
ch.qos.logback.core.rolling.helper.FileNamePatternTest, date, pass
ch.qos.logback.core.rolling.helper.FileNamePatternTest, settingTimeZoneOptionHasAnEffect, pass
ch.qos.logback.core.rolling.helper.FileNamePatternTest, auxAndTimeZoneShouldNotConflict, pass
ch.qos.logback.core.rolling.helper.FileNamePatternTest, flowingI, pass
ch.qos.logback.core.rolling.helper.FileStoreUtilTest, filesOnSameFolderShouldBeOnTheSameFileStore, pass
ch.qos.logback.core.rolling.helper.FileStoreUtilTest, manual_filesOnDifferentVolumesShouldBeDetectedAsSuch, skip
ch.qos.logback.core.rolling.helper.RollingCalendarTest, testBarrierCrossingComputation, pass
ch.qos.logback.core.rolling.helper.RollingCalendarTest, testPeriodicity, pass
ch.qos.logback.core.rolling.helper.RollingCalendarTest, testPeriodBarriersCrossedJustBeforeEnteringDaylightSaving, pass
ch.qos.logback.core.rolling.helper.RollingCalendarTest, testPeriodBarriersCrossedWhenGoingIntoDaylightSaving, pass
ch.qos.logback.core.rolling.helper.RollingCalendarTest, testVaryingNumberOfHourlyPeriods, pass
ch.qos.logback.core.rolling.helper.RollingCalendarTest, testVaryingNumberOfDailyPeriods, pass
ch.qos.logback.core.rolling.helper.RollingCalendarTest, testPeriodBarriersCrossedWhenLeavingDaylightSaving, pass
ch.qos.logback.core.rolling.helper.RollingCalendarTest, basicPeriodBarriersCrossed, pass
ch.qos.logback.core.rolling.helper.RollingCalendarTest, testCollisionFreenes, pass
ch.qos.logback.core.rolling.helper.SizeAndTimeBasedArchiveRemoverTest, badFilenames, pass
ch.qos.logback.core.rolling.helper.SizeAndTimeBasedArchiveRemoverTest, smoke, fail
ch.qos.logback.core.rolling.JVMExitBeforeCompressionISDoneTest, ch.qos.logback.core.rolling.JVMExitBeforeCompressionISDoneTest, skip
ch.qos.logback.core.rolling.MultiThreadedRollingTest, multiThreadedTimedBased, pass
ch.qos.logback.core.rolling.MultiThreadedRollingTest, multiThreadedSizeBased, pass
ch.qos.logback.core.rolling.RenameUtilTest, MANUAL_renamingOnDifferentVolumesOnWindows, skip
ch.qos.logback.core.rolling.RenameUtilTest, renameToNonExistingDirectory, pass
ch.qos.logback.core.rolling.RenameUtilTest, renameLockedAbstractFile_LOGBACK_1054, pass
ch.qos.logback.core.rolling.RenameUtilTest, MANUAL_renamingOnDifferentVolumesOnLinux, skip
ch.qos.logback.core.rolling.RollingFileAppenderTest, testFilePropertyAfterRollingPolicy, pass
ch.qos.logback.core.rolling.RollingFileAppenderTest, stopTimeBasedRollingPolicy, pass
ch.qos.logback.core.rolling.RollingFileAppenderTest, testPrudentModeLogicalImplications, pass
ch.qos.logback.core.rolling.RollingFileAppenderTest, stopFixedWindowRollingPolicy, pass
ch.qos.logback.core.rolling.RollingFileAppenderTest, collidingTimeformat, pass
ch.qos.logback.core.rolling.RollingFileAppenderTest, testFileNameWithParenthesis, pass
ch.qos.logback.core.rolling.RollingFileAppenderTest, testFilePropertyAfterTriggeringPolicy, pass
ch.qos.logback.core.rolling.RollingFileAppenderTest, collidingFileNamePattern, pass
ch.qos.logback.core.rolling.RollingFileAppenderTest, testFileShouldNotMatchFileNamePattern, pass
ch.qos.logback.core.rolling.RollingFileAppenderTest, testPrudentModeLogicalImplicationsOnCompression, pass
ch.qos.logback.core.rolling.RollingFileAppenderTest, testConfiguredAppender, pass
ch.qos.logback.core.rolling.RollingFileAppenderTest, testNoStart, pass
ch.qos.logback.core.rolling.RollingFileAppenderTest, testNewAppender, pass
ch.qos.logback.core.rolling.SizeAndTimeBasedFNATP_Test, withZipCompression_FileSet_NoRestart_7, pass
ch.qos.logback.core.rolling.SizeAndTimeBasedFNATP_Test, withGZCompression_FileBlank_NoRestart_6, pass
ch.qos.logback.core.rolling.SizeAndTimeBasedFNATP_Test, noCompression_FileBlank_NoRestart_2, pass
ch.qos.logback.core.rolling.SizeAndTimeBasedFNATP_Test, checkDateCollision, pass
ch.qos.logback.core.rolling.SizeAndTimeBasedFNATP_Test, noCompression_FileSet_WithStopStart_4, pass
ch.qos.logback.core.rolling.SizeAndTimeBasedFNATP_Test, withGZCompression_FileSet_NoRestart_5, pass
ch.qos.logback.core.rolling.SizeAndTimeBasedFNATP_Test, noCompression_FileSet_NoRestart_1, pass
ch.qos.logback.core.rolling.SizeAndTimeBasedFNATP_Test, checkMissingIntToken, pass
ch.qos.logback.core.rolling.SizeAndTimeBasedFNATP_Test, noCompression_FileBlank_WithStopStart_3, pass
ch.qos.logback.core.rolling.SizeBasedRollingTest, activeFileNameNotSet, pass
ch.qos.logback.core.rolling.SizeBasedRollingTest, zipped, pass
ch.qos.logback.core.rolling.SizeBasedRollingTest, gz, pass
ch.qos.logback.core.rolling.SizeBasedRollingTest, smoke, pass
ch.qos.logback.core.rolling.TimeBasedFileNamingAndTriggeringPolicyBaseTest, multiDate, pass
ch.qos.logback.core.rolling.TimeBasedFileNamingAndTriggeringPolicyBaseTest, withTimeZone, pass
ch.qos.logback.core.rolling.TimeBasedFileNamingAndTriggeringPolicyBaseTest, singleDate, pass
ch.qos.logback.core.rolling.TimeBasedFileNamingAndTriggeringPolicyBaseTest, extraIntegerTokenInFileNamePatternShouldBeDetected, pass
ch.qos.logback.core.rolling.TimeBasedRollingTest, failed_rename, pass
ch.qos.logback.core.rolling.TimeBasedRollingTest, noCompression_FileBlank_StopRestart_3, pass
ch.qos.logback.core.rolling.TimeBasedRollingTest, noCompression_FileSet_StopRestart_WithLongWait_4B, pass
ch.qos.logback.core.rolling.TimeBasedRollingTest, noCompression_FileBlank_NoRestart_1, pass
ch.qos.logback.core.rolling.TimeBasedRollingTest, noCompression_FileSet_StopRestart_4, pass
ch.qos.logback.core.rolling.TimeBasedRollingTest, withMissingTargetDirWithZipCompression, pass
ch.qos.logback.core.rolling.TimeBasedRollingTest, noCompression_FileSet_NoRestart_5, pass
ch.qos.logback.core.rolling.TimeBasedRollingTest, withMissingTargetDirWithCompression, pass
ch.qos.logback.core.rolling.TimeBasedRollingTest, withCompression_FileSet_NoRestart_6, pass
ch.qos.logback.core.rolling.TimeBasedRollingTest, withCompression_FileBlank_NoRestart_2, pass
ch.qos.logback.core.rolling.TimeBasedRollingWithArchiveRemoval_Test, checkCleanupForBasicDailyRollover, pass
ch.qos.logback.core.rolling.TimeBasedRollingWithArchiveRemoval_Test, checkCleanupForDailyRolloverWithSecondPhase, pass
ch.qos.logback.core.rolling.TimeBasedRollingWithArchiveRemoval_Test, dailyRolloverWithCronologPattern, pass
ch.qos.logback.core.rolling.TimeBasedRollingWithArchiveRemoval_Test, checkCleanupForDailyRolloverWithInactivity_30Periods, pass
ch.qos.logback.core.rolling.TimeBasedRollingWithArchiveRemoval_Test, dailySizeBasedRolloverWithSizeCap, pass
ch.qos.logback.core.rolling.TimeBasedRollingWithArchiveRemoval_Test, checkCleanupForBasicDailyRolloverWithMaxSize, pass
ch.qos.logback.core.rolling.TimeBasedRollingWithArchiveRemoval_Test, checkThatSmallTotalSizeCapLeavesAtLeastOneArhcive, pass
ch.qos.logback.core.rolling.TimeBasedRollingWithArchiveRemoval_Test, checkCleanupForBasicDailyRolloverWithSizeCap, pass
ch.qos.logback.core.rolling.TimeBasedRollingWithArchiveRemoval_Test, dailyChronologSizeBasedRollover, pass
ch.qos.logback.core.rolling.TimeBasedRollingWithArchiveRemoval_Test, dailyChronologSizeBasedRolloverWithSecondPhase, pass
ch.qos.logback.core.rolling.TimeBasedRollingWithArchiveRemoval_Test, cleanHistoryOnStartWithDayPattern, pass
ch.qos.logback.core.rolling.TimeBasedRollingWithArchiveRemoval_Test, cleanHistoryOnStartWithHourDayPattern, pass
ch.qos.logback.core.rolling.TimeBasedRollingWithArchiveRemoval_Test, monthlyRolloverOverManyPeriods, pass
ch.qos.logback.core.rolling.TimeBasedRollingWithArchiveRemoval_Test, dailySizeBasedRolloverWithoutCap, pass
ch.qos.logback.core.rolling.TimeBasedRollingWithArchiveRemoval_Test, checkCleanupForDailyRollover_15Periods, pass
ch.qos.logback.core.rolling.TimeBasedRollingWithArchiveRemoval_Test, checkCrossedPeriodsWithDSTBarrier, pass
ch.qos.logback.core.rolling.TimeBasedRollingWithArchiveRemoval_Test, checkCleanupForDailyRolloverWithInactivity_10Periods, pass
ch.qos.logback.core.rolling.TimeBasedRollingWithArchiveRemoval_Test, cleanHistoryOnStartWithHourPattern, skip
ch.qos.logback.core.sift.AppenderTrackerTest, trackerShouldHonorTimeoutParameter, pass
ch.qos.logback.core.sift.AppenderTrackerTest, findingTheInexistentShouldNotBomb, pass
ch.qos.logback.core.sift.AppenderTrackerTest, endOfLivedAppenderShouldBeAvailableDuringLingeringPeriod, pass
ch.qos.logback.core.sift.AppenderTrackerTest, endOfLivedAppendersShouldBeRemovedAfterLingeringTimeout, pass
ch.qos.logback.core.sift.AppenderTrackerTest, smoke, pass
ch.qos.logback.core.sift.AppenderTrackerTest, removeStaleComponentsShouldNotBomb, pass
ch.qos.logback.core.sift.AppenderTrackerTest, trackerShouldHonorMaxComponentsParameter, pass
ch.qos.logback.core.spi.AppenderAttachableImplLockTest, detachAppenderBoom, pass
ch.qos.logback.core.spi.AppenderAttachableImplLockTest, getAppenderBoom, pass
ch.qos.logback.core.spi.AppenderAttachableImplTest, testDetachAndStopAllAppenders, pass
ch.qos.logback.core.spi.AppenderAttachableImplTest, getGetAppender, pass
ch.qos.logback.core.spi.AppenderAttachableImplTest, testIsAttached, pass
ch.qos.logback.core.spi.AppenderAttachableImplTest, testAddAppender, pass
ch.qos.logback.core.spi.AppenderAttachableImplTest, testDetachAppender, pass
ch.qos.logback.core.spi.AppenderAttachableImplTest, testIteratorForAppenders, pass
ch.qos.logback.core.spi.AppenderAttachableImplTest, testDetachAppenderByName, pass
ch.qos.logback.core.spi.CyclicBufferTrackerTest, empty0, pass
ch.qos.logback.core.spi.CyclicBufferTrackerTest, empty1, pass
ch.qos.logback.core.spi.CyclicBufferTrackerTest, smoke, pass
ch.qos.logback.core.spi.CyclicBufferTrackerTest, destroy, pass
ch.qos.logback.core.spi.ScenarioBasedCyclicBufferTrackerTest, longTest, pass
ch.qos.logback.core.spi.ScenarioBasedCyclicBufferTrackerTest, shortTest, pass
ch.qos.logback.core.spi.ScenarioBasedCyclicBufferTrackerTest, mediumTest, pass
ch.qos.logback.core.status.StatusBaseTest, testEffectiveLevel, pass
ch.qos.logback.core.status.StatusBaseTest, testRemoveStatus, pass
ch.qos.logback.core.status.StatusBaseTest, testAddStatus, pass
ch.qos.logback.core.status.StatusUtilTest, emptyStatusListShouldResultInNotFound, pass
ch.qos.logback.core.status.StatusUtilTest, statusListShouldReturnLastResetTime, pass
ch.qos.logback.core.status.StatusUtilTest, withoutResetsStatusUtilShouldReturnNotFound, pass
ch.qos.logback.core.subst.NodeToStringTransformerTest, variable, pass
ch.qos.logback.core.subst.NodeToStringTransformerTest, withDefaultValue, pass
ch.qos.logback.core.subst.NodeToStringTransformerTest, literalWithNestedAccolades, pass
ch.qos.logback.core.subst.NodeToStringTransformerTest, LOGBACK_1101, pass
ch.qos.logback.core.subst.NodeToStringTransformerTest, literal, pass
ch.qos.logback.core.subst.NodeToStringTransformerTest, nestedVariable, pass
ch.qos.logback.core.subst.NodeToStringTransformerTest, loneColonShouldReadLikeAnyOtherCharacter, pass
ch.qos.logback.core.subst.NodeToStringTransformerTest, LOGBACK729, pass
ch.qos.logback.core.subst.NodeToStringTransformerTest, literalVariableLiteral, pass
ch.qos.logback.core.subst.NodeToStringTransformerTest, LOGBACK744_withColon, pass
ch.qos.logback.core.subst.NodeToStringTransformerTest, defaultValueNestedAsVar, pass
ch.qos.logback.core.subst.ParserTest, defaultSeparatorOutsideOfAVariable, pass
ch.qos.logback.core.subst.ParserTest, withDefault, pass
ch.qos.logback.core.subst.ParserTest, emptyTokenListDoesNotThrowNullPointerException, pass
ch.qos.logback.core.subst.ParserTest, variable, pass
ch.qos.logback.core.subst.ParserTest, literalWithAccolade0, pass
ch.qos.logback.core.subst.ParserTest, literalWithAccolade1, pass
ch.qos.logback.core.subst.ParserTest, nested, pass
ch.qos.logback.core.subst.ParserTest, literal, pass
ch.qos.logback.core.subst.ParserTest, literalWithTwoAccolades, pass
ch.qos.logback.core.subst.ParserTest, withColon, pass
ch.qos.logback.core.subst.ParserTest, literalVariableLiteral, pass
ch.qos.logback.core.subst.TokenizerTest, colonFollowedByDollar, pass
ch.qos.logback.core.subst.TokenizerTest, literalWithAccolades, pass
ch.qos.logback.core.subst.TokenizerTest, literalEndingWithDollar_LOGBACK_1149, pass
ch.qos.logback.core.subst.TokenizerTest, nested, pass
ch.qos.logback.core.subst.TokenizerTest, LOGBACK_1101, pass
ch.qos.logback.core.subst.TokenizerTest, simleVariable, pass
ch.qos.logback.core.subst.TokenizerTest, mix, pass
ch.qos.logback.core.subst.TokenizerTest, colon, pass
ch.qos.logback.core.subst.TokenizerTest, literalContainingColon, pass
ch.qos.logback.core.subst.TokenizerTest, literalEndingWithColon_LOGBACK_1140, pass
ch.qos.logback.core.subst.TokenizerTest, defaultSeparatorOutsideVariable, pass
ch.qos.logback.core.subst.TokenizerTest, literalOnly, pass
ch.qos.logback.core.subst.TokenizerTest, basicDefaultSeparator, pass
ch.qos.logback.core.util.CachingFotmatterTest, timeZoneIsTakenIntoAccount, pass
ch.qos.logback.core.util.CharSequenceToRegexMapperTest, emptyStringValuesShouldBeIgnoredByFindMinMaxLengthsInSymbols, pass
ch.qos.logback.core.util.CharSequenceToRegexMapperTest, noneOfTheSymbolsAreOfZeroLengthForSwiss, skip
ch.qos.logback.core.util.CharSequenceToRegexMapperTest, findMinMaxLengthsInSymbolsWithTrivialInputs, pass
ch.qos.logback.core.util.CharSequenceToRegexMapperTest, noneOfTheSymbolsAreOfZeroLengthForKorean, skip
ch.qos.logback.core.util.ContentTypeUtilTest, emptySubtype, pass
ch.qos.logback.core.util.ContentTypeUtilTest, nullContext, pass
ch.qos.logback.core.util.ContentTypeUtilTest, smoke, pass
ch.qos.logback.core.util.COWArrayListTest, basicToArrayTyped, pass
ch.qos.logback.core.util.COWArrayListTest, basicToArray, pass
ch.qos.logback.core.util.COWArrayListTest, basicToArrayWithModel, pass
ch.qos.logback.core.util.DatePatternToRegexTest, timeZone, pass
ch.qos.logback.core.util.DatePatternToRegexTest, ISO8601, pass
ch.qos.logback.core.util.DatePatternToRegexTest, dayInWeek, pass
ch.qos.logback.core.util.DatePatternToRegexTest, dot, pass
ch.qos.logback.core.util.DatePatternToRegexTest, amPm, pass
ch.qos.logback.core.util.DatePatternToRegexTest, month, pass
ch.qos.logback.core.util.DatePatternToRegexTest, withQuotes, pass
ch.qos.logback.core.util.DefaultInvocationGateTest, stableAtSteadyRate, pass
ch.qos.logback.core.util.DefaultInvocationGateTest, closelyRepeatedCallsShouldCauseMaskToIncrease, pass
ch.qos.logback.core.util.DefaultInvocationGateTest, smoke, pass
ch.qos.logback.core.util.DefaultInvocationGateTest, intermittentCallsShouldCauseMaskToDecrease, pass
ch.qos.logback.core.util.DefaultInvocationGateTest, maskCanDropToZeroForInfrequentInvocations, pass
ch.qos.logback.core.util.DurationTest, test, pass
ch.qos.logback.core.util.EnvUtilTest, testJava9, pass
ch.qos.logback.core.util.EnvUtilTest, testJava1_5_x, pass
ch.qos.logback.core.util.EnvUtilTest, jdkVersion, pass
ch.qos.logback.core.util.EnvUtilTest, testJava18_3, pass
ch.qos.logback.core.util.EnvUtilTest, testJava1_4, pass
ch.qos.logback.core.util.EnvUtilTest, testJava1_5, pass
ch.qos.logback.core.util.EnvUtilTest, testJava1_6, pass
ch.qos.logback.core.util.EnvUtilTest, testJava1_7, pass
ch.qos.logback.core.util.EnvUtilTest, testJava1_8, pass
ch.qos.logback.core.util.EnvUtilTest, testJava9_1, pass
ch.qos.logback.core.util.FileSizeTest, testToString, pass
ch.qos.logback.core.util.FileSizeTest, testValueOf, pass
ch.qos.logback.core.util.FileUtilTest, createParentDirIgnoresExistingDir, pass
ch.qos.logback.core.util.FileUtilTest, checkDeeperParentCreationInquiryAndSubsequentCreation, pass
ch.qos.logback.core.util.FileUtilTest, checkParentCreationInquiryAndSubsequentCreation, pass
ch.qos.logback.core.util.FileUtilTest, basicCopyingWorks, pass
ch.qos.logback.core.util.FileUtilTest, createParentDirAcceptsNoParentSpecified, pass
ch.qos.logback.core.util.LocationUtilTest, testExplicitClasspathUrlWithLeadingSlash, pass
ch.qos.logback.core.util.LocationUtilTest, testImplicitClasspathUrl, pass
ch.qos.logback.core.util.LocationUtilTest, testFileUrl, pass
ch.qos.logback.core.util.LocationUtilTest, testExplicitClasspathUrlWithRootPath, pass
ch.qos.logback.core.util.LocationUtilTest, testExplicitClasspathUrlEmptyPath, pass
ch.qos.logback.core.util.LocationUtilTest, testExplicitClasspathUrl, pass
ch.qos.logback.core.util.OptionHelperTest, defaultValueReferencingAVariable, pass
ch.qos.logback.core.util.OptionHelperTest, testSubstVarsRecursive, pass
ch.qos.logback.core.util.OptionHelperTest, detectCircularReferencesInDefault, pass
ch.qos.logback.core.util.OptionHelperTest, detectCircularReferences0, pass
ch.qos.logback.core.util.OptionHelperTest, detectCircularReferences1, pass
ch.qos.logback.core.util.OptionHelperTest, detectCircularReferences2, pass
ch.qos.logback.core.util.OptionHelperTest, detectCircularReferences3, pass
ch.qos.logback.core.util.OptionHelperTest, detectCircularReferences4, pass
ch.qos.logback.core.util.OptionHelperTest, detectCircularReferences5, pass
ch.qos.logback.core.util.OptionHelperTest, testUndefinedValues, pass
ch.qos.logback.core.util.OptionHelperTest, testSubstVarsWithDefault, pass
ch.qos.logback.core.util.OptionHelperTest, stubstVarsShouldNotGoIntoInfiniteLoop, pass
ch.qos.logback.core.util.OptionHelperTest, curlyBraces_LOGBACK_1101, pass
ch.qos.logback.core.util.OptionHelperTest, testSubstVarsVariableNotClosed, pass
ch.qos.logback.core.util.OptionHelperTest, doesNotThrowNullPointerExceptionForEmptyVariable, pass
ch.qos.logback.core.util.OptionHelperTest, trailingColon_LOGBACK_1140, pass
ch.qos.logback.core.util.OptionHelperTest, testLiteral, pass
ch.qos.logback.core.util.OptionHelperTest, testSubstVarsContextOnly, pass
ch.qos.logback.core.util.OptionHelperTest, jackrabbit_standalone, pass
ch.qos.logback.core.util.OptionHelperTest, testSubstVarsSystemProperties, pass
ch.qos.logback.core.util.OptionHelperTest, testSubstVarsTwoLevelsWithDefault, pass
ch.qos.logback.core.util.OptionHelperTest, nonCircularGraphShouldWork, pass
ch.qos.logback.core.util.OptionHelperTest, testSubstVarsTwoLevelsDeep, pass
ch.qos.logback.core.util.StatusListenerConfigHelperTest, addOnConsoleListenerInstanceShouldNotStartSecondListener, pass
ch.qos.logback.core.util.StatusPrinterTest, testBasic, pass
ch.qos.logback.core.util.StatusPrinterTest, testWithException, pass
ch.qos.logback.core.util.StatusPrinterTest, testNested, pass
ch.qos.logback.core.util.StringCollectionUtilTest, testRemoveMatchingWithNoPatterns, pass
ch.qos.logback.core.util.StringCollectionUtilTest, testRetainMatchingWithNoMatchingPattern, pass
ch.qos.logback.core.util.StringCollectionUtilTest, testRemoveMatchingWithNoMatchingPattern, pass
ch.qos.logback.core.util.StringCollectionUtilTest, testRetainMatchingWithMatchingPattern, pass
ch.qos.logback.core.util.StringCollectionUtilTest, testRemoveMatchingWithMatchingPattern, pass
ch.qos.logback.core.util.StringCollectionUtilTest, testRetainMatchingWithNoPatterns, pass
ch.qos.logback.core.util.TimeUtilTest, testDay, pass
ch.qos.logback.core.util.TimeUtilTest, testMonth, pass
ch.qos.logback.core.util.TimeUtilTest, testHour, pass
ch.qos.logback.core.util.TimeUtilTest, testWeek, pass
ch.qos.logback.core.util.TimeUtilTest, testMinute, pass
ch.qos.logback.core.util.TimeUtilTest, testSecond, pass
