org.apache.jackrabbit.oak.commons.BufferTest, putStringToLimitedWrappedBuffer, pass
org.apache.jackrabbit.oak.commons.BufferTest, putNumbersToWrappedBuffer, pass
org.apache.jackrabbit.oak.commons.BufferTest, getFirstCharacterInBoundedWrappedBuffer, pass
org.apache.jackrabbit.oak.commons.BufferTest, compareWrappedBuffers, pass
org.apache.jackrabbit.oak.commons.BufferTest, putStringToWrappedBuffer, pass
org.apache.jackrabbit.oak.commons.BufferTest, createReadOnlyCopyOfWrappedBuffer, pass
org.apache.jackrabbit.oak.commons.BufferTest, getRandomCharactersInWrappedBuffer, pass
org.apache.jackrabbit.oak.commons.BufferTest, resetWrappedBufferToMarkedPosition, pass
org.apache.jackrabbit.oak.commons.BufferTest, duplicateWrappedBuffer, pass
org.apache.jackrabbit.oak.commons.BufferTest, putCharacterToWrappedBuffer, pass
org.apache.jackrabbit.oak.commons.BufferTest, getRandomCharacterInWrappedBuffer, pass
org.apache.jackrabbit.oak.commons.BufferTest, getFirstCharacterInWrappedBuffer, pass
org.apache.jackrabbit.oak.commons.cache.ConcurrentCacheTest, test, pass
org.apache.jackrabbit.oak.commons.concurrent.ExecutorCloserTest, simple, pass
org.apache.jackrabbit.oak.commons.concurrent.ExecutorCloserTest, timeoutHandling, pass
org.apache.jackrabbit.oak.commons.concurrent.ExecutorCloserTest, nullExecutor, pass
org.apache.jackrabbit.oak.commons.concurrent.NotifyingFutureTaskTest, onCompletion, error
org.apache.jackrabbit.oak.commons.concurrent.NotifyingFutureTaskTest, completed, error
org.apache.jackrabbit.oak.commons.FileIOUtilsTest, appendTest, error
org.apache.jackrabbit.oak.commons.FileIOUtilsTest, writeCustomReadOrgStringsDeprecated, error
org.apache.jackrabbit.oak.commons.FileIOUtilsTest, writeReadStringsWithLineBreaks, error
org.apache.jackrabbit.oak.commons.FileIOUtilsTest, appendTestFileDeleteOnError, error
org.apache.jackrabbit.oak.commons.FileIOUtilsTest, mergeWithErrorsTest, error
org.apache.jackrabbit.oak.commons.FileIOUtilsTest, testCopy, error
org.apache.jackrabbit.oak.commons.FileIOUtilsTest, fileIteratorBurnTest, error
org.apache.jackrabbit.oak.commons.FileIOUtilsTest, deprecatedFileIteratorRandomizedTest, error
org.apache.jackrabbit.oak.commons.FileIOUtilsTest, appendWithLineBreaksTest, error
org.apache.jackrabbit.oak.commons.FileIOUtilsTest, copyStreamToFileNoPartialCreation, error
org.apache.jackrabbit.oak.commons.FileIOUtilsTest, sortCustomComparatorTest, error
org.apache.jackrabbit.oak.commons.FileIOUtilsTest, sortLargeFileWithCustomComparatorTest, error
org.apache.jackrabbit.oak.commons.FileIOUtilsTest, writeReadRandomStrings, error
org.apache.jackrabbit.oak.commons.FileIOUtilsTest, fileIteratorRandomizedTest, error
org.apache.jackrabbit.oak.commons.FileIOUtilsTest, compareWithLineBreaks, error
org.apache.jackrabbit.oak.commons.FileIOUtilsTest, writeCustomReadOrgStrings, error
org.apache.jackrabbit.oak.commons.FileIOUtilsTest, deprecatedFileIteratorBurnTest, error
org.apache.jackrabbit.oak.commons.FileIOUtilsTest, fileIteratorTest, error
org.apache.jackrabbit.oak.commons.FileIOUtilsTest, fileIteratorLineBreakTest, error
org.apache.jackrabbit.oak.commons.FileIOUtilsTest, appendRandomizedTest, error
org.apache.jackrabbit.oak.commons.FileIOUtilsTest, deprecatedFileIteratorLineBreakTest, error
org.apache.jackrabbit.oak.commons.FileIOUtilsTest, appendTestNoDelete, error
org.apache.jackrabbit.oak.commons.FileIOUtilsTest, sortTest, error
org.apache.jackrabbit.oak.commons.FileIOUtilsTest, writeReadStrings, error
org.apache.jackrabbit.oak.commons.FileIOUtilsTest, deprecatedfileIteratorTest, error
org.apache.jackrabbit.oak.commons.FileIOUtilsTest, copyStreamToFile, error
org.apache.jackrabbit.oak.commons.FileLineDifferenceIteratorTest, testSimpleDiff, error
org.apache.jackrabbit.oak.commons.FileLineDifferenceIteratorTest, testMarkedDiffWithExtraEntriesInMarked, error
org.apache.jackrabbit.oak.commons.FileLineDifferenceIteratorTest, testDiffTransformDeprecated, error
org.apache.jackrabbit.oak.commons.FileLineDifferenceIteratorTest, testDiffLineBreakChars, error
org.apache.jackrabbit.oak.commons.FileLineDifferenceIteratorTest, testRandomized, error
org.apache.jackrabbit.oak.commons.FileLineDifferenceIteratorTest, testDiffWithExtraEntriesInMarked, error
org.apache.jackrabbit.oak.commons.FileLineDifferenceIteratorTest, testDiffTransform, error
org.apache.jackrabbit.oak.commons.FileLineDifferenceIteratorTest, testNoDiff, error
org.apache.jackrabbit.oak.commons.FileLineDifferenceIteratorTest, testDiffEscapedLineBreakChars, error
org.apache.jackrabbit.oak.commons.io.LazyInputStreamTest, test, pass
org.apache.jackrabbit.oak.commons.io.LazyInputStreamTest, testDeprecatedLogs, pass
org.apache.jackrabbit.oak.commons.IOUtilsTest, testStringReadWrite, pass
org.apache.jackrabbit.oak.commons.IOUtilsTest, testCopyStream, pass
org.apache.jackrabbit.oak.commons.IOUtilsTest, testSkipFully, pass
org.apache.jackrabbit.oak.commons.IOUtilsTest, testInt, pass
org.apache.jackrabbit.oak.commons.IOUtilsTest, testReadWithLargeBuffer, pass
org.apache.jackrabbit.oak.commons.IOUtilsTest, testLong, pass
org.apache.jackrabbit.oak.commons.IOUtilsTest, testReadWithSmallBufferFromOffset, pass
org.apache.jackrabbit.oak.commons.IOUtilsTest, testReadWithSmallBuffer, pass
org.apache.jackrabbit.oak.commons.IOUtilsTest, testReadFully, pass
org.apache.jackrabbit.oak.commons.IOUtilsTest, testVarLong, pass
org.apache.jackrabbit.oak.commons.IOUtilsTest, testHumanReadableByteCount, pass
org.apache.jackrabbit.oak.commons.IOUtilsTest, testBytesReadWrite, pass
org.apache.jackrabbit.oak.commons.IOUtilsTest, testReadAll, pass
org.apache.jackrabbit.oak.commons.IOUtilsTest, testNextPowerOf2, pass
org.apache.jackrabbit.oak.commons.IOUtilsTest, testReadOffsetOutOfBound, pass
org.apache.jackrabbit.oak.commons.IOUtilsTest, testReadWithLargeBufferFromOffset, pass
org.apache.jackrabbit.oak.commons.IOUtilsTest, testReadAllFromOffset, pass
org.apache.jackrabbit.oak.commons.IOUtilsTest, testReadWithEmptyBuffer, pass
org.apache.jackrabbit.oak.commons.IOUtilsTest, testReadWithEmptyBufferFromOffset, pass
org.apache.jackrabbit.oak.commons.IOUtilsTest, testVarEOF, pass
org.apache.jackrabbit.oak.commons.IOUtilsTest, testVarInt, pass
org.apache.jackrabbit.oak.commons.json.JsonObjectTest, newObjectRespectingOrder, pass
org.apache.jackrabbit.oak.commons.json.JsonObjectTest, fromJson, pass
org.apache.jackrabbit.oak.commons.json.JsonObjectTest, newObjectNotRespectingOrder, pass
org.apache.jackrabbit.oak.commons.json.JsopStreamTest, testBuilder, pass
org.apache.jackrabbit.oak.commons.json.JsopStreamTest, testTokenizer, pass
org.apache.jackrabbit.oak.commons.json.JsopStreamTest, testRawValue, pass
org.apache.jackrabbit.oak.commons.json.JsopStreamTest, testJsopReader, pass
org.apache.jackrabbit.oak.commons.json.JsopStreamTest, testNested, pass
org.apache.jackrabbit.oak.commons.json.JsopTest, testDataType, pass
org.apache.jackrabbit.oak.commons.json.JsopTest, testLineLength, pass
org.apache.jackrabbit.oak.commons.json.JsopTest, testSurrogates, pass
org.apache.jackrabbit.oak.commons.json.JsopTest, testBuilder, pass
org.apache.jackrabbit.oak.commons.json.JsopTest, testNullTrueFalse, pass
org.apache.jackrabbit.oak.commons.json.JsopTest, testPrettyPrint, pass
org.apache.jackrabbit.oak.commons.json.JsopTest, testTokenizer, pass
org.apache.jackrabbit.oak.commons.json.JsopTest, testRawValue, pass
org.apache.jackrabbit.oak.commons.json.JsopTest, testEscape, pass
org.apache.jackrabbit.oak.commons.json.JsopTest, testNumber, pass
org.apache.jackrabbit.oak.commons.junit.LogCustomizerTest, testRegexMatch, pass
org.apache.jackrabbit.oak.commons.junit.LogCustomizerTest, testLogs1, pass
org.apache.jackrabbit.oak.commons.junit.LogCustomizerTest, testLogs2, pass
org.apache.jackrabbit.oak.commons.junit.LogCustomizerTest, testContainsMatch, pass
org.apache.jackrabbit.oak.commons.junit.LogCustomizerTest, testExactMatch, pass
org.apache.jackrabbit.oak.commons.LazyValueTest, testGet, pass
org.apache.jackrabbit.oak.commons.LazyValueTest, testHasValue, pass
org.apache.jackrabbit.oak.commons.PathUtilsTest, testOptimizeForExcludes, error
org.apache.jackrabbit.oak.commons.PathUtilsTest, testGetDepth, error
org.apache.jackrabbit.oak.commons.PathUtilsTest, testMore, error
org.apache.jackrabbit.oak.commons.PathUtilsTest, testValidate, error
org.apache.jackrabbit.oak.commons.PathUtilsTest, testPathElements, error
org.apache.jackrabbit.oak.commons.PathUtilsTest, test, error
org.apache.jackrabbit.oak.commons.PathUtilsTest, testOptimizeForIncludes, error
org.apache.jackrabbit.oak.commons.PathUtilsTest, testElements, error
org.apache.jackrabbit.oak.commons.PathUtilsTest, testValidateEverything, error
org.apache.jackrabbit.oak.commons.PathUtilsTest, testDropIndexFromNamePerformance, error
org.apache.jackrabbit.oak.commons.PathUtilsTest, testConcatRelativePaths, error
org.apache.jackrabbit.oak.commons.PathUtilsTest, testNextSlash, error
org.apache.jackrabbit.oak.commons.PerfLoggerTest, initializationError, error
org.apache.jackrabbit.oak.commons.PropertiesUtilTest, testToDouble, error
org.apache.jackrabbit.oak.commons.PropertiesUtilTest, testToObject, error
org.apache.jackrabbit.oak.commons.PropertiesUtilTest, testToString, error
org.apache.jackrabbit.oak.commons.PropertiesUtilTest, testToBoolean, error
org.apache.jackrabbit.oak.commons.PropertiesUtilTest, testToStringArray, error
org.apache.jackrabbit.oak.commons.PropertiesUtilTest, testPopulateAndValidate, error
org.apache.jackrabbit.oak.commons.PropertiesUtilTest, testToInteger, error
org.apache.jackrabbit.oak.commons.PropertiesUtilTest, testPopulate, error
org.apache.jackrabbit.oak.commons.PropertiesUtilTest, testToLong, error
org.apache.jackrabbit.oak.commons.sort.EscapeUtilsTest, noOpUnEscape, pass
org.apache.jackrabbit.oak.commons.sort.EscapeUtilsTest, testUnEscape, pass
org.apache.jackrabbit.oak.commons.sort.EscapeUtilsTest, noOp, pass
org.apache.jackrabbit.oak.commons.sort.EscapeUtilsTest, randomized, pass
org.apache.jackrabbit.oak.commons.sort.EscapeUtilsTest, invalidUnEscape2, pass
org.apache.jackrabbit.oak.commons.sort.EscapeUtilsTest, testEscape, pass
org.apache.jackrabbit.oak.commons.sort.EscapeUtilsTest, invalidUnEscape, pass
org.apache.jackrabbit.oak.commons.sort.EscapeUtilsTest, testEscapeUnEscape, pass
org.apache.jackrabbit.oak.commons.sort.ExternalSortTest, testEmptyFiles, pass
org.apache.jackrabbit.oak.commons.sort.ExternalSortTest, testSortInBatch, pass
org.apache.jackrabbit.oak.commons.sort.ExternalSortTest, customType, pass
org.apache.jackrabbit.oak.commons.sort.ExternalSortTest, testMergeSortedFiles, pass
org.apache.jackrabbit.oak.commons.sort.ExternalSortTest, testMergeSortedFilesAppend, pass
org.apache.jackrabbit.oak.commons.sort.ExternalSortTest, testMergeSortedFilesDistinct, pass
org.apache.jackrabbit.oak.commons.sort.ExternalSortTest, testSortAndSave, pass
org.apache.jackrabbit.oak.commons.sort.ExternalSortTest, testCSVSorting, pass
org.apache.jackrabbit.oak.commons.sort.ExternalSortTest, testCSVKeyValueSorting, pass
org.apache.jackrabbit.oak.commons.sort.ExternalSortTest, testSortAndSaveDistinct, pass
org.apache.jackrabbit.oak.commons.sort.StringSortTest, inMemory, pass
org.apache.jackrabbit.oak.commons.sort.StringSortTest, sortWithEntriesHavingLineBreaks2, pass
org.apache.jackrabbit.oak.commons.sort.StringSortTest, overflowToDisk, pass
org.apache.jackrabbit.oak.commons.sort.StringSortTest, sortWithEntriesHavingLineBreaks, pass
org.apache.jackrabbit.oak.commons.StringUtilsTest, testEstimateMemoryUsage, error
org.apache.jackrabbit.oak.commons.StringUtilsTest, testNullToBytes, error
org.apache.jackrabbit.oak.commons.StringUtilsTest, testBytesToHex, error
org.apache.jackrabbit.oak.commons.StringUtilsTest, testHexToBytes, error
org.apache.jackrabbit.oak.commons.StringUtilsTest, testNullToHex, error
org.apache.jackrabbit.oak.commons.StringUtilsTest, testInvalidHexToBytes, error
org.apache.jackrabbit.oak.commons.TimeDurationFormatterTest, initializationError, error
