org.apache.jackrabbit.oak.api.TypeComparisonTest, compareTypes, pass
org.apache.jackrabbit.oak.api.TypePreconditionTest, testArrayTypeOnSingleValueType[BINARIES/BINARY], pass
org.apache.jackrabbit.oak.api.TypePreconditionTest, testBaseTypeOnSingleValueType[BINARIES/BINARY], pass
org.apache.jackrabbit.oak.api.TypePreconditionTest, testBaseTypeOnMultiValueType[BINARIES/BINARY], pass
org.apache.jackrabbit.oak.api.TypePreconditionTest, testArrayTypeOnMultiValueType[BINARIES/BINARY], pass
org.apache.jackrabbit.oak.api.TypePreconditionTest, testArrayTypeOnSingleValueType[BOOLEANS/BOOLEAN], pass
org.apache.jackrabbit.oak.api.TypePreconditionTest, testBaseTypeOnSingleValueType[BOOLEANS/BOOLEAN], pass
org.apache.jackrabbit.oak.api.TypePreconditionTest, testBaseTypeOnMultiValueType[BOOLEANS/BOOLEAN], pass
org.apache.jackrabbit.oak.api.TypePreconditionTest, testArrayTypeOnMultiValueType[BOOLEANS/BOOLEAN], pass
org.apache.jackrabbit.oak.api.TypePreconditionTest, testArrayTypeOnSingleValueType[DATES/DATE], pass
org.apache.jackrabbit.oak.api.TypePreconditionTest, testBaseTypeOnSingleValueType[DATES/DATE], pass
org.apache.jackrabbit.oak.api.TypePreconditionTest, testBaseTypeOnMultiValueType[DATES/DATE], pass
org.apache.jackrabbit.oak.api.TypePreconditionTest, testArrayTypeOnMultiValueType[DATES/DATE], pass
org.apache.jackrabbit.oak.api.TypePreconditionTest, testArrayTypeOnSingleValueType[DECIMALS/DECIMAL], pass
org.apache.jackrabbit.oak.api.TypePreconditionTest, testBaseTypeOnSingleValueType[DECIMALS/DECIMAL], pass
org.apache.jackrabbit.oak.api.TypePreconditionTest, testBaseTypeOnMultiValueType[DECIMALS/DECIMAL], pass
org.apache.jackrabbit.oak.api.TypePreconditionTest, testArrayTypeOnMultiValueType[DECIMALS/DECIMAL], pass
org.apache.jackrabbit.oak.api.TypePreconditionTest, testArrayTypeOnSingleValueType[DOUBLES/DOUBLE], pass
org.apache.jackrabbit.oak.api.TypePreconditionTest, testBaseTypeOnSingleValueType[DOUBLES/DOUBLE], pass
org.apache.jackrabbit.oak.api.TypePreconditionTest, testBaseTypeOnMultiValueType[DOUBLES/DOUBLE], pass
org.apache.jackrabbit.oak.api.TypePreconditionTest, testArrayTypeOnMultiValueType[DOUBLES/DOUBLE], pass
org.apache.jackrabbit.oak.api.TypePreconditionTest, testArrayTypeOnSingleValueType[LONGS/LONG], pass
org.apache.jackrabbit.oak.api.TypePreconditionTest, testBaseTypeOnSingleValueType[LONGS/LONG], pass
org.apache.jackrabbit.oak.api.TypePreconditionTest, testBaseTypeOnMultiValueType[LONGS/LONG], pass
org.apache.jackrabbit.oak.api.TypePreconditionTest, testArrayTypeOnMultiValueType[LONGS/LONG], pass
org.apache.jackrabbit.oak.api.TypePreconditionTest, testArrayTypeOnSingleValueType[NAMES/NAME], pass
org.apache.jackrabbit.oak.api.TypePreconditionTest, testBaseTypeOnSingleValueType[NAMES/NAME], pass
org.apache.jackrabbit.oak.api.TypePreconditionTest, testBaseTypeOnMultiValueType[NAMES/NAME], pass
org.apache.jackrabbit.oak.api.TypePreconditionTest, testArrayTypeOnMultiValueType[NAMES/NAME], pass
org.apache.jackrabbit.oak.api.TypePreconditionTest, testArrayTypeOnSingleValueType[PATHS/PATH], pass
org.apache.jackrabbit.oak.api.TypePreconditionTest, testBaseTypeOnSingleValueType[PATHS/PATH], pass
org.apache.jackrabbit.oak.api.TypePreconditionTest, testBaseTypeOnMultiValueType[PATHS/PATH], pass
org.apache.jackrabbit.oak.api.TypePreconditionTest, testArrayTypeOnMultiValueType[PATHS/PATH], pass
org.apache.jackrabbit.oak.api.TypePreconditionTest, testArrayTypeOnSingleValueType[REFERENCES/REFERENCE], pass
org.apache.jackrabbit.oak.api.TypePreconditionTest, testBaseTypeOnSingleValueType[REFERENCES/REFERENCE], pass
org.apache.jackrabbit.oak.api.TypePreconditionTest, testBaseTypeOnMultiValueType[REFERENCES/REFERENCE], pass
org.apache.jackrabbit.oak.api.TypePreconditionTest, testArrayTypeOnMultiValueType[REFERENCES/REFERENCE], pass
org.apache.jackrabbit.oak.api.TypePreconditionTest, testArrayTypeOnSingleValueType[STRINGS/STRING], pass
org.apache.jackrabbit.oak.api.TypePreconditionTest, testBaseTypeOnSingleValueType[STRINGS/STRING], pass
org.apache.jackrabbit.oak.api.TypePreconditionTest, testBaseTypeOnMultiValueType[STRINGS/STRING], pass
org.apache.jackrabbit.oak.api.TypePreconditionTest, testArrayTypeOnMultiValueType[STRINGS/STRING], pass
org.apache.jackrabbit.oak.api.TypePreconditionTest, testArrayTypeOnSingleValueType[UNDEFINEDS/UNDEFINED], pass
org.apache.jackrabbit.oak.api.TypePreconditionTest, testBaseTypeOnSingleValueType[UNDEFINEDS/UNDEFINED], pass
org.apache.jackrabbit.oak.api.TypePreconditionTest, testBaseTypeOnMultiValueType[UNDEFINEDS/UNDEFINED], pass
org.apache.jackrabbit.oak.api.TypePreconditionTest, testArrayTypeOnMultiValueType[UNDEFINEDS/UNDEFINED], pass
org.apache.jackrabbit.oak.api.TypePreconditionTest, testArrayTypeOnSingleValueType[URIS/URI], pass
org.apache.jackrabbit.oak.api.TypePreconditionTest, testBaseTypeOnSingleValueType[URIS/URI], pass
org.apache.jackrabbit.oak.api.TypePreconditionTest, testBaseTypeOnMultiValueType[URIS/URI], pass
org.apache.jackrabbit.oak.api.TypePreconditionTest, testArrayTypeOnMultiValueType[URIS/URI], pass
org.apache.jackrabbit.oak.api.TypePreconditionTest, testArrayTypeOnSingleValueType[WEAKREFERENCES/WEAKREFERENCE], pass
org.apache.jackrabbit.oak.api.TypePreconditionTest, testBaseTypeOnSingleValueType[WEAKREFERENCES/WEAKREFERENCE], pass
org.apache.jackrabbit.oak.api.TypePreconditionTest, testBaseTypeOnMultiValueType[WEAKREFERENCES/WEAKREFERENCE], pass
org.apache.jackrabbit.oak.api.TypePreconditionTest, testArrayTypeOnMultiValueType[WEAKREFERENCES/WEAKREFERENCE], pass
org.apache.jackrabbit.oak.commons.BufferTest, putStringToLimitedWrappedBuffer, pass
org.apache.jackrabbit.oak.commons.BufferTest, putNumbersToWrappedBuffer, pass
org.apache.jackrabbit.oak.commons.BufferTest, getFirstCharacterInBoundedWrappedBuffer, pass
org.apache.jackrabbit.oak.commons.BufferTest, compareWrappedBuffers, pass
org.apache.jackrabbit.oak.commons.BufferTest, putStringToWrappedBuffer, pass
org.apache.jackrabbit.oak.commons.BufferTest, createReadOnlyCopyOfWrappedBuffer, pass
org.apache.jackrabbit.oak.commons.BufferTest, getRandomCharactersInWrappedBuffer, pass
org.apache.jackrabbit.oak.commons.BufferTest, resetWrappedBufferToMarkedPosition, pass
org.apache.jackrabbit.oak.commons.BufferTest, duplicateWrappedBuffer, pass
org.apache.jackrabbit.oak.commons.BufferTest, putCharacterToWrappedBuffer, pass
org.apache.jackrabbit.oak.commons.BufferTest, getRandomCharacterInWrappedBuffer, pass
org.apache.jackrabbit.oak.commons.BufferTest, getFirstCharacterInWrappedBuffer, pass
org.apache.jackrabbit.oak.commons.cache.ConcurrentCacheTest, test, pass
org.apache.jackrabbit.oak.commons.concurrent.ExecutorCloserTest, simple, pass
org.apache.jackrabbit.oak.commons.concurrent.ExecutorCloserTest, timeoutHandling, pass
org.apache.jackrabbit.oak.commons.concurrent.ExecutorCloserTest, nullExecutor, pass
org.apache.jackrabbit.oak.commons.concurrent.NotifyingFutureTaskTest, onCompletion, pass
org.apache.jackrabbit.oak.commons.concurrent.NotifyingFutureTaskTest, completed, pass
org.apache.jackrabbit.oak.commons.FileIOUtilsTest, appendTest, pass
org.apache.jackrabbit.oak.commons.FileIOUtilsTest, writeCustomReadOrgStringsDeprecated, pass
org.apache.jackrabbit.oak.commons.FileIOUtilsTest, writeReadStringsWithLineBreaks, pass
org.apache.jackrabbit.oak.commons.FileIOUtilsTest, appendTestFileDeleteOnError, pass
org.apache.jackrabbit.oak.commons.FileIOUtilsTest, mergeWithErrorsTest, pass
org.apache.jackrabbit.oak.commons.FileIOUtilsTest, testCopy, pass
org.apache.jackrabbit.oak.commons.FileIOUtilsTest, fileIteratorBurnTest, pass
org.apache.jackrabbit.oak.commons.FileIOUtilsTest, deprecatedFileIteratorRandomizedTest, pass
org.apache.jackrabbit.oak.commons.FileIOUtilsTest, appendWithLineBreaksTest, pass
org.apache.jackrabbit.oak.commons.FileIOUtilsTest, copyStreamToFileNoPartialCreation, pass
org.apache.jackrabbit.oak.commons.FileIOUtilsTest, sortCustomComparatorTest, pass
org.apache.jackrabbit.oak.commons.FileIOUtilsTest, sortLargeFileWithCustomComparatorTest, pass
org.apache.jackrabbit.oak.commons.FileIOUtilsTest, writeReadRandomStrings, pass
org.apache.jackrabbit.oak.commons.FileIOUtilsTest, fileIteratorRandomizedTest, pass
org.apache.jackrabbit.oak.commons.FileIOUtilsTest, compareWithLineBreaks, pass
org.apache.jackrabbit.oak.commons.FileIOUtilsTest, writeCustomReadOrgStrings, pass
org.apache.jackrabbit.oak.commons.FileIOUtilsTest, deprecatedFileIteratorBurnTest, pass
org.apache.jackrabbit.oak.commons.FileIOUtilsTest, fileIteratorTest, pass
org.apache.jackrabbit.oak.commons.FileIOUtilsTest, fileIteratorLineBreakTest, pass
org.apache.jackrabbit.oak.commons.FileIOUtilsTest, appendRandomizedTest, pass
org.apache.jackrabbit.oak.commons.FileIOUtilsTest, deprecatedFileIteratorLineBreakTest, pass
org.apache.jackrabbit.oak.commons.FileIOUtilsTest, appendTestNoDelete, pass
org.apache.jackrabbit.oak.commons.FileIOUtilsTest, sortTest, pass
org.apache.jackrabbit.oak.commons.FileIOUtilsTest, writeReadStrings, pass
org.apache.jackrabbit.oak.commons.FileIOUtilsTest, deprecatedfileIteratorTest, pass
org.apache.jackrabbit.oak.commons.FileIOUtilsTest, copyStreamToFile, pass
org.apache.jackrabbit.oak.commons.FileLineDifferenceIteratorTest, testSimpleDiff, pass
org.apache.jackrabbit.oak.commons.FileLineDifferenceIteratorTest, testMarkedDiffWithExtraEntriesInMarked, pass
org.apache.jackrabbit.oak.commons.FileLineDifferenceIteratorTest, testDiffTransformDeprecated, pass
org.apache.jackrabbit.oak.commons.FileLineDifferenceIteratorTest, testDiffLineBreakChars, pass
org.apache.jackrabbit.oak.commons.FileLineDifferenceIteratorTest, testRandomized, pass
org.apache.jackrabbit.oak.commons.FileLineDifferenceIteratorTest, testDiffWithExtraEntriesInMarked, pass
org.apache.jackrabbit.oak.commons.FileLineDifferenceIteratorTest, testDiffTransform, pass
org.apache.jackrabbit.oak.commons.FileLineDifferenceIteratorTest, testNoDiff, pass
org.apache.jackrabbit.oak.commons.FileLineDifferenceIteratorTest, testDiffEscapedLineBreakChars, pass
org.apache.jackrabbit.oak.commons.io.LazyInputStreamTest, test, pass
org.apache.jackrabbit.oak.commons.io.LazyInputStreamTest, testDeprecatedLogs, pass
org.apache.jackrabbit.oak.commons.IOUtilsTest, testStringReadWrite, pass
org.apache.jackrabbit.oak.commons.IOUtilsTest, testCopyStream, pass
org.apache.jackrabbit.oak.commons.IOUtilsTest, testSkipFully, pass
org.apache.jackrabbit.oak.commons.IOUtilsTest, testInt, pass
org.apache.jackrabbit.oak.commons.IOUtilsTest, testReadWithLargeBuffer, pass
org.apache.jackrabbit.oak.commons.IOUtilsTest, testLong, pass
org.apache.jackrabbit.oak.commons.IOUtilsTest, testReadWithSmallBufferFromOffset, pass
org.apache.jackrabbit.oak.commons.IOUtilsTest, testReadWithSmallBuffer, pass
org.apache.jackrabbit.oak.commons.IOUtilsTest, testReadFully, pass
org.apache.jackrabbit.oak.commons.IOUtilsTest, testVarLong, pass
org.apache.jackrabbit.oak.commons.IOUtilsTest, testHumanReadableByteCount, pass
org.apache.jackrabbit.oak.commons.IOUtilsTest, testBytesReadWrite, pass
org.apache.jackrabbit.oak.commons.IOUtilsTest, testReadAll, pass
org.apache.jackrabbit.oak.commons.IOUtilsTest, testNextPowerOf2, pass
org.apache.jackrabbit.oak.commons.IOUtilsTest, testReadOffsetOutOfBound, pass
org.apache.jackrabbit.oak.commons.IOUtilsTest, testReadWithLargeBufferFromOffset, pass
org.apache.jackrabbit.oak.commons.IOUtilsTest, testReadAllFromOffset, pass
org.apache.jackrabbit.oak.commons.IOUtilsTest, testReadWithEmptyBuffer, pass
org.apache.jackrabbit.oak.commons.IOUtilsTest, testReadWithEmptyBufferFromOffset, pass
org.apache.jackrabbit.oak.commons.IOUtilsTest, testVarEOF, pass
org.apache.jackrabbit.oak.commons.IOUtilsTest, testVarInt, pass
org.apache.jackrabbit.oak.commons.json.JsonObjectTest, newObjectRespectingOrder, pass
org.apache.jackrabbit.oak.commons.json.JsonObjectTest, fromJson, pass
org.apache.jackrabbit.oak.commons.json.JsonObjectTest, newObjectNotRespectingOrder, pass
org.apache.jackrabbit.oak.commons.json.JsopStreamTest, testBuilder, pass
org.apache.jackrabbit.oak.commons.json.JsopStreamTest, testTokenizer, pass
org.apache.jackrabbit.oak.commons.json.JsopStreamTest, testRawValue, pass
org.apache.jackrabbit.oak.commons.json.JsopStreamTest, testJsopReader, pass
org.apache.jackrabbit.oak.commons.json.JsopStreamTest, testNested, pass
org.apache.jackrabbit.oak.commons.json.JsopTest, testDataType, pass
org.apache.jackrabbit.oak.commons.json.JsopTest, testLineLength, pass
org.apache.jackrabbit.oak.commons.json.JsopTest, testSurrogates, pass
org.apache.jackrabbit.oak.commons.json.JsopTest, testBuilder, pass
org.apache.jackrabbit.oak.commons.json.JsopTest, testNullTrueFalse, pass
org.apache.jackrabbit.oak.commons.json.JsopTest, testPrettyPrint, pass
org.apache.jackrabbit.oak.commons.json.JsopTest, testTokenizer, pass
org.apache.jackrabbit.oak.commons.json.JsopTest, testRawValue, pass
org.apache.jackrabbit.oak.commons.json.JsopTest, testEscape, pass
org.apache.jackrabbit.oak.commons.json.JsopTest, testNumber, pass
org.apache.jackrabbit.oak.commons.junit.LogCustomizerTest, testRegexMatch, pass
org.apache.jackrabbit.oak.commons.junit.LogCustomizerTest, testLogs1, pass
org.apache.jackrabbit.oak.commons.junit.LogCustomizerTest, testLogs2, pass
org.apache.jackrabbit.oak.commons.junit.LogCustomizerTest, testContainsMatch, pass
org.apache.jackrabbit.oak.commons.junit.LogCustomizerTest, testExactMatch, pass
org.apache.jackrabbit.oak.commons.LazyValueTest, testGet, pass
org.apache.jackrabbit.oak.commons.LazyValueTest, testHasValue, pass
org.apache.jackrabbit.oak.commons.PathUtilsTest, testOptimizeForExcludes, pass
org.apache.jackrabbit.oak.commons.PathUtilsTest, testGetDepth, pass
org.apache.jackrabbit.oak.commons.PathUtilsTest, testMore, pass
org.apache.jackrabbit.oak.commons.PathUtilsTest, testValidate, pass
org.apache.jackrabbit.oak.commons.PathUtilsTest, testPathElements, pass
org.apache.jackrabbit.oak.commons.PathUtilsTest, test, pass
org.apache.jackrabbit.oak.commons.PathUtilsTest, testOptimizeForIncludes, pass
org.apache.jackrabbit.oak.commons.PathUtilsTest, testElements, pass
org.apache.jackrabbit.oak.commons.PathUtilsTest, testValidateEverything, pass
org.apache.jackrabbit.oak.commons.PathUtilsTest, testDropIndexFromNamePerformance, pass
org.apache.jackrabbit.oak.commons.PathUtilsTest, testConcatRelativePaths, pass
org.apache.jackrabbit.oak.commons.PathUtilsTest, testNextSlash, pass
org.apache.jackrabbit.oak.commons.PerfLoggerTest, logAtInfoMessageStartWithInfoLog, pass
org.apache.jackrabbit.oak.commons.PerfLoggerTest, logAtDebugMessageStartWithInfoLog, pass
org.apache.jackrabbit.oak.commons.PerfLoggerTest, logAtInfoSimpleStart, pass
org.apache.jackrabbit.oak.commons.PerfLoggerTest, logAtTraceMessageStart, pass
org.apache.jackrabbit.oak.commons.PerfLoggerTest, logAtTraceSimpleStart, pass
org.apache.jackrabbit.oak.commons.PerfLoggerTest, logAtDebugSimpleStart, pass
org.apache.jackrabbit.oak.commons.PerfLoggerTest, logAtInfoMessageStart, pass
org.apache.jackrabbit.oak.commons.PerfLoggerTest, logAtInfoSimpleStartWithInfoLog, pass
org.apache.jackrabbit.oak.commons.PerfLoggerTest, logAtTraceSimpleStartWithInfoLog, pass
org.apache.jackrabbit.oak.commons.PerfLoggerTest, logAtDebugSimpleStartWithInfoLog, pass
org.apache.jackrabbit.oak.commons.PerfLoggerTest, logAtTraceMessageStartWithInfoLog, pass
org.apache.jackrabbit.oak.commons.PerfLoggerTest, logAtDebugMessageStart, pass
org.apache.jackrabbit.oak.commons.PropertiesUtilTest, testToDouble, pass
org.apache.jackrabbit.oak.commons.PropertiesUtilTest, testToObject, pass
org.apache.jackrabbit.oak.commons.PropertiesUtilTest, testToString, pass
org.apache.jackrabbit.oak.commons.PropertiesUtilTest, testToBoolean, pass
org.apache.jackrabbit.oak.commons.PropertiesUtilTest, testToStringArray, pass
org.apache.jackrabbit.oak.commons.PropertiesUtilTest, testPopulateAndValidate, pass
org.apache.jackrabbit.oak.commons.PropertiesUtilTest, testToInteger, pass
org.apache.jackrabbit.oak.commons.PropertiesUtilTest, testPopulate, pass
org.apache.jackrabbit.oak.commons.PropertiesUtilTest, testToLong, pass
org.apache.jackrabbit.oak.commons.sort.EscapeUtilsTest, noOpUnEscape, pass
org.apache.jackrabbit.oak.commons.sort.EscapeUtilsTest, testUnEscape, pass
org.apache.jackrabbit.oak.commons.sort.EscapeUtilsTest, noOp, pass
org.apache.jackrabbit.oak.commons.sort.EscapeUtilsTest, randomized, pass
org.apache.jackrabbit.oak.commons.sort.EscapeUtilsTest, invalidUnEscape2, pass
org.apache.jackrabbit.oak.commons.sort.EscapeUtilsTest, testEscape, pass
org.apache.jackrabbit.oak.commons.sort.EscapeUtilsTest, invalidUnEscape, pass
org.apache.jackrabbit.oak.commons.sort.EscapeUtilsTest, testEscapeUnEscape, pass
org.apache.jackrabbit.oak.commons.sort.ExternalSortTest, testEmptyFiles, pass
org.apache.jackrabbit.oak.commons.sort.ExternalSortTest, testSortInBatch, pass
org.apache.jackrabbit.oak.commons.sort.ExternalSortTest, customType, pass
org.apache.jackrabbit.oak.commons.sort.ExternalSortTest, testMergeSortedFiles, pass
org.apache.jackrabbit.oak.commons.sort.ExternalSortTest, testMergeSortedFilesAppend, pass
org.apache.jackrabbit.oak.commons.sort.ExternalSortTest, testMergeSortedFilesDistinct, pass
org.apache.jackrabbit.oak.commons.sort.ExternalSortTest, testSortAndSave, pass
org.apache.jackrabbit.oak.commons.sort.ExternalSortTest, testCSVSorting, pass
org.apache.jackrabbit.oak.commons.sort.ExternalSortTest, testCSVKeyValueSorting, pass
org.apache.jackrabbit.oak.commons.sort.ExternalSortTest, testSortAndSaveDistinct, pass
org.apache.jackrabbit.oak.commons.sort.StringSortTest, inMemory, pass
org.apache.jackrabbit.oak.commons.sort.StringSortTest, sortWithEntriesHavingLineBreaks2, pass
org.apache.jackrabbit.oak.commons.sort.StringSortTest, overflowToDisk, pass
org.apache.jackrabbit.oak.commons.sort.StringSortTest, sortWithEntriesHavingLineBreaks, pass
org.apache.jackrabbit.oak.commons.StringUtilsTest, testEstimateMemoryUsage, pass
org.apache.jackrabbit.oak.commons.StringUtilsTest, testNullToBytes, pass
org.apache.jackrabbit.oak.commons.StringUtilsTest, testBytesToHex, pass
org.apache.jackrabbit.oak.commons.StringUtilsTest, testHexToBytes, pass
org.apache.jackrabbit.oak.commons.StringUtilsTest, testNullToHex, pass
org.apache.jackrabbit.oak.commons.StringUtilsTest, testInvalidHexToBytes, pass
org.apache.jackrabbit.oak.commons.TimeDurationFormatterTest, defaultFormatter, pass
org.apache.jackrabbit.oak.commons.TimeDurationFormatterTest, uniFormatterWithOneThreshold, pass
org.apache.jackrabbit.oak.cache.CacheStatsTest, resetStats, pass
org.apache.jackrabbit.oak.cache.CacheStatsTest, getRequestCount, pass
org.apache.jackrabbit.oak.cache.CacheStatsTest, getLoadExceptionRate, pass
org.apache.jackrabbit.oak.cache.CacheStatsTest, name, pass
org.apache.jackrabbit.oak.cache.CacheStatsTest, getHitCount, pass
org.apache.jackrabbit.oak.cache.CacheStatsTest, getTotalLoadTime, pass
org.apache.jackrabbit.oak.cache.CacheStatsTest, getMissRate, pass
org.apache.jackrabbit.oak.cache.CacheStatsTest, estimateCurrentWeight, pass
org.apache.jackrabbit.oak.cache.CacheStatsTest, getElementCount, pass
org.apache.jackrabbit.oak.cache.CacheStatsTest, getMissCount, pass
org.apache.jackrabbit.oak.cache.CacheStatsTest, getLoadExceptionCount, pass
org.apache.jackrabbit.oak.cache.CacheStatsTest, getLoadCount, pass
org.apache.jackrabbit.oak.cache.CacheStatsTest, getMaxTotalWeight, pass
org.apache.jackrabbit.oak.cache.CacheStatsTest, getEvictionCount, pass
org.apache.jackrabbit.oak.cache.CacheStatsTest, getLoadSuccessCount, pass
org.apache.jackrabbit.oak.cache.CacheStatsTest, getAverageLoadPenalty, pass
org.apache.jackrabbit.oak.cache.CacheStatsTest, getHitRate, pass
org.apache.jackrabbit.oak.cache.CacheTest, testPruneStack, pass
org.apache.jackrabbit.oak.cache.CacheTest, testRandomOperations, pass
org.apache.jackrabbit.oak.cache.CacheTest, evictionCallbackCause, pass
org.apache.jackrabbit.oak.cache.CacheTest, testAsMap, pass
org.apache.jackrabbit.oak.cache.CacheTest, testClear, pass
org.apache.jackrabbit.oak.cache.CacheTest, testSize, pass
org.apache.jackrabbit.oak.cache.CacheTest, testZeroSizeCache, pass
org.apache.jackrabbit.oak.cache.CacheTest, testRandomSmallCache, pass
org.apache.jackrabbit.oak.cache.CacheTest, testNonResidentBecomeHot, pass
org.apache.jackrabbit.oak.cache.CacheTest, testRefresh, pass
org.apache.jackrabbit.oak.cache.CacheTest, testLimitNonResident, pass
org.apache.jackrabbit.oak.cache.CacheTest, testScanResistance, pass
org.apache.jackrabbit.oak.cache.CacheTest, testEdgeCases, pass
org.apache.jackrabbit.oak.cache.CacheTest, evictionCallbackRandomized, pass
org.apache.jackrabbit.oak.cache.CacheTest, testGetPutPeekRemove, pass
org.apache.jackrabbit.oak.cache.CacheTest, testBadHashMethod, pass
org.apache.jackrabbit.oak.cache.CacheTest, testLimitHot, pass
org.apache.jackrabbit.oak.cache.CacheTest, evictionCallback, pass
org.apache.jackrabbit.oak.cache.CacheTest, testBadLoader, pass
org.apache.jackrabbit.oak.cache.ConcurrentPerformanceTest, testPerformance, skip
org.apache.jackrabbit.oak.cache.ConcurrentTest, testRandomOperations, pass
org.apache.jackrabbit.oak.cache.ConcurrentTest, testLoaderBlock, pass
org.apache.jackrabbit.oak.cache.ConcurrentTest, testCacheAccessInLoaderDeadlock, pass
org.apache.jackrabbit.oak.commons.jmx.AnnotatedStandardMBeanTest, test, pass
org.apache.jackrabbit.oak.commons.jmx.JmxUtilTest, quotation, pass
org.apache.jackrabbit.oak.commons.jmx.JmxUtilTest, quoteAndComma, pass
org.apache.jackrabbit.oak.commons.jmx.ManagementOperationTest, failed, pass
org.apache.jackrabbit.oak.commons.jmx.ManagementOperationTest, statusToCompositeDataConversion, pass
org.apache.jackrabbit.oak.commons.jmx.ManagementOperationTest, cancelled, pass
org.apache.jackrabbit.oak.commons.jmx.ManagementOperationTest, succeeded, pass
org.apache.jackrabbit.oak.commons.jmx.ManagementOperationTest, notStarted, pass
org.apache.jackrabbit.oak.commons.jmx.ManagementOperationTest, running, pass
org.apache.jackrabbit.oak.osgi.OsgiUtilTest, testFallbackLookupWithValueInFramework, pass
org.apache.jackrabbit.oak.osgi.OsgiUtilTest, testFrameworkLookupWithNonTrimmedString, pass
org.apache.jackrabbit.oak.osgi.OsgiUtilTest, testComponentLookupWithNonTrimmedString, pass
org.apache.jackrabbit.oak.osgi.OsgiUtilTest, filterBuilding, pass
org.apache.jackrabbit.oak.osgi.OsgiUtilTest, testComponentLookupWithEmptyString, pass
org.apache.jackrabbit.oak.osgi.OsgiUtilTest, testFallbackLookupWithNoValue, pass
org.apache.jackrabbit.oak.osgi.OsgiUtilTest, testComponentLookupWithNullName, pass
org.apache.jackrabbit.oak.osgi.OsgiUtilTest, testFrameworkLookupWith, pass
org.apache.jackrabbit.oak.osgi.OsgiUtilTest, testComponentLookupWithNullContext, pass
org.apache.jackrabbit.oak.osgi.OsgiUtilTest, testComponentLookupWithStringValue, pass
org.apache.jackrabbit.oak.osgi.OsgiUtilTest, testFrameworkLookupWithEmptyString, pass
org.apache.jackrabbit.oak.osgi.OsgiUtilTest, testComponentLookupWithNotFoundValue, pass
org.apache.jackrabbit.oak.osgi.OsgiUtilTest, testFallbackLookupWithValueInComponent, pass
org.apache.jackrabbit.oak.osgi.OsgiUtilTest, testFrameworkLookupWithNullName, pass
org.apache.jackrabbit.oak.osgi.OsgiUtilTest, testComponentLookupWithNonStringValue, pass
org.apache.jackrabbit.oak.osgi.OsgiUtilTest, testFallbackLookupWithValueInComponentAndFramework, pass
org.apache.jackrabbit.oak.osgi.OsgiUtilTest, testFrameworkLookupWithNotFoundValue, pass
org.apache.jackrabbit.oak.osgi.OsgiUtilTest, testFrameworkLookupWithNullContext, pass
org.apache.jackrabbit.oak.osgi.OsgiWhiteboardTest, testDoubleUnregister, pass
org.apache.jackrabbit.oak.spi.descriptors.AggregatingDescriptorsTest, testNullServices, pass
org.apache.jackrabbit.oak.spi.descriptors.AggregatingDescriptorsTest, testEmptyServices, pass
org.apache.jackrabbit.oak.spi.descriptors.AggregatingDescriptorsTest, testInitialDescriptors, pass
org.apache.jackrabbit.oak.spi.descriptors.AggregatingDescriptorsTest, testLaterAddedDescriptors, pass
org.apache.jackrabbit.oak.spi.mount.FragmentMatcherTest, testMatcher, pass
org.apache.jackrabbit.oak.spi.mount.MountInfoTest, testIsMountedWithFragments, pass
org.apache.jackrabbit.oak.spi.mount.MountInfoTest, testIsDirectlyUnder, pass
org.apache.jackrabbit.oak.spi.mount.MountInfoTest, testSupportFragmentUnder, pass
org.apache.jackrabbit.oak.spi.mount.MountInfoTest, testIsMounted, pass
org.apache.jackrabbit.oak.spi.mount.MountInfoTest, testIsUnder, pass
org.apache.jackrabbit.oak.spi.mount.MountInfoTest, testSupportFragment, pass
org.apache.jackrabbit.oak.spi.mount.SimpleMountInfoProviderTest, basicMounting, pass
org.apache.jackrabbit.oak.spi.mount.SimpleMountInfoProviderTest, defaultMount, pass
org.apache.jackrabbit.oak.spi.mount.SimpleMountInfoProviderTest, readOnlyMounting, pass
org.apache.jackrabbit.oak.spi.mount.SimpleMountInfoProviderTest, mountsPlacedUnder, pass
org.apache.jackrabbit.oak.spi.mount.SimpleMountInfoProviderTest, nonDefaultMounts, pass
org.apache.jackrabbit.oak.spi.observation.ChangeSetBuilderTest, overflowParentNodeName, pass
org.apache.jackrabbit.oak.spi.observation.ChangeSetBuilderTest, addedChangeSetAlreadyOverflown, pass
org.apache.jackrabbit.oak.spi.observation.ChangeSetBuilderTest, nullChangeSet, pass
org.apache.jackrabbit.oak.spi.observation.ChangeSetBuilderTest, overflowAllNodeTypes, pass
org.apache.jackrabbit.oak.spi.observation.ChangeSetBuilderTest, basicMerge, pass
org.apache.jackrabbit.oak.spi.observation.ChangeSetBuilderTest, overflowPath, pass
org.apache.jackrabbit.oak.spi.observation.ChangeSetBuilderTest, pathDepth, pass
org.apache.jackrabbit.oak.spi.observation.ChangeSetBuilderTest, overflowPropertyNames, pass
org.apache.jackrabbit.oak.spi.observation.ChangeSetBuilderTest, builderDepthMoreThanChangeSet, pass
org.apache.jackrabbit.oak.spi.observation.ChangeSetBuilderTest, overflowParentNodeTypes, pass
org.apache.jackrabbit.oak.spi.observation.ChangeSetBuilderTest, changeSetDepthMoreThanBuilder, pass
org.apache.jackrabbit.oak.spi.observation.ChangeSetTest, asJson, pass
org.apache.jackrabbit.oak.spi.observation.ChangeSetTest, asJsonAll, pass
org.apache.jackrabbit.oak.spi.whiteboard.DefaultWhiteboardTest, sameServiceRegisteredAgain, pass
org.apache.jackrabbit.oak.spi.whiteboard.DefaultWhiteboardTest, unregister, pass
org.apache.jackrabbit.oak.spi.whiteboard.DefaultWhiteboardTest, filteredTracker, pass
org.apache.jackrabbit.oak.stats.ClockTest, testClockIncreasingSimple, pass
org.apache.jackrabbit.oak.stats.ClockTest, testClockIncreasingAccurate, pass
org.apache.jackrabbit.oak.stats.ClockTest, testClockIncreasingFast, pass
org.apache.jackrabbit.oak.stats.ClockTest, testClockDriftFast, skip
org.apache.jackrabbit.oak.stats.ClockTest, testClockJavaTime, pass
org.apache.jackrabbit.oak.stats.ClockTest, testClockDriftSimple, pass
org.apache.jackrabbit.oak.stats.ClockTest, testClockDriftAccurate, pass
org.apache.jackrabbit.oak.stats.DefaultStatisticsProviderTest, basicSetup, pass
org.apache.jackrabbit.oak.stats.DefaultStatisticsProviderTest, metricOnly, pass
org.apache.jackrabbit.oak.stats.DefaultStatisticsProviderTest, meter, pass
org.apache.jackrabbit.oak.stats.DefaultStatisticsProviderTest, timer, pass
org.apache.jackrabbit.oak.stats.DefaultStatisticsProviderTest, counter, pass
org.apache.jackrabbit.oak.stats.SimpleStatsTest, noopRepoStatsTest, pass
org.apache.jackrabbit.oak.stats.SimpleStatsTest, usageTest, pass
org.apache.jackrabbit.oak.stats.SimpleStatsTest, noopTest, pass
org.apache.jackrabbit.oak.stats.SimpleStatsTest, meterResetAndCount, pass
org.apache.jackrabbit.oak.stats.StatisticManagerTest, timeSeriesOnly, pass
org.apache.jackrabbit.oak.stats.StatisticManagerTest, defaultSetup, pass
org.apache.jackrabbit.oak.stats.StatisticManagerTest, setupWithCustom, pass
org.apache.jackrabbit.oak.stats.StatisticManagerTest, observationQueueMaxLength, pass
org.apache.jackrabbit.oak.json.JsonDeserializerTest, stringPropertyWithNamespace, pass
org.apache.jackrabbit.oak.json.JsonDeserializerTest, variousPropertyTypes, pass
org.apache.jackrabbit.oak.json.JsonDeserializerTest, binaryProperty, pass
org.apache.jackrabbit.oak.json.JsonDeserializerTest, otherArrayTypes, pass
org.apache.jackrabbit.oak.json.JsonDeserializerTest, basicStuff, pass
org.apache.jackrabbit.oak.json.JsonDeserializerTest, mixins, pass
org.apache.jackrabbit.oak.json.JsonDeserializerTest, primaryType, pass
org.apache.jackrabbit.oak.json.JsonDeserializerTest, emptyProperty, pass
org.apache.jackrabbit.oak.json.JsonDeserializerTest, childOrder, pass
org.apache.jackrabbit.oak.json.JsonDeserializerTest, stringArrayPropertyWithNamespace, pass
org.apache.jackrabbit.oak.json.JsonSerializerTest, childOrder, pass
org.apache.jackrabbit.oak.json.JsopDiffTest, testPropertyChanges, pass
org.apache.jackrabbit.oak.json.JsopDiffTest, testNodeChanges, pass
org.apache.jackrabbit.oak.json.TypeCodesTest, testDecodeName, pass
org.apache.jackrabbit.oak.json.TypeCodesTest, testDecodeType, pass
org.apache.jackrabbit.oak.json.TypeCodesTest, testSplit, pass
org.apache.jackrabbit.oak.json.TypeCodesTest, testEncode, pass
org.apache.jackrabbit.oak.plugins.memory.AbstractBlobTest, blobComparisonBasedOnLength, pass
org.apache.jackrabbit.oak.plugins.memory.AbstractBlobTest, blobComparisonBasedOnContentIdentity, pass
org.apache.jackrabbit.oak.plugins.memory.EmptyNodeStateTest, missingEqualsModified, pass
org.apache.jackrabbit.oak.plugins.memory.EmptyNodeStateTest, emptyEqualsMissing, pass
org.apache.jackrabbit.oak.plugins.memory.MemoryNodeBuilderTest, addNewChildTest[0], pass
org.apache.jackrabbit.oak.plugins.memory.MemoryNodeBuilderTest, testRemovedStatus[0], pass
org.apache.jackrabbit.oak.plugins.memory.MemoryNodeBuilderTest, assertion_OAK781[0], pass
org.apache.jackrabbit.oak.plugins.memory.MemoryNodeBuilderTest, getNonExistingChildTest[0], pass
org.apache.jackrabbit.oak.plugins.memory.MemoryNodeBuilderTest, testReplacedStatus2[0], pass
org.apache.jackrabbit.oak.plugins.memory.MemoryNodeBuilderTest, testReplacedStatus3[0], pass
org.apache.jackrabbit.oak.plugins.memory.MemoryNodeBuilderTest, modifyChildNodeOfNonExistingNode[0], pass
org.apache.jackrabbit.oak.plugins.memory.MemoryNodeBuilderTest, addExistingChildTest[0], pass
org.apache.jackrabbit.oak.plugins.memory.MemoryNodeBuilderTest, testConnectOnUpdateProperty[0], pass
org.apache.jackrabbit.oak.plugins.memory.MemoryNodeBuilderTest, transitiveRemove[0], pass
org.apache.jackrabbit.oak.plugins.memory.MemoryNodeBuilderTest, testExistingStatus[0], pass
org.apache.jackrabbit.oak.plugins.memory.MemoryNodeBuilderTest, testReplacedStatus[0], pass
org.apache.jackrabbit.oak.plugins.memory.MemoryNodeBuilderTest, testReset[0], pass
org.apache.jackrabbit.oak.plugins.memory.MemoryNodeBuilderTest, setNodeTest[0], pass
org.apache.jackrabbit.oak.plugins.memory.MemoryNodeBuilderTest, testMove[0], pass
org.apache.jackrabbit.oak.plugins.memory.MemoryNodeBuilderTest, testModifiedStatus[0], pass
org.apache.jackrabbit.oak.plugins.memory.MemoryNodeBuilderTest, removeParent[0], pass
org.apache.jackrabbit.oak.plugins.memory.MemoryNodeBuilderTest, testWriteOnRemoveNode[0], pass
org.apache.jackrabbit.oak.plugins.memory.MemoryNodeBuilderTest, existingChildTest[0], pass
org.apache.jackrabbit.oak.plugins.memory.MemoryNodeBuilderTest, testNewStatus[0], pass
org.apache.jackrabbit.oak.plugins.memory.MemoryNodeBuilderTest, shadowNonExistingNode1[0], pass
org.apache.jackrabbit.oak.plugins.memory.MemoryNodeBuilderTest, shadowNonExistingNode2[0], pass
org.apache.jackrabbit.oak.plugins.memory.MemoryNodeBuilderTest, newChildTest[0], pass
org.apache.jackrabbit.oak.plugins.memory.MemoryNodeBuilderTest, testConnectOnRemoveProperty[0], pass
org.apache.jackrabbit.oak.plugins.memory.MemoryNodeBuilderTest, testUnmodifiedEqualsBase[0], pass
org.apache.jackrabbit.oak.plugins.memory.MemoryNodeBuilderTest, getExistingChildTest[0], pass
org.apache.jackrabbit.oak.plugins.memory.MemoryNodeBuilderTest, removeRoot[0], pass
org.apache.jackrabbit.oak.plugins.memory.MemoryNodeBuilderTest, testMoveToDescendant[0], pass
org.apache.jackrabbit.oak.plugins.memory.MemoryNodeBuilderTest, testConnectOnAddNode[0], pass
org.apache.jackrabbit.oak.plugins.memory.MemoryNodeBuilderTest, testRename[0], pass
org.apache.jackrabbit.oak.plugins.memory.MemoryNodeBuilderTest, testReset2[0], pass
org.apache.jackrabbit.oak.plugins.memory.MemoryNodeBuilderTest, testAddRemovedNodeAgain[0], pass
org.apache.jackrabbit.oak.plugins.memory.MemoryNodeBuilderTest, navigateNonExistingNode[0], pass
org.apache.jackrabbit.oak.plugins.memory.MemoryNodeBuilderTest, testConnectOnAddProperty[0], pass
org.apache.jackrabbit.oak.plugins.memory.MemoryNodeBuilderTest, setTest[0], pass
org.apache.jackrabbit.oak.plugins.memory.MemoryNodeBuilderTest, testMoveToSelf[0], pass
org.apache.jackrabbit.oak.plugins.memory.MemoryNodeBuilderTest, addNewChildTest[1], pass
org.apache.jackrabbit.oak.plugins.memory.MemoryNodeBuilderTest, testRemovedStatus[1], pass
org.apache.jackrabbit.oak.plugins.memory.MemoryNodeBuilderTest, assertion_OAK781[1], pass
org.apache.jackrabbit.oak.plugins.memory.MemoryNodeBuilderTest, getNonExistingChildTest[1], pass
org.apache.jackrabbit.oak.plugins.memory.MemoryNodeBuilderTest, testReplacedStatus2[1], pass
org.apache.jackrabbit.oak.plugins.memory.MemoryNodeBuilderTest, testReplacedStatus3[1], pass
org.apache.jackrabbit.oak.plugins.memory.MemoryNodeBuilderTest, modifyChildNodeOfNonExistingNode[1], pass
org.apache.jackrabbit.oak.plugins.memory.MemoryNodeBuilderTest, addExistingChildTest[1], pass
org.apache.jackrabbit.oak.plugins.memory.MemoryNodeBuilderTest, testConnectOnUpdateProperty[1], pass
org.apache.jackrabbit.oak.plugins.memory.MemoryNodeBuilderTest, transitiveRemove[1], pass
org.apache.jackrabbit.oak.plugins.memory.MemoryNodeBuilderTest, testExistingStatus[1], pass
org.apache.jackrabbit.oak.plugins.memory.MemoryNodeBuilderTest, testReplacedStatus[1], pass
org.apache.jackrabbit.oak.plugins.memory.MemoryNodeBuilderTest, testReset[1], pass
org.apache.jackrabbit.oak.plugins.memory.MemoryNodeBuilderTest, setNodeTest[1], pass
org.apache.jackrabbit.oak.plugins.memory.MemoryNodeBuilderTest, testMove[1], pass
org.apache.jackrabbit.oak.plugins.memory.MemoryNodeBuilderTest, testModifiedStatus[1], pass
org.apache.jackrabbit.oak.plugins.memory.MemoryNodeBuilderTest, removeParent[1], pass
org.apache.jackrabbit.oak.plugins.memory.MemoryNodeBuilderTest, testWriteOnRemoveNode[1], pass
org.apache.jackrabbit.oak.plugins.memory.MemoryNodeBuilderTest, existingChildTest[1], pass
org.apache.jackrabbit.oak.plugins.memory.MemoryNodeBuilderTest, testNewStatus[1], pass
org.apache.jackrabbit.oak.plugins.memory.MemoryNodeBuilderTest, shadowNonExistingNode1[1], pass
org.apache.jackrabbit.oak.plugins.memory.MemoryNodeBuilderTest, shadowNonExistingNode2[1], pass
org.apache.jackrabbit.oak.plugins.memory.MemoryNodeBuilderTest, newChildTest[1], pass
org.apache.jackrabbit.oak.plugins.memory.MemoryNodeBuilderTest, testConnectOnRemoveProperty[1], pass
org.apache.jackrabbit.oak.plugins.memory.MemoryNodeBuilderTest, testUnmodifiedEqualsBase[1], pass
org.apache.jackrabbit.oak.plugins.memory.MemoryNodeBuilderTest, getExistingChildTest[1], pass
org.apache.jackrabbit.oak.plugins.memory.MemoryNodeBuilderTest, removeRoot[1], pass
org.apache.jackrabbit.oak.plugins.memory.MemoryNodeBuilderTest, testMoveToDescendant[1], pass
org.apache.jackrabbit.oak.plugins.memory.MemoryNodeBuilderTest, testConnectOnAddNode[1], pass
org.apache.jackrabbit.oak.plugins.memory.MemoryNodeBuilderTest, testRename[1], pass
org.apache.jackrabbit.oak.plugins.memory.MemoryNodeBuilderTest, testReset2[1], pass
org.apache.jackrabbit.oak.plugins.memory.MemoryNodeBuilderTest, testAddRemovedNodeAgain[1], pass
org.apache.jackrabbit.oak.plugins.memory.MemoryNodeBuilderTest, navigateNonExistingNode[1], pass
org.apache.jackrabbit.oak.plugins.memory.MemoryNodeBuilderTest, testConnectOnAddProperty[1], pass
org.apache.jackrabbit.oak.plugins.memory.MemoryNodeBuilderTest, setTest[1], pass
org.apache.jackrabbit.oak.plugins.memory.MemoryNodeBuilderTest, testMoveToSelf[1], pass
org.apache.jackrabbit.oak.plugins.memory.PropertyBuilderTest, testAssignFromStrings, pass
org.apache.jackrabbit.oak.plugins.memory.PropertyBuilderTest, testAssignInvariant, pass
org.apache.jackrabbit.oak.plugins.memory.PropertyBuilderTest, testDateProperty, pass
org.apache.jackrabbit.oak.plugins.memory.PropertyBuilderTest, testAssignFromDate, pass
org.apache.jackrabbit.oak.plugins.memory.PropertyBuilderTest, testAssignFromLong, pass
org.apache.jackrabbit.oak.plugins.memory.PropertyBuilderTest, testStringsProperty, pass
org.apache.jackrabbit.oak.plugins.memory.PropertyBuilderTest, testAssignFromString, pass
org.apache.jackrabbit.oak.plugins.memory.PropertyBuilderTest, testAssignFromStringNumberFormatException, pass
org.apache.jackrabbit.oak.plugins.memory.PropertyBuilderTest, testAssignFromDates, pass
org.apache.jackrabbit.oak.plugins.memory.PropertyBuilderTest, testAssignFromLongs, pass
org.apache.jackrabbit.oak.plugins.memory.PropertyBuilderTest, testStringProperty, pass
org.apache.jackrabbit.oak.plugins.memory.PropertyBuilderTest, testLongProperty, pass
org.apache.jackrabbit.oak.plugins.memory.PropertyStatesTest, emptyPropertyStateTest, pass
org.apache.jackrabbit.oak.plugins.memory.PropertyStatesTest, dateValueFromDateProperty, pass
org.apache.jackrabbit.oak.plugins.memory.PropertyStatesTest, namePropertyFromNameValue, pass
org.apache.jackrabbit.oak.plugins.memory.PropertyStatesTest, pathPropertyFromPathValue, pass
org.apache.jackrabbit.oak.plugins.memory.PropertyStatesTest, emptyPropertyStateNotArrayTest, pass
org.apache.jackrabbit.oak.plugins.memory.PropertyStatesTest, multiPropertyStateTest, pass
org.apache.jackrabbit.oak.plugins.memory.PropertyStateValueTest, compareDates, pass
org.apache.jackrabbit.oak.plugins.value.BinaryBasedBlobTest, getStreamWithError, pass
org.apache.jackrabbit.oak.plugins.value.BinaryBasedBlobTest, getStream, pass
org.apache.jackrabbit.oak.spi.commit.MoveTrackerTest, testNotEmpty, pass
org.apache.jackrabbit.oak.spi.commit.MoveTrackerTest, test14a, pass
org.apache.jackrabbit.oak.spi.commit.MoveTrackerTest, test10, pass
org.apache.jackrabbit.oak.spi.commit.MoveTrackerTest, test11, pass
org.apache.jackrabbit.oak.spi.commit.MoveTrackerTest, test12, skip
org.apache.jackrabbit.oak.spi.commit.MoveTrackerTest, test14, pass
org.apache.jackrabbit.oak.spi.commit.MoveTrackerTest, test4a, pass
org.apache.jackrabbit.oak.spi.commit.MoveTrackerTest, testMultiMove, pass
org.apache.jackrabbit.oak.spi.commit.MoveTrackerTest, test1, pass
org.apache.jackrabbit.oak.spi.commit.MoveTrackerTest, test4, pass
org.apache.jackrabbit.oak.spi.commit.MoveTrackerTest, test7, pass
org.apache.jackrabbit.oak.spi.commit.MoveTrackerTest, testSingleMove, pass
org.apache.jackrabbit.oak.spi.commit.MoveTrackerTest, testIndependantMoves, pass
org.apache.jackrabbit.oak.spi.commit.MoveTrackerTest, testMultiMove2, pass
org.apache.jackrabbit.oak.spi.commit.MoveTrackerTest, testMultiMove3, pass
org.apache.jackrabbit.oak.spi.commit.MoveTrackerTest, testMultiMove4, pass
org.apache.jackrabbit.oak.spi.commit.MoveTrackerTest, testIsEmpty, pass
org.apache.jackrabbit.oak.spi.commit.MoveTrackerTest, testMultiMoveIncludingNewNodes, pass
org.apache.jackrabbit.oak.spi.commit.ObserverTrackerTest, registerUnregister, pass
org.apache.jackrabbit.oak.spi.commit.ObserverTrackerTest, unregisterWhenEmpty, pass
org.apache.jackrabbit.oak.spi.commit.ObserverTrackerTest, registerTwice, pass
org.apache.jackrabbit.oak.spi.commit.ObserverTrackerTest, unregisterTwice, pass
org.apache.jackrabbit.oak.spi.commit.SubtreeValidatorTest, testSubtreeValidator, pass
org.apache.jackrabbit.oak.spi.filter.PathFilterTest, config, pass
org.apache.jackrabbit.oak.spi.filter.PathFilterTest, exclude, pass
org.apache.jackrabbit.oak.spi.filter.PathFilterTest, emptyConfig, pass
org.apache.jackrabbit.oak.spi.filter.PathFilterTest, configOnlyExclude, pass
org.apache.jackrabbit.oak.spi.filter.PathFilterTest, include, pass
org.apache.jackrabbit.oak.spi.filter.PathFilterTest, invalid, pass
org.apache.jackrabbit.oak.spi.state.AbstractRebaseDiffTest, addExistingNode, pass
org.apache.jackrabbit.oak.spi.state.AbstractRebaseDiffTest, deleteChangedNode, pass
org.apache.jackrabbit.oak.spi.state.AbstractRebaseDiffTest, changeChangedProperty, pass
org.apache.jackrabbit.oak.spi.state.AbstractRebaseDiffTest, deleteDeletedNode, pass
org.apache.jackrabbit.oak.spi.state.AbstractRebaseDiffTest, addExistingProperty, pass
org.apache.jackrabbit.oak.spi.state.AbstractRebaseDiffTest, changeDeletedProperty, pass
org.apache.jackrabbit.oak.spi.state.AbstractRebaseDiffTest, changeDeletedNode, pass
org.apache.jackrabbit.oak.spi.state.AbstractRebaseDiffTest, deleteChangedProperty, pass
org.apache.jackrabbit.oak.spi.state.AbstractRebaseDiffTest, addExistingNodeWithConflict, pass
org.apache.jackrabbit.oak.spi.state.AbstractRebaseDiffTest, deleteDeletedProperty, pass
org.apache.jackrabbit.oak.spi.state.MoveDetectorTest, moveAddedFromMovedSubtree, pass
org.apache.jackrabbit.oak.spi.state.MoveDetectorTest, simpleMove, pass
org.apache.jackrabbit.oak.spi.state.MoveDetectorTest, moveFromMovedSubtree, pass
org.apache.jackrabbit.oak.spi.state.MoveDetectorTest, moveForthAndBack, pass
org.apache.jackrabbit.oak.spi.state.MoveDetectorTest, moveMoved, pass
org.apache.jackrabbit.oak.spi.state.MoveDetectorTest, moveAddedNode, pass
