org.apache.jackrabbit.oak.commons.io.LazyInputStreamTest, test, error
org.apache.jackrabbit.oak.commons.io.LazyInputStreamTest, testDeprecatedLogs, error
org.apache.jackrabbit.oak.commons.json.JsonObjectTest, newObjectRespectingOrder, error
org.apache.jackrabbit.oak.commons.json.JsonObjectTest, fromJson, error
org.apache.jackrabbit.oak.commons.json.JsonObjectTest, newObjectNotRespectingOrder, error
org.apache.jackrabbit.oak.commons.json.JsopStreamTest, initializationError, error
org.apache.jackrabbit.oak.commons.json.JsopTest, initializationError, error
org.apache.jackrabbit.oak.commons.sort.EscapeUtilsTest, noOpUnEscape, pass
org.apache.jackrabbit.oak.commons.sort.EscapeUtilsTest, testUnEscape, pass
org.apache.jackrabbit.oak.commons.sort.EscapeUtilsTest, noOp, pass
org.apache.jackrabbit.oak.commons.sort.EscapeUtilsTest, randomized, pass
org.apache.jackrabbit.oak.commons.sort.EscapeUtilsTest, invalidUnEscape2, pass
org.apache.jackrabbit.oak.commons.sort.EscapeUtilsTest, testEscape, pass
org.apache.jackrabbit.oak.commons.sort.EscapeUtilsTest, invalidUnEscape, pass
org.apache.jackrabbit.oak.commons.sort.EscapeUtilsTest, testEscapeUnEscape, pass
org.apache.jackrabbit.oak.commons.sort.ExternalSortTest, testEmptyFiles, error
org.apache.jackrabbit.oak.commons.sort.ExternalSortTest, testSortInBatch, error
org.apache.jackrabbit.oak.commons.sort.ExternalSortTest, customType, error
org.apache.jackrabbit.oak.commons.sort.ExternalSortTest, testMergeSortedFiles, error
org.apache.jackrabbit.oak.commons.sort.ExternalSortTest, testMergeSortedFilesAppend, error
org.apache.jackrabbit.oak.commons.sort.ExternalSortTest, testMergeSortedFilesDistinct, error
org.apache.jackrabbit.oak.commons.sort.ExternalSortTest, testSortAndSave, error
org.apache.jackrabbit.oak.commons.sort.ExternalSortTest, testCSVSorting, error
org.apache.jackrabbit.oak.commons.sort.ExternalSortTest, testCSVKeyValueSorting, error
org.apache.jackrabbit.oak.commons.sort.ExternalSortTest, testSortAndSaveDistinct, error
org.apache.jackrabbit.oak.commons.sort.StringSortTest, inMemory, pass
org.apache.jackrabbit.oak.commons.sort.StringSortTest, sortWithEntriesHavingLineBreaks2, pass
org.apache.jackrabbit.oak.commons.sort.StringSortTest, overflowToDisk, pass
org.apache.jackrabbit.oak.commons.sort.StringSortTest, sortWithEntriesHavingLineBreaks, pass
