org.apache.hadoop.security.authentication.client.TestAuthenticatedURL, testExtractTokenOK, pass
org.apache.hadoop.security.authentication.client.TestAuthenticatedURL, testInjectToken, pass
org.apache.hadoop.security.authentication.client.TestAuthenticatedURL, testToken, pass
org.apache.hadoop.security.authentication.client.TestAuthenticatedURL, testGetAuthenticator, pass
org.apache.hadoop.security.authentication.client.TestAuthenticatedURL, testConnectionConfigurator, pass
org.apache.hadoop.security.authentication.client.TestAuthenticatedURL, testExtractTokenFail, pass
org.apache.hadoop.security.authentication.client.TestKerberosAuthenticator, testNotAuthenticatedWithMultiAuthHandler, pass
org.apache.hadoop.security.authentication.client.TestKerberosAuthenticator, testAuthenticationHttpClientPostWithMultiAuthHandler, pass
org.apache.hadoop.security.authentication.client.TestKerberosAuthenticator, testNotAuthenticated, pass
org.apache.hadoop.security.authentication.client.TestKerberosAuthenticator, testAuthenticationHttpClient, pass
org.apache.hadoop.security.authentication.client.TestKerberosAuthenticator, testAuthentication, pass
org.apache.hadoop.security.authentication.client.TestKerberosAuthenticator, testWrapExceptionWithMessage, pass
org.apache.hadoop.security.authentication.client.TestKerberosAuthenticator, testAuthenticationPost, pass
org.apache.hadoop.security.authentication.client.TestKerberosAuthenticator, testFallbacktoPseudoAuthenticatorAnonymous, pass
org.apache.hadoop.security.authentication.client.TestKerberosAuthenticator, testFallbacktoPseudoAuthenticator, pass
org.apache.hadoop.security.authentication.client.TestKerberosAuthenticator, testAuthenticationHttpClientPost, pass
org.apache.hadoop.security.authentication.client.TestKerberosAuthenticator, testAuthenticationWithMultiAuthHandler, pass
org.apache.hadoop.security.authentication.client.TestPseudoAuthenticator, testAnonymousDisallowed, pass
org.apache.hadoop.security.authentication.client.TestPseudoAuthenticator, testAuthenticationAnonymousDisallowed, pass
org.apache.hadoop.security.authentication.client.TestPseudoAuthenticator, testAnonymousAllowed, pass
org.apache.hadoop.security.authentication.client.TestPseudoAuthenticator, testAuthenticationAnonymousAllowedWithPost, pass
org.apache.hadoop.security.authentication.client.TestPseudoAuthenticator, testGetUserName, pass
org.apache.hadoop.security.authentication.client.TestPseudoAuthenticator, testAuthenticationAnonymousDisallowedWithPost, pass
org.apache.hadoop.security.authentication.client.TestPseudoAuthenticator, testAuthenticationAnonymousAllowed, pass
org.apache.hadoop.security.authentication.server.TestAltKerberosAuthenticationHandler, testNonDefaultNonBrowserUserAgentAsBrowser, pass
org.apache.hadoop.security.authentication.server.TestAltKerberosAuthenticationHandler, testNonDefaultNonBrowserUserAgentAsNonBrowser, pass
org.apache.hadoop.security.authentication.server.TestAltKerberosAuthenticationHandler, testAlternateAuthenticationAsBrowser, pass
org.apache.hadoop.security.authentication.server.TestAltKerberosAuthenticationHandler, testRequestWithIncompleteAuthorization, pass
org.apache.hadoop.security.authentication.server.TestAltKerberosAuthenticationHandler, testRequestWithAuthorization, pass
org.apache.hadoop.security.authentication.server.TestAltKerberosAuthenticationHandler, testInit, pass
org.apache.hadoop.security.authentication.server.TestAltKerberosAuthenticationHandler, testType, pass
org.apache.hadoop.security.authentication.server.TestAltKerberosAuthenticationHandler, testNameRulesCompat, pass
org.apache.hadoop.security.authentication.server.TestAltKerberosAuthenticationHandler, testNameRulesHadoop, pass
org.apache.hadoop.security.authentication.server.TestAltKerberosAuthenticationHandler, testDynamicPrincipalDiscoveryMissingPrincipals, pass
org.apache.hadoop.security.authentication.server.TestAltKerberosAuthenticationHandler, testRequestWithInvalidKerberosAuthorization, pass
org.apache.hadoop.security.authentication.server.TestAltKerberosAuthenticationHandler, testNullProperties, pass
org.apache.hadoop.security.authentication.server.TestAltKerberosAuthenticationHandler, testRequestToWhitelist, pass
org.apache.hadoop.security.authentication.server.TestAltKerberosAuthenticationHandler, testDynamicPrincipalDiscovery, pass
org.apache.hadoop.security.authentication.server.TestAltKerberosAuthenticationHandler, testRequestWithInvalidAuthorization, pass
org.apache.hadoop.security.authentication.server.TestAltKerberosAuthenticationHandler, testRequestWithoutAuthorization, pass
org.apache.hadoop.security.authentication.server.TestAuthenticationFilter, testInitCaseSensitivity, pass
org.apache.hadoop.security.authentication.server.TestAuthenticationFilter, testDoFilterNotAuthenticated, pass
org.apache.hadoop.security.authentication.server.TestAuthenticationFilter, testFallbackToRandomSecretProvider, pass
org.apache.hadoop.security.authentication.server.TestAuthenticationFilter, testGetToken, pass
org.apache.hadoop.security.authentication.server.TestAuthenticationFilter, testGetTokenExpired, pass
org.apache.hadoop.security.authentication.server.TestAuthenticationFilter, testInit, pass
org.apache.hadoop.security.authentication.server.TestAuthenticationFilter, testDoFilterAuthenticationWithInvalidToken, pass
org.apache.hadoop.security.authentication.server.TestAuthenticationFilter, testDoFilterAuthenticationUnauthorizedInactivedExpired, pass
org.apache.hadoop.security.authentication.server.TestAuthenticationFilter, testDoFilterAuthenticatedExpired, pass
org.apache.hadoop.security.authentication.server.TestAuthenticationFilter, testTokenWithNoActivityIntervals, pass
org.apache.hadoop.security.authentication.server.TestAuthenticationFilter, testDoFilterAuthenticationWithDomainPath, pass
org.apache.hadoop.security.authentication.server.TestAuthenticationFilter, testDoFilterAuthenticationUnauthorizedInactived, pass
org.apache.hadoop.security.authentication.server.TestAuthenticationFilter, testGetConfiguration, pass
org.apache.hadoop.security.authentication.server.TestAuthenticationFilter, testDoFilterAuthenticationAuthorized, pass
org.apache.hadoop.security.authentication.server.TestAuthenticationFilter, testDoFilterAuthenticatedInvalidType, pass
org.apache.hadoop.security.authentication.server.TestAuthenticationFilter, testDoFilterAuthentication, pass
org.apache.hadoop.security.authentication.server.TestAuthenticationFilter, testInitEmpty, pass
org.apache.hadoop.security.authentication.server.TestAuthenticationFilter, testDoFilterAuthenticated, pass
org.apache.hadoop.security.authentication.server.TestAuthenticationFilter, testTokenWithExpiredActivityIntervaln, pass
org.apache.hadoop.security.authentication.server.TestAuthenticationFilter, testManagementOperation, pass
org.apache.hadoop.security.authentication.server.TestAuthenticationFilter, testDoFilterAuthenticationImmediateExpiration, pass
org.apache.hadoop.security.authentication.server.TestAuthenticationFilter, testDoFilterAuthenticationUnauthorizedExpired, pass
org.apache.hadoop.security.authentication.server.TestAuthenticationFilter, testTokenWithValidActivityInterval, pass
org.apache.hadoop.security.authentication.server.TestAuthenticationFilter, testGetRequestURL, pass
org.apache.hadoop.security.authentication.server.TestAuthenticationFilter, testGetTokenInvalidType, pass
org.apache.hadoop.security.authentication.server.TestAuthenticationFilter, testDoFilterAuthenticationFailure, pass
org.apache.hadoop.security.authentication.server.TestAuthenticationToken, testAnonymous, pass
org.apache.hadoop.security.authentication.server.TestJWTRedirectAuthenticationHandler, testCustomCookieNameJWT, pass
org.apache.hadoop.security.authentication.server.TestJWTRedirectAuthenticationHandler, testOrigURLNoQueryString, pass
org.apache.hadoop.security.authentication.server.TestJWTRedirectAuthenticationHandler, testInvalidAudienceJWT, pass
org.apache.hadoop.security.authentication.server.TestJWTRedirectAuthenticationHandler, testExpiredJWT, pass
org.apache.hadoop.security.authentication.server.TestJWTRedirectAuthenticationHandler, testNoProviderURLJWT, pass
org.apache.hadoop.security.authentication.server.TestJWTRedirectAuthenticationHandler, testNoExpirationJWT, pass
org.apache.hadoop.security.authentication.server.TestJWTRedirectAuthenticationHandler, testValidJWT, pass
org.apache.hadoop.security.authentication.server.TestJWTRedirectAuthenticationHandler, testUnableToParseJWT, pass
org.apache.hadoop.security.authentication.server.TestJWTRedirectAuthenticationHandler, testFailedSignatureValidationJWT, pass
org.apache.hadoop.security.authentication.server.TestJWTRedirectAuthenticationHandler, testOrigURLWithQueryString, pass
org.apache.hadoop.security.authentication.server.TestJWTRedirectAuthenticationHandler, testNoPublicKeyJWT, pass
org.apache.hadoop.security.authentication.server.TestJWTRedirectAuthenticationHandler, testValidAudienceJWT, pass
org.apache.hadoop.security.authentication.server.TestKerberosAuthenticationHandler, testRequestWithIncompleteAuthorization, pass
org.apache.hadoop.security.authentication.server.TestKerberosAuthenticationHandler, testRequestWithAuthorization, pass
org.apache.hadoop.security.authentication.server.TestKerberosAuthenticationHandler, testInit, pass
org.apache.hadoop.security.authentication.server.TestKerberosAuthenticationHandler, testType, pass
org.apache.hadoop.security.authentication.server.TestKerberosAuthenticationHandler, testNameRulesCompat, pass
org.apache.hadoop.security.authentication.server.TestKerberosAuthenticationHandler, testNameRulesHadoop, pass
org.apache.hadoop.security.authentication.server.TestKerberosAuthenticationHandler, testDynamicPrincipalDiscoveryMissingPrincipals, pass
org.apache.hadoop.security.authentication.server.TestKerberosAuthenticationHandler, testRequestWithInvalidKerberosAuthorization, pass
org.apache.hadoop.security.authentication.server.TestKerberosAuthenticationHandler, testNullProperties, pass
org.apache.hadoop.security.authentication.server.TestKerberosAuthenticationHandler, testRequestToWhitelist, error
org.apache.hadoop.security.authentication.server.TestKerberosAuthenticationHandler, testDynamicPrincipalDiscovery, pass
org.apache.hadoop.security.authentication.server.TestKerberosAuthenticationHandler, testRequestWithInvalidAuthorization, pass
org.apache.hadoop.security.authentication.server.TestKerberosAuthenticationHandler, testRequestWithoutAuthorization, pass
org.apache.hadoop.security.authentication.server.TestLdapAuthenticationHandler, org.apache.hadoop.security.authentication.server.TestLdapAuthenticationHandler, error
org.apache.hadoop.security.authentication.server.TestMultiSchemeAuthenticationHandler, org.apache.hadoop.security.authentication.server.TestMultiSchemeAuthenticationHandler, error
org.apache.hadoop.security.authentication.server.TestPseudoAuthenticationHandler, testInit, pass
org.apache.hadoop.security.authentication.server.TestPseudoAuthenticationHandler, testType, pass
org.apache.hadoop.security.authentication.server.TestPseudoAuthenticationHandler, testAnonymousOn, pass
org.apache.hadoop.security.authentication.server.TestPseudoAuthenticationHandler, testAnonymousOff, pass
org.apache.hadoop.security.authentication.server.TestPseudoAuthenticationHandler, testUserNameAnonymousOn, pass
org.apache.hadoop.security.authentication.server.TestPseudoAuthenticationHandler, testUserNameAnonymousOff, pass
org.apache.hadoop.security.authentication.util.TestAuthToken, testParseValidAndInvalid, pass
org.apache.hadoop.security.authentication.util.TestAuthToken, testGetters, pass
org.apache.hadoop.security.authentication.util.TestAuthToken, testToStringAndParse, pass
org.apache.hadoop.security.authentication.util.TestAuthToken, testConstructor, pass
org.apache.hadoop.security.authentication.util.TestCertificateUtil, testValidPEM, pass
org.apache.hadoop.security.authentication.util.TestCertificateUtil, testCorruptPEM, pass
org.apache.hadoop.security.authentication.util.TestCertificateUtil, testInvalidPEMWithHeaderAndFooter, pass
org.apache.hadoop.security.authentication.util.TestFileSignerSecretProvider, testGetSecrets, pass
org.apache.hadoop.security.authentication.util.TestJaasConfiguration, test, pass
org.apache.hadoop.security.authentication.util.TestKerberosName, testToLowerCase, pass
org.apache.hadoop.security.authentication.util.TestKerberosName, testRules, pass
org.apache.hadoop.security.authentication.util.TestKerberosName, testParsing, pass
org.apache.hadoop.security.authentication.util.TestKerberosName, testAntiPatterns, pass
org.apache.hadoop.security.authentication.util.TestKerberosName, testInvalidRuleMechanism, pass
org.apache.hadoop.security.authentication.util.TestKerberosUtil, testServicePrincipalDecode, pass
org.apache.hadoop.security.authentication.util.TestKerberosUtil, testGetPrincipalNamesMissingKeytab, pass
org.apache.hadoop.security.authentication.util.TestKerberosUtil, testGetPrincipalNamesFromKeytabWithPattern, error
org.apache.hadoop.security.authentication.util.TestKerberosUtil, testGetPrincipalNamesMissingPattern, pass
org.apache.hadoop.security.authentication.util.TestKerberosUtil, testGetServerPrincipal, pass
org.apache.hadoop.security.authentication.util.TestKerberosUtil, testGetPrincipalNamesFromKeytab, pass
org.apache.hadoop.security.authentication.util.TestRandomSignerSecretProvider, testGetAndRollSecrets, pass
org.apache.hadoop.security.authentication.util.TestRolloverSignerSecretProvider, testGetAndRollSecrets, pass
org.apache.hadoop.security.authentication.util.TestSigner, testNullAndEmptyString, pass
org.apache.hadoop.security.authentication.util.TestSigner, testInvalidSignedText, pass
org.apache.hadoop.security.authentication.util.TestSigner, testMultipleSecrets, pass
org.apache.hadoop.security.authentication.util.TestSigner, testTampering, pass
org.apache.hadoop.security.authentication.util.TestSigner, testSignature, pass
org.apache.hadoop.security.authentication.util.TestSigner, testVerify, pass
org.apache.hadoop.security.authentication.util.TestStringSignerSecretProvider, testGetSecrets, pass
org.apache.hadoop.security.authentication.util.TestZKSignerSecretProvider, testOne, pass
org.apache.hadoop.security.authentication.util.TestZKSignerSecretProvider, testMultiple1, pass
org.apache.hadoop.security.authentication.util.TestZKSignerSecretProvider, testMultiple2, pass
org.apache.hadoop.security.authentication.util.TestZKSignerSecretProvider, testUpgradeChangeSecretLength, pass
org.apache.hadoop.minikdc.TestChangeOrgNameAndDomain, testKeytabGen, pass
org.apache.hadoop.minikdc.TestChangeOrgNameAndDomain, testMiniKdcStart, pass
org.apache.hadoop.minikdc.TestChangeOrgNameAndDomain, testKerberosLogin, pass
org.apache.hadoop.minikdc.TestMiniKdc, testKeytabGen, pass
org.apache.hadoop.minikdc.TestMiniKdc, testMiniKdcStart, pass
org.apache.hadoop.minikdc.TestMiniKdc, testKerberosLogin, pass
