me.prettyprint.cassandra.connection.ConcurrentHClientPoolTest, testSpinUp, pass
me.prettyprint.cassandra.connection.ConcurrentHClientPoolTest, testBorrowRelease, pass
me.prettyprint.cassandra.connection.ConcurrentHClientPoolTest, testShutdown, pass
me.prettyprint.cassandra.connection.DynamicBalancingPolicyTest, testGetPoolOk, pass
me.prettyprint.cassandra.connection.DynamicBalancingPolicyTest, testSkipExhausted, pass
me.prettyprint.cassandra.connection.DynamicBalancingPolicyTest, testShuffleOnAllEqual, pass
me.prettyprint.cassandra.connection.HClientIdleConnectionRenewTest, testBorrowAndRenew, pass
me.prettyprint.cassandra.connection.HClientTooLongConnectionRenewTest, testBorrowAndRenew, pass
me.prettyprint.cassandra.connection.HConnectionManagerListenerTest, testOnUnSuspendCassandraHost, pass
me.prettyprint.cassandra.connection.HConnectionManagerListenerTest, testOnHostDown, pass
me.prettyprint.cassandra.connection.HConnectionManagerListenerTest, testOnAddCassandraHostFailExists, pass
me.prettyprint.cassandra.connection.HConnectionManagerListenerTest, testOnAddCassandraHostSuccess, pass
me.prettyprint.cassandra.connection.HConnectionManagerListenerTest, testOnHostRestored, pass
me.prettyprint.cassandra.connection.HConnectionManagerListenerTest, testOnRemoveHost, pass
me.prettyprint.cassandra.connection.HConnectionManagerListenerTest, testOnSuspendCassandraHost, pass
me.prettyprint.cassandra.connection.HConnectionManagerListenerTest, testOnAddCassandraHostFail, pass
me.prettyprint.cassandra.connection.HConnectionManagerMetricsOpTimerTest, testWithOptimer, pass
me.prettyprint.cassandra.connection.HConnectionManagerTest, testTimedOutOperateWithFailover, pass
me.prettyprint.cassandra.connection.HConnectionManagerTest, testRemoveHost, pass
me.prettyprint.cassandra.connection.HConnectionManagerTest, testAddCassandraHostFail, pass
me.prettyprint.cassandra.connection.HConnectionManagerTest, testMarkHostDownWithNoRetry, pass
me.prettyprint.cassandra.connection.HConnectionManagerTest, testSuspendCassandraHost, pass
me.prettyprint.cassandra.connection.HConnectionManagerTest, testNullHostList, pass
me.prettyprint.cassandra.connection.HConnectionManagerTest, clientPoolShouldBeSuspendedWhenExhaustedForTooLong, pass
me.prettyprint.cassandra.connection.HostTimeoutTrackerTest, testTrackHostLatency, pass
me.prettyprint.cassandra.connection.HThriftClientTest, testNonExistingKeyspaceWithHostAutoDiscover, pass
me.prettyprint.cassandra.connection.HThriftClientTest, testGetCassandraWithKeyspace, pass
me.prettyprint.cassandra.connection.HThriftClientTest, testGetCassandraWithNullKeyspace, pass
me.prettyprint.cassandra.connection.HThriftClientTest, testNonExistingKeyspace, pass
me.prettyprint.cassandra.connection.HThriftClientTest, testOpenAndClose, pass
me.prettyprint.cassandra.connection.HThriftClientTest, testFailOnDoubleOpen, pass
me.prettyprint.cassandra.connection.HThriftClientTest, testGetCassandraNotOpen, pass
me.prettyprint.cassandra.connection.LatencyAwareHClientPoolTest, testThreshhold, pass
me.prettyprint.cassandra.connection.LatencyAwareHClientPoolTest, testScore, pass
me.prettyprint.cassandra.connection.LatencyAwareHClientPoolTest, testReverse, pass
me.prettyprint.cassandra.connection.LeastActiveBalancingPolicyTest, testSkipExhausted, pass
me.prettyprint.cassandra.connection.LeastActiveBalancingPolicyTest, testShuffleOnAllEqual, pass
me.prettyprint.cassandra.connection.LeastActiveBalancingPolicyTest, testShufflingCompareStability, pass
me.prettyprint.cassandra.connection.LeastActiveBalancingPolicyTest, testGetPoolOk, pass
me.prettyprint.cassandra.connection.NodeDiscoveryTest, testMultipleAdded, pass
me.prettyprint.cassandra.connection.NodeDiscoveryTest, testDoAdd, pass
me.prettyprint.cassandra.connection.NodeDiscoveryTest, testNoneAdded, pass
me.prettyprint.cassandra.connection.RoundRobinBalancingPolicyTest, testGetPoolOk, pass
me.prettyprint.cassandra.connection.RoundRobinBalancingPolicyTest, testIgnoreExhausted, pass
me.prettyprint.cassandra.connection.RoundRobinBalancingPolicyTest, testIgnoreExhaustedAll, pass
me.prettyprint.cassandra.dao.SimpleCassandraDaoTest, testInsertGetDelete, pass
me.prettyprint.cassandra.examples.ExampleDaoV2Test, testInsertGetDelete, pass
me.prettyprint.cassandra.examples.ExampleDaoV2Test, testMultiInsertGetDelete, pass
me.prettyprint.cassandra.io.StreamTest, testStreaming, pass
me.prettyprint.cassandra.io.StreamTest, testSkip, pass
me.prettyprint.cassandra.jndi.CassandraClientJndiResourceFactoryTest, getObjectInstance, pass
me.prettyprint.cassandra.locking.HLockManagerImplTest, testInitWithDefaults, pass
me.prettyprint.cassandra.locking.HLockManagerImplTest, testHeartbeatNoExpiration, pass
me.prettyprint.cassandra.locking.HLockManagerImplTest, testHeartbeatFailure, pass
me.prettyprint.cassandra.locking.HLockManagerImplTest, testNonConcurrentLockUnlock, pass
me.prettyprint.cassandra.locking.HLockManagerImplTest, testNoConflict, pass
me.prettyprint.cassandra.model.AbstractSliceQueryTest, testGetSetPredicate_columnNames, pass
me.prettyprint.cassandra.model.AbstractSliceQueryTest, testGetSetPredicate_range, pass
me.prettyprint.cassandra.model.ColumnSliceTest, testConstruction, pass
me.prettyprint.cassandra.model.ColumnSliceTest, testMultiCallOnByteBuffer, pass
me.prettyprint.cassandra.model.ConfigurableConsistencyLevelTest, testReadWriteSame, pass
me.prettyprint.cassandra.model.ConfigurableConsistencyLevelTest, testDefaults, pass
me.prettyprint.cassandra.model.ConfigurableConsistencyLevelTest, testSetRuntimeCl, pass
me.prettyprint.cassandra.model.CqlQueryTest, testSimpleSelect20, pass
me.prettyprint.cassandra.model.CqlQueryTest, testSelectAllSuppressesKeyColumn, pass
me.prettyprint.cassandra.model.CqlQueryTest, testSyntaxFailQuery, pass
me.prettyprint.cassandra.model.CqlQueryTest, testInsertSyntaxHex, pass
me.prettyprint.cassandra.model.CqlQueryTest, testSimpleSelect, pass
me.prettyprint.cassandra.model.CqlQueryTest, testCountQuery, pass
me.prettyprint.cassandra.model.CqlQueryTest, testInsertSyntax, pass
me.prettyprint.cassandra.model.GetSliceQueryTest, testNullKeyInvalidQuery, pass
me.prettyprint.cassandra.model.HColumnFamilyTest, testToggleMultiget, pass
me.prettyprint.cassandra.model.HColumnFamilyTest, testColumnFamilySetup, pass
me.prettyprint.cassandra.model.HColumnFamilyTest, testColumnFamilyReadahead, pass
me.prettyprint.cassandra.model.HColumnFamilyTest, testClearAndRecall, pass
me.prettyprint.cassandra.model.IndexedSlicesQueryTest, testInsertGetRemove, pass
me.prettyprint.cassandra.model.IndexedSlicesQueryTest, testRowCountLimit, pass
me.prettyprint.cassandra.model.IndexedSlicesQueryTest, testMultiClause, pass
me.prettyprint.cassandra.model.IndexedSlicesQueryTest, testEqClauseMiss, pass
me.prettyprint.cassandra.model.MultigetCountQueryTest, testMultigetCount, pass
me.prettyprint.cassandra.model.MultigetSliceQueryTest, testNullKeyInList, pass
me.prettyprint.cassandra.model.MutatorTest, testInsert, pass
me.prettyprint.cassandra.model.MutatorTest, testInsertAndDeleteSuper, pass
me.prettyprint.cassandra.model.MutatorTest, testSubDeleteHSuperColumn, pass
me.prettyprint.cassandra.model.MutatorTest, testBatchMutationManagement, pass
me.prettyprint.cassandra.model.MutatorTest, testInsertCounter, pass
me.prettyprint.cassandra.model.MutatorTest, testSubDelete, pass
me.prettyprint.cassandra.model.MutatorTest, testRowDeletion, pass
me.prettyprint.cassandra.model.RangeSlicesCounterQueryTest, testKeysOnlyPredicate, pass
me.prettyprint.cassandra.model.RangeSlicesQueryTest, testKeysOnlyPredicate, pass
me.prettyprint.cassandra.model.RangeSlicesQueryTest, testInsertGetRemove, pass
me.prettyprint.cassandra.model.RangeSlicesQueryTest, testMultiClause, pass
me.prettyprint.cassandra.model.RangeSlicesQueryTest, testEqClauseMiss, pass
me.prettyprint.cassandra.model.SuperColumnSliceTest, testConstruction, pass
me.prettyprint.cassandra.serializers.BigIntegerSerializerTest, testToAndFrom, pass
me.prettyprint.cassandra.serializers.BooleanSerializerTest, testConversions, pass
me.prettyprint.cassandra.serializers.BytesArraySerializerTest, testConversions, pass
me.prettyprint.cassandra.serializers.DateSerializerTest, testConversions, pass
me.prettyprint.cassandra.serializers.FastInfosetSerializerTest, testNullObjectRoundTrip, pass
me.prettyprint.cassandra.serializers.FastInfosetSerializerTest, testRoundTrip, pass
me.prettyprint.cassandra.serializers.FastInfosetSerializerTest, testByteBufferWithSharedBackingArrayIsOk, pass
me.prettyprint.cassandra.serializers.IntegerSerializerTest, testConversions, pass
me.prettyprint.cassandra.serializers.IntegerSerializerTest, testFromCassandraAsBytes, pass
me.prettyprint.cassandra.serializers.IntegerSerializerTest, testFromCassandra, pass
me.prettyprint.cassandra.serializers.JaxbSerializerTest, testByteBufferWithSharedBackingArrayIsOk, pass
me.prettyprint.cassandra.serializers.JaxbSerializerTest, testNullObjectRoundTrip, pass
me.prettyprint.cassandra.serializers.JaxbSerializerTest, testRoundTrip, pass
me.prettyprint.cassandra.serializers.LongSerializerTest, testConversions, pass
me.prettyprint.cassandra.serializers.LongSerializerTest, testFromCassandra, pass
me.prettyprint.cassandra.serializers.ObjectSerializerTest, testCustomClassLoader, pass
me.prettyprint.cassandra.serializers.ObjectSerializerTest, testEmptyByteArray_shouldReturnNull, pass
me.prettyprint.cassandra.serializers.ObjectSerializerTest, testConversions, pass
me.prettyprint.cassandra.serializers.ObjectSerializerTest, testMalformedObject_shouldThrow, pass
me.prettyprint.cassandra.serializers.PrefixedSerializerTest, test[0], pass
me.prettyprint.cassandra.serializers.PrefixedSerializerTest, testNoPrefix[0], pass
me.prettyprint.cassandra.serializers.PrefixedSerializerTest, testBadPrefix[0], pass
me.prettyprint.cassandra.serializers.PrefixedSerializerTest, test[1], pass
me.prettyprint.cassandra.serializers.PrefixedSerializerTest, testNoPrefix[1], pass
me.prettyprint.cassandra.serializers.PrefixedSerializerTest, testBadPrefix[1], pass
me.prettyprint.cassandra.serializers.PrefixedSerializerTest, test[2], pass
me.prettyprint.cassandra.serializers.PrefixedSerializerTest, testNoPrefix[2], pass
me.prettyprint.cassandra.serializers.PrefixedSerializerTest, testBadPrefix[2], pass
me.prettyprint.cassandra.serializers.PrefixedSerializerTest, test[3], pass
me.prettyprint.cassandra.serializers.PrefixedSerializerTest, testNoPrefix[3], pass
me.prettyprint.cassandra.serializers.PrefixedSerializerTest, testBadPrefix[3], pass
me.prettyprint.cassandra.serializers.PrefixedSerializerTest, test[4], pass
me.prettyprint.cassandra.serializers.PrefixedSerializerTest, testNoPrefix[4], pass
me.prettyprint.cassandra.serializers.PrefixedSerializerTest, testBadPrefix[4], pass
me.prettyprint.cassandra.serializers.PrefixedSerializerTest, test[5], pass
me.prettyprint.cassandra.serializers.PrefixedSerializerTest, testNoPrefix[5], pass
me.prettyprint.cassandra.serializers.PrefixedSerializerTest, testBadPrefix[5], pass
me.prettyprint.cassandra.serializers.ShortSerializerTest, testByteBufferWithSharedBackingArrayIsOk, pass
me.prettyprint.cassandra.serializers.ShortSerializerTest, testNullObjectRoundTrip, pass
me.prettyprint.cassandra.serializers.ShortSerializerTest, testRoundTrip, pass
me.prettyprint.cassandra.serializers.StringSerializerTest, test[0], pass
me.prettyprint.cassandra.serializers.StringSerializerTest, test[1], pass
me.prettyprint.cassandra.serializers.StringSerializerTest, test[2], pass
me.prettyprint.cassandra.serializers.StringSerializerTest, test[3], pass
me.prettyprint.cassandra.serializers.StringSerializerTest, test[4], pass
me.prettyprint.cassandra.serializers.StringSerializerTest, test[5], pass
me.prettyprint.cassandra.serializers.StringSerializerTest, test[6], pass
me.prettyprint.cassandra.serializers.TypeInferringSerializerTest, testConversions, pass
me.prettyprint.cassandra.serializers.TypeInferringSerializerTest, testByteConversions, pass
me.prettyprint.cassandra.serializers.UUIDSerializerTest, testConversions, pass
me.prettyprint.cassandra.service.BaseCassandraClusterTest, testDescribeKeyspaces, pass
me.prettyprint.cassandra.service.BaseCassandraClusterTest, testDescribeKeyspace, pass
me.prettyprint.cassandra.service.BatchMutationTest, testAddInsertionWithHint, pass
me.prettyprint.cassandra.service.BatchMutationTest, testAddSuperInsertion, pass
me.prettyprint.cassandra.service.BatchMutationTest, testAddCounterInsertion, pass
me.prettyprint.cassandra.service.BatchMutationTest, testAddCounterDeletion, pass
me.prettyprint.cassandra.service.BatchMutationTest, testAddInsertion, pass
me.prettyprint.cassandra.service.BatchMutationTest, testAddSuperCounterInsertion, pass
me.prettyprint.cassandra.service.BatchMutationTest, testAddDeletion, pass
me.prettyprint.cassandra.service.BatchMutationTest, testIsEmpty, pass
me.prettyprint.cassandra.service.CassandraAuthTest, me.prettyprint.cassandra.service.CassandraAuthTest, skip
me.prettyprint.cassandra.service.CassandraClusterTest, testAddDropColumnFamily, pass
me.prettyprint.cassandra.service.CassandraClusterTest, testAddDropKeyspace, pass
me.prettyprint.cassandra.service.CassandraClusterTest, testTruncateColumnFamily, pass
me.prettyprint.cassandra.service.CassandraClusterTest, testAddDropBasicColumnFamilyDefinition, pass
me.prettyprint.cassandra.service.CassandraClusterTest, testDescribeClusterName, pass
me.prettyprint.cassandra.service.CassandraClusterTest, testDescribeThriftVersion, skip
me.prettyprint.cassandra.service.CassandraClusterTest, testDescribePartitioner, pass
me.prettyprint.cassandra.service.CassandraClusterTest, testDescribeRing, pass
me.prettyprint.cassandra.service.CassandraClusterTest, testEditBasicColumnFamilyDefinition, pass
me.prettyprint.cassandra.service.CassandraClusterTest, testAddKeyspaceNTS, pass
me.prettyprint.cassandra.service.CassandraClusterTest, testEditKeyspace, pass
me.prettyprint.cassandra.service.CassandraClusterTest, testAddColumnDefinitionWhenNoneOnConstructor, pass
me.prettyprint.cassandra.service.CassandraClusterTest, testEditColumnFamily, fail
me.prettyprint.cassandra.service.CassandraClusterTest, testAddEmptyKeyspace, pass
me.prettyprint.cassandra.service.CassandraClusterTest, testAddEmptyBasicKeyspaceDefinition, pass
me.prettyprint.cassandra.service.CassandraClusterTest, testEditBasicKeyspaceDefinition, pass
me.prettyprint.cassandra.service.CassandraHostConfiguratorTest, testHostnameOnlyDefaultPort, pass
me.prettyprint.cassandra.service.CassandraHostConfiguratorTest, testConfiguratorClockResolution, pass
me.prettyprint.cassandra.service.CassandraHostConfiguratorTest, testConfiguratorPort, pass
me.prettyprint.cassandra.service.CassandraHostConfiguratorTest, testSimpleCassandraHostSetup, pass
me.prettyprint.cassandra.service.CassandraHostConfiguratorTest, testCassandraHostSetupSplit, pass
me.prettyprint.cassandra.service.CassandraHostConfiguratorTest, testApplyConfig, pass
me.prettyprint.cassandra.service.CassandraHostConfiguratorTest, testConfigValuesPropogated, pass
me.prettyprint.cassandra.service.CassandraHostConfiguratorTest, testHostnameOnlyDefaultPortMultipleHosts, pass
me.prettyprint.cassandra.service.CassandraHostConfiguratorTest, testSerialization, pass
me.prettyprint.cassandra.service.CassandraHostConfiguratorTest, testSettingCorrectClientFactory, pass
me.prettyprint.cassandra.service.CassandraHostConfiguratorTest, testSettingNotFoundClientFactory, pass
me.prettyprint.cassandra.service.CassandraHostConfiguratorTest, testSettingInvalidExistingClassClientFactory, pass
me.prettyprint.cassandra.service.ClearCounterRowTest, testClear, pass
me.prettyprint.cassandra.service.ColumnFamilyRowCopyTest, testCopy, pass
me.prettyprint.cassandra.service.ColumnSliceIteratorTest, testModificationIterator, pass
me.prettyprint.cassandra.service.ColumnSliceIteratorTest, testIterator, pass
me.prettyprint.cassandra.service.ColumnSliceIteratorTest, testFilter, pass
me.prettyprint.cassandra.service.KeyIteratorTest, testIterator, pass
me.prettyprint.cassandra.service.KeyspaceTest, testBatchMutateBatchMutation, pass
me.prettyprint.cassandra.service.KeyspaceTest, testGetSuperColumn, pass
me.prettyprint.cassandra.service.KeyspaceTest, testGetCounterSlice, pass
me.prettyprint.cassandra.service.KeyspaceTest, testGetSuperSlice, pass
me.prettyprint.cassandra.service.KeyspaceTest, testMultigetColumn, pass
me.prettyprint.cassandra.service.KeyspaceTest, testMultigetSuperColumn, pass
me.prettyprint.cassandra.service.KeyspaceTest, testMultigetSlice, pass
me.prettyprint.cassandra.service.KeyspaceTest, testMultigetSlice_1, pass
me.prettyprint.cassandra.service.KeyspaceTest, testMultigetSuperSlice, pass
me.prettyprint.cassandra.service.KeyspaceTest, testGetCount, pass
me.prettyprint.cassandra.service.KeyspaceTest, testGetRangeSlice, pass
me.prettyprint.cassandra.service.KeyspaceTest, testGetRangeSlices, pass
me.prettyprint.cassandra.service.KeyspaceTest, testGetSuperRangeSlice, pass
me.prettyprint.cassandra.service.KeyspaceTest, testGetSuperRangeSlices, pass
me.prettyprint.cassandra.service.KeyspaceTest, testMultigetCount, pass
me.prettyprint.cassandra.service.KeyspaceTest, testGetConsistencyLevel, pass
me.prettyprint.cassandra.service.KeyspaceTest, testGetKeyspaceName, pass
me.prettyprint.cassandra.service.KeyspaceTest, testInsertAndGetAndRemove, pass
me.prettyprint.cassandra.service.KeyspaceTest, testGetSlice, pass
me.prettyprint.cassandra.service.KeyspaceTest, testInsertAndGetAndRemoveCounter, pass
me.prettyprint.cassandra.service.KeyspaceTest, testBatchInsertColumn, pass
me.prettyprint.cassandra.service.KeyspaceTest, testBatchUpdateInsertAndDelOnSame, pass
me.prettyprint.cassandra.service.KeyspaceTest, testInsertSuper, pass
me.prettyprint.cassandra.service.KeyspaceTest, testBatchMutate, pass
me.prettyprint.cassandra.service.MultiGetSliceIteratorTest, testModificationIterator, pass
me.prettyprint.cassandra.service.MultiGetSliceIteratorTest, testGetThreadCountUsed, pass
me.prettyprint.cassandra.service.MultiGetSliceIteratorTest, testIterator, pass
me.prettyprint.cassandra.service.MultiGetSliceIteratorTest, testGetHostsUsed, pass
me.prettyprint.cassandra.service.MultiGetSliceIteratorTest, testGetRowCountPerQueryUsed, pass
me.prettyprint.cassandra.service.MultiGetSliceIteratorTest, testIteratorWithoutRowKeyLimit, pass
me.prettyprint.cassandra.service.RangeSlicesIteratorTest, testIterator, pass
me.prettyprint.cassandra.service.RangeSlicesIteratorTest, testFilter, pass
me.prettyprint.cassandra.service.SliceCounterIteratorTest, testModificationIterator, pass
me.prettyprint.cassandra.service.SliceCounterIteratorTest, testIterator, pass
me.prettyprint.cassandra.service.SliceCounterIteratorTest, testFilter, pass
me.prettyprint.cassandra.service.template.ColumnFamilyTemplateTest, testQueryMultigetSpecificColumns, pass
me.prettyprint.cassandra.service.template.ColumnFamilyTemplateTest, testCreateSelect, pass
me.prettyprint.cassandra.service.template.ColumnFamilyTemplateTest, testCreateSelectTemplate, pass
me.prettyprint.cassandra.service.template.ColumnFamilyTemplateTest, testOverloadedMapRowCallback, fail
me.prettyprint.cassandra.service.template.ColumnFamilyTemplateTest, testQueryMultiget, fail
me.prettyprint.cassandra.service.template.ColumnFamilyTemplateTest, testCreateSelectSpecifiedColumn, pass
me.prettyprint.cassandra.service.template.ColumnFamilyTemplateTest, testCompareClocks, pass
me.prettyprint.cassandra.service.template.ColumnFamilyTemplateTest, testCreateSelectMultiColumn, pass
me.prettyprint.cassandra.service.template.ColumnFamilyTemplateTest, testTtl, pass
me.prettyprint.cassandra.service.template.ColumnFamilyTemplateTest, testHasNoResults, pass
me.prettyprint.cassandra.service.template.ColumnFamilyTemplateTest, testGetKeyTwiceCall, pass
me.prettyprint.cassandra.service.template.ColumnFamilyTemplateTest, testQueryIndexedSlices, pass
me.prettyprint.cassandra.service.template.ColumnFamilyTemplateTest, testColumnValueTypes, pass
me.prettyprint.cassandra.service.template.SuperCfTemplateTest, testSuperCfInsertReadMultiKeyNoSc, fail
me.prettyprint.cassandra.service.template.SuperCfTemplateTest, testTemplateLevelDeleteRow, pass
me.prettyprint.cassandra.service.template.SuperCfTemplateTest, testQuerySingleSubColumn, pass
me.prettyprint.cassandra.service.template.SuperCfTemplateTest, testSuperCfMultiSc, pass
me.prettyprint.cassandra.service.template.SuperCfTemplateTest, testTemplateLevelDeleteSuper, pass
me.prettyprint.cassandra.service.template.SuperCfTemplateTest, testTemplateLevelDeleteMiss, pass
me.prettyprint.cassandra.service.template.SuperCfTemplateTest, testQuerySingleSubColumnEmpty, pass
me.prettyprint.cassandra.service.template.SuperCfTemplateTest, testSuperCfInsertReadMultiKey, fail
me.prettyprint.cassandra.service.template.SuperCfTemplateTest, testSuperCfKeyOnly, pass
me.prettyprint.cassandra.service.template.SuperCfTemplateTest, testSuperCfNoResults, pass
me.prettyprint.cassandra.service.template.SuperCfTemplateTest, testQuerySingleSubColumnExtractSuper, pass
me.prettyprint.cassandra.service.template.SuperCfTemplateTest, testSuperCfColumnValueTypes, pass
me.prettyprint.cassandra.service.template.SuperCfTemplateTest, testDeleteSubColumns, pass
me.prettyprint.cassandra.service.template.SuperCfTemplateTest, testSuperCfInsertReadTemplate, pass
me.prettyprint.cassandra.utils.ByteBufferOutputStreamTest, testWriteByteArraySeveralSteps, pass
me.prettyprint.cassandra.utils.ByteBufferOutputStreamTest, testWriteLargeByteBuffer, pass
me.prettyprint.cassandra.utils.ByteBufferOutputStreamTest, testWriteByteArray, pass
me.prettyprint.cassandra.utils.TimeUUIDUtilsTest, testTimestampConsistency, pass
me.prettyprint.cassandra.utils.TimeUUIDUtilsTest, testTimeUUIDAsByteBuffer, pass
me.prettyprint.cassandra.utils.TimeUUIDUtilsTest, testDateUUIDConversion, pass
me.prettyprint.cassandra.utils.TimeUUIDUtilsTest, testTimeUUIDWithClockResolution, skip
me.prettyprint.cassandra.utils.TimeUUIDUtilsTest, testTimeUUIDAsByteArray, pass
me.prettyprint.hector.api.ApiV2SystemTest, testIncrementDecrementCounter, pass
me.prettyprint.hector.api.ApiV2SystemTest, testSubColumnQuery, pass
me.prettyprint.hector.api.ApiV2SystemTest, testMultigetSliceQuery, pass
me.prettyprint.hector.api.ApiV2SystemTest, testSliceQuery, pass
me.prettyprint.hector.api.ApiV2SystemTest, testCounterSliceQuery, pass
me.prettyprint.hector.api.ApiV2SystemTest, testSuperSliceQuery, pass
me.prettyprint.hector.api.ApiV2SystemTest, testSubSliceQuery, pass
me.prettyprint.hector.api.ApiV2SystemTest, testSubSliceCounterQuery, pass
me.prettyprint.hector.api.ApiV2SystemTest, testMultigetSuperSliceQuery, pass
me.prettyprint.hector.api.ApiV2SystemTest, testCountQuery, pass
me.prettyprint.hector.api.ApiV2SystemTest, testBatchInsertGetRemove, pass
me.prettyprint.hector.api.ApiV2SystemTest, testInsertGetRemove, pass
me.prettyprint.hector.api.ApiV2SystemTest, testMultigetSubSliceQuery, pass
me.prettyprint.hector.api.ApiV2SystemTest, testRangeSlicesQuery, pass
me.prettyprint.hector.api.ApiV2SystemTest, testRangeSuperSlicesQuery, pass
me.prettyprint.hector.api.ApiV2SystemTest, testRangeSuperSlicesQuery_order, pass
me.prettyprint.hector.api.ApiV2SystemTest, testRangeSubSlicesQuery, pass
me.prettyprint.hector.api.ApiV2SystemTest, testRangeSubSlicesCounterQuery, pass
me.prettyprint.hector.api.ApiV2SystemTest, testSuperCountQuery, pass
me.prettyprint.hector.api.ApiV2SystemTest, testInsertGetRemoveCounter, pass
me.prettyprint.hector.api.ApiV2SystemTest, testCounterMutation, pass
me.prettyprint.hector.api.ApiV2SystemTest, testSuperInsertGetRemove, pass
me.prettyprint.hector.api.ApiV2SystemTest, testSubCountQuery, pass
me.prettyprint.hector.api.beans.DynamicCompositeTest, testStringGetSlice, pass
me.prettyprint.hector.api.beans.DynamicCompositeTest, allTypesSerialize, pass
me.prettyprint.hector.api.beans.DynamicCompositeTest, testUUIDGetAll, pass
me.prettyprint.hector.api.beans.DynamicCompositeTest, testUUIDGetSlice, pass
me.prettyprint.hector.api.ClockResolutionTest, testMicrosecondsSync, pass
me.prettyprint.hector.api.CompositeTest, testNullValueSerialization, pass
me.prettyprint.hector.api.CompositeTest, testStaticSerialization, pass
me.prettyprint.hector.api.CompositeTest, testEmptyStringSerialization, pass
me.prettyprint.hector.api.CompositeTest, testEquality, pass
me.prettyprint.hector.api.CompositeTest, testDynamicSerialization, pass
me.prettyprint.hector.api.ddl.ComparatorTypeTest, getByClassNameShouldReturnCorrectKnownComaparators, pass
me.prettyprint.hector.api.ddl.ComparatorTypeTest, getByClassNameShouldReturnCorrectUnknownComaparator, pass
me.prettyprint.hector.api.ddl.ComparatorTypeTest, getByClassNameShouldReturnCorrectCustomComaparator, pass
me.prettyprint.hector.api.ddl.ComparatorTypeTest, getByClassNameShouldReturnNullWhenNullClassName, pass
me.prettyprint.hector.api.HFactoryTest, testCreateColumn, pass
me.prettyprint.hector.api.HFactoryTest, testCreateClockResolution, pass
me.prettyprint.hector.api.KeyspaceCreationTest, me.prettyprint.hector.api.KeyspaceCreationTest, skip
me.prettyprint.hector.api.VirtualKeyspaceTest, testInsertGetRemoveCounter, pass
me.prettyprint.hector.api.VirtualKeyspaceTest, testCounterMutation, pass
me.prettyprint.hector.api.VirtualKeyspaceTest, testIncrementDecrementCounter, pass
me.prettyprint.hector.api.VirtualKeyspaceTest, testInsertGetRemove, pass
me.prettyprint.hector.api.VirtualKeyspaceTest, testBatchInsertGetRemove, pass
me.prettyprint.hector.api.VirtualKeyspaceTest, testSuperInsertGetRemove, pass
me.prettyprint.hector.api.VirtualKeyspaceTest, testSubColumnQuery, pass
me.prettyprint.hector.api.VirtualKeyspaceTest, testMultigetSliceQuery, pass
me.prettyprint.hector.api.VirtualKeyspaceTest, testSliceQuery, pass
me.prettyprint.hector.api.VirtualKeyspaceTest, testCounterSliceQuery, pass
me.prettyprint.hector.api.VirtualKeyspaceTest, testSuperSliceQuery, pass
me.prettyprint.hector.api.VirtualKeyspaceTest, testSubSliceQuery, pass
me.prettyprint.hector.api.VirtualKeyspaceTest, testSubSliceCounterQuery, pass
me.prettyprint.hector.api.VirtualKeyspaceTest, testMultigetSuperSliceQuery, pass
me.prettyprint.hector.api.VirtualKeyspaceTest, testMultigetSubSliceQuery, pass
me.prettyprint.hector.api.VirtualKeyspaceTest, testRangeSlicesQuery, pass
me.prettyprint.hector.api.VirtualKeyspaceTest, testRangeSuperSlicesQuery, pass
me.prettyprint.hector.api.VirtualKeyspaceTest, testRangeSuperSlicesQuery_order, pass
me.prettyprint.hector.api.VirtualKeyspaceTest, testRangeSubSlicesQuery, pass
me.prettyprint.hector.api.VirtualKeyspaceTest, testRangeSubSlicesCounterQuery, pass
me.prettyprint.hector.api.VirtualKeyspaceTest, testCountQuery, pass
me.prettyprint.hector.api.VirtualKeyspaceTest, testSuperCountQuery, pass
me.prettyprint.hector.api.VirtualKeyspaceTest, testSubCountQuery, pass
